--------------  -------
epoch            0
average_return  11.4897
--------------  -------
--------------  -------
epoch            1
average_return  42.9166
--------------  -------
--------------  -------
epoch            2
average_return  43.6705
--------------  -------
--------------  -------
epoch            3
average_return  19.8873
--------------  -------
--------------  -------
epoch            4
average_return  17.9539
--------------  -------
--------------  -------
epoch            5
average_return  71.3839
--------------  -------
--------------  -------
epoch            6
average_return  81.0351
--------------  -------
--------------  -------
epoch            7
average_return  75.9214
--------------  -------
--------------  -------
epoch            8
average_return  48.7415
--------------  -------
--------------  -------
epoch            9
average_return  76.7578
--------------  -------
--------------  -------
epoch           10
average_return  76.2931
--------------  -------
--------------  -------
epoch           11
average_return  79.5928
--------------  -------
--------------  -------
epoch           12
average_return  68.6349
--------------  -------
--------------  -------
epoch           13
average_return  53.9652
--------------  -------
--------------  -------
epoch           14
average_return  82.0917
--------------  -------
--------------  -------
epoch           15
average_return  27.0785
--------------  -------
--------------  ------
epoch           16
average_return  15.036
--------------  ------
--------------  -------
epoch           17
average_return  60.9914
--------------  -------
--------------  -------
epoch           18
average_return  72.6962
--------------  -------
--------------  ------
epoch           19
average_return  82.264
--------------  ------
--------------  -------
epoch           20
average_return  38.9122
--------------  -------
--------------  -------
epoch           21
average_return  79.3097
--------------  -------
--------------  -------
epoch           22
average_return  71.9312
--------------  -------
--------------  -------
epoch           23
average_return  75.5425
--------------  -------
--------------  -------
epoch           24
average_return  81.0791
--------------  -------
--------------  -------
epoch           25
average_return  73.0318
--------------  -------
--------------  -------
epoch           26
average_return  88.0478
--------------  -------
--------------  -------
epoch           27
average_return  76.7004
--------------  -------
--------------  -------
epoch           28
average_return  84.2762
--------------  -------
--------------  -------
epoch           29
average_return  93.3755
--------------  -------
--------------  -------
epoch           30
average_return  78.3877
--------------  -------
--------------  -------
epoch           31
average_return  93.4758
--------------  -------
--------------  -------
epoch           32
average_return  97.8884
--------------  -------
--------------  -------
epoch           33
average_return  97.2676
--------------  -------
--------------  ------
epoch           34
average_return  91.232
--------------  ------
--------------  -------
epoch           35
average_return  90.5044
--------------  -------
--------------  -------
epoch           36
average_return  56.4303
--------------  -------
--------------  -------
epoch           37
average_return  56.5341
--------------  -------
--------------  -------
epoch           38
average_return  74.9266
--------------  -------
--------------  -------
epoch           39
average_return  95.7663
--------------  -------
--------------  -------
epoch           40
average_return  76.0391
--------------  -------
--------------  -------
epoch           41
average_return  93.1707
--------------  -------
--------------  -------
epoch           42
average_return  97.1732
--------------  -------
--------------  -------
epoch           43
average_return  89.4803
--------------  -------
--------------  -------
epoch           44
average_return  98.4137
--------------  -------
--------------  -------
epoch           45
average_return  91.3996
--------------  -------
--------------  -------
epoch           46
average_return  79.5272
--------------  -------
--------------  -------
epoch           47
average_return  87.3211
--------------  -------
--------------  -------
epoch           48
average_return  85.1161
--------------  -------
--------------  -------
epoch           49
average_return  86.7949
--------------  -------
--------------  -------
epoch           50
average_return  97.9366
--------------  -------
