  "offline_ratio": 0.5,
  "seed": 0,
average_return  14.8468
average_return  20.796
average_return  81.6546
average_return  84.019
average_return  87.1294
average_return  61.7533
average_return  88.2809
average_return  59.2085
average_return  89.8627
average_return  65.7055
average_return  79.4581
average_return  84.2858
average_return  62.0276
average_return  85.4453
average_return  86.8219
average_return  84.0828
average_return  72.8128
average_return  79.3966
average_return  69.4549
average_return  81.5689
average_return  67.3531
average_return  78.4207
average_return  56.611
average_return  54.7008
average_return  87.1916
average_return  56.4326
average_return  68.3539
average_return  83.7853
average_return  70.7333
average_return  92.4435
average_return  48.1023
average_return  44.11
average_return  79.2657
average_return  87.6885
average_return  89.4978
average_return  38.1649
average_return  82.3944
average_return  59.1386
average_return  35.4074
average_return  68.8455
average_return  69.0119
average_return  62.8739
average_return  75.6216
average_return  43.079
average_return  80.2891
average_return  79.0102
average_return  77.2357
average_return  61.1547
average_return  72.582
average_return  31.7685
average_return  77.0285
  "offline_ratio": 0.5,
  "seed": 1,
average_return  14.885
average_return  70.6144
average_return  60.6619
average_return  81.2812
average_return  93.9687
average_return  73.0956
average_return  89.5174
average_return  14.7557
average_return  68.1337
average_return  66.1611
average_return  59.5665
average_return  18.2868
average_return  93.834
average_return  62.2565
average_return  84.6576
average_return  88.1147
average_return  16.4718
average_return  55.958
average_return  83.5374
average_return  68.2274
average_return  76.3513
average_return  70.3226
average_return  48.5808
average_return  56.8549
average_return  26.1966
average_return  59.3656
average_return  89.1263
average_return  78.891
average_return  80.2636
average_return  66.3353
average_return  53.651
average_return  94.3794
average_return  42.5341
average_return  86.5595
average_return  89.6413
average_return  20.642
average_return  70.5975
average_return  96.5531
average_return  80.8765
average_return  75.6329
average_return  48.9478
average_return  67.2065
average_return  60.0683
average_return  75.5124
average_return  79.5045
average_return  39.5125
average_return  86.1367
average_return  81.4259
average_return  58.1708
average_return  72.9831
average_return  77.0778
  "offline_ratio": 0.5,
  "seed": 2,
average_return  15.6914
average_return  90.0979
average_return  88.9607
average_return  91.1827
average_return  93.9212
average_return  104.613
average_return  86.008
average_return  92.6526
average_return  95.1171
average_return  87.8691
average_return  94.6817
average_return  79.4532
average_return  102.869
average_return  97.9903
average_return  93.5984
average_return  92.4259
average_return  100.32
average_return  65.1248
average_return  88.4325
average_return  101.581
average_return  100.632
average_return  93.6454
average_return  105.048
average_return  100.443
average_return  94.7434
average_return  90.4725
average_return  101.947
average_return  102.552
average_return  96.4723
average_return  90.645
average_return  89.5147
average_return  99.2163
average_return  100.177
average_return  80.4747
average_return  87.281
average_return  92.4792
average_return  88.2322
average_return  99.3876
average_return  91.2903
average_return  76.3701
average_return  91.3584
average_return  90.2237
average_return  86.5301
average_return  103.019
average_return  104.747
average_return  30.5581
average_return  90.8077
average_return  81.2151
average_return  100.022
average_return  99.5611
average_return  99.232
  "offline_ratio": 0.5,
  "seed": 3,
average_return  20.544
average_return  73.385
average_return  89.9806
average_return  33.9142
average_return  89.6451
average_return  88.8987
average_return  94.2217
average_return  85.9673
average_return  89.5416
average_return  101.289
average_return  93.0505
average_return  87.3867
average_return  91.8955
average_return  103.955
average_return  46.5011
average_return  106.746
average_return  100.6
average_return  99.9114
average_return  94.2105
average_return  72.458
average_return  91.9595
average_return  84.851
average_return  90.2169
average_return  99.4597
average_return  86.5874
average_return  104.525
average_return  107.576
average_return  84.017
average_return  99.8569
average_return  94.6131
average_return  83.2853
average_return  83.3179
average_return  103.86
average_return  86.1353
average_return  33.8301
average_return  100.162
average_return  85.3001
average_return  94.8892
average_return  90.8916
average_return  92.2339
average_return  104.944
average_return  90.1287
average_return  95.5712
average_return  111.233
average_return  80.0827
average_return  104.528
average_return  92.7834
average_return  99.8463
average_return  100.232
average_return  93.7335
average_return  91.7363
