  "offline_ratio": 1.0,
  "seed": 0,
average_return  15.7459
average_return  48.0812
average_return  20.3724
average_return  44.1593
average_return  49.5267
average_return  47.8824
average_return  29.1221
average_return  56.1198
average_return  50.6701
average_return  45.7998
average_return  56.2098
average_return  52.6704
average_return  56.3962
average_return  50.9047
average_return  59.0541
average_return  55.0641
average_return  62.3509
average_return  59.363
average_return  62.1403
average_return  56.3717
average_return  47.3953
average_return  57.7285
average_return  51.0498
average_return  52.4444
average_return  53.891
average_return  48.8726
average_return  56.858
average_return  57.4533
average_return  47.3528
average_return  37.6176
average_return  44.2157
average_return  48.6923
average_return  49.616
average_return  48.7723
average_return  53.2614
average_return  49.0446
average_return  53.0558
average_return  54.2462
average_return  46.9873
average_return  48.3673
average_return  41.3633
average_return  51.3674
average_return  54.469
average_return  52.2253
average_return  50.9054
average_return  50.4862
average_return  48.8436
average_return  50.769
average_return  52.7325
average_return  50.774
average_return  45.0048
  "offline_ratio": 1.0,
  "seed": 1,
average_return  14.7677
average_return  46.3763
average_return  40.7513
average_return  44.798
average_return  59.1989
average_return  46.4728
average_return  43.261
average_return  52.7785
average_return  51.6196
average_return  49.5487
average_return  42.6865
average_return  46.6271
average_return  53.3453
average_return  57.47
average_return  32.757
average_return  45.6795
average_return  45.1459
average_return  48.5942
average_return  49.5518
average_return  49.1894
average_return  53.4172
average_return  56.3404
average_return  63.1613
average_return  58.0931
average_return  54.5532
average_return  58.5566
average_return  53.7764
average_return  55.072
average_return  53.3102
average_return  48.9236
average_return  63.5421
average_return  53.8563
average_return  49.2528
average_return  61.8384
average_return  47.6906
average_return  61.6208
average_return  20.1888
average_return  58.4549
average_return  56.3625
average_return  53.0493
average_return  48.5587
average_return  52.8891
average_return  56.5796
average_return  55.6094
average_return  58.0266
average_return  56.0138
average_return  60.7153
average_return  58.6105
average_return  49.4548
average_return  49.1361
average_return  67.2726
  "offline_ratio": 1.0,
  "seed": 2,
average_return  15.8269
average_return  55.1409
average_return  50.5781
average_return  44.152
average_return  46.8856
average_return  50.4419
average_return  47.7301
average_return  52.8795
average_return  43.4137
average_return  41.7969
average_return  52.1851
average_return  47.0935
average_return  45.9977
average_return  46.0118
average_return  45.8787
average_return  45.6516
average_return  52.5269
average_return  60.1485
average_return  53.1376
average_return  50.7059
average_return  51.2595
average_return  51.3466
average_return  53.8188
average_return  44.261
average_return  46.0578
average_return  52.3424
average_return  56.6073
average_return  49.3868
average_return  48.1039
average_return  52.9537
average_return  47.2972
average_return  51.4725
average_return  51.9418
average_return  54.0535
average_return  45.1602
average_return  37.6846
average_return  50.6862
average_return  55.6758
average_return  55.9101
average_return  58.163
average_return  53.9327
average_return  59.0863
average_return  57.7533
average_return  38.6926
average_return  55.3296
average_return  52.6755
average_return  65.871
average_return  52.0912
average_return  56.0111
average_return  57.557
average_return  47.1584
  "offline_ratio": 1.0,
  "seed": 3,
average_return  19.2524
average_return  44.3234
average_return  36.8933
average_return  48.3815
average_return  41.9545
average_return  51.9085
average_return  47.0693
average_return  46.1296
average_return  42.1055
average_return  52.5823
average_return  58.6054
average_return  61.8284
average_return  55.662
average_return  46.5976
average_return  52.6077
average_return  56.7744
average_return  57.9588
average_return  60.7458
average_return  64.6526
average_return  48.08
average_return  52.5175
average_return  59.2013
average_return  54.0448
average_return  51.5913
average_return  65.517
average_return  59.6963
average_return  68.6283
average_return  43.0338
average_return  51.1515
average_return  59.2729
average_return  54.6372
average_return  58.7434
average_return  58.9097
average_return  60.5238
average_return  62.6726
average_return  58.4164
average_return  52.1783
average_return  57.0746
average_return  63.1593
average_return  55.8516
average_return  59.4895
average_return  59.8119
average_return  57.8791
average_return  48.7165
average_return  65.6363
average_return  55.7631
average_return  55.0654
average_return  59.3085
average_return  74.4436
average_return  73.7763
average_return  67.5259
