  "offline_ratio": 0.0,
  "seed": 0,
average_return  15.4316
average_return  85.6145
average_return  85.4199
average_return  83.0743
average_return  81.5736
average_return  70.697
average_return  37.5627
average_return  85.4236
average_return  74.7602
average_return  73.219
average_return  62.5526
average_return  80.5479
average_return  30.4863
average_return  60.0743
average_return  73.1256
average_return  72.1879
average_return  46.7369
average_return  62.0003
average_return  68.3764
average_return  80.8258
average_return  58.8434
average_return  73.4409
average_return  79.872
average_return  75.9545
average_return  53.8466
average_return  65.0352
average_return  83.8335
average_return  64.5323
average_return  84.1307
average_return  76.6025
average_return  83.3238
average_return  69.4744
average_return  71.1265
average_return  84.311
average_return  69.6998
average_return  84.88
average_return  87.159
average_return  86.2052
average_return  75.9552
average_return  84.8435
average_return  62.6809
average_return  39.3365
average_return  78.4719
average_return  85.4885
average_return  100.324
average_return  58.1776
average_return  77.5807
average_return  76.7241
average_return  73.0099
average_return  73.3115
average_return  47.4888
  "offline_ratio": 0.0,
  "seed": 1,
average_return  13.2975
average_return  93.9674
average_return  90.7423
average_return  96.3233
average_return  75.5748
average_return  83.7495
average_return  74.76
average_return  77.2303
average_return  97.0363
average_return  90.1057
average_return  98.0186
average_return  91.988
average_return  100.016
average_return  102.42
average_return  86.6303
average_return  86.0516
average_return  97.6461
average_return  93.0533
average_return  78.4053
average_return  94.7214
average_return  91.0791
average_return  65.8974
average_return  66.5736
average_return  103.343
average_return  71.2121
average_return  92.6581
average_return  88.0193
average_return  67.0545
average_return  86.5509
average_return  94.8629
average_return  50.1279
average_return  92.916
average_return  71.9124
average_return  39.8274
average_return  92.4806
average_return  87.4063
average_return  85.6652
average_return  67.3249
average_return  83.3845
average_return  26.059
average_return  93.2861
average_return  75.8033
average_return  91.5661
average_return  92.6077
average_return  67.6053
average_return  101.862
average_return  88.2126
average_return  100.102
average_return  73.2006
average_return  91.4323
average_return  91.9218
  "offline_ratio": 0.0,
  "seed": 2,
average_return  16.6367
average_return  23.5263
average_return  94.4475
average_return  101.044
average_return  102.528
average_return  87.3153
average_return  104.521
average_return  89.1441
average_return  91.8111
average_return  99.1246
average_return  104.029
average_return  91.3355
average_return  82.6745
average_return  74.7003
average_return  75.989
average_return  91.0013
average_return  82.4486
average_return  95.5995
average_return  75.5801
average_return  85.374
average_return  92.6149
average_return  81.9724
average_return  47.026
average_return  97.0275
average_return  108.81
average_return  99.746
average_return  87.4903
average_return  81.9078
average_return  77.1659
average_return  87.5381
average_return  98.3408
average_return  91.8714
average_return  97.2145
average_return  102.568
average_return  93.2611
average_return  97.4766
average_return  88.4483
average_return  83.0944
average_return  90.363
average_return  95.4122
average_return  91.7072
average_return  89.3409
average_return  95.1205
average_return  58.7941
average_return  77.308
average_return  93.6434
average_return  85.8695
average_return  97.1817
average_return  100.003
average_return  97.1089
average_return  97.4911
  "offline_ratio": 0.0,
  "seed": 3,
average_return  20.329
average_return  80.4644
average_return  99.1619
average_return  81.9859
average_return  92.1111
average_return  90.0255
average_return  109.925
average_return  100.742
average_return  88.4787
average_return  104.171
average_return  100.054
average_return  92.5105
average_return  73.4691
average_return  94.5541
average_return  105.704
average_return  101.402
average_return  100.917
average_return  86.5124
average_return  91.1454
average_return  49.5356
average_return  85.4215
average_return  99.734
average_return  100.424
average_return  86.0571
average_return  90.8376
average_return  36.0709
average_return  96.0032
average_return  97.2429
average_return  102.406
average_return  98.1362
average_return  93.4832
average_return  91.0219
average_return  97.9027
average_return  97.8396
average_return  100.01
average_return  89.6246
average_return  87.4252
average_return  95.9046
average_return  96.4695
average_return  93.1288
average_return  104.573
average_return  92.9702
average_return  64.3368
average_return  99.7669
average_return  64.3885
average_return  85.9511
average_return  98.8368
average_return  96.9987
average_return  104.494
average_return  38.6861
average_return  100.896
