  "offline_ratio": 0.75,
  "seed": 0,
average_return  14.9805
average_return  24.1783
average_return  75.2513
average_return  84.0937
average_return  29.9721
average_return  44.1629
average_return  17.5819
average_return  40.2789
average_return  69.8778
average_return  53.9685
average_return  52.9154
average_return  80.2393
average_return  76.355
average_return  37.4927
average_return  29.6738
average_return  40.655
average_return  81.9075
average_return  48.9506
average_return  76.6037
average_return  27.0526
average_return  33.7618
average_return  19.2001
average_return  45.6572
average_return  64.5386
average_return  19.2617
average_return  34.0843
average_return  41.6135
average_return  19.5268
average_return  62.3596
average_return  18.0656
average_return  76.047
average_return  73.2549
average_return  68.0058
average_return  98.3742
average_return  73.813
average_return  65.7316
average_return  56.0647
average_return  73.5872
average_return  80.2198
average_return  90.0587
average_return  81.7664
average_return  63.4504
average_return  79.9903
average_return  84.9063
average_return  81.3901
average_return  65.831
average_return  78.6596
average_return  84.3791
average_return  65.2042
average_return  82.979
average_return  63.5647
  "offline_ratio": 0.75,
  "seed": 1,
average_return  14.8911
average_return  93.2684
average_return  53.9592
average_return  63.8153
average_return  42.7899
average_return  60.5038
average_return  95.936
average_return  66.2951
average_return  69.4699
average_return  68.0803
average_return  82.8811
average_return  91.3261
average_return  71.6244
average_return  87.0531
average_return  71.8325
average_return  108.408
average_return  95.8145
average_return  92.0147
average_return  61.3768
average_return  84.0764
average_return  71.3936
average_return  70.3648
average_return  76.7589
average_return  49.2282
average_return  90.9385
average_return  100.626
average_return  89.6072
average_return  38.5084
average_return  62.0334
average_return  81.9932
average_return  87.673
average_return  75.6524
average_return  96.6728
average_return  72.5377
average_return  85.6635
average_return  84.6951
average_return  89.7494
average_return  85.9875
average_return  75.5207
average_return  73.6277
average_return  40.7564
average_return  94.3319
average_return  28.0508
average_return  79.1558
average_return  55.403
average_return  25.8255
average_return  90.0699
average_return  77.6267
average_return  87.6398
average_return  92.9852
average_return  82.9455
  "offline_ratio": 0.75,
  "seed": 2,
average_return  16.3649
average_return  94.092
average_return  89.5515
average_return  93.7252
average_return  75.9061
average_return  56.9053
average_return  66.5336
average_return  67.2612
average_return  54.5519
average_return  72.2833
average_return  69.733
average_return  97.6174
average_return  93.0864
average_return  89.4007
average_return  87.4081
average_return  87.6845
average_return  71.2409
average_return  93.1225
average_return  80.1795
average_return  90.5849
average_return  84.0202
average_return  104.106
average_return  84.8989
average_return  80.1811
average_return  92.5174
average_return  85.669
average_return  81.7755
average_return  90.1554
average_return  73.5647
average_return  44.4245
average_return  78.3806
average_return  83.5606
average_return  69.1811
average_return  68.8605
average_return  88.3041
average_return  97.4726
average_return  90.043
average_return  101.915
average_return  94.4016
average_return  101.032
average_return  65.1193
average_return  92.6131
average_return  50.8307
average_return  84.3084
average_return  94.3929
average_return  69.6252
average_return  54.4069
average_return  27.0389
average_return  40.7542
average_return  66.5217
average_return  45.6615
  "offline_ratio": 0.75,
  "seed": 3,
average_return  21.7879
average_return  77.7775
average_return  65.9336
average_return  89.0382
average_return  103.825
average_return  96.6821
average_return  95.1998
average_return  98.9277
average_return  89.3124
average_return  62.8337
average_return  101.101
average_return  92.1662
average_return  90.3645
average_return  98.5403
average_return  78.8401
average_return  99.8189
average_return  97.9036
average_return  88.6217
average_return  88.1339
average_return  92.8764
average_return  62.7393
average_return  80.9205
average_return  87.8326
average_return  99.09
average_return  99.5011
average_return  96.8395
average_return  97.3874
average_return  98.0311
average_return  46.62
average_return  98.2645
average_return  93.945
average_return  96.9333
average_return  97.8527
average_return  104.005
average_return  90.5437
average_return  93.157
average_return  112.707
average_return  102.844
average_return  98.4439
average_return  96.9044
average_return  91.9361
average_return  105.971
average_return  90.8484
average_return  60.3021
average_return  90.081
average_return  103.089
average_return  95.9697
average_return  90.5996
average_return  101.416
average_return  93.6826
average_return  92.8156
