  "offline_ratio": 0.25,
  "seed": 0,
average_return  15.0236
average_return  90.4012
average_return  57.5724
average_return  77.4109
average_return  91.6427
average_return  48.9607
average_return  75.0855
average_return  29.8531
average_return  18.1751
average_return  76.8033
average_return  45.4889
average_return  45.2458
average_return  69.9422
average_return  17.7408
average_return  44.24
average_return  82.8706
average_return  68.4917
average_return  65.8359
average_return  75.5055
average_return  74.7722
average_return  84.1582
average_return  54.3214
average_return  45.2576
average_return  73.2783
average_return  72.8593
average_return  88.4198
average_return  61.7316
average_return  61.3018
average_return  73.4279
average_return  77.4692
average_return  62.835
average_return  63.4144
average_return  69.5616
average_return  83.598
average_return  75.5422
average_return  36.0034
average_return  38.2722
average_return  91.9658
average_return  83.37
average_return  76.388
average_return  89.8395
average_return  53.1323
average_return  98.653
average_return  73.4581
average_return  60.8478
average_return  63.1232
average_return  36.5599
average_return  79.8476
average_return  64.861
average_return  86.9164
average_return  68.0958
  "offline_ratio": 0.25,
  "seed": 1,
average_return  15.1441
average_return  97.8841
average_return  86.9229
average_return  93.9044
average_return  88.0599
average_return  65.7533
average_return  65.2059
average_return  96.9897
average_return  99.8197
average_return  68.9716
average_return  86.994
average_return  58.4238
average_return  83.8413
average_return  77.4382
average_return  89.6933
average_return  66.5826
average_return  31.3131
average_return  78.2454
average_return  88.7236
average_return  100.83
average_return  75.946
average_return  78.4374
average_return  85.5111
average_return  87.6129
average_return  74.8863
average_return  87.8596
average_return  67.7829
average_return  41.2056
average_return  84.5877
average_return  100.942
average_return  95.6696
average_return  87.9261
average_return  80.6056
average_return  89.5695
average_return  96.9756
average_return  62.7506
average_return  74.6903
average_return  89.3554
average_return  85.6127
average_return  91.8121
average_return  92.8945
average_return  84.4713
average_return  83.0107
average_return  65.8834
average_return  98.433
average_return  100.765
average_return  78.4647
average_return  83.9063
average_return  94.7389
average_return  67.921
average_return  47.6578
  "offline_ratio": 0.25,
  "seed": 2,
average_return  17.6281
average_return  89.2329
average_return  93.3597
average_return  98.632
average_return  65.3962
average_return  83.3833
average_return  95.7228
average_return  98.112
average_return  97.0022
average_return  79.3535
average_return  86.4212
average_return  91.241
average_return  102.385
average_return  107.054
average_return  101.744
average_return  103.749
average_return  95.1187
average_return  92.9075
average_return  97.6278
average_return  98.6171
average_return  92.4665
average_return  79.7074
average_return  99.2177
average_return  92.9885
average_return  88.4685
average_return  94.9045
average_return  102.936
average_return  89.3999
average_return  94.2064
average_return  96.6497
average_return  98.2543
average_return  91.9482
average_return  86.5067
average_return  105.813
average_return  84.1915
average_return  96.205
average_return  66.4413
average_return  92.5881
average_return  80.6112
average_return  94.6666
average_return  89.6465
average_return  92.3278
average_return  105.486
average_return  90.6545
average_return  78.9349
average_return  100.561
average_return  76.1872
average_return  97.6891
average_return  86.4105
average_return  98.6835
average_return  93.9991
  "offline_ratio": 0.25,
  "seed": 3,
average_return  21.7148
average_return  94.0772
average_return  62.5802
average_return  66.0607
average_return  85.1496
average_return  86.3139
average_return  98.1312
average_return  99.8812
average_return  102.085
average_return  86.1211
average_return  60.2177
average_return  80.3097
average_return  105.749
average_return  64.9829
average_return  94.2677
average_return  49.9536
average_return  101.76
average_return  93.7047
average_return  86.7076
average_return  91.8976
average_return  102.483
average_return  87.3532
average_return  79.7082
average_return  99.2063
average_return  94.2043
average_return  91.3995
average_return  97.3202
average_return  106.448
average_return  93.9584
average_return  98.8385
average_return  90.4596
average_return  102.692
average_return  98.4623
average_return  94.4529
average_return  101.167
average_return  105.214
average_return  99.1883
average_return  81.7181
average_return  91.9891
average_return  102.987
average_return  65.1277
average_return  77.3224
average_return  96.346
average_return  94.3099
average_return  103.997
average_return  66.4941
average_return  105.483
average_return  113.149
average_return  97.8559
average_return  98.4687
average_return  84.1698
