  "algo": "rcsl-mlp",
  "arch": "128-128-128-128",
  "seed": 0,
average_return  23.8599
average_return  105.687
average_return  77.004
average_return  77.2046
average_return  72.478
average_return  82.7215
average_return  99.1769
average_return  97.8998
average_return  105.335
average_return  68.218
average_return  87.5282
average_return  102.087
average_return  101.919
average_return  104.954
average_return  65.2389
average_return  98.7327
average_return  44.7715
average_return  99.2001
average_return  100.462
average_return  93.2708
average_return  95.7057
average_return  107.747
average_return  104.565
average_return  28.3383
average_return  92.5148
average_return  105.563
average_return  98.7097
average_return  98.2442
average_return  103.888
average_return  107.434
average_return  102.297
average_return  100.742
average_return  89.6884
average_return  88.1646
average_return  101.285
average_return  107.871
average_return  110.943
average_return  98.845
average_return  103.398
average_return  103.23
average_return  83.8453
average_return  96.7213
average_return  111.337
average_return  105.091
average_return  102.398
average_return  91.0216
average_return  102.012
average_return  105.959
average_return  95.8077
average_return  107.854
average_return  89.0728
average_return  89.0728
average_return  98.7098
average_return  106.677
average_return  104.647
average_return  106.366
average_return  84.6586
average_return  104.556
average_return  102.362
average_return  102.026
average_return  90.5767
average_return  101.586
average_return  102.846
average_return  93.5114
average_return  106.61
average_return  97.5272
average_return  97.6467
average_return  100.016
average_return  97.2965
average_return  101.972
average_return  100.844
average_return  100.52
average_return  102.366
average_return  104.97
average_return  99.4819
average_return  91.3103
average_return  104.377
average_return  95.5263
average_return  107.979
average_return  104.644
average_return  96.8836
average_return  84.1356
average_return  86.7363
average_return  102.61
average_return  101.766
average_return  104.511
average_return  106.911
average_return  105.601
average_return  91.4855
average_return  98.9312
average_return  108.322
average_return  93.9919
average_return  89.1383
average_return  107.458
average_return  94.4291
average_return  95.6966
average_return  92.1279
average_return  109.828
average_return  94.6637
average_return  101.931
average_return  109.475
average_return  88.6838
  "algo": "rcsl-mlp",
  "arch": "128-128-128-128",
  "seed": 1,
average_return  27.4078
average_return  18.522
average_return  33.4123
average_return  103.039
average_return  20.0205
average_return  93.9492
average_return  71.1651
average_return  48.5366
average_return  41.6802
average_return  90.6528
average_return  95.9684
average_return  100.791
average_return  77.6614
average_return  26.152
average_return  93.1924
average_return  90.4856
average_return  64.7632
average_return  87.5124
average_return  105.782
average_return  89.9112
average_return  98.606
average_return  107.167
average_return  90.7941
average_return  95.6104
average_return  105.32
average_return  102.315
average_return  81.6143
average_return  107.532
average_return  89.4731
average_return  71.4689
average_return  97.1276
average_return  108.514
average_return  98.228
average_return  102.259
average_return  75.2895
average_return  101
average_return  97.944
average_return  102.904
average_return  104.107
average_return  100.785
average_return  103.453
average_return  93.9148
average_return  103.097
average_return  95.8282
average_return  91.2039
average_return  86.7263
average_return  97.1003
average_return  107.719
average_return  99.7439
average_return  76.0439
average_return  93.2766
average_return  93.2766
average_return  98.245
average_return  92.1683
average_return  108.999
average_return  94.7536
average_return  101.877
average_return  77.8609
average_return  97.6669
average_return  97.4256
average_return  89.2481
average_return  96.5443
average_return  93.7361
average_return  104.977
average_return  95.4375
average_return  97.5968
average_return  93.907
average_return  96.9619
average_return  114.231
average_return  82.2999
average_return  104.65
average_return  94.9861
average_return  86.037
average_return  92.7932
average_return  103.811
average_return  101.042
average_return  100.926
average_return  97.547
average_return  94.1708
average_return  90.9744
average_return  105.369
average_return  99.3538
average_return  100.029
average_return  97.9293
average_return  99.3614
average_return  98.0761
average_return  94.6083
average_return  84.5627
average_return  87.4728
average_return  105.829
average_return  104.044
average_return  99.299
average_return  102.31
average_return  91.9579
average_return  110.494
average_return  105.264
average_return  95.606
average_return  103.102
average_return  95.0299
average_return  101.671
average_return  103.994
average_return  101.799
  "algo": "rcsl-mlp",
  "arch": "128-128-128-128",
  "seed": 2,
average_return  40.1324
average_return  22.7322
average_return  86.5208
average_return  78.8362
average_return  81.1372
average_return  84.0802
average_return  60.6965
average_return  82.7786
average_return  64.5746
average_return  88.542
average_return  95.6304
average_return  81.5119
average_return  43.8322
average_return  94.6098
average_return  87.9957
average_return  98.4499
average_return  103.926
average_return  101.654
average_return  94.34
average_return  109.073
average_return  63.8779
average_return  114.538
average_return  106.409
average_return  85.3184
average_return  98.5009
average_return  89.9873
average_return  91.8018
average_return  97.8191
average_return  105.644
average_return  94.8774
average_return  99.2939
average_return  102.263
average_return  92.8942
average_return  94.9769
average_return  93.8204
average_return  99.9844
average_return  97.6067
average_return  103.558
average_return  92.104
average_return  108.28
average_return  109.446
average_return  96.1039
average_return  103.496
average_return  86.4298
average_return  93.3531
average_return  98.8006
average_return  100.721
average_return  102.706
average_return  85.1033
average_return  100.2
average_return  86.5009
average_return  86.5009
average_return  54.7053
average_return  107.632
average_return  102.315
average_return  98.3975
average_return  101.143
average_return  54.9096
average_return  90.9195
average_return  101.779
average_return  105.482
average_return  104.862
average_return  105.951
average_return  106.352
average_return  96.0103
average_return  93.0116
average_return  91.0677
average_return  86.0499
average_return  110.756
average_return  115.34
average_return  105.23
average_return  96.9423
average_return  96.2999
average_return  102.154
average_return  103.341
average_return  90.5996
average_return  96.74
average_return  90.8892
average_return  110.398
average_return  97.0049
average_return  99.2374
average_return  99.2781
average_return  108.887
average_return  102.589
average_return  100.524
average_return  102.621
average_return  88.0456
average_return  104.938
average_return  104.649
average_return  101.886
average_return  104.5
average_return  103.098
average_return  102.778
average_return  100.004
average_return  111.063
average_return  87.3045
average_return  94.5893
average_return  101.13
average_return  90.9561
average_return  104.446
average_return  98.8095
average_return  99.5544
  "algo": "rcsl-mlp",
  "arch": "128-128-128-128",
  "seed": 3,
average_return  21.4225
average_return  20.7298
average_return  101.222
average_return  85.5938
average_return  82.4971
average_return  82.2539
average_return  85.2817
average_return  102.939
average_return  109.933
average_return  94.1107
average_return  100.003
average_return  92.8289
average_return  102.151
average_return  52.289
average_return  103.572
average_return  97.2037
average_return  56.9516
average_return  91.8432
average_return  94.8284
average_return  105.663
average_return  95.205
average_return  109.831
average_return  47.6639
average_return  63.4315
average_return  83.2244
average_return  95.5616
average_return  30.4255
average_return  95.4139
average_return  99.66
average_return  100.522
average_return  92.6853
average_return  115.5
average_return  92.3728
average_return  76.3407
average_return  106.341
average_return  98.6573
average_return  101.458
average_return  101.442
average_return  92.8367
average_return  97.2223
average_return  106.607
average_return  101.109
average_return  105.919
average_return  100.533
average_return  99.2277
average_return  106.865
average_return  90.7189
average_return  99.199
average_return  106.48
average_return  99.6691
average_return  103.665
average_return  103.665
average_return  95.0428
average_return  106.584
average_return  105.197
average_return  100.914
average_return  97.3014
average_return  93.1716
average_return  95.841
average_return  95.6469
average_return  101.26
average_return  98.2614
average_return  105.197
average_return  94.0806
average_return  100.4
average_return  91.9112
average_return  98.7257
average_return  109.078
average_return  59.7979
average_return  88.4243
average_return  98.0527
average_return  101.196
average_return  103.302
average_return  104.457
average_return  107.976
average_return  101.068
average_return  99.7929
average_return  90.4949
average_return  101.926
average_return  102.181
average_return  106.564
average_return  100.575
average_return  93.7103
average_return  108.219
average_return  52.0368
average_return  99.1023
average_return  94.2091
average_return  104.224
average_return  97.4539
average_return  101.043
average_return  95.7577
average_return  111.702
average_return  110.458
average_return  98.615
average_return  90.5597
average_return  107.675
average_return  103.408
average_return  100.021
average_return  86.4026
average_return  101.519
average_return  73.9164
average_return  109.01
