--------------  -------
epoch            0
average_return  12.0347
--------------  -------
--------------  -------
epoch            1
average_return  55.5233
--------------  -------
--------------  -------
epoch            2
average_return  22.1295
--------------  -------
--------------  -------
epoch            3
average_return  25.8006
--------------  -------
--------------  -------
epoch            4
average_return  26.3046
--------------  -------
--------------  -------
epoch            5
average_return  79.7163
--------------  -------
--------------  -------
epoch            6
average_return  36.2501
--------------  -------
--------------  -------
epoch            7
average_return  93.9891
--------------  -------
--------------  -------
epoch            8
average_return  97.0909
--------------  -------
--------------  -------
epoch            9
average_return  80.7586
--------------  -------
--------------  -------
epoch           10
average_return  99.0643
--------------  -------
--------------  -------
epoch           11
average_return  96.4569
--------------  -------
--------------  -------
epoch           12
average_return  95.7046
--------------  -------
--------------  -------
epoch           13
average_return  92.3774
--------------  -------
--------------  -------
epoch           14
average_return  91.0906
--------------  -------
--------------  -------
epoch           15
average_return  82.5562
--------------  -------
--------------  -------
epoch           16
average_return  51.3129
--------------  -------
--------------  -------
epoch           17
average_return  94.4308
--------------  -------
--------------  -------
epoch           18
average_return  89.2233
--------------  -------
--------------  -------
epoch           19
average_return  75.4029
--------------  -------
--------------  -------
epoch           20
average_return  96.3645
--------------  -------
--------------  -------
epoch           21
average_return  95.8191
--------------  -------
--------------  -------
epoch           22
average_return  92.2446
--------------  -------
--------------  -------
epoch           23
average_return  92.4119
--------------  -------
--------------  -------
epoch           24
average_return  95.3326
--------------  -------
--------------  ------
epoch           25
average_return  93.025
--------------  ------
--------------  ------
epoch           26
average_return  56.901
--------------  ------
--------------  -------
epoch           27
average_return  83.3138
--------------  -------
--------------  -------
epoch           28
average_return  95.3788
--------------  -------
--------------  -------
epoch            29
average_return  105.194
--------------  -------
--------------  -------
epoch           30
average_return  92.8102
--------------  -------
--------------  -------
epoch           31
average_return  94.2213
--------------  -------
--------------  -------
epoch           32
average_return  87.5519
--------------  -------
--------------  -------
epoch           33
average_return  95.1546
--------------  -------
--------------  -------
epoch           34
average_return  94.3646
--------------  -------
--------------  -------
epoch           35
average_return  94.5351
--------------  -------
--------------  -------
epoch           36
average_return  95.6025
--------------  -------
--------------  -------
epoch           37
average_return  92.5034
--------------  -------
--------------  -------
epoch           38
average_return  96.8971
--------------  -------
--------------  -------
epoch           39
average_return  92.8209
--------------  -------
--------------  ------
epoch           40
average_return  94.086
--------------  ------
--------------  ------
epoch           41
average_return  95.015
--------------  ------
--------------  -------
epoch           42
average_return  96.8286
--------------  -------
--------------  -------
epoch           43
average_return  85.5112
--------------  -------
--------------  -------
epoch           44
average_return  95.8503
--------------  -------
--------------  -------
epoch            45
average_return  100.561
--------------  -------
--------------  -------
epoch           46
average_return  93.4991
--------------  -------
--------------  -------
epoch           47
average_return  98.1465
--------------  -------
--------------  -------
epoch           48
average_return  93.5934
--------------  -------
--------------  -------
epoch           49
average_return  95.0762
--------------  -------
--------------  -------
epoch           50
average_return  98.5684
--------------  -------
