--------------  -------
epoch            0
average_return  32.1736
--------------  -------
--------------  -------
epoch            1
average_return  23.4107
--------------  -------
--------------  -------
epoch            2
average_return  86.8996
--------------  -------
--------------  -------
epoch            3
average_return  96.9684
--------------  -------
--------------  -------
epoch            4
average_return  17.9626
--------------  -------
--------------  -------
epoch            5
average_return  25.3733
--------------  -------
--------------  -------
epoch            6
average_return  88.3376
--------------  -------
--------------  -------
epoch            7
average_return  95.3548
--------------  -------
--------------  -------
epoch            8
average_return  88.6299
--------------  -------
--------------  -------
epoch            9
average_return  93.9138
--------------  -------
--------------  -------
epoch           10
average_return  84.3108
--------------  -------
--------------  -------
epoch           11
average_return  94.4158
--------------  -------
--------------  -------
epoch           12
average_return  87.2694
--------------  -------
--------------  -------
epoch           13
average_return  87.2698
--------------  -------
--------------  -------
epoch           14
average_return  96.0105
--------------  -------
--------------  ------
epoch           15
average_return  88.856
--------------  ------
--------------  -------
epoch           16
average_return  88.4766
--------------  -------
--------------  -------
epoch           17
average_return  88.1156
--------------  -------
--------------  -------
epoch           18
average_return  77.4258
--------------  -------
--------------  -------
epoch           19
average_return  45.1139
--------------  -------
--------------  -------
epoch           20
average_return  60.8965
--------------  -------
--------------  -------
epoch           21
average_return  41.9086
--------------  -------
--------------  ------
epoch           22
average_return  95.082
--------------  ------
--------------  -------
epoch           23
average_return  92.8375
--------------  -------
--------------  -------
epoch           24
average_return  84.6878
--------------  -------
--------------  -------
epoch           25
average_return  84.5441
--------------  -------
--------------  -------
epoch           26
average_return  93.1491
--------------  -------
--------------  -------
epoch           27
average_return  94.6732
--------------  -------
--------------  -------
epoch           28
average_return  76.4473
--------------  -------
--------------  -------
epoch           29
average_return  95.6793
--------------  -------
--------------  -------
epoch           30
average_return  87.3522
--------------  -------
--------------  -------
epoch           31
average_return  60.3869
--------------  -------
--------------  -------
epoch           32
average_return  80.8255
--------------  -------
--------------  -------
epoch           33
average_return  53.5631
--------------  -------
--------------  -------
epoch           34
average_return  95.4037
--------------  -------
--------------  -------
epoch           35
average_return  94.5128
--------------  -------
--------------  -------
epoch           36
average_return  72.4731
--------------  -------
--------------  -------
epoch           37
average_return  61.0372
--------------  -------
--------------  -------
epoch           38
average_return  45.7617
--------------  -------
--------------  -------
epoch           39
average_return  84.7432
--------------  -------
--------------  -------
epoch           40
average_return  92.5359
--------------  -------
--------------  -------
epoch           41
average_return  59.4313
--------------  -------
--------------  -------
epoch           42
average_return  51.9117
--------------  -------
--------------  -------
epoch           43
average_return  91.0041
--------------  -------
--------------  -------
epoch           44
average_return  71.9542
--------------  -------
--------------  -------
epoch           45
average_return  64.9607
--------------  -------
--------------  -------
epoch           46
average_return  95.9513
--------------  -------
--------------  -------
epoch           47
average_return  89.1386
--------------  -------
--------------  -------
epoch           48
average_return  90.9137
--------------  -------
--------------  -------
epoch           49
average_return  77.0236
--------------  -------
--------------  ------
epoch           50
average_return  93.399
--------------  ------
