  "offline_ratio": 0.5,
  "seed": 2,
average_return                    72.0777
average_return                    63.23
average_return                    62.5993
average_return                    78.1379
average_return                    82.6505
average_return                    65.9134
average_return                    78.0321
average_return                    87.6002
average_return                    93.0548
average_return                     82.6575
average_return                     83.0765
average_return                     86.8205
average_return                     86.5327
average_return                     83.3242
average_return                     83.847
average_return                     81.5777
average_return                     79.8877
average_return                     82.7274
average_return                     79.9792
average_return                     77.4844
average_return                     79.7691
average_return                     95.0897
average_return                     95.9897
average_return                     94.6435
average_return                     86.2746
average_return                     93.4925
average_return                     81.7921
average_return                     69.1868
average_return                     52.7742
average_return                     82.5534
average_return                     73.0348
average_return                     53.1632
average_return                     29.897
average_return                     59.4239
average_return                     56.4071
average_return                     60.8749
average_return                     99.1615
average_return                     80.6232
average_return                     82.3658
average_return                     90.307
average_return                     77.4015
average_return                     74.4107
average_return                     71.1295
average_return                     70.0184
average_return                     73.7466
average_return                     66.5072
average_return                     82.2239
average_return                     80.0093
average_return                     81.3716
average_return                     80.6653
  "offline_ratio": 0.5,
  "seed": 3,
average_return                    77.1779
average_return                    78.2684
average_return                    39.3877
average_return                    97.2392
average_return                    93.7852
average_return                    79.9048
average_return                    76.3856
average_return                    86.6567
average_return                    85.5692
average_return                     79.1193
average_return                     86.357
average_return                     78.8265
average_return                     86.7244
average_return                     85.4845
average_return                     85.6779
average_return                     88.2118
average_return                     88.6129
average_return                     85.992
average_return                     90.4199
average_return                     82.5121
average_return                     82.8463
average_return                     91.3869
average_return                     79.2873
average_return                     86.6964
average_return                     87.2444
average_return                     81.4147
average_return                     82.0662
average_return                     73.4431
average_return                     62.9735
average_return                     82.8265
average_return                     77.3072
average_return                     33.6628
average_return                     76.7576
average_return                     76.6711
average_return                     49.2834
average_return                     70.4457
average_return                     42.5664
average_return                     71.6662
average_return                     72.1586
average_return                     67.7476
average_return                     60.0143
average_return                     69.1251
average_return                     67.75
average_return                     63.6778
average_return                     71.6802
average_return                     73.9403
average_return                     45.7089
average_return                     70.4168
average_return                     69.118
average_return                     76.5066
  "offline_ratio": 0.5,
  "seed": 0,
average_return                    79.4949
average_return                    81.199
average_return                    82.7611
average_return                    83.5801
average_return                    92.7516
average_return                    81.8137
average_return                    67.7825
average_return                    84.3177
average_return                    68.2596
average_return                     77.3479
average_return                     72.0921
average_return                     38.2618
average_return                     43.5985
average_return                     27.3126
average_return                     41.4055
average_return                     55.9632
average_return                     80.6138
average_return                     81.0796
average_return                     84.655
average_return                     86.6911
average_return                     84.4269
average_return                     80.5668
average_return                     61.8923
average_return                     69.846
average_return                     81.3252
average_return                     82.0871
average_return                     82.9686
average_return                     79.0375
average_return                     83.3632
average_return                     83.8654
average_return                     84.7123
average_return                     86.1297
average_return                     76.9189
average_return                     82.8301
average_return                     86.6328
average_return                     84.0829
average_return                     79.0835
average_return                     41.3724
average_return                     71.5521
average_return                     25.7742
average_return                     45.9686
average_return                     82.8004
average_return                     87.4148
average_return                     89.6496
average_return                     82.6942
average_return                     93.3389
average_return                     52.508
average_return                     35.8982
average_return                     73.1386
average_return                     88.5132
  "offline_ratio": 0.5,
  "seed": 1,
average_return                    71.8841
average_return                    71.8668
average_return                    66.4258
average_return                    82.0715
average_return                    85.2887
average_return                    96.148
average_return                    95.7532
average_return                    84.9058
average_return                    47.0196
average_return                     62.8691
average_return                     71.7512
average_return                     51.3882
average_return                     42.8389
average_return                     31.8737
average_return                     53.3713
average_return                     42.0245
average_return                     87.2447
average_return                     34.3773
average_return                     85.9888
average_return                     94.3825
average_return                    100.461
average_return                     99.8511
average_return                     88.9665
average_return                     92.3729
average_return                     85.1115
average_return                     45.1213
average_return                     45.1741
average_return                     97.1069
average_return                     94.2196
average_return                     89.6243
average_return                     97.3572
average_return                     98.8088
average_return                    101.372
average_return                     98.26
average_return                    102.372
average_return                    100.062
average_return                    100.457
average_return                     96.898
average_return                     99.127
average_return                     98.2917
average_return                     90.528
average_return                     99.2039
average_return                    105.788
average_return                     91.9549
average_return                    104.64
average_return                     89.0606
average_return                    104.133
average_return                     94.5537
average_return                     95.1151
average_return                     94.2944
