  "arch": "200",
  "offline_ratio": 0.5,
  "seed": 0,
average_return                    67.3671
average_return                    40.7791
average_return                    52.7365
average_return                    57.5299
average_return                    74.0159
average_return                    82.293
average_return                    82.3017
average_return                    91.5072
average_return                    88.3808
average_return                     87.4035
average_return                     82.9804
average_return                     87.8441
average_return                     86.0127
average_return                     85.9221
average_return                     88.9593
average_return                     82.8556
average_return                     91.3528
average_return                     89.8508
average_return                     87.3294
average_return                     87.7599
average_return                     85.7644
average_return                     86.5277
average_return                     84.5074
average_return                     86.5468
average_return                     85.5233
average_return                     86.5229
average_return                     88.1184
average_return                     85.8455
average_return                     86.1804
average_return                     84.3025
average_return                     79.8428
average_return                     83.8508
average_return                     72.4532
average_return                     75.5077
average_return                     70.2094
average_return                     77.2823
average_return                     75.5122
average_return                     71.4597
average_return                     64.5048
average_return                     52.8856
average_return                     65.4579
average_return                     26.777
average_return                     23.626
average_return                     61.8254
average_return                     73.2079
average_return                     67.0624
average_return                     71.9947
average_return                     62.5099
average_return                     60.0638
average_return                     58.8856
  "arch": "200",
  "offline_ratio": 0.5,
  "seed": 1,
average_return                    82.7117
average_return                    34.9003
average_return                    50.6172
average_return                    44.7132
average_return                    52.0122
average_return                    56.1092
average_return                    66.227
average_return                    66.4533
average_return                    59.1093
average_return                     73.6753
average_return                     82.1313
average_return                     62.9538
average_return                     83.7998
average_return                     91.9131
average_return                     86.7433
average_return                     94.3424
average_return                     87.1468
average_return                     92.8672
average_return                     93.1747
average_return                     97.0263
average_return                     95.637
average_return                     80.0926
average_return                     96.2927
average_return                    100.08
average_return                     93.9698
average_return                     96.5256
average_return                     80.7668
average_return                     93.8103
average_return                     87.3072
average_return                     80.5388
average_return                     91.6715
average_return                     94.9148
average_return                     82.802
average_return                     87.5208
average_return                     71.9783
average_return                     86.8326
average_return                     65.2486
average_return                     75.129
average_return                     60.0302
average_return                     64.2077
average_return                     46.0312
average_return                     63.5653
average_return                     61.0331
average_return                     72.8827
average_return                     70.4
average_return                     69.9669
average_return                     72.5446
average_return                     71.3173
average_return                     64.5888
average_return                     50.1131
  "arch": "200",
  "offline_ratio": 0.5,
  "seed": 2,
average_return                    66.4027
average_return                    27.2485
average_return                    41.7909
average_return                    58.6083
average_return                    68.881
average_return                    59.0892
average_return                    75.7909
average_return                    80.7238
average_return                    78.6963
average_return                     60.7323
average_return                     52.9398
average_return                     78.7305
average_return                     71.2889
average_return                     73.8199
average_return                     71.4076
average_return                     78.1695
average_return                     64.5447
average_return                     84.0454
average_return                     75.3775
average_return                     86.1228
average_return                     81.5823
average_return                     79.876
average_return                     85.8974
average_return                     89.4533
average_return                     90.3581
average_return                     91.0222
average_return                     88.8328
average_return                     92.2274
average_return                     87.5387
average_return                     91.1087
average_return                     94.8587
average_return                     87.8055
average_return                     90.3781
average_return                     94.6372
average_return                     92.1603
average_return                     88.0493
average_return                     89.4892
average_return                     95.5179
average_return                     90.378
average_return                     90.3071
average_return                     96.046
average_return                     93.9222
average_return                     92.9344
average_return                     88.5048
average_return                     86.4322
average_return                     85.6849
average_return                     91.2055
average_return                     88.2377
average_return                     89.7396
average_return                     95.4777
  "arch": "200",
  "offline_ratio": 0.5,
  "seed": 3,
average_return                    60.103
average_return                    64.5943
average_return                    20.0257
average_return                    45.2229
average_return                    24.4938
average_return                    38.2909
average_return                    65.2572
average_return                    64.3649
average_return                    72.4304
average_return                     62.1951
average_return                     55.8196
average_return                     75.8602
average_return                     96.0354
average_return                     95.3629
average_return                     96.2973
average_return                     87.0999
average_return                     97.961
average_return                    100.907
average_return                     89.6581
average_return                     98.7267
average_return                     96.1504
average_return                     89.3854
average_return                    106.13
average_return                     99.3224
average_return                    108.285
average_return                     80.9421
average_return                    105.326
average_return                     82.3529
average_return                     80.645
average_return                     46.4174
average_return                     57.0349
average_return                     93.5812
average_return                     62.1955
average_return                     63.4671
average_return                     60.2102
average_return                     39.6783
average_return                     32.5794
average_return                     22.3823
average_return                     47.866
average_return                     34.918
average_return                     19.6306
average_return                      6.28537
average_return                     11.1106
average_return                      6.47363
average_return                      6.67839
average_return                      6.44841
average_return                      6.65063
average_return                     43.0583
average_return                     41.3672
average_return                     40.9323
