  "arch": "200-200",
  "offline_ratio": 0.5,
  "seed": 0,
average_return                    83.366
average_return                    84.4625
average_return                    79.6943
average_return                    78.4634
average_return                    85.2023
average_return                    99.2712
average_return                    92.812
average_return                    92.6995
average_return                    93.1376
average_return                     96.7407
average_return                     99.7558
average_return                     89.0625
average_return                     68.1668
average_return                     66.3132
average_return                     60.4032
average_return                     35.965
average_return                      6.75603
average_return                      6.55546
average_return                      6.42043
average_return                      7.93936
average_return                      6.76885
average_return                      7.05232
average_return                      7.06942
average_return                      6.92066
average_return                      6.64795
average_return                      6.71154
average_return                      6.15428
average_return                      6.90582
average_return                      6.64364
average_return                      6.54555
average_return                      6.95251
average_return                      7.22519
average_return                      6.22245
average_return                      7.37797
average_return                      6.48331
average_return                      6.84264
average_return                      7.10708
average_return                      6.90796
average_return                      6.97833
average_return                      6.47837
average_return                      6.60324
average_return                      6.44911
average_return                      6.28257
average_return                      7.00886
average_return                      6.96369
average_return                       7.14644
average_return                       6.86341
average_return                       6.68329
average_return                       6.25474
average_return                       6.24746
  "arch": "200-200",
  "offline_ratio": 0.5,
  "seed": 1,
average_return                    56.2
average_return                    82.0431
average_return                    80.6509
average_return                    89.0974
average_return                    90.2571
average_return                    84.7129
average_return                    93.2109
average_return                    97.0302
average_return                    81.2606
average_return                     97.3644
average_return                     77.793
average_return                     44.6364
average_return                     44.9957
average_return                     49.5399
average_return                     47.6901
average_return                     50.9543
average_return                     40.1792
average_return                      8.00022
average_return                      8.93613
average_return                      7.574
average_return                      8.29276
average_return                      8.88132
average_return                      8.34849
average_return                      9.97519
average_return                     11.7134
average_return                     10.1616
average_return                     13.8775
average_return                     15.4391
average_return                     16.8048
average_return                     15.8885
average_return                     15.8556
average_return                     13.9053
average_return                     15.5759
average_return                     17.5889
average_return                     15.715
average_return                     15.7047
average_return                     20.1872
average_return                     19.7822
average_return                     14.5884
average_return                     16.0294
average_return                     15.1322
average_return                     13.8873
average_return                     15.1941
average_return                     16.6754
average_return                     20.0142
average_return                     27.0216
average_return                     29.0772
average_return                     30.3061
average_return                     23.527
average_return                     26.9971
  "arch": "200-200",
  "offline_ratio": 0.5,
  "seed": 2,
average_return                    67.8315
average_return                    58.5968
average_return                    80.6409
average_return                    83.4441
average_return                    86.354
average_return                    92.356
average_return                    96.019
average_return                    92.1553
average_return                    93.1371
average_return                     91.8283
average_return                     88.4211
average_return                     88.7953
average_return                     90.2884
average_return                     81.7134
average_return                     66.4322
average_return                     33.38
average_return                     34.0248
average_return                      7.07884
average_return                     22.3381
average_return                      7.84207
average_return                      7.35959
average_return                      8.51643
average_return                      7.48539
average_return                      6.60246
average_return                      8.09168
average_return                      8.31237
average_return                      7.36692
average_return                      7.61319
average_return                      8.14456
average_return                      7.62708
average_return                      7.24569
average_return                      7.81771
average_return                      7.12359
average_return                      7.36771
average_return                      8.0835
average_return                      6.51964
average_return                      7.05813
average_return                      6.82116
average_return                      7.15275
average_return                      6.98484
average_return                      7.12409
average_return                      7.01983
average_return                      6.68038
average_return                      6.84289
average_return                      6.27639
average_return                      6.46779
average_return                      6.39415
average_return                      6.74503
average_return                      6.56986
average_return                       6.554
  "arch": "200-200",
  "offline_ratio": 0.5,
  "seed": 3,
average_return                    86.149
average_return                   103.96
average_return                    74.1596
average_return                    89.8628
average_return                    95.6533
average_return                    99.5052
average_return                    97.9455
average_return                    93.0657
average_return                   100.561
average_return                     99.4073
average_return                     95.2995
average_return                     94.9258
average_return                     82.5165
average_return                     14.6273
average_return                      8.94524
average_return                      8.3739
average_return                      8.05051
average_return                      8.40767
average_return                      8.61753
average_return                     29.1629
average_return                     35.1306
average_return                     27.5658
average_return                     28.2881
average_return                     28.3369
average_return                     30.1939
average_return                     23.8486
average_return                     22.2217
average_return                     16.5907
average_return                     22.2354
average_return                     17.4119
average_return                     18.5855
average_return                     20.714
average_return                     18.0959
average_return                     24.7889
average_return                     28.1848
average_return                     51.1654
average_return                     54.5705
average_return                     60.1684
average_return                     60.195
average_return                     61.4837
average_return                     56.8439
average_return                     62.3621
average_return                     42.6317
average_return                     16.7076
average_return                     19.4177
average_return                     21.0725
average_return                     36.3754
average_return                     37.0591
average_return                     33.1232
average_return                     44.7149
