  "arch": "200-200-200",
  "offline_ratio": 0.5,
  "seed": 0,
average_return                    90.5996
average_return                    80.3322
average_return                    79.4855
average_return                    79.9992
average_return                    81.8399
average_return                    77.6775
average_return                    76.8286
average_return                    83.5673
average_return                    83.2309
average_return                     71.3751
average_return                     52.7572
average_return                     60.5211
average_return                     68.9607
average_return                     75.3761
average_return                     71.5066
average_return                     71.5784
average_return                     70.5275
average_return                     76.6582
average_return                     79.1318
average_return                     83.2895
average_return                     83.1198
average_return                     83.0661
average_return                     78.8726
average_return                     89.0024
average_return                     80.7014
average_return                     86.9827
average_return                     81.955
average_return                     84.5179
average_return                     86.3154
average_return                     86.2224
average_return                     89.0403
average_return                     81.9523
average_return                     87.0416
average_return                     87.1724
average_return                     86.9179
average_return                     90.0419
average_return                     82.7059
average_return                     87.8885
average_return                     88.5207
average_return                     83.3585
average_return                     82.6457
average_return                     85.7025
average_return                     80.2303
average_return                     81.6684
average_return                     86.8247
average_return                     89.5554
average_return                     84.1212
average_return                     80.8721
average_return                     79.8443
average_return                     62.2824
  "arch": "200-200-200",
  "offline_ratio": 0.5,
  "seed": 1,
average_return                    76.0115
average_return                    87.8196
average_return                    71.8397
average_return                    97.5739
average_return                    88.934
average_return                   100.917
average_return                    95.6256
average_return                    88.0379
average_return                    69.6738
average_return                     31.778
average_return                     19.3243
average_return                     17.8623
average_return                     17.1169
average_return                     14.6468
average_return                     15.2808
average_return                     16.8378
average_return                     24.3049
average_return                     17.3807
average_return                     16.7944
average_return                     40.1376
average_return                     26.2101
average_return                     18.4792
average_return                     57.5741
average_return                     65.5341
average_return                     19.5678
average_return                     23.0936
average_return                     22.0893
average_return                     71.9778
average_return                     83.6376
average_return                     24.8817
average_return                     60.1319
average_return                     20.8621
average_return                     21.2302
average_return                     18.6491
average_return                     20.8858
average_return                      7.77209
average_return                      6.74558
average_return                      7.30007
average_return                      6.11005
average_return                      6.28599
average_return                      7.07571
average_return                      6.15146
average_return                      6.83847
average_return                       6.07857
average_return                      5.71289
average_return                       6.7273
average_return                       6.94622
average_return                       6.65947
average_return                       6.60251
average_return                       7.57348
  "arch": "200-200-200",
  "offline_ratio": 0.5,
  "seed": 2,
average_return                    75.7609
average_return                    55.0033
average_return                    60.1882
average_return                    89.6294
average_return                    94.3065
average_return                    92.9139
average_return                    46.1239
average_return                    44.589
average_return                    16.755
average_return                     58.8111
average_return                     77.3433
average_return                     81.5631
average_return                     74.2194
average_return                     80.692
average_return                     80.9487
average_return                     81.1465
average_return                     82.954
average_return                     80.8474
average_return                     82.2346
average_return                     80.3948
average_return                     76.9002
average_return                     22.0317
average_return                     76.0797
average_return                     77.8537
average_return                     81.2474
average_return                     78.3642
average_return                     81.3646
average_return                     85.7073
average_return                     29.5321
average_return                     71.9997
average_return                     82.1695
average_return                     83.1584
average_return                     76.5013
average_return                     83.0039
average_return                     56.4259
average_return                     83.0424
average_return                     84.3117
average_return                     84.8782
average_return                     82.8673
average_return                     84.6348
average_return                     83.583
average_return                     77.5707
average_return                     85.7135
average_return                     83.8828
average_return                     85.2143
average_return                     81.6034
average_return                     56.7601
average_return                     83.4119
average_return                     78.2831
average_return                     77.4688
  "arch": "200-200-200",
  "offline_ratio": 0.5,
  "seed": 3,
average_return                    81.7396
average_return                    79.8628
average_return                    80.2338
average_return                    77.8134
average_return                    70.9564
average_return                    89.0933
average_return                    87.476
average_return                    71.404
average_return                    38.1816
average_return                     82.2317
average_return                     43.0664
average_return                     30.5204
average_return                     37.7339
average_return                     22.0227
average_return                     24.7593
average_return                     24.005
average_return                     23.8507
average_return                     23.6609
average_return                     25.0801
average_return                     27.564
average_return                     29.588
average_return                     28.0383
average_return                     26.3896
average_return                     30.1795
average_return                     28.7001
average_return                     32.1039
average_return                     25.0094
average_return                     28.5045
average_return                     27.5433
average_return                     30.3915
average_return                     26.5419
average_return                     31.439
average_return                     32.8347
average_return                     31.5094
average_return                     33.1301
average_return                     32.7271
average_return                      33.8019
average_return                      36.2125
average_return                      37.7267
average_return                      34.8984
average_return                      41.0227
average_return                      34.3504
average_return                      19.6339
average_return                      17.9034
average_return                      13.9787
average_return                      10.5952
average_return                      11.5559
average_return                       9.59469
average_return                       9.85514
average_return                       9.80023
