  "offline_ratio": 0.75,
  "seed": 0,
average_return  14.4759
average_return  83.6181
average_return  84.4212
average_return  18.7631
average_return  87.2983
average_return  41.8055
average_return  31.3184
average_return  64.6168
average_return  80.5757
average_return  81.1879
average_return  90.5261
average_return  98.6672
average_return  46.5806
average_return  23.3333
average_return  86.2758
average_return  76.9427
average_return  50.1818
average_return  73.0637
average_return  76.0392
average_return  91.3418
average_return  70.3759
average_return  56.9891
average_return  77.8191
average_return  55.4305
average_return  95.3206
average_return  82.7866
average_return  70.2202
average_return  81.353
average_return  62.7249
average_return  83.1771
average_return  67.4619
average_return  84.264
average_return  87.4098
average_return  65.1695
average_return  97.5804
average_return  73.5249
average_return  95.3644
average_return  89.1993
average_return  34.992
average_return  75.7402
average_return  16.1134
average_return  91.1992
average_return  76.8953
average_return  89.4149
average_return  36.4746
average_return  87.6211
average_return  86.753
average_return  79.5882
average_return  59.1263
average_return  73.1333
average_return  33.6797
  "offline_ratio": 0.75,
  "seed": 1,
average_return  13.7522
average_return  71.2512
average_return  89.3591
average_return  72.0046
average_return  60.1423
average_return  78.0537
average_return  56.8737
average_return  59.5922
average_return  82.8021
average_return  76.4738
average_return  55.0099
average_return  49.9501
average_return  78.4912
average_return  84.5289
average_return  87.6029
average_return  95.3828
average_return  93.1041
average_return  77.8035
average_return  80.9362
average_return  94.0882
average_return  87.9146
average_return  84.5161
average_return  81.183
average_return  85.3953
average_return  65.8595
average_return  78.9833
average_return  87.2187
average_return  92.7858
average_return  90.9438
average_return  57.801
average_return  89.3278
average_return  86.1312
average_return  79.8096
average_return  82.8642
average_return  52.09
average_return  88.0654
average_return  79.1873
average_return  92.5126
average_return  87.1877
average_return  87.1253
average_return  80.4846
average_return  79.8395
average_return  79.3898
average_return  97.7475
average_return  79.6398
average_return  102.097
average_return  88.467
average_return  28.3336
average_return  86.2211
average_return  88.8887
average_return  55.6077
  "offline_ratio": 0.75,
  "seed": 2,
average_return  15.8641
average_return  95.6926
average_return  106.631
average_return  92.9725
average_return  94.3635
average_return  40.8455
average_return  18.423
average_return  92.2048
average_return  64.5872
average_return  82.3611
average_return  73.8712
average_return  94.6604
average_return  86.9775
average_return  77.0036
average_return  88.1812
average_return  47.8378
average_return  84.4199
average_return  87.9586
average_return  93.4462
average_return  95.7235
average_return  94.3148
average_return  92.7369
average_return  89.7452
average_return  86.7995
average_return  77.0496
average_return  77.5608
average_return  64.7814
average_return  98.5779
average_return  71.8613
average_return  36.2598
average_return  85.4899
average_return  77.777
average_return  56.7305
average_return  46.2872
average_return  100.587
average_return  83.5552
average_return  103.588
average_return  95.4988
average_return  102.069
average_return  101.267
average_return  100.405
average_return  86.2943
average_return  78.9284
average_return  101.506
average_return  98.2716
average_return  67.2091
average_return  77.5095
average_return  85.603
average_return  84.0453
average_return  82.574
average_return  78.6492
  "offline_ratio": 0.75,
  "seed": 3,
average_return  19.1095
average_return  87.3744
average_return  79.4204
average_return  84.6894
average_return  86.2651
average_return  21.684
average_return  86.0176
average_return  93.0993
average_return  54.5063
average_return  99.9054
average_return  95.722
average_return  97.7711
average_return  96.0662
average_return  96.4784
average_return  98.2696
average_return  97.9789
average_return  84.5717
average_return  91.3139
average_return  99.1914
average_return  54.0473
average_return  99.7689
average_return  95.1566
average_return  61.1493
average_return  97.4109
average_return  99.9414
average_return  93.5771
average_return  86.9251
average_return  101.63
average_return  88.0371
average_return  97.6147
average_return  95.3664
average_return  37.358
average_return  93.8355
average_return  93.2476
average_return  100.962
average_return  88.7589
average_return  105.888
average_return  91.7709
average_return  101.539
average_return  94.0053
average_return  95.7093
average_return  85.8649
average_return  92.3649
average_return  100.33
average_return  110.021
average_return  87.9853
average_return  70.9289
average_return  77.2226
average_return  83.5912
average_return  91.7917
average_return  86.0738
