  "offline_ratio": 0.9,
  "seed": 1,
average_return                    77.5048
average_return                    57.8105
average_return                    49.1961
average_return                    60.7221
average_return                    84.477
average_return                    85.2755
average_return                    86.864
average_return                    80.1576
average_return                    76.7342
average_return                     81.2748
average_return                     81.5839
average_return                     78.1951
average_return                     69.5931
average_return                     72.3287
average_return                     93.1184
average_return                     91.7329
average_return                     99.5336
average_return                     79.851
average_return                     66.4794
average_return                     70.071
average_return                     79.0426
average_return                     66.2666
average_return                     81.2541
average_return                     93.0029
average_return                     69.8004
average_return                     69.272
average_return                     59.3111
average_return                     43.3384
average_return                     25.6154
average_return                     42.4464
average_return                     57.4697
average_return                     46.9026
average_return                     82.5021
average_return                     47.897
average_return                     61.5931
average_return                     65.3691
average_return                     58.0862
average_return                     60.8506
average_return                     31.9357
average_return                     78.5078
average_return                     61.5755
average_return                     97.9919
average_return                     83.8815
average_return                     75.4751
average_return                     79.073
average_return                     80.498
average_return                     44.4401
average_return                     78.1979
average_return                     74.045
average_return                     81.2396
  "offline_ratio": 0.9,
  "seed": 3,
average_return                    67.2314
average_return                    61.0761
average_return                    25.7313
average_return                    46.8433
average_return                    28.5424
average_return                    76.9972
average_return                    80.1201
average_return                    82.3352
average_return                    84.9451
average_return                     84.8598
average_return                     88.7266
average_return                     81.3482
average_return                     78.0123
average_return                     84.8323
average_return                     81.4616
average_return                     83.4282
average_return                     80.9166
average_return                     79.6541
average_return                     88.8424
average_return                     80.1754
average_return                     85.2736
average_return                     87.0936
average_return                     86.4011
average_return                     79.5247
average_return                     74.7285
average_return                     89.4078
average_return                     76.2195
average_return                     78.3683
average_return                     85.7027
average_return                     91.4892
average_return                     86.1885
average_return                     90.5323
average_return                     81.578
average_return                     85.2582
average_return                     83.5228
average_return                     64.7113
average_return                      39.5934
average_return                      26.8322
average_return                      59.7795
average_return                      61.1048
average_return                      27.0599
average_return                      43.7024
average_return                      43.519
average_return                      40.3993
average_return                      31.251
average_return                      30.9147
average_return                      53.9121
average_return                      66.0915
average_return                      81.0762
average_return                      72.1512
  "offline_ratio": 0.9,
  "seed": 2,
average_return                    58.8973
average_return                    54.6567
average_return                    63.0359
average_return                    87.409
average_return                    85.6706
average_return                    84.7429
average_return                    92.3685
average_return                    90.8307
average_return                    88.4442
average_return                     84.3715
average_return                     82.6543
average_return                     74.9574
average_return                     77.753
average_return                     91.514
average_return                     87.3464
average_return                     86.2749
average_return                     81.3009
average_return                     84.6678
average_return                     89.0421
average_return                     86.166
average_return                     88.5817
average_return                     97.7697
average_return                     94.962
average_return                     90.2431
average_return                     91.85
average_return                     91.9027
average_return                     83.2114
average_return                     86.1533
average_return                     81.6443
average_return                     84.0145
average_return                     86.7429
average_return                     86.4206
average_return                     94.1755
average_return                     82.4614
average_return                     65.5656
average_return                     82.7384
average_return                     53.096
average_return                     91.5165
average_return                     86.9685
average_return                     85.6159
average_return                     92.2755
average_return                     92.8477
average_return                     89.5979
average_return                     94.4966
average_return                     93.7977
average_return                     93.9129
average_return                     95.3647
average_return                    100.038
average_return                     83.3451
average_return                     86.2793
  "offline_ratio": 0.9,
  "seed": 0,
average_return                    77.8134
average_return                    80.786
average_return                    41.4117
average_return                    89.6829
average_return                    79.2918
average_return                    90.0025
average_return                    96.5559
average_return                    61.4598
average_return                    78.4163
average_return                     49.0871
average_return                     22.6146
average_return                     32.775
average_return                     47.896
average_return                     74.5581
average_return                     65.2467
average_return                     56.2675
average_return                     43.462
average_return                     16.0435
average_return                     20.7072
average_return                     18.9687
average_return                     19.1069
average_return                     19.6374
average_return                     14.9105
average_return                     16.1259
average_return                     41.906
average_return                     16.7847
average_return                     17.4935
average_return                     34.184
average_return                     22.3953
average_return                     85.2691
average_return                     76.8937
average_return                     85.6561
average_return                     67.349
average_return                     23.7646
average_return                     45.5287
average_return                     47.2038
average_return                     32.7381
average_return                     55.0436
average_return                     21.6613
average_return                     69.7975
average_return                     36.8685
average_return                     94.7706
average_return                     92.4375
average_return                     92.6976
average_return                     95.8021
average_return                     92.5717
average_return                     96.8598
average_return                     78.1141
average_return                     92.4669
average_return                     95.8278
