  "offline_ratio": 0.75,
  "seed": 0,
average_return                    76.1226
average_return                    58.0533
average_return                   102.592
average_return                    92.4991
average_return                    92.5102
average_return                    91.5278
average_return                    89.101
average_return                    63.8575
average_return                    81.614
average_return                     77.7111
average_return                     72.7431
average_return                     81.4424
average_return                     72.4466
average_return                     46.7662
average_return                     68.327
average_return                     62.2498
average_return                     20.8477
average_return                     18.8044
average_return                     79.8739
average_return                     85.9413
average_return                     87.5507
average_return                     88.7293
average_return                     88.4716
average_return                     87.1592
average_return                     93.7301
average_return                    104.266
average_return                     98.2656
average_return                     63.9371
average_return                     79.0942
average_return                     73.4493
average_return                     77.0163
average_return                     68.8384
average_return                     67.0476
average_return                     67.0189
average_return                     55.3765
average_return                     78.6388
average_return                     68.8388
average_return                     63.0601
average_return                     45.4377
average_return                     66.8159
average_return                     52.0986
average_return                     32.311
average_return                     51.8886
average_return                     49.02
average_return                     59.3081
average_return                     72.9555
average_return                     68.0233
average_return                     42.6232
average_return                     63.3679
average_return                     70.3701
  "offline_ratio": 0.75,
  "seed": 1,
average_return                    80.6714
average_return                    91.1697
average_return                    44.698
average_return                    77.7512
average_return                    99.0835
average_return                    79.7525
average_return                   100.022
average_return                    93.166
average_return                    58.1154
average_return                     25.8589
average_return                     79.9041
average_return                     89.1447
average_return                     78.2322
average_return                     55.2059
average_return                     16.1323
average_return                     24.5161
average_return                     69.4557
average_return                     77.254
average_return                     81.0552
average_return                     88.7658
average_return                     92.6541
average_return                     88.5146
average_return                     95.0007
average_return                     89.1891
average_return                     89.7786
average_return                     89.5885
average_return                     91.1634
average_return                     88.747
average_return                     82.6382
average_return                     74.1463
average_return                    110.252
average_return                    100.049
average_return                     95.2606
average_return                     92.1287
average_return                     91.1907
average_return                     86.8559
average_return                     95.5037
average_return                     92.7084
average_return                     98.1642
average_return                    100.261
average_return                     96.0755
average_return                     87.9927
average_return                     97.7193
average_return                     97.4882
average_return                     83.3399
average_return                     83.8945
average_return                     97.5933
average_return                     87.4342
average_return                    101.658
average_return                     88.6776
  "offline_ratio": 0.75,
  "seed": 3,
average_return                    68.7874
average_return                    62.3361
average_return                    25.3487
average_return                    87.9292
average_return                    88.235
average_return                    75.3869
average_return                    74.839
average_return                    75.5581
average_return                    81.4531
average_return                     92.9839
average_return                     86.3526
average_return                     77.8924
average_return                     83.4402
average_return                     86.4167
average_return                     82.0118
average_return                     84.7032
average_return                     87.6964
average_return                     93.3202
average_return                     95.3993
average_return                     86.725
average_return                     99.0736
average_return                    102.124
average_return                    102.066
average_return                     90.4306
average_return                    101.035
average_return                     91.389
average_return                     90.8925
average_return                     95.3039
average_return                    101.872
average_return                     89.3732
average_return                     99.7198
average_return                     74.0983
average_return                     89.1642
average_return                     82.8571
average_return                     82.0395
average_return                     88.4444
average_return                     85.1975
average_return                     82.651
average_return                     80.9605
average_return                     80.8393
average_return                     75.8655
average_return                     78.5322
average_return                     77.2076
average_return                     83.1664
average_return                     74.3239
average_return                     74.0549
average_return                     60.6688
average_return                     69.9539
average_return                     71.5477
average_return                     73.0747
  "offline_ratio": 0.75,
  "seed": 2,
average_return                    82.4922
average_return                    58.6826
average_return                    54.4408
average_return                    80.537
average_return                    78.2765
average_return                    81.9474
average_return                    82.1307
average_return                    89.493
average_return                    82.0334
average_return                     84.9856
average_return                     85.7136
average_return                     79.1685
average_return                     75.7028
average_return                     82.9606
average_return                     86.0418
average_return                     82.5804
average_return                     82.5633
average_return                     85.5904
average_return                     74.3613
average_return                     39.824
average_return                     75.8547
average_return                     82.5193
average_return                     88.5362
average_return                     87.6398
average_return                     84.0744
average_return                     79.4447
average_return                     82.8854
average_return                     81.3581
average_return                     80.552
average_return                     92.996
average_return                     85.7228
average_return                     79.3194
average_return                     86.8966
average_return                     74.5679
average_return                     84.3726
average_return                     66.9253
average_return                     76.2993
average_return                     87.3519
average_return                     81.783
average_return                     71.5717
average_return                     74.3496
average_return                     74.63
average_return                     65.9492
average_return                     75.8161
average_return                     69.794
average_return                     73.4858
average_return                     72.9837
average_return                     64.2571
average_return                     65.2675
average_return                     77.2511
