  "offline_ratio": 0.5,
  "seed": 0,
average_return                    77.4033
average_return                    64.1753
average_return                    94.4886
average_return                    71.7723
average_return                    91.5171
average_return                    90.7081
average_return                    76.873
average_return                    58.6266
average_return                    78.7821
average_return                     59.2954
average_return                     46.6232
average_return                     73.0698
average_return                     33.4257
average_return                     76.4158
average_return                     74.0541
average_return                     82.7053
average_return                     89.4237
average_return                     89.1458
average_return                     88.5112
average_return                     88.2876
average_return                     82.1516
average_return                     92.361
average_return                     91.7041
average_return                     81.0318
average_return                     82.1243
average_return                     81.8475
average_return                     72.6947
average_return                     82.9395
average_return                     83.267
average_return                     84.8776
average_return                     79.5565
average_return                     85.7654
average_return                     93.7318
average_return                     84.3528
average_return                     82.3447
average_return                     87.2091
average_return                     79.6611
average_return                     84.0392
average_return                     85.9788
average_return                     90.4437
average_return                     85.2101
average_return                     82.4276
average_return                     82.0885
average_return                     87.4301
average_return                     87.9339
average_return                     79.4884
average_return                     83.4336
average_return                     86.8064
average_return                     86.34
average_return                     88.7322
  "offline_ratio": 0.5,
  "seed": 1,
average_return                    66.8937
average_return                    69.8332
average_return                    53.8653
average_return                    86.1478
average_return                    78.0422
average_return                    91.8405
average_return                    99.871
average_return                    50.4233
average_return                    88.4502
average_return                     65.9127
average_return                     30.2423
average_return                     72.1977
average_return                     83.4967
average_return                     88.0389
average_return                     63.0818
average_return                     35.4126
average_return                     56.1542
average_return                     53.5266
average_return                     59.184
average_return                     39.9446
average_return                     63.0078
average_return                     65.9213
average_return                     87.5958
average_return                     91.8166
average_return                     91.2184
average_return                     93.3696
average_return                     95.9587
average_return                     95.3814
average_return                     93.5664
average_return                     95.3828
average_return                     93.0069
average_return                    101.037
average_return                    100.09
average_return                     93.1845
average_return                    105.346
average_return                     96.5065
average_return                     94.9743
average_return                     91.0949
average_return                     92.979
average_return                     92.8179
average_return                     88.9985
average_return                     86.8434
average_return                     91.0099
average_return                     91.4061
average_return                     79.8518
average_return                     85.0086
average_return                     99.7391
average_return                     94.196
average_return                     95.4336
average_return                     96.3119
  "offline_ratio": 0.5,
  "seed": 2,
average_return                    82.8852
average_return                    98.004
average_return                    72.9152
average_return                    77.4591
average_return                    90.5017
average_return                    85.2752
average_return                    88.7431
average_return                    84.5427
average_return                    86.7822
average_return                     86.418
average_return                     82.8264
average_return                     96.4289
average_return                     91.0033
average_return                     91.3157
average_return                     87.9808
average_return                     90.8854
average_return                     88.8554
average_return                     91.5767
average_return                     84.2489
average_return                     84.9352
average_return                     93.2474
average_return                     87.9385
average_return                     84.9024
average_return                     84.8351
average_return                     96.2914
average_return                    104.063
average_return                     88.7474
average_return                     99.529
average_return                     93.7282
average_return                     94.8425
average_return                     94.4046
average_return                     75.107
average_return                     90.6899
average_return                     95.6363
average_return                     97.1145
average_return                     94.0129
average_return                     93.4466
average_return                     85.8981
average_return                     90.6114
average_return                     89.423
average_return                     86.8728
average_return                     81.4548
average_return                     85.6983
average_return                     84.0909
average_return                     81.4026
average_return                     78.6333
average_return                     91.7816
average_return                     97.5666
average_return                     91.7201
average_return                     96.1395
  "offline_ratio": 0.5,
  "seed": 3,
average_return                    63.9946
average_return                    81.7567
average_return                    92.0773
average_return                    62.7886
average_return                    85.8563
average_return                    88.3626
average_return                    79.8236
average_return                    78.6503
average_return                    83.8567
average_return                     80.4552
average_return                     87.2145
average_return                     85.572
average_return                     84.051
average_return                     87.6291
average_return                     71.9862
average_return                     83.8811
average_return                     88.9661
average_return                     84.848
average_return                     82.373
average_return                     87.8987
average_return                     92.4149
average_return                     84.4422
average_return                     85.1194
average_return                     91.426
average_return                     88.7313
average_return                     87.3777
average_return                     90.433
average_return                     70.6105
average_return                     80.6166
average_return                     84.1226
average_return                     84.6319
average_return                     85.1636
average_return                     83.5023
average_return                     83.7252
average_return                     90.0665
average_return                     86.3785
average_return                     83.7261
average_return                     79.1504
average_return                     78.0876
average_return                     78.2482
average_return                     76.5508
average_return                     84.4507
average_return                     76.4314
average_return                     51.2717
average_return                     77.0239
average_return                     80.0617
average_return                     42.1742
average_return                     52.4024
average_return                     47.1721
average_return                     22.8124
