  "offline_ratio": 0.9,
  "seed": 0,
average_return  14.2189
average_return  92.1772
average_return  66.8698
average_return  28.8149
average_return  62.3707
average_return  67.6718
average_return  86.5883
average_return  67.0465
average_return  67.3095
average_return  94.3628
average_return  92.216
average_return  38.7766
average_return  20.6043
average_return  63.1366
average_return  70.7188
average_return  78.9458
average_return  31.4985
average_return  75.3464
average_return  51.9049
average_return  46.8517
average_return  70.326
average_return  54.0147
average_return  80.8789
average_return  61.8156
average_return  34.6479
average_return  56.7399
average_return  29.8498
average_return  74.5225
average_return  79.221
average_return  64.98
average_return  75.0637
average_return  73.0538
average_return  76.6587
average_return  49.5719
average_return  73.3956
average_return  53.797
average_return  92.6666
average_return  34.9843
average_return  66.8994
average_return  61.856
average_return  77.235
average_return  75.1438
average_return  70.2047
average_return  81.2834
average_return  66.5189
average_return  74.2502
average_return  88.39
average_return  56.532
average_return  89.5775
average_return  90.5609
average_return  60.5552
  "offline_ratio": 0.9,
  "seed": 1,
average_return  15.9609
average_return  62.2837
average_return  108.13
average_return  96.697
average_return  72.1197
average_return  95.9222
average_return  84.3954
average_return  90.692
average_return  73.0328
average_return  75.3071
average_return  63.3427
average_return  87.9767
average_return  83.6202
average_return  77.9255
average_return  66.8315
average_return  89.2352
average_return  43.4349
average_return  35.7637
average_return  26.6835
average_return  75.8731
average_return  75.0544
average_return  51.393
average_return  81.3366
average_return  79.1867
average_return  56.8666
average_return  88.3164
average_return  24.2345
average_return  24.5537
average_return  57.8724
average_return  22.4469
average_return  91.7577
average_return  69.1682
average_return  91.2358
average_return  36.6671
average_return  60.7426
average_return  53.9462
average_return  89.2215
average_return  28.6689
average_return  81.9578
average_return  87.4819
average_return  80.3018
average_return  56.4837
average_return  56.912
average_return  92.9589
average_return  74.2186
average_return  77.3935
average_return  50.6201
average_return  20.5338
average_return  89.5202
average_return  40.2771
average_return  56.7274
  "offline_ratio": 0.9,
  "seed": 2,
average_return  19.2462
average_return  51.7331
average_return  88.7903
average_return  81.0893
average_return  86.3152
average_return  61.0736
average_return  65.5935
average_return  68.1359
average_return  76.501
average_return  92.4079
average_return  79.8861
average_return  71.7547
average_return  82.9938
average_return  98.7625
average_return  61.059
average_return  78.5181
average_return  79.2208
average_return  84.1544
average_return  72.1911
average_return  71.7255
average_return  69.5007
average_return  92.409
average_return  60.662
average_return  57.989
average_return  56.8452
average_return  82.0979
average_return  76.3328
average_return  65.9828
average_return  71.4951
average_return  70.0901
average_return  78.2138
average_return  74.7175
average_return  66.487
average_return  76.1061
average_return  86.753
average_return  39.781
average_return  73.0003
average_return  84.9069
average_return  75.2479
average_return  46.4082
average_return  63.558
average_return  95.1559
average_return  78.6548
average_return  30.5912
average_return  58.5846
average_return  92.7091
average_return  97.4716
average_return  22.0261
average_return  59.7088
average_return  82.3745
average_return  73.1149
  "offline_ratio": 0.9,
  "seed": 3,
average_return  20.7758
average_return  98.5279
average_return  89.2418
average_return  109.462
average_return  92.4313
average_return  97.9453
average_return  96.2918
average_return  95.2436
average_return  105.527
average_return  99.7651
average_return  82.4638
average_return  70.2665
average_return  86.5276
average_return  105.117
average_return  87.7756
average_return  74.6415
average_return  104.468
average_return  72.7479
average_return  96.471
average_return  83.9053
average_return  86.6991
average_return  89.8159
average_return  101.323
average_return  12.3574
average_return  72.2411
average_return  99.8391
average_return  75.3745
average_return  20.6217
average_return  88.338
average_return  87.7706
average_return  86.2072
average_return  50.4084
average_return  106.569
average_return  83.8409
average_return  110.367
average_return  87.214
average_return  73.3129
average_return  10.3648
average_return  101.038
average_return  90.1601
average_return  101.859
average_return  98.395
average_return  85.6409
average_return  97.3409
average_return  94.1201
average_return  22.1932
average_return  79.5122
average_return  98.4121
average_return  103.11
average_return  87.3693
average_return  59.0178
