------------------------------  ----------
epoch                              0
sac/log_pi                         4.23895
sac/policy_loss                   12.4963
sac/qf1_loss                       7.74324
sac/qf2_loss                       7.46845
sac/alpha_loss                    -1.18442
sac/alpha                          1.32235
sac/average_qf1                   -3.23227
sac/average_qf2                   -3.2625
sac/average_target_q              -2.41474
sac/total_steps                 1000
sac/cql/cql_std_q1                 9.56222
sac/cql/cql_std_q2                10.3536
sac/cql/cql_q1_rand              -24.4378
sac/cql/cql_q2_rand              -26.4215
sac/cql/cql_min_qf1_loss         -15.7943
sac/cql/cql_min_qf2_loss         -17.0832
sac/cql/cql_qf1_diff              -3.15887
sac/cql/cql_qf2_diff              -3.41664
sac/cql/cql_q1_current_actions    -6.01994
sac/cql/cql_q2_current_actions    -6.39294
sac/cql/cql_q1_next_actions       -6.10676
sac/cql/cql_q2_next_actions       -6.54483
sac/cql/alpha_prime_loss           0
sac/cql/alpha_prime                0
average_return                    65.9589
average_traj_length              200
train_time                        95.5282
eval_time                          9.88893
epoch_time                       105.417
------------------------------  ----------
------------------------------  ----------
epoch                              1
sac/log_pi                         3.02932
sac/policy_loss                   32.4438
sac/qf1_loss                      19.1376
sac/qf2_loss                      23.2729
sac/alpha_loss                    -1.81624
sac/alpha                          1.8213
sac/average_qf1                  -19.5995
sac/average_qf2                  -18.7802
sac/average_target_q             -20.4137
sac/total_steps                 2000
sac/cql/cql_std_q1                 9.90533
sac/cql/cql_std_q2                10.6702
sac/cql/cql_q1_rand              -43.0814
sac/cql/cql_q2_rand              -45.6803
sac/cql/cql_min_qf1_loss         -16.8755
sac/cql/cql_min_qf2_loss         -23.4059
sac/cql/cql_qf1_diff              -3.37509
sac/cql/cql_qf2_diff              -4.68118
sac/cql/cql_q1_current_actions   -24.7945
sac/cql/cql_q2_current_actions   -26.1984
sac/cql/cql_q1_next_actions      -24.9869
sac/cql/cql_q2_next_actions      -26.3509
sac/cql/alpha_prime_loss           0
sac/cql/alpha_prime                0
average_return                    49.1106
average_traj_length              200
train_time                        92.3278
eval_time                         10.3875
epoch_time                       102.715
------------------------------  ----------
------------------------------  ----------
epoch                              2
sac/log_pi                         3.25668
sac/policy_loss                  103.105
sac/qf1_loss                      55.7605
sac/qf2_loss                      70.227
sac/alpha_loss                    -2.71975
sac/alpha                          2.30511
sac/average_qf1                  -78.7672
sac/average_qf2                  -81.4253
sac/average_target_q             -80.6648
sac/total_steps                 3000
sac/cql/cql_std_q1                30.0151
sac/cql/cql_std_q2                27.2822
sac/cql/cql_q1_rand             -147.176
sac/cql/cql_q2_rand             -145.54
sac/cql/cql_min_qf1_loss         -47.5885
sac/cql/cql_min_qf2_loss         -56.829
sac/cql/cql_qf1_diff              -9.51771
sac/cql/cql_qf2_diff             -11.3658
sac/cql/cql_q1_current_actions   -91.5057
sac/cql/cql_q2_current_actions   -95.3321
sac/cql/cql_q1_next_actions      -91.4596
sac/cql/cql_q2_next_actions      -95.3492
sac/cql/alpha_prime_loss           0
sac/cql/alpha_prime                0
average_return                    61.4253
average_traj_length              200
train_time                        94.7987
eval_time                         10.038
epoch_time                       104.837
------------------------------  ----------
------------------------------  ----------
epoch                              3
sac/log_pi                         2.57771
sac/policy_loss                  182.153
sac/qf1_loss                      65.9641
sac/qf2_loss                      76.8088
sac/alpha_loss                    -2.86924
sac/alpha                          3.04376
sac/average_qf1                 -152.524
sac/average_qf2                 -153.415
sac/average_target_q            -158.156
sac/total_steps                 4000
sac/cql/cql_std_q1                40.359
sac/cql/cql_std_q2                36.6665
sac/cql/cql_q1_rand             -245.23
sac/cql/cql_q2_rand             -237.603
sac/cql/cql_min_qf1_loss         -74.6454
sac/cql/cql_min_qf2_loss         -69.4853
sac/cql/cql_qf1_diff             -14.9291
sac/cql/cql_qf2_diff             -13.8971
sac/cql/cql_q1_current_actions  -172.638
sac/cql/cql_q2_current_actions  -172.297
sac/cql/cql_q1_next_actions     -173.108
sac/cql/cql_q2_next_actions     -172.789
sac/cql/alpha_prime_loss           0
sac/cql/alpha_prime                0
average_return                    53.0872
average_traj_length              200
train_time                        91.4226
eval_time                         10.0666
epoch_time                       101.489
------------------------------  ----------
------------------------------  ----------
epoch                              4
sac/log_pi                         2.7868
sac/policy_loss                  276.735
sac/qf1_loss                     221.008
sac/qf2_loss                     343.614
sac/alpha_loss                    -3.89253
sac/alpha                          4.04214
sac/average_qf1                 -240.417
sac/average_qf2                 -244.176
sac/average_target_q            -241.463
sac/total_steps                 5000
sac/cql/cql_std_q1                58.2889
sac/cql/cql_std_q2                52.7493
sac/cql/cql_q1_rand             -368.927
sac/cql/cql_q2_rand             -354.702
sac/cql/cql_min_qf1_loss         -78.8199
sac/cql/cql_min_qf2_loss         -36.4426
sac/cql/cql_qf1_diff             -15.764
sac/cql/cql_qf2_diff              -7.28852
sac/cql/cql_q1_current_actions  -261.808
sac/cql/cql_q2_current_actions  -257.084
sac/cql/cql_q1_next_actions     -262.493
sac/cql/cql_q2_next_actions     -257.762
sac/cql/alpha_prime_loss           0
sac/cql/alpha_prime                0
average_return                    52.5042
average_traj_length              200
train_time                        91.1627
eval_time                         10.1636
epoch_time                       101.326
------------------------------  ----------
------------------------------  -----------
epoch                              5
sac/log_pi                         2.92656
sac/policy_loss                  372.334
sac/qf1_loss                     149.119
sac/qf2_loss                     110.177
sac/alpha_loss                    -4.92087
sac/alpha                          5.37335
sac/average_qf1                 -334.173
sac/average_qf2                 -339.142
sac/average_target_q            -344.344
sac/total_steps                 6000
sac/cql/cql_std_q1                72.1823
sac/cql/cql_std_q2                66.744
sac/cql/cql_q1_rand             -486.441
sac/cql/cql_q2_rand             -468.263
sac/cql/cql_min_qf1_loss         -67.7211
sac/cql/cql_min_qf2_loss           4.76077
sac/cql/cql_qf1_diff             -13.5442
sac/cql/cql_qf2_diff               0.952154
sac/cql/cql_q1_current_actions  -354.286
sac/cql/cql_q2_current_actions  -344.24
sac/cql/cql_q1_next_actions     -355.57
sac/cql/cql_q2_next_actions     -345.449
sac/cql/alpha_prime_loss           0
sac/cql/alpha_prime                0
average_return                    63.7257
average_traj_length              200
train_time                        90.7943
eval_time                         10.3522
epoch_time                       101.147
------------------------------  -----------
------------------------------  ----------
epoch                              6
sac/log_pi                         2.79935
sac/policy_loss                  475.478
sac/qf1_loss                     528.605
sac/qf2_loss                     618.093
sac/alpha_loss                    -5.50828
sac/alpha                          7.15417
sac/average_qf1                 -448.883
sac/average_qf2                 -443.423
sac/average_target_q            -452.929
sac/total_steps                 7000
sac/cql/cql_std_q1               101.327
sac/cql/cql_std_q2               101.555
sac/cql/cql_q1_rand             -642.238
sac/cql/cql_q2_rand             -617.122
sac/cql/cql_min_qf1_loss          46.8188
sac/cql/cql_min_qf2_loss         153.592
sac/cql/cql_qf1_diff               9.36377
sac/cql/cql_qf2_diff              30.7184
sac/cql/cql_q1_current_actions  -453.39
sac/cql/cql_q2_current_actions  -426.813
sac/cql/cql_q1_next_actions     -454.567
sac/cql/cql_q2_next_actions     -428.062
sac/cql/alpha_prime_loss           0
sac/cql/alpha_prime                0
average_return                    51.618
average_traj_length              200
train_time                        91.5079
eval_time                         10.4103
epoch_time                       101.918
------------------------------  ----------
------------------------------  ----------
epoch                              7
sac/log_pi                         2.67182
sac/policy_loss                  543.563
sac/qf1_loss                     691.557
sac/qf2_loss                     578.987
sac/alpha_loss                    -6.03319
sac/alpha                          9.56473
sac/average_qf1                 -510.545
sac/average_qf2                 -490.944
sac/average_target_q            -504.883
sac/total_steps                 8000
sac/cql/cql_std_q1                98.0089
sac/cql/cql_std_q2               100.845
sac/cql/cql_q1_rand             -701.292
sac/cql/cql_q2_rand             -670.465
sac/cql/cql_min_qf1_loss          22.3926
sac/cql/cql_min_qf2_loss         108.146
sac/cql/cql_qf1_diff               4.47852
sac/cql/cql_qf2_diff              21.6293
sac/cql/cql_q1_current_actions  -517.745
sac/cql/cql_q2_current_actions  -480.839
sac/cql/cql_q1_next_actions     -519.299
sac/cql/cql_q2_next_actions     -482.555
sac/cql/alpha_prime_loss           0
sac/cql/alpha_prime                0
average_return                    26.4637
average_traj_length              200
train_time                        91.2971
eval_time                         10.444
epoch_time                       101.741
------------------------------  ----------
------------------------------  ----------
epoch                              8
sac/log_pi                         1.37353
sac/policy_loss                  728.693
sac/qf1_loss                    1042.76
sac/qf2_loss                    1246.65
sac/alpha_loss                    -3.4751
sac/alpha                         12.5542
sac/average_qf1                 -682.223
sac/average_qf2                 -683.393
sac/average_target_q            -698.529
sac/total_steps                 9000
sac/cql/cql_std_q1                89.1256
sac/cql/cql_std_q2                87.5498
sac/cql/cql_q1_rand             -862.175
sac/cql/cql_q2_rand             -847.428
sac/cql/cql_min_qf1_loss          -7.99353
sac/cql/cql_min_qf2_loss          92.7222
sac/cql/cql_qf1_diff              -1.59871
sac/cql/cql_qf2_diff              18.5444
sac/cql/cql_q1_current_actions  -705.382
sac/cql/cql_q2_current_actions  -691.026
sac/cql/cql_q1_next_actions     -711.992
sac/cql/cql_q2_next_actions     -700.589
sac/cql/alpha_prime_loss           0
sac/cql/alpha_prime                0
average_return                    43.1536
average_traj_length              200
train_time                        91.4378
eval_time                         10.5902
epoch_time                       102.028
------------------------------  ----------
------------------------------  -----------
epoch                               9
sac/log_pi                          1.87133
sac/policy_loss                   826.33
sac/qf1_loss                     1316.99
sac/qf2_loss                     1354.3
sac/alpha_loss                     -5.19327
sac/alpha                          16.0415
sac/average_qf1                  -771.972
sac/average_qf2                  -771.32
sac/average_target_q             -774.86
sac/total_steps                 10000
sac/cql/cql_std_q1                 99.2982
sac/cql/cql_std_q2                 93.7054
sac/cql/cql_q1_rand              -973.277
sac/cql/cql_q2_rand              -956.158
sac/cql/cql_min_qf1_loss           17.8995
sac/cql/cql_min_qf2_loss           32.5038
sac/cql/cql_qf1_diff                3.5799
sac/cql/cql_qf2_diff                6.50077
sac/cql/cql_q1_current_actions   -792.091
sac/cql/cql_q2_current_actions   -785.354
sac/cql/cql_q1_next_actions      -795.1
sac/cql/cql_q2_next_actions      -788.414
sac/cql/alpha_prime_loss            0
sac/cql/alpha_prime                 0
average_return                     61.6103
average_traj_length               200
train_time                         90.22
eval_time                          10.5993
epoch_time                        100.819
------------------------------  -----------
------------------------------  -----------
epoch                              10
sac/log_pi                          1.81792
sac/policy_loss                   905.718
sac/qf1_loss                     3873.34
sac/qf2_loss                     4845.48
sac/alpha_loss                     -5.45458
sac/alpha                          20.0945
sac/average_qf1                  -852.01
sac/average_qf2                  -834.411
sac/average_target_q             -868.794
sac/total_steps                 11000
sac/cql/cql_std_q1                100.605
sac/cql/cql_std_q2                 99.2897
sac/cql/cql_q1_rand             -1048.06
sac/cql/cql_q2_rand             -1026.06
sac/cql/cql_min_qf1_loss           58.5646
sac/cql/cql_min_qf2_loss           66.8159
sac/cql/cql_qf1_diff               11.7129
sac/cql/cql_qf2_diff               13.3632
sac/cql/cql_q1_current_actions   -871.118
sac/cql/cql_q2_current_actions   -850.968
sac/cql/cql_q1_next_actions      -878.741
sac/cql/cql_q2_next_actions      -859.566
sac/cql/alpha_prime_loss            0
sac/cql/alpha_prime                 0
average_return                     75.3841
average_traj_length               200
train_time                         91.0751
eval_time                          11.035
epoch_time                        102.11
------------------------------  -----------
------------------------------  ------------
epoch                              11
sac/log_pi                          0.677093
sac/policy_loss                  1054.96
sac/qf1_loss                     1295.97
sac/qf2_loss                     1281.02
sac/alpha_loss                     -2.17625
sac/alpha                          24.8811
sac/average_qf1                  -996.037
sac/average_qf2                  -998.801
sac/average_target_q            -1004.71
sac/total_steps                 12000
sac/cql/cql_std_q1                 93.4054
sac/cql/cql_std_q2                 89.785
sac/cql/cql_q1_rand             -1189.31
sac/cql/cql_q2_rand             -1172.15
sac/cql/cql_min_qf1_loss           20.9084
sac/cql/cql_min_qf2_loss           62.3846
sac/cql/cql_qf1_diff                4.18169
sac/cql/cql_qf2_diff               12.4769
sac/cql/cql_q1_current_actions  -1030.54
sac/cql/cql_q2_current_actions  -1019.25
sac/cql/cql_q1_next_actions     -1034.04
sac/cql/cql_q2_next_actions     -1023.47
sac/cql/alpha_prime_loss            0
sac/cql/alpha_prime                 0
average_return                     51.229
average_traj_length               200
train_time                         90.844
eval_time                          10.8072
epoch_time                        101.651
------------------------------  ------------
------------------------------  ------------
epoch                              12
sac/log_pi                          0.540263
sac/policy_loss                  1184.7
sac/qf1_loss                     1326.69
sac/qf2_loss                     1300.69
sac/alpha_loss                     -1.83913
sac/alpha                          30.0882
sac/average_qf1                 -1127.37
sac/average_qf2                 -1123.94
sac/average_target_q            -1125.32
sac/total_steps                 13000
sac/cql/cql_std_q1                105.896
sac/cql/cql_std_q2                102.77
sac/cql/cql_q1_rand             -1345.47
sac/cql/cql_q2_rand             -1323.11
sac/cql/cql_min_qf1_loss           39.8585
sac/cql/cql_min_qf2_loss           97.5398
sac/cql/cql_qf1_diff                7.97171
sac/cql/cql_qf2_diff               19.508
sac/cql/cql_q1_current_actions  -1161.32
sac/cql/cql_q2_current_actions  -1145.66
sac/cql/cql_q1_next_actions     -1165.77
sac/cql/cql_q2_next_actions     -1150.49
sac/cql/alpha_prime_loss            0
sac/cql/alpha_prime                 0
average_return                     24.3989
average_traj_length               200
train_time                         90.9008
eval_time                          10.8107
epoch_time                        101.711
------------------------------  ------------
------------------------------  -----------
epoch                              13
sac/log_pi                          0.36448
sac/policy_loss                  1309.42
sac/qf1_loss                     2154.95
sac/qf2_loss                     2178.88
sac/alpha_loss                     -1.3124
sac/alpha                          36.6256
sac/average_qf1                 -1245.32
sac/average_qf2                 -1237.4
sac/average_target_q            -1255.69
sac/total_steps                 14000
sac/cql/cql_std_q1                108.29
sac/cql/cql_std_q2                105.311
sac/cql/cql_q1_rand             -1468.33
sac/cql/cql_q2_rand             -1441.81
sac/cql/cql_min_qf1_loss           55.6017
sac/cql/cql_min_qf2_loss          120.562
sac/cql/cql_qf1_diff               11.1203
sac/cql/cql_qf2_diff               24.1124
sac/cql/cql_q1_current_actions  -1288.85
sac/cql/cql_q2_current_actions  -1267.13
sac/cql/cql_q1_next_actions     -1293.3
sac/cql/cql_q2_next_actions     -1272.51
sac/cql/alpha_prime_loss            0
sac/cql/alpha_prime                 0
average_return                     51.3082
average_traj_length               200
train_time                         90.145
eval_time                          10.9877
epoch_time                        101.133
------------------------------  -----------
------------------------------  ------------
epoch                              14
sac/log_pi                          0.427019
sac/policy_loss                  1579.24
sac/qf1_loss                     3789.69
sac/qf2_loss                     4267.68
sac/alpha_loss                     -1.60715
sac/alpha                          43.1049
sac/average_qf1                 -1503.8
sac/average_qf2                 -1498.23
sac/average_target_q            -1529.85
sac/total_steps                 15000
sac/cql/cql_std_q1                127.715
sac/cql/cql_std_q2                130.9
sac/cql/cql_q1_rand             -1768.04
sac/cql/cql_q2_rand             -1754.09
sac/cql/cql_min_qf1_loss           94.7382
sac/cql/cql_min_qf2_loss          170.78
sac/cql/cql_qf1_diff               18.9476
sac/cql/cql_qf2_diff               34.1561
sac/cql/cql_q1_current_actions  -1557.44
sac/cql/cql_q2_current_actions  -1537.88
sac/cql/cql_q1_next_actions     -1559.77
sac/cql/cql_q2_next_actions     -1542.15
sac/cql/alpha_prime_loss            0
sac/cql/alpha_prime                 0
average_return                     30.2359
average_traj_length               200
train_time                         90.78
eval_time                          10.9715
epoch_time                        101.752
------------------------------  ------------
------------------------------  -----------
epoch                              15
sac/log_pi                          1.15527
sac/policy_loss                  1714.46
sac/qf1_loss                     3709.79
sac/qf2_loss                     3808.69
sac/alpha_loss                     -4.58225
sac/alpha                          52.793
sac/average_qf1                 -1608.4
sac/average_qf2                 -1607.33
sac/average_target_q            -1637.95
sac/total_steps                 16000
sac/cql/cql_std_q1                150.386
sac/cql/cql_std_q2                142.974
sac/cql/cql_q1_rand             -1910.17
sac/cql/cql_q2_rand             -1878.22
sac/cql/cql_min_qf1_loss          104.455
sac/cql/cql_min_qf2_loss          147.765
sac/cql/cql_qf1_diff               20.891
sac/cql/cql_qf2_diff               29.553
sac/cql/cql_q1_current_actions  -1643.36
sac/cql/cql_q2_current_actions  -1625.85
sac/cql/cql_q1_next_actions     -1644.49
sac/cql/cql_q2_next_actions     -1626.56
sac/cql/alpha_prime_loss            0
sac/cql/alpha_prime                 0
average_return                     30.0871
average_traj_length               200
train_time                         91.0911
eval_time                          11.1986
epoch_time                        102.29
------------------------------  -----------
------------------------------  ------------
epoch                              16
sac/log_pi                          0.220777
sac/policy_loss                  2197.4
sac/qf1_loss                     4454.28
sac/qf2_loss                     3992.58
sac/alpha_loss                     -0.908222
sac/alpha                          61.1759
sac/average_qf1                 -2102.09
sac/average_qf2                 -2104.54
sac/average_target_q            -2103.41
sac/total_steps                 17000
sac/cql/cql_std_q1                145.966
sac/cql/cql_std_q2                146.376
sac/cql/cql_q1_rand             -2402.66
sac/cql/cql_q2_rand             -2382.52
sac/cql/cql_min_qf1_loss          161.183
sac/cql/cql_min_qf2_loss          321.251
sac/cql/cql_qf1_diff               32.2367
sac/cql/cql_qf2_diff               64.2503
sac/cql/cql_q1_current_actions  -2172.7
sac/cql/cql_q2_current_actions  -2150.46
sac/cql/cql_q1_next_actions     -2173.44
sac/cql/cql_q2_next_actions     -2152.19
sac/cql/alpha_prime_loss            0
sac/cql/alpha_prime                 0
average_return                     37.1901
average_traj_length               200
train_time                         90.6358
eval_time                          10.579
epoch_time                        101.215
------------------------------  ------------
------------------------------  -----------
epoch                              17
sac/log_pi                          1.44149
sac/policy_loss                  2370.74
sac/qf1_loss                     5338.34
sac/qf2_loss                     7329.72
sac/alpha_loss                     -6.14314
sac/alpha                          70.9268
sac/average_qf1                 -2222.76
sac/average_qf2                 -2258.78
sac/average_target_q            -2253.63
sac/total_steps                 18000
sac/cql/cql_std_q1                218.968
sac/cql/cql_std_q2                207.24
sac/cql/cql_q1_rand             -2654.4
sac/cql/cql_q2_rand             -2630.22
sac/cql/cql_min_qf1_loss          189.651
sac/cql/cql_min_qf2_loss          377.641
sac/cql/cql_qf1_diff               37.9302
sac/cql/cql_qf2_diff               75.5283
sac/cql/cql_q1_current_actions  -2251.66
sac/cql/cql_q2_current_actions  -2246.87
sac/cql/cql_q1_next_actions     -2253.53
sac/cql/cql_q2_next_actions     -2249.73
sac/cql/alpha_prime_loss            0
sac/cql/alpha_prime                 0
average_return                     35.3536
average_traj_length               200
train_time                         89.897
eval_time                          10.8617
epoch_time                        100.759
------------------------------  -----------
------------------------------  ------------
epoch                              18
sac/log_pi                          0.877096
sac/policy_loss                  2578.55
sac/qf1_loss                    13184
sac/qf2_loss                    12283.4
sac/alpha_loss                     -3.93168
sac/alpha                          88.4658
sac/average_qf1                 -2420.23
sac/average_qf2                 -2430.35
sac/average_target_q            -2493.69
sac/total_steps                 19000
sac/cql/cql_std_q1                203.122
sac/cql/cql_std_q2                180.496
sac/cql/cql_q1_rand             -2831.27
sac/cql/cql_q2_rand             -2785.81
sac/cql/cql_min_qf1_loss          143.872
sac/cql/cql_min_qf2_loss          170.972
sac/cql/cql_qf1_diff               28.7743
sac/cql/cql_qf2_diff               34.1944
sac/cql/cql_q1_current_actions  -2475.91
sac/cql/cql_q2_current_actions  -2469.56
sac/cql/cql_q1_next_actions     -2483.77
sac/cql/cql_q2_next_actions     -2476.7
sac/cql/alpha_prime_loss            0
sac/cql/alpha_prime                 0
average_return                     29.3629
average_traj_length               200
train_time                         90.3945
eval_time                          10.9842
epoch_time                        101.379
------------------------------  ------------
------------------------------  ------------
epoch                              19
sac/log_pi                         -0.592105
sac/policy_loss                  3139.26
sac/qf1_loss                     9001.65
sac/qf2_loss                     9575.79
sac/alpha_loss                      2.7035
sac/alpha                          96.1511
sac/average_qf1                 -3068.5
sac/average_qf2                 -3060.24
sac/average_target_q            -3092.1
sac/total_steps                 20000
sac/cql/cql_std_q1                127.008
sac/cql/cql_std_q2                118.045
sac/cql/cql_q1_rand             -3331.57
sac/cql/cql_q2_rand             -3281.28
sac/cql/cql_min_qf1_loss          -32.6787
sac/cql/cql_min_qf2_loss           78.9286
sac/cql/cql_qf1_diff               -6.53575
sac/cql/cql_qf2_diff               15.7857
sac/cql/cql_q1_current_actions  -3175.46
sac/cql/cql_q2_current_actions  -3121.83
sac/cql/cql_q1_next_actions     -3174.92
sac/cql/cql_q2_next_actions     -3122.72
sac/cql/alpha_prime_loss            0
sac/cql/alpha_prime                 0
average_return                     88.3524
average_traj_length               200
train_time                         90.5471
eval_time                          10.9615
epoch_time                        101.509
------------------------------  ------------
------------------------------  ------------
epoch                              20
sac/log_pi                         -0.607683
sac/policy_loss                  3389.98
sac/qf1_loss                     9026.41
sac/qf2_loss                     8672.05
sac/alpha_loss                      2.80837
sac/alpha                         101.64
sac/average_qf1                 -3318.82
sac/average_qf2                 -3319.67
sac/average_target_q            -3354.18
sac/total_steps                 21000
sac/cql/cql_std_q1                152.359
sac/cql/cql_std_q2                142.915
sac/cql/cql_q1_rand             -3625.98
sac/cql/cql_q2_rand             -3590.44
sac/cql/cql_min_qf1_loss           20.0493
sac/cql/cql_min_qf2_loss          101.277
sac/cql/cql_qf1_diff                4.00986
sac/cql/cql_qf2_diff               20.2555
sac/cql/cql_q1_current_actions  -3424.86
sac/cql/cql_q2_current_actions  -3387.92
sac/cql/cql_q1_next_actions     -3433.37
sac/cql/cql_q2_next_actions     -3394.72
sac/cql/alpha_prime_loss            0
sac/cql/alpha_prime                 0
average_return                     79.6894
average_traj_length               200
train_time                         89.3044
eval_time                          10.957
epoch_time                        100.261
------------------------------  ------------
------------------------------  ------------
epoch                              21
sac/log_pi                         -0.400957
sac/policy_loss                  3783.25
sac/qf1_loss                     6582.21
sac/qf2_loss                     6582.2
sac/alpha_loss                      1.8184
sac/alpha                          93.2384
sac/average_qf1                 -3692.35
sac/average_qf2                 -3686.03
sac/average_target_q            -3734
sac/total_steps                 22000
sac/cql/cql_std_q1                173.612
sac/cql/cql_std_q2                167.658
sac/cql/cql_q1_rand             -4039.16
sac/cql/cql_q2_rand             -3996.94
sac/cql/cql_min_qf1_loss          165.799
sac/cql/cql_min_qf2_loss          330.809
sac/cql/cql_qf1_diff               33.1598
sac/cql/cql_qf2_diff               66.1617
sac/cql/cql_q1_current_actions  -3797.74
sac/cql/cql_q2_current_actions  -3753.29
sac/cql/cql_q1_next_actions     -3804.67
sac/cql/cql_q2_next_actions     -3757.31
sac/cql/alpha_prime_loss            0
sac/cql/alpha_prime                 0
average_return                     39.9967
average_traj_length               200
train_time                         90.3625
eval_time                          10.9626
epoch_time                        101.325
------------------------------  ------------
------------------------------  ------------
epoch                              22
sac/log_pi                         -0.517815
sac/policy_loss                  4007.88
sac/qf1_loss                    12458.4
sac/qf2_loss                    12086.2
sac/alpha_loss                      2.44368
sac/alpha                         112.08
sac/average_qf1                 -3933.93
sac/average_qf2                 -3939.54
sac/average_target_q            -4004.41
sac/total_steps                 23000
sac/cql/cql_std_q1                178.312
sac/cql/cql_std_q2                166.95
sac/cql/cql_q1_rand             -4287.94
sac/cql/cql_q2_rand             -4254.92
sac/cql/cql_min_qf1_loss           71.7323
sac/cql/cql_min_qf2_loss          196.027
sac/cql/cql_qf1_diff               14.3465
sac/cql/cql_qf2_diff               39.2054
sac/cql/cql_q1_current_actions  -4049.1
sac/cql/cql_q2_current_actions  -4017.02
sac/cql/cql_q1_next_actions     -4049.67
sac/cql/cql_q2_next_actions     -4021.82
sac/cql/alpha_prime_loss            0
sac/cql/alpha_prime                 0
average_return                     83.175
average_traj_length               200
train_time                         89.8029
eval_time                          11.0089
epoch_time                        100.812
------------------------------  ------------
------------------------------  ------------
epoch                              23
sac/log_pi                         -0.512038
sac/policy_loss                  4536.67
sac/qf1_loss                    21953.1
sac/qf2_loss                    21814.8
sac/alpha_loss                      2.45122
sac/alpha                         119.963
sac/average_qf1                 -4446.29
sac/average_qf2                 -4437.62
sac/average_target_q            -4471.46
sac/total_steps                 24000
sac/cql/cql_std_q1                190.222
sac/cql/cql_std_q2                174.162
sac/cql/cql_q1_rand             -4829.76
sac/cql/cql_q2_rand             -4775.3
sac/cql/cql_min_qf1_loss           19.076
sac/cql/cql_min_qf2_loss           86.3844
sac/cql/cql_qf1_diff                3.81519
sac/cql/cql_qf2_diff               17.2769
sac/cql/cql_q1_current_actions  -4577.44
sac/cql/cql_q2_current_actions  -4535.87
sac/cql/cql_q1_next_actions     -4574.4
sac/cql/cql_q2_next_actions     -4531.62
sac/cql/alpha_prime_loss            0
sac/cql/alpha_prime                 0
average_return                     82.5765
average_traj_length               200
train_time                         90.1028
eval_time                          11.0181
epoch_time                        101.121
------------------------------  ------------
------------------------------  ------------
epoch                              24
sac/log_pi                         -0.599876
sac/policy_loss                  4961.99
sac/qf1_loss                    16783.7
sac/qf2_loss                    17604.3
sac/alpha_loss                      2.91758
sac/alpha                         129.495
sac/average_qf1                 -4883.89
sac/average_qf2                 -4883.15
sac/average_target_q            -4947.56
sac/total_steps                 25000
sac/cql/cql_std_q1                193.908
sac/cql/cql_std_q2                161.805
sac/cql/cql_q1_rand             -5263.18
sac/cql/cql_q2_rand             -5184.25
sac/cql/cql_min_qf1_loss           76.7253
sac/cql/cql_min_qf2_loss          195.976
sac/cql/cql_qf1_diff               15.345
sac/cql/cql_qf2_diff               39.1953
sac/cql/cql_q1_current_actions  -5021.84
sac/cql/cql_q2_current_actions  -4970.38
sac/cql/cql_q1_next_actions     -5034.78
sac/cql/cql_q2_next_actions     -4979.08
sac/cql/alpha_prime_loss            0
sac/cql/alpha_prime                 0
average_return                     92.1632
average_traj_length               200
train_time                         88.7524
eval_time                          10.6171
epoch_time                         99.3695
------------------------------  ------------
------------------------------  ------------
epoch                              25
sac/log_pi                          0.686217
sac/policy_loss                  5188.64
sac/qf1_loss                    18768.3
sac/qf2_loss                    19077.8
sac/alpha_loss                     -3.33849
sac/alpha                         129.679
sac/average_qf1                 -4980.42
sac/average_qf2                 -4974.92
sac/average_target_q            -5032.01
sac/total_steps                 26000
sac/cql/cql_std_q1                272.61
sac/cql/cql_std_q2                250.768
sac/cql/cql_q1_rand             -5525.94
sac/cql/cql_q2_rand             -5466.39
sac/cql/cql_min_qf1_loss          232.749
sac/cql/cql_min_qf2_loss          294.794
sac/cql/cql_qf1_diff               46.5499
sac/cql/cql_qf2_diff               58.9587
sac/cql/cql_q1_current_actions  -5080.54
sac/cql/cql_q2_current_actions  -5059.11
sac/cql/cql_q1_next_actions     -5081.73
sac/cql/cql_q2_next_actions     -5061.73
sac/cql/alpha_prime_loss            0
sac/cql/alpha_prime                 0
average_return                     90.9191
average_traj_length               200
train_time                         86.8415
eval_time                          10.7413
epoch_time                         97.5828
------------------------------  ------------
------------------------------  ------------
epoch                              26
sac/log_pi                          0.604399
sac/policy_loss                  5815.76
sac/qf1_loss                    21467.6
sac/qf2_loss                    22454.6
sac/alpha_loss                     -2.98088
sac/alpha                         138.653
sac/average_qf1                 -5581.26
sac/average_qf2                 -5534.38
sac/average_target_q            -5624.68
sac/total_steps                 27000
sac/cql/cql_std_q1                263.904
sac/cql/cql_std_q2                238.645
sac/cql/cql_q1_rand             -6122.46
sac/cql/cql_q2_rand             -6013.09
sac/cql/cql_min_qf1_loss          173.539
sac/cql/cql_min_qf2_loss          249.26
sac/cql/cql_qf1_diff               34.7078
sac/cql/cql_qf2_diff               49.852
sac/cql/cql_q1_current_actions  -5715.9
sac/cql/cql_q2_current_actions  -5649.73
sac/cql/cql_q1_next_actions     -5708.5
sac/cql/cql_q2_next_actions     -5644.28
sac/cql/alpha_prime_loss            0
sac/cql/alpha_prime                 0
average_return                     83.6717
average_traj_length               200
train_time                         86.8607
eval_time                          10.6199
epoch_time                         97.4806
------------------------------  ------------
------------------------------  -----------
epoch                              27
sac/log_pi                          0.95414
sac/policy_loss                  5867.52
sac/qf1_loss                    23060
sac/qf2_loss                    22693.5
sac/alpha_loss                     -4.65356
sac/alpha                         131.266
sac/average_qf1                 -5651.33
sac/average_qf2                 -5646.56
sac/average_target_q            -5698.11
sac/total_steps                 28000
sac/cql/cql_std_q1                345.719
sac/cql/cql_std_q2                286.471
sac/cql/cql_q1_rand             -6307.13
sac/cql/cql_q2_rand             -6208.74
sac/cql/cql_min_qf1_loss          407.427
sac/cql/cql_min_qf2_loss          278.584
sac/cql/cql_qf1_diff               81.4854
sac/cql/cql_qf2_diff               55.7168
sac/cql/cql_q1_current_actions  -5711.47
sac/cql/cql_q2_current_actions  -5716.81
sac/cql/cql_q1_next_actions     -5714.95
sac/cql/cql_q2_next_actions     -5721.95
sac/cql/alpha_prime_loss            0
sac/cql/alpha_prime                 0
average_return                     83.9552
average_traj_length               200
train_time                         86.7666
eval_time                          10.8442
epoch_time                         97.6108
------------------------------  -----------
------------------------------  ------------
epoch                              28
sac/log_pi                         -0.470402
sac/policy_loss                  6537.17
sac/qf1_loss                    17412.9
sac/qf2_loss                    16774.5
sac/alpha_loss                      2.33081
sac/alpha                         141.874
sac/average_qf1                 -6424.75
sac/average_qf2                 -6413.81
sac/average_target_q            -6483.08
sac/total_steps                 29000
sac/cql/cql_std_q1                278.721
sac/cql/cql_std_q2                242.569
sac/cql/cql_q1_rand             -6951.16
sac/cql/cql_q2_rand             -6857.83
sac/cql/cql_min_qf1_loss          165.712
sac/cql/cql_min_qf2_loss          272.281
sac/cql/cql_qf1_diff               33.1425
sac/cql/cql_qf2_diff               54.4563
sac/cql/cql_q1_current_actions  -6579.2
sac/cql/cql_q2_current_actions  -6519.62
sac/cql/cql_q1_next_actions     -6586.22
sac/cql/cql_q2_next_actions     -6520.73
sac/cql/alpha_prime_loss            0
sac/cql/alpha_prime                 0
average_return                     89.1899
average_traj_length               200
train_time                         86.6146
eval_time                          10.8457
epoch_time                         97.4603
------------------------------  ------------
------------------------------  ------------
epoch                              29
sac/log_pi                          0.588457
sac/policy_loss                  6878.38
sac/qf1_loss                    27074
sac/qf2_loss                    27696.9
sac/alpha_loss                     -2.98874
sac/alpha                         160.606
sac/average_qf1                 -6637.31
sac/average_qf2                 -6622.16
sac/average_target_q            -6747.35
sac/total_steps                 30000
sac/cql/cql_std_q1                310.206
sac/cql/cql_std_q2                208.633
sac/cql/cql_q1_rand             -7271.85
sac/cql/cql_q2_rand             -7006.66
sac/cql/cql_min_qf1_loss          258.172
sac/cql/cql_min_qf2_loss          226.082
sac/cql/cql_qf1_diff               51.6345
sac/cql/cql_qf2_diff               45.2165
sac/cql/cql_q1_current_actions  -6781.12
sac/cql/cql_q2_current_actions  -6700.35
sac/cql/cql_q1_next_actions     -6778.7
sac/cql/cql_q2_next_actions     -6694.62
sac/cql/alpha_prime_loss            0
sac/cql/alpha_prime                 0
average_return                     90.0767
average_traj_length               200
train_time                         86.7658
eval_time                          10.7004
epoch_time                         97.4662
------------------------------  ------------
------------------------------  ------------
epoch                              30
sac/log_pi                          0.950081
sac/policy_loss                  7117.98
sac/qf1_loss                    28209.7
sac/qf2_loss                    26629.8
sac/alpha_loss                     -4.80266
sac/alpha                         156.805
sac/average_qf1                 -6864.98
sac/average_qf2                 -6836.66
sac/average_target_q            -6893.36
sac/total_steps                 31000
sac/cql/cql_std_q1                413.184
sac/cql/cql_std_q2                354.385
sac/cql/cql_q1_rand             -7671.64
sac/cql/cql_q2_rand             -7528.53
sac/cql/cql_min_qf1_loss          332.83
sac/cql/cql_min_qf2_loss          343.124
sac/cql/cql_qf1_diff               66.5659
sac/cql/cql_qf2_diff               68.6248
sac/cql/cql_q1_current_actions  -6951.83
sac/cql/cql_q2_current_actions  -6913.18
sac/cql/cql_q1_next_actions     -6964.25
sac/cql/cql_q2_next_actions     -6926.7
sac/cql/alpha_prime_loss            0
sac/cql/alpha_prime                 0
average_return                     90.9841
average_traj_length               200
train_time                         88.1085
eval_time                          11.2551
epoch_time                         99.3636
------------------------------  ------------
------------------------------  ------------
epoch                              31
sac/log_pi                         -0.425673
sac/policy_loss                  8428.69
sac/qf1_loss                    25725.4
sac/qf2_loss                    26100.4
sac/alpha_loss                      2.14952
sac/alpha                         155.974
sac/average_qf1                 -8282.75
sac/average_qf2                 -8293.11
sac/average_target_q            -8392.05
sac/total_steps                 32000
sac/cql/cql_std_q1                326.176
sac/cql/cql_std_q2                280.94
sac/cql/cql_q1_rand             -8891.06
sac/cql/cql_q2_rand             -8800.07
sac/cql/cql_min_qf1_loss          386.087
sac/cql/cql_min_qf2_loss          473.125
sac/cql/cql_qf1_diff               77.2173
sac/cql/cql_qf2_diff               94.6249
sac/cql/cql_q1_current_actions  -8457.01
sac/cql/cql_q2_current_actions  -8406.39
sac/cql/cql_q1_next_actions     -8465.92
sac/cql/cql_q2_next_actions     -8412.74
sac/cql/alpha_prime_loss            0
sac/cql/alpha_prime                 0
average_return                     84.2105
average_traj_length               200
train_time                         88.2458
eval_time                          10.4957
epoch_time                         98.7414
------------------------------  ------------
------------------------------  ------------
epoch                              32
sac/log_pi                          0.741333
sac/policy_loss                  8899.91
sac/qf1_loss                    36039.8
sac/qf2_loss                    36237.1
sac/alpha_loss                     -3.96047
sac/alpha                         209.007
sac/average_qf1                 -8532.72
sac/average_qf2                 -8530.29
sac/average_target_q            -8635
sac/total_steps                 33000
sac/cql/cql_std_q1                434.296
sac/cql/cql_std_q2                366.874
sac/cql/cql_q1_rand             -9411.94
sac/cql/cql_q2_rand             -9285.98
sac/cql/cql_min_qf1_loss          329.657
sac/cql/cql_min_qf2_loss          259.575
sac/cql/cql_qf1_diff               65.9314
sac/cql/cql_qf2_diff               51.915
sac/cql/cql_q1_current_actions  -8697.56
sac/cql/cql_q2_current_actions  -8694.3
sac/cql/cql_q1_next_actions     -8698.96
sac/cql/cql_q2_next_actions     -8693.9
sac/cql/alpha_prime_loss            0
sac/cql/alpha_prime                 0
average_return                     93.0767
average_traj_length               200
train_time                         83.724
eval_time                          10.5652
epoch_time                         94.2893
------------------------------  ------------
------------------------------  ------------
epoch                              33
sac/log_pi                          0.463448
sac/policy_loss                  8755.13
sac/qf1_loss                    47869.7
sac/qf2_loss                    47412.7
sac/alpha_loss                     -2.48285
sac/alpha                         212.159
sac/average_qf1                 -8448.89
sac/average_qf2                 -8482.11
sac/average_target_q            -8556.44
sac/total_steps                 34000
sac/cql/cql_std_q1                368.291
sac/cql/cql_std_q2                309.076
sac/cql/cql_q1_rand             -9170.09
sac/cql/cql_q2_rand             -9072.49
sac/cql/cql_min_qf1_loss          373.843
sac/cql/cql_min_qf2_loss          475.683
sac/cql/cql_qf1_diff               74.7685
sac/cql/cql_qf2_diff               95.1367
sac/cql/cql_q1_current_actions  -8609.81
sac/cql/cql_q2_current_actions  -8615.04
sac/cql/cql_q1_next_actions     -8620.84
sac/cql/cql_q2_next_actions     -8625.25
sac/cql/alpha_prime_loss            0
sac/cql/alpha_prime                 0
average_return                     92.2985
average_traj_length               200
train_time                         83.3873
eval_time                          10.6073
epoch_time                         93.9946
------------------------------  ------------
------------------------------  -------------
epoch                               34
sac/log_pi                          -0.678557
sac/policy_loss                   9699.37
sac/qf1_loss                     23281.7
sac/qf2_loss                     23167.6
sac/alpha_loss                       3.44267
sac/alpha                          159.735
sac/average_qf1                  -9585.93
sac/average_qf2                  -9583.56
sac/average_target_q             -9651.87
sac/total_steps                  35000
sac/cql/cql_std_q1                 277.921
sac/cql/cql_std_q2                 212.653
sac/cql/cql_q1_rand             -10097.5
sac/cql/cql_q2_rand              -9952.24
sac/cql/cql_min_qf1_loss           185.171
sac/cql/cql_min_qf2_loss           280.555
sac/cql/cql_qf1_diff                37.0342
sac/cql/cql_qf2_diff                56.111
sac/cql/cql_q1_current_actions   -9777.13
sac/cql/cql_q2_current_actions   -9702.09
sac/cql/cql_q1_next_actions      -9792.47
sac/cql/cql_q2_next_actions      -9711.2
sac/cql/alpha_prime_loss             0
sac/cql/alpha_prime                  0
average_return                      90.1636
average_traj_length                200
train_time                          82.8615
eval_time                           10.8361
epoch_time                          93.6976
------------------------------  -------------
------------------------------  -------------
epoch                               35
sac/log_pi                          -0.327104
sac/policy_loss                   9719.27
sac/qf1_loss                     25430
sac/qf2_loss                     24555.5
sac/alpha_loss                       1.61786
sac/alpha                          140.614
sac/average_qf1                  -9568.46
sac/average_qf2                  -9565.72
sac/average_target_q             -9684.75
sac/total_steps                  36000
sac/cql/cql_std_q1                 305.697
sac/cql/cql_std_q2                 256.142
sac/cql/cql_q1_rand             -10134.6
sac/cql/cql_q2_rand             -10023.7
sac/cql/cql_min_qf1_loss           218.575
sac/cql/cql_min_qf2_loss           329.571
sac/cql/cql_qf1_diff                43.7149
sac/cql/cql_qf2_diff                65.9143
sac/cql/cql_q1_current_actions   -9732.41
sac/cql/cql_q2_current_actions   -9668.32
sac/cql/cql_q1_next_actions      -9736.95
sac/cql/cql_q2_next_actions      -9672.89
sac/cql/alpha_prime_loss             0
sac/cql/alpha_prime                  0
average_return                      88.1317
average_traj_length                200
train_time                          88.0787
eval_time                           11.5438
epoch_time                          99.6225
------------------------------  -------------
------------------------------  -------------
epoch                               36
sac/log_pi                          -0.263875
sac/policy_loss                  10283.3
sac/qf1_loss                     31256.6
sac/qf2_loss                     32734.4
sac/alpha_loss                       1.33776
sac/alpha                          159.119
sac/average_qf1                 -10113.3
sac/average_qf2                 -10109.2
sac/average_target_q            -10229.9
sac/total_steps                  37000
sac/cql/cql_std_q1                 414.464
sac/cql/cql_std_q2                 359.541
sac/cql/cql_q1_rand             -10867.5
sac/cql/cql_q2_rand             -10734.5
sac/cql/cql_min_qf1_loss           405.133
sac/cql/cql_min_qf2_loss           588.366
sac/cql/cql_qf1_diff                81.0267
sac/cql/cql_qf2_diff               117.673
sac/cql/cql_q1_current_actions  -10283.5
sac/cql/cql_q2_current_actions  -10213.3
sac/cql/cql_q1_next_actions     -10295.3
sac/cql/cql_q2_next_actions     -10222.1
sac/cql/alpha_prime_loss             0
sac/cql/alpha_prime                  0
average_return                      89.1978
average_traj_length                200
train_time                          90.633
eval_time                           11.8245
epoch_time                         102.457
------------------------------  -------------
------------------------------  -------------
epoch                               37
sac/log_pi                           0.504148
sac/policy_loss                  11083.1
sac/qf1_loss                     59531.4
sac/qf2_loss                     61163.9
sac/alpha_loss                      -2.69579
sac/alpha                          210.023
sac/average_qf1                 -10726.8
sac/average_qf2                 -10757.8
sac/average_target_q            -10825.5
sac/total_steps                  38000
sac/cql/cql_std_q1                 418.418
sac/cql/cql_std_q2                 345.968
sac/cql/cql_q1_rand             -11573.7
sac/cql/cql_q2_rand             -11418.9
sac/cql/cql_min_qf1_loss           383.329
sac/cql/cql_min_qf2_loss           494.93
sac/cql/cql_qf1_diff                76.6658
sac/cql/cql_qf2_diff                98.986
sac/cql/cql_q1_current_actions  -10916.7
sac/cql/cql_q2_current_actions  -10893
sac/cql/cql_q1_next_actions     -10933.7
sac/cql/cql_q2_next_actions     -10905.2
sac/cql/alpha_prime_loss             0
sac/cql/alpha_prime                  0
average_return                      94.4576
average_traj_length                200
train_time                          91.3232
eval_time                           11.7966
epoch_time                         103.12
------------------------------  -------------
------------------------------  -------------
epoch                               38
sac/log_pi                          -0.643229
sac/policy_loss                  11734.1
sac/qf1_loss                     50957.9
sac/qf2_loss                     53060.3
sac/alpha_loss                       3.49964
sac/alpha                          230.614
sac/average_qf1                 -11571.8
sac/average_qf2                 -11590.6
sac/average_target_q            -11692.5
sac/total_steps                  39000
sac/cql/cql_std_q1                 386.511
sac/cql/cql_std_q2                 315.625
sac/cql/cql_q1_rand             -12292.1
sac/cql/cql_q2_rand             -12149.5
sac/cql/cql_min_qf1_loss           310.759
sac/cql/cql_min_qf2_loss           500.15
sac/cql/cql_qf1_diff                62.1518
sac/cql/cql_qf2_diff               100.03
sac/cql/cql_q1_current_actions  -11817.9
sac/cql/cql_q2_current_actions  -11751.8
sac/cql/cql_q1_next_actions     -11828.5
sac/cql/cql_q2_next_actions     -11762
sac/cql/alpha_prime_loss             0
sac/cql/alpha_prime                  0
average_return                      91.0991
average_traj_length                200
train_time                          89.8758
eval_time                           11.5473
epoch_time                         101.423
------------------------------  -------------
------------------------------  -------------
epoch                               39
sac/log_pi                           0.554447
sac/policy_loss                  11539.7
sac/qf1_loss                     60296.7
sac/qf2_loss                     61780.4
sac/alpha_loss                      -3.03084
sac/alpha                          236.613
sac/average_qf1                 -11219.2
sac/average_qf2                 -11238.4
sac/average_target_q            -11257.6
sac/total_steps                  40000
sac/cql/cql_std_q1                 531.67
sac/cql/cql_std_q2                 446.835
sac/cql/cql_q1_rand             -12220.1
sac/cql/cql_q2_rand             -12053.7
sac/cql/cql_min_qf1_loss           619.845
sac/cql/cql_min_qf2_loss           700.146
sac/cql/cql_qf1_diff               123.969
sac/cql/cql_qf2_diff               140.029
sac/cql/cql_q1_current_actions  -11340.6
sac/cql/cql_q2_current_actions  -11327.8
sac/cql/cql_q1_next_actions     -11356
sac/cql/cql_q2_next_actions     -11339.6
sac/cql/alpha_prime_loss             0
sac/cql/alpha_prime                  0
average_return                      84.1998
average_traj_length                200
train_time                          89.1324
eval_time                           11.7267
epoch_time                         100.859
------------------------------  -------------
------------------------------  -------------
epoch                               40
sac/log_pi                          -0.748577
sac/policy_loss                  12692.3
sac/qf1_loss                     45302.8
sac/qf2_loss                     48319.8
sac/alpha_loss                       4.06914
sac/alpha                          229.485
sac/average_qf1                 -12600.7
sac/average_qf2                 -12616.6
sac/average_target_q            -12740.7
sac/total_steps                  41000
sac/cql/cql_std_q1                 394.56
sac/cql/cql_std_q2                 308.861
sac/cql/cql_q1_rand             -13306.4
sac/cql/cql_q2_rand             -13141
sac/cql/cql_min_qf1_loss           153.26
sac/cql/cql_min_qf2_loss           311.685
sac/cql/cql_qf1_diff                30.652
sac/cql/cql_qf2_diff                62.337
sac/cql/cql_q1_current_actions  -12830.3
sac/cql/cql_q2_current_actions  -12759.9
sac/cql/cql_q1_next_actions     -12832.3
sac/cql/cql_q2_next_actions     -12758.6
sac/cql/alpha_prime_loss             0
sac/cql/alpha_prime                  0
average_return                      93.2826
average_traj_length                200
train_time                          88.2581
eval_time                           11.717
epoch_time                          99.9751
------------------------------  -------------
------------------------------  -------------
epoch                               41
sac/log_pi                          -0.422071
sac/policy_loss                  13941.7
sac/qf1_loss                     45720.8
sac/qf2_loss                     46097.9
sac/alpha_loss                       2.18258
sac/alpha                          176.114
sac/average_qf1                 -13706.2
sac/average_qf2                 -13705.2
sac/average_target_q            -13846.2
sac/total_steps                  42000
sac/cql/cql_std_q1                 435.875
sac/cql/cql_std_q2                 377.048
sac/cql/cql_q1_rand             -14566.1
sac/cql/cql_q2_rand             -14426.9
sac/cql/cql_min_qf1_loss           -50.3424
sac/cql/cql_min_qf2_loss            76.4974
sac/cql/cql_qf1_diff               -10.0685
sac/cql/cql_qf2_diff                15.2995
sac/cql/cql_q1_current_actions  -13993.6
sac/cql/cql_q2_current_actions  -13912.1
sac/cql/cql_q1_next_actions     -14012.9
sac/cql/cql_q2_next_actions     -13916.8
sac/cql/alpha_prime_loss             0
sac/cql/alpha_prime                  0
average_return                      90.5812
average_traj_length                200
train_time                          88.0139
eval_time                           11.6641
epoch_time                          99.678
------------------------------  -------------
------------------------------  -------------
epoch                               42
sac/log_pi                          -0.428836
sac/policy_loss                  13805.7
sac/qf1_loss                     44498.9
sac/qf2_loss                     43932.1
sac/alpha_loss                       2.21105
sac/alpha                          173.459
sac/average_qf1                 -13579.1
sac/average_qf2                 -13588.8
sac/average_target_q            -13747.9
sac/total_steps                  43000
sac/cql/cql_std_q1                 495.937
sac/cql/cql_std_q2                 438.848
sac/cql/cql_q1_rand             -14471.2
sac/cql/cql_q2_rand             -14366.3
sac/cql/cql_min_qf1_loss           572.771
sac/cql/cql_min_qf2_loss           646.855
sac/cql/cql_qf1_diff               114.554
sac/cql/cql_qf2_diff               129.371
sac/cql/cql_q1_current_actions  -13808.1
sac/cql/cql_q2_current_actions  -13747.5
sac/cql/cql_q1_next_actions     -13816.7
sac/cql/cql_q2_next_actions     -13757.3
sac/cql/alpha_prime_loss             0
sac/cql/alpha_prime                  0
average_return                      89.0704
average_traj_length                200
train_time                          87.3798
eval_time                           11.5063
epoch_time                          98.8861
------------------------------  -------------
------------------------------  ------------
epoch                               43
sac/log_pi                          -0.52903
sac/policy_loss                  14603.9
sac/qf1_loss                     65771.8
sac/qf2_loss                     58669.2
sac/alpha_loss                       2.86169
sac/alpha                          223.479
sac/average_qf1                 -14393.5
sac/average_qf2                 -14404.2
sac/average_target_q            -14596.3
sac/total_steps                  44000
sac/cql/cql_std_q1                 438.401
sac/cql/cql_std_q2                 381.113
sac/cql/cql_q1_rand             -15225.5
sac/cql/cql_q2_rand             -15108.8
sac/cql/cql_min_qf1_loss           431.438
sac/cql/cql_min_qf2_loss           526.3
sac/cql/cql_qf1_diff                86.2877
sac/cql/cql_qf2_diff               105.26
sac/cql/cql_q1_current_actions  -14694.2
sac/cql/cql_q2_current_actions  -14616.3
sac/cql/cql_q1_next_actions     -14705.4
sac/cql/cql_q2_next_actions     -14623.3
sac/cql/alpha_prime_loss             0
sac/cql/alpha_prime                  0
average_return                      83.4915
average_traj_length                200
train_time                          86.8831
eval_time                           11.6081
epoch_time                          98.4912
------------------------------  ------------
------------------------------  ------------
epoch                               44
sac/log_pi                           1.09652
sac/policy_loss                  16071
sac/qf1_loss                     62238.3
sac/qf2_loss                     61446.2
sac/alpha_loss                      -6.17397
sac/alpha                          278.812
sac/average_qf1                 -15513.5
sac/average_qf2                 -15528.3
sac/average_target_q            -15696.8
sac/total_steps                  45000
sac/cql/cql_std_q1                 692.956
sac/cql/cql_std_q2                 593.962
sac/cql/cql_q1_rand             -16921.8
sac/cql/cql_q2_rand             -16683.6
sac/cql/cql_min_qf1_loss           494.48
sac/cql/cql_min_qf2_loss           593.832
sac/cql/cql_qf1_diff                98.8961
sac/cql/cql_qf2_diff               118.766
sac/cql/cql_q1_current_actions  -15725.3
sac/cql/cql_q2_current_actions  -15665
sac/cql/cql_q1_next_actions     -15726.3
sac/cql/cql_q2_next_actions     -15663.1
sac/cql/alpha_prime_loss             0
sac/cql/alpha_prime                  0
average_return                      89.0474
average_traj_length                200
train_time                          86.8935
eval_time                           11.5991
epoch_time                          98.4926
------------------------------  ------------
------------------------------  -------------
epoch                               45
sac/log_pi                          -0.626135
sac/policy_loss                  16725.5
sac/qf1_loss                     51172.3
sac/qf2_loss                     50813.5
sac/alpha_loss                       3.46207
sac/alpha                          251.96
sac/average_qf1                 -16525.2
sac/average_qf2                 -16500.9
sac/average_target_q            -16708.8
sac/total_steps                  46000
sac/cql/cql_std_q1                 464.562
sac/cql/cql_std_q2                 375.926
sac/cql/cql_q1_rand             -17418.8
sac/cql/cql_q2_rand             -17211.4
sac/cql/cql_min_qf1_loss          -104.092
sac/cql/cql_min_qf2_loss           -45.5712
sac/cql/cql_qf1_diff               -20.8185
sac/cql/cql_qf2_diff                -9.11423
sac/cql/cql_q1_current_actions  -16875
sac/cql/cql_q2_current_actions  -16758.9
sac/cql/cql_q1_next_actions     -16881.6
sac/cql/cql_q2_next_actions     -16765.5
sac/cql/alpha_prime_loss             0
sac/cql/alpha_prime                  0
average_return                      90.2913
average_traj_length                200
train_time                          87.0398
eval_time                           11.6395
epoch_time                          98.6793
------------------------------  -------------
------------------------------  ------------
epoch                               46
sac/log_pi                          -0.37152
sac/policy_loss                  17133
sac/qf1_loss                     51203.1
sac/qf2_loss                     45843.6
sac/alpha_loss                       1.95757
sac/alpha                          194.239
sac/average_qf1                 -16916.4
sac/average_qf2                 -16949.3
sac/average_target_q            -17134
sac/total_steps                  47000
sac/cql/cql_std_q1                 483.636
sac/cql/cql_std_q2                 395.252
sac/cql/cql_q1_rand             -17801.7
sac/cql/cql_q2_rand             -17645.8
sac/cql/cql_min_qf1_loss           475.084
sac/cql/cql_min_qf2_loss           341.023
sac/cql/cql_qf1_diff                95.0168
sac/cql/cql_qf2_diff                68.2045
sac/cql/cql_q1_current_actions  -17181.7
sac/cql/cql_q2_current_actions  -17142.8
sac/cql/cql_q1_next_actions     -17180.3
sac/cql/cql_q2_next_actions     -17147.3
sac/cql/alpha_prime_loss             0
sac/cql/alpha_prime                  0
average_return                      85.6811
average_traj_length                200
train_time                          87.5513
eval_time                           11.5191
epoch_time                          99.0704
------------------------------  ------------
------------------------------  -------------
epoch                               47
sac/log_pi                           0.855543
sac/policy_loss                  17628.7
sac/qf1_loss                     62290.8
sac/qf2_loss                     62465.1
sac/alpha_loss                      -4.62924
sac/alpha                          223.828
sac/average_qf1                 -17282
sac/average_qf2                 -17281.2
sac/average_target_q            -17364.1
sac/total_steps                  48000
sac/cql/cql_std_q1                 689.956
sac/cql/cql_std_q2                 595.944
sac/cql/cql_q1_rand             -18530.6
sac/cql/cql_q2_rand             -18344
sac/cql/cql_min_qf1_loss           873.795
sac/cql/cql_min_qf2_loss           927.099
sac/cql/cql_qf1_diff               174.759
sac/cql/cql_qf2_diff               185.42
sac/cql/cql_q1_current_actions  -17378.5
sac/cql/cql_q2_current_actions  -17373.6
sac/cql/cql_q1_next_actions     -17397.3
sac/cql/cql_q2_next_actions     -17385.4
sac/cql/alpha_prime_loss             0
sac/cql/alpha_prime                  0
average_return                      86.8723
average_traj_length                200
train_time                          86.7359
eval_time                           12.2309
epoch_time                          98.9668
------------------------------  -------------
------------------------------  ------------
epoch                               48
sac/log_pi                           0.20518
sac/policy_loss                  17408.9
sac/qf1_loss                     90918.5
sac/qf2_loss                     92073.3
sac/alpha_loss                      -1.16009
sac/alpha                          285.441
sac/average_qf1                 -17107.5
sac/average_qf2                 -17097.8
sac/average_target_q            -17352.8
sac/total_steps                  49000
sac/cql/cql_std_q1                 546.867
sac/cql/cql_std_q2                 484.1
sac/cql/cql_q1_rand             -18109.8
sac/cql/cql_q2_rand             -17978.6
sac/cql/cql_min_qf1_loss           872.163
sac/cql/cql_min_qf2_loss           893.17
sac/cql/cql_qf1_diff               174.433
sac/cql/cql_qf2_diff               178.634
sac/cql/cql_q1_current_actions  -17287.8
sac/cql/cql_q2_current_actions  -17264.3
sac/cql/cql_q1_next_actions     -17296.2
sac/cql/cql_q2_next_actions     -17278.2
sac/cql/alpha_prime_loss             0
sac/cql/alpha_prime                  0
average_return                      93.465
average_traj_length                200
train_time                          91.5277
eval_time                           11.8073
epoch_time                         103.335
------------------------------  ------------
------------------------------  -------------
epoch                               49
sac/log_pi                           0.557532
sac/policy_loss                  18609.7
sac/qf1_loss                    107457
sac/qf2_loss                    105987
sac/alpha_loss                      -3.24093
sac/alpha                          334.621
sac/average_qf1                 -18166.5
sac/average_qf2                 -18169.9
sac/average_target_q            -18347.3
sac/total_steps                  50000
sac/cql/cql_std_q1                 758.891
sac/cql/cql_std_q2                 662.91
sac/cql/cql_q1_rand             -19619.4
sac/cql/cql_q2_rand             -19351.7
sac/cql/cql_min_qf1_loss           873.586
sac/cql/cql_min_qf2_loss          1133.42
sac/cql/cql_qf1_diff               174.717
sac/cql/cql_qf2_diff               226.683
sac/cql/cql_q1_current_actions  -18380.1
sac/cql/cql_q2_current_actions  -18290.5
sac/cql/cql_q1_next_actions     -18392.5
sac/cql/cql_q2_next_actions     -18300.9
sac/cql/alpha_prime_loss             0
sac/cql/alpha_prime                  0
average_return                      86.0698
average_traj_length                200
train_time                          84.2063
eval_time                            8.4133
epoch_time                          92.6196
------------------------------  -------------
