------------------------------  ----------
epoch                              0
sac/log_pi                         3.95581
sac/policy_loss                   13.9485
sac/qf1_loss                       6.59175
sac/qf2_loss                       8.0548
sac/alpha_loss                    -1.12846
sac/alpha                          1.33012
sac/average_qf1                   -4.20258
sac/average_qf2                   -5.32388
sac/average_target_q              -4.55276
sac/total_steps                 1000
sac/cql/cql_std_q1                12.2474
sac/cql/cql_std_q2                11.3277
sac/cql/cql_q1_rand              -31.0725
sac/cql/cql_q2_rand              -30.3888
sac/cql/cql_min_qf1_loss         -15.3861
sac/cql/cql_min_qf2_loss         -15.7223
sac/cql/cql_qf1_diff              -3.07722
sac/cql/cql_qf2_diff              -3.14447
sac/cql/cql_q1_current_actions    -7.58522
sac/cql/cql_q2_current_actions    -8.88251
sac/cql/cql_q1_next_actions       -7.52277
sac/cql/cql_q2_next_actions       -8.84848
sac/cql/alpha_prime_loss           0
sac/cql/alpha_prime                0
average_return                    86.6637
average_traj_length              200
train_time                        96.5845
eval_time                          9.95127
epoch_time                       106.536
------------------------------  ----------
------------------------------  ----------
epoch                              1
sac/log_pi                         2.68178
sac/policy_loss                   50.6327
sac/qf1_loss                      23.2696
sac/qf2_loss                      34.7113
sac/alpha_loss                    -1.558
sac/alpha                          1.78775
sac/average_qf1                  -31.8646
sac/average_qf2                  -29.5772
sac/average_target_q             -32.5086
sac/total_steps                 2000
sac/cql/cql_std_q1                18.4693
sac/cql/cql_std_q2                19.0703
sac/cql/cql_q1_rand              -78.2293
sac/cql/cql_q2_rand              -79.391
sac/cql/cql_min_qf1_loss         -45.9222
sac/cql/cql_min_qf2_loss         -58.1093
sac/cql/cql_qf1_diff              -9.18444
sac/cql/cql_qf2_diff             -11.6219
sac/cql/cql_q1_current_actions   -44.452
sac/cql/cql_q2_current_actions   -45.2332
sac/cql/cql_q1_next_actions      -44.3514
sac/cql/cql_q2_next_actions      -45.1263
sac/cql/alpha_prime_loss           0
sac/cql/alpha_prime                0
average_return                    56.9985
average_traj_length              200
train_time                        93.1645
eval_time                         10.5931
epoch_time                       103.758
------------------------------  ----------
------------------------------  ----------
epoch                              2
sac/log_pi                         2.78044
sac/policy_loss                  134.054
sac/qf1_loss                      40.7013
sac/qf2_loss                      42.9878
sac/alpha_loss                    -2.36485
sac/alpha                          2.34089
sac/average_qf1                 -106.985
sac/average_qf2                 -106.345
sac/average_target_q            -105.974
sac/total_steps                 3000
sac/cql/cql_std_q1                34.1368
sac/cql/cql_std_q2                33.7709
sac/cql/cql_q1_rand             -186.375
sac/cql/cql_q2_rand             -187.3
sac/cql/cql_min_qf1_loss         -71.7132
sac/cql/cql_min_qf2_loss         -84.9153
sac/cql/cql_qf1_diff             -14.3426
sac/cql/cql_qf2_diff             -16.9831
sac/cql/cql_q1_current_actions  -124.247
sac/cql/cql_q2_current_actions  -126.828
sac/cql/cql_q1_next_actions     -124.729
sac/cql/cql_q2_next_actions     -127.382
sac/cql/alpha_prime_loss           0
sac/cql/alpha_prime                0
average_return                    65.9064
average_traj_length              200
train_time                        95.4147
eval_time                         10.095
epoch_time                       105.51
------------------------------  ----------
------------------------------  ----------
epoch                              3
sac/log_pi                         2.94783
sac/policy_loss                  219.771
sac/qf1_loss                     157.525
sac/qf2_loss                     177.353
sac/alpha_loss                    -3.36482
sac/alpha                          3.13133
sac/average_qf1                 -191.446
sac/average_qf2                 -191.735
sac/average_target_q            -196.761
sac/total_steps                 4000
sac/cql/cql_std_q1                52.7106
sac/cql/cql_std_q2                51.6951
sac/cql/cql_q1_rand             -305.236
sac/cql/cql_q2_rand             -304.737
sac/cql/cql_min_qf1_loss         -56.7574
sac/cql/cql_min_qf2_loss         -61.0978
sac/cql/cql_qf1_diff             -11.3515
sac/cql/cql_qf2_diff             -12.2196
sac/cql/cql_q1_current_actions  -206.942
sac/cql/cql_q2_current_actions  -209.108
sac/cql/cql_q1_next_actions     -207.439
sac/cql/cql_q2_next_actions     -209.395
sac/cql/alpha_prime_loss           0
sac/cql/alpha_prime                0
average_return                    56.6583
average_traj_length              200
train_time                        92.6056
eval_time                         10.1318
epoch_time                       102.737
------------------------------  ----------
------------------------------  ----------
epoch                              4
sac/log_pi                         2.84097
sac/policy_loss                  307.094
sac/qf1_loss                     731.822
sac/qf2_loss                     857.994
sac/alpha_loss                    -4.06784
sac/alpha                          4.18645
sac/average_qf1                 -293.938
sac/average_qf2                 -292.982
sac/average_target_q            -290.621
sac/total_steps                 5000
sac/cql/cql_std_q1                71.8158
sac/cql/cql_std_q2                68.4747
sac/cql/cql_q1_rand             -429.417
sac/cql/cql_q2_rand             -412.242
sac/cql/cql_min_qf1_loss          21.3077
sac/cql/cql_min_qf2_loss          86.2196
sac/cql/cql_qf1_diff               4.26153
sac/cql/cql_qf2_diff              17.2439
sac/cql/cql_q1_current_actions  -293.446
sac/cql/cql_q2_current_actions  -283.039
sac/cql/cql_q1_next_actions     -293.873
sac/cql/cql_q2_next_actions     -283.326
sac/cql/alpha_prime_loss           0
sac/cql/alpha_prime                0
average_return                    51.1114
average_traj_length              200
train_time                        92.1778
eval_time                         10.2961
epoch_time                       102.474
------------------------------  ----------
------------------------------  ----------
epoch                              5
sac/log_pi                         2.60492
sac/policy_loss                  363.887
sac/qf1_loss                     161.187
sac/qf2_loss                     182.391
sac/alpha_loss                    -4.47401
sac/alpha                          5.5707
sac/average_qf1                 -330.286
sac/average_qf2                 -331.756
sac/average_target_q            -334.805
sac/total_steps                 6000
sac/cql/cql_std_q1                92.9318
sac/cql/cql_std_q2                80.7569
sac/cql/cql_q1_rand             -518.115
sac/cql/cql_q2_rand             -484.812
sac/cql/cql_min_qf1_loss         -44.8169
sac/cql/cql_min_qf2_loss          28.8552
sac/cql/cql_qf1_diff              -8.96338
sac/cql/cql_qf2_diff               5.77104
sac/cql/cql_q1_current_actions  -346.756
sac/cql/cql_q2_current_actions  -337.043
sac/cql/cql_q1_next_actions     -347.969
sac/cql/cql_q2_next_actions     -338.205
sac/cql/alpha_prime_loss           0
sac/cql/alpha_prime                0
average_return                    44.9768
average_traj_length              200
train_time                        91.6008
eval_time                         10.5337
epoch_time                       102.134
------------------------------  ----------
------------------------------  ----------
epoch                              6
sac/log_pi                         2.43055
sac/policy_loss                  487.273
sac/qf1_loss                     280.073
sac/qf2_loss                     243.193
sac/alpha_loss                    -4.86289
sac/alpha                          7.3945
sac/average_qf1                 -445.518
sac/average_qf2                 -435.262
sac/average_target_q            -442.763
sac/total_steps                 7000
sac/cql/cql_std_q1                96.4958
sac/cql/cql_std_q2                82.2241
sac/cql/cql_q1_rand             -644.292
sac/cql/cql_q2_rand             -593.634
sac/cql/cql_min_qf1_loss         -60.4316
sac/cql/cql_min_qf2_loss          20.4562
sac/cql/cql_qf1_diff             -12.0863
sac/cql/cql_qf2_diff               4.09124
sac/cql/cql_q1_current_actions  -469.124
sac/cql/cql_q2_current_actions  -444.462
sac/cql/cql_q1_next_actions     -470.508
sac/cql/cql_q2_next_actions     -445.325
sac/cql/alpha_prime_loss           0
sac/cql/alpha_prime                0
average_return                    30.0026
average_traj_length              200
train_time                        92.0168
eval_time                         10.6779
epoch_time                       102.695
------------------------------  ----------
------------------------------  ----------
epoch                              7
sac/log_pi                         2.80635
sac/policy_loss                  562.386
sac/qf1_loss                     272.05
sac/qf2_loss                     332.664
sac/alpha_loss                    -6.42363
sac/alpha                          9.86467
sac/average_qf1                 -514.442
sac/average_qf2                 -518.619
sac/average_target_q            -525.32
sac/total_steps                 8000
sac/cql/cql_std_q1               127.901
sac/cql/cql_std_q2               106.288
sac/cql/cql_q1_rand             -766.393
sac/cql/cql_q2_rand             -718.952
sac/cql/cql_min_qf1_loss          -8.53278
sac/cql/cql_min_qf2_loss          64.1202
sac/cql/cql_qf1_diff              -1.70656
sac/cql/cql_qf2_diff              12.824
sac/cql/cql_q1_current_actions  -528.839
sac/cql/cql_q2_current_actions  -523.92
sac/cql/cql_q1_next_actions     -530.937
sac/cql/cql_q2_next_actions     -525.515
sac/cql/alpha_prime_loss           0
sac/cql/alpha_prime                0
average_return                    41.517
average_traj_length              200
train_time                        91.8707
eval_time                         11.0709
epoch_time                       102.942
------------------------------  ----------
------------------------------  ----------
epoch                              8
sac/log_pi                         2.84602
sac/policy_loss                  702.084
sac/qf1_loss                     653.544
sac/qf2_loss                     624.266
sac/alpha_loss                    -7.32737
sac/alpha                         13.1261
sac/average_qf1                 -642.552
sac/average_qf2                 -635.872
sac/average_target_q            -653.644
sac/total_steps                 9000
sac/cql/cql_std_q1               143.193
sac/cql/cql_std_q2               128.255
sac/cql/cql_q1_rand             -930.388
sac/cql/cql_q2_rand             -874.159
sac/cql/cql_min_qf1_loss         -34.7199
sac/cql/cql_min_qf2_loss         119.659
sac/cql/cql_qf1_diff              -6.94398
sac/cql/cql_qf2_diff              23.9318
sac/cql/cql_q1_current_actions  -662.687
sac/cql/cql_q2_current_actions  -637.356
sac/cql/cql_q1_next_actions     -666.111
sac/cql/cql_q2_next_actions     -638.961
sac/cql/alpha_prime_loss           0
sac/cql/alpha_prime                0
average_return                    64.183
average_traj_length              200
train_time                        91.6894
eval_time                         11.2742
epoch_time                       102.964
------------------------------  ----------
------------------------------  -----------
epoch                               9
sac/log_pi                          1.33492
sac/policy_loss                   841.029
sac/qf1_loss                      825.44
sac/qf2_loss                      857.861
sac/alpha_loss                     -3.80287
sac/alpha                          17.2664
sac/average_qf1                  -776.962
sac/average_qf2                  -773.704
sac/average_target_q             -778.62
sac/total_steps                 10000
sac/cql/cql_std_q1                128.118
sac/cql/cql_std_q2                106.823
sac/cql/cql_q1_rand             -1039.18
sac/cql/cql_q2_rand              -982.027
sac/cql/cql_min_qf1_loss          -23.0178
sac/cql/cql_min_qf2_loss           29.4677
sac/cql/cql_qf1_diff               -4.60356
sac/cql/cql_qf2_diff                5.89355
sac/cql/cql_q1_current_actions   -805.816
sac/cql/cql_q2_current_actions   -790.725
sac/cql/cql_q1_next_actions      -808.214
sac/cql/cql_q2_next_actions      -793.133
sac/cql/alpha_prime_loss            0
sac/cql/alpha_prime                 0
average_return                     51.5031
average_traj_length               200
train_time                         90.5383
eval_time                          11.5181
epoch_time                        102.056
------------------------------  -----------
------------------------------  -----------
epoch                              10
sac/log_pi                          1.03453
sac/policy_loss                   998.907
sac/qf1_loss                     1435.46
sac/qf2_loss                     1430.55
sac/alpha_loss                     -3.17186
sac/alpha                          21.4557
sac/average_qf1                  -940.35
sac/average_qf2                  -936.2
sac/average_target_q             -936.892
sac/total_steps                 11000
sac/cql/cql_std_q1                136.055
sac/cql/cql_std_q2                113.877
sac/cql/cql_q1_rand             -1210.3
sac/cql/cql_q2_rand             -1161.67
sac/cql/cql_min_qf1_loss           50.802
sac/cql/cql_min_qf2_loss           62.8536
sac/cql/cql_qf1_diff               10.1604
sac/cql/cql_qf2_diff               12.5707
sac/cql/cql_q1_current_actions   -965.848
sac/cql/cql_q2_current_actions   -958.03
sac/cql/cql_q1_next_actions      -970.181
sac/cql/cql_q2_next_actions      -961.296
sac/cql/alpha_prime_loss            0
sac/cql/alpha_prime                 0
average_return                     56.3021
average_traj_length               200
train_time                         91.4404
eval_time                          11.5728
epoch_time                        103.013
------------------------------  -----------
------------------------------  ------------
epoch                              11
sac/log_pi                          0.979315
sac/policy_loss                  1042.19
sac/qf1_loss                     3192.56
sac/qf2_loss                     3182.8
sac/alpha_loss                     -3.20874
sac/alpha                          26.4832
sac/average_qf1                  -979.23
sac/average_qf2                  -979.383
sac/average_target_q             -988.876
sac/total_steps                 12000
sac/cql/cql_std_q1                145.59
sac/cql/cql_std_q2                126.269
sac/cql/cql_q1_rand             -1261.09
sac/cql/cql_q2_rand             -1225.93
sac/cql/cql_min_qf1_loss          103.504
sac/cql/cql_min_qf2_loss           84.8999
sac/cql/cql_qf1_diff               20.7008
sac/cql/cql_qf2_diff               16.98
sac/cql/cql_q1_current_actions  -1004.42
sac/cql/cql_q2_current_actions  -1003.38
sac/cql/cql_q1_next_actions     -1013.19
sac/cql/cql_q2_next_actions     -1011
sac/cql/alpha_prime_loss            0
sac/cql/alpha_prime                 0
average_return                     44.3861
average_traj_length               200
train_time                         91.1902
eval_time                          11.7126
epoch_time                        102.903
------------------------------  ------------
------------------------------  ------------
epoch                              12
sac/log_pi                          0.479076
sac/policy_loss                  1231.3
sac/qf1_loss                     2903.32
sac/qf2_loss                     2961.2
sac/alpha_loss                     -1.68127
sac/alpha                          33.4281
sac/average_qf1                 -1160.06
sac/average_qf2                 -1160.58
sac/average_target_q            -1165.97
sac/total_steps                 13000
sac/cql/cql_std_q1                122.276
sac/cql/cql_std_q2                107.908
sac/cql/cql_q1_rand             -1405.95
sac/cql/cql_q2_rand             -1379.85
sac/cql/cql_min_qf1_loss           12.4258
sac/cql/cql_min_qf2_loss           -4.54039
sac/cql/cql_qf1_diff                2.48517
sac/cql/cql_qf2_diff               -0.908079
sac/cql/cql_q1_current_actions  -1201.99
sac/cql/cql_q2_current_actions  -1203.22
sac/cql/cql_q1_next_actions     -1205.19
sac/cql/cql_q2_next_actions     -1205.67
sac/cql/alpha_prime_loss            0
sac/cql/alpha_prime                 0
average_return                     55.6283
average_traj_length               200
train_time                         90.8275
eval_time                          11.5069
epoch_time                        102.334
------------------------------  ------------
------------------------------  ------------
epoch                              13
sac/log_pi                          0.311447
sac/policy_loss                  1462.71
sac/qf1_loss                     2558.83
sac/qf2_loss                     2594.57
sac/alpha_loss                     -1.14253
sac/alpha                          39.1915
sac/average_qf1                 -1382.51
sac/average_qf2                 -1386.15
sac/average_target_q            -1407.33
sac/total_steps                 14000
sac/cql/cql_std_q1                127.66
sac/cql/cql_std_q2                111.215
sac/cql/cql_q1_rand             -1639.3
sac/cql/cql_q2_rand             -1613.19
sac/cql/cql_min_qf1_loss           27.8468
sac/cql/cql_min_qf2_loss           14.5211
sac/cql/cql_qf1_diff                5.56936
sac/cql/cql_qf2_diff                2.90421
sac/cql/cql_q1_current_actions  -1430.39
sac/cql/cql_q2_current_actions  -1432.58
sac/cql/cql_q1_next_actions     -1432.83
sac/cql/cql_q2_next_actions     -1433.85
sac/cql/alpha_prime_loss            0
sac/cql/alpha_prime                 0
average_return                     41.5021
average_traj_length               200
train_time                         91.0108
eval_time                          11.8653
epoch_time                        102.876
------------------------------  ------------
------------------------------  ------------
epoch                              14
sac/log_pi                          0.433454
sac/policy_loss                  1716.14
sac/qf1_loss                     3507.89
sac/qf2_loss                     3546.75
sac/alpha_loss                     -1.65232
sac/alpha                          45.2405
sac/average_qf1                 -1637.47
sac/average_qf2                 -1638.52
sac/average_target_q            -1656.53
sac/total_steps                 15000
sac/cql/cql_std_q1                138.702
sac/cql/cql_std_q2                126.615
sac/cql/cql_q1_rand             -1913.99
sac/cql/cql_q2_rand             -1895.5
sac/cql/cql_min_qf1_loss           80.7027
sac/cql/cql_min_qf2_loss           41.4651
sac/cql/cql_qf1_diff               16.1405
sac/cql/cql_qf2_diff                8.29303
sac/cql/cql_q1_current_actions  -1684.5
sac/cql/cql_q2_current_actions  -1687.94
sac/cql/cql_q1_next_actions     -1688.76
sac/cql/cql_q2_next_actions     -1693
sac/cql/alpha_prime_loss            0
sac/cql/alpha_prime                 0
average_return                     26.2442
average_traj_length               200
train_time                         91.1849
eval_time                          12.1433
epoch_time                        103.328
------------------------------  ------------
------------------------------  ------------
epoch                              15
sac/log_pi                         -0.286334
sac/policy_loss                  1851.04
sac/qf1_loss                     3790.1
sac/qf2_loss                     3687.23
sac/alpha_loss                      1.15768
sac/alpha                          57.0036
sac/average_qf1                 -1790.2
sac/average_qf2                 -1789.9
sac/average_target_q            -1813.55
sac/total_steps                 16000
sac/cql/cql_std_q1                112.323
sac/cql/cql_std_q2                104.194
sac/cql/cql_q1_rand             -2016.2
sac/cql/cql_q2_rand             -2003.02
sac/cql/cql_min_qf1_loss           26.9808
sac/cql/cql_min_qf2_loss           -5.76475
sac/cql/cql_qf1_diff                5.39615
sac/cql/cql_qf2_diff               -1.15295
sac/cql/cql_q1_current_actions  -1851.74
sac/cql/cql_q2_current_actions  -1847.93
sac/cql/cql_q1_next_actions     -1853.62
sac/cql/cql_q2_next_actions     -1850
sac/cql/alpha_prime_loss            0
sac/cql/alpha_prime                 0
average_return                     22.642
average_traj_length               200
train_time                         91.4119
eval_time                          12.0133
epoch_time                        103.425
------------------------------  ------------
------------------------------  -----------
epoch                              16
sac/log_pi                          1.33143
sac/policy_loss                  2204.11
sac/qf1_loss                     4811.74
sac/qf2_loss                     5127.76
sac/alpha_loss                     -5.4881
sac/alpha                          61.6794
sac/average_qf1                 -2066.92
sac/average_qf2                 -2068.56
sac/average_target_q            -2082.55
sac/total_steps                 17000
sac/cql/cql_std_q1                176.044
sac/cql/cql_std_q2                161.312
sac/cql/cql_q1_rand             -2397.03
sac/cql/cql_q2_rand             -2387.65
sac/cql/cql_min_qf1_loss          189.611
sac/cql/cql_min_qf2_loss          132.589
sac/cql/cql_qf1_diff               37.9223
sac/cql/cql_qf2_diff               26.5179
sac/cql/cql_q1_current_actions  -2082.23
sac/cql/cql_q2_current_actions  -2111.23
sac/cql/cql_q1_next_actions     -2085.31
sac/cql/cql_q2_next_actions     -2112.95
sac/cql/alpha_prime_loss            0
sac/cql/alpha_prime                 0
average_return                     33.7354
average_traj_length               200
train_time                         89.9138
eval_time                          12.2152
epoch_time                        102.129
------------------------------  -----------
------------------------------  -----------
epoch                              17
sac/log_pi                          1.53516
sac/policy_loss                  2547.91
sac/qf1_loss                    11610.2
sac/qf2_loss                    13817.8
sac/alpha_loss                     -6.43915
sac/alpha                          66.3165
sac/average_qf1                 -2414.98
sac/average_qf2                 -2431.62
sac/average_target_q            -2419.92
sac/total_steps                 18000
sac/cql/cql_std_q1                217.804
sac/cql/cql_std_q2                196.966
sac/cql/cql_q1_rand             -2789.35
sac/cql/cql_q2_rand             -2780.61
sac/cql/cql_min_qf1_loss          407.162
sac/cql/cql_min_qf2_loss          407.421
sac/cql/cql_qf1_diff               81.4324
sac/cql/cql_qf2_diff               81.4842
sac/cql/cql_q1_current_actions  -2395.97
sac/cql/cql_q2_current_actions  -2436.44
sac/cql/cql_q1_next_actions     -2399.99
sac/cql/cql_q2_next_actions     -2439.49
sac/cql/alpha_prime_loss            0
sac/cql/alpha_prime                 0
average_return                     34.1646
average_traj_length               200
train_time                         90.08
eval_time                          12.1599
epoch_time                        102.24
------------------------------  -----------
------------------------------  -------------
epoch                              18
sac/log_pi                          0.0386364
sac/policy_loss                  3017.79
sac/qf1_loss                     8921.48
sac/qf2_loss                     7954.18
sac/alpha_loss                     -0.165377
sac/alpha                          72.2643
sac/average_qf1                 -2912.34
sac/average_qf2                 -2894.61
sac/average_target_q            -2909.13
sac/total_steps                 19000
sac/cql/cql_std_q1                171.424
sac/cql/cql_std_q2                171.058
sac/cql/cql_q1_rand             -3260.95
sac/cql/cql_q2_rand             -3244.12
sac/cql/cql_min_qf1_loss           49.4453
sac/cql/cql_min_qf2_loss           28.0786
sac/cql/cql_qf1_diff                9.88906
sac/cql/cql_qf2_diff                5.61571
sac/cql/cql_q1_current_actions  -3005.73
sac/cql/cql_q2_current_actions  -2983.35
sac/cql/cql_q1_next_actions     -3004.36
sac/cql/cql_q2_next_actions     -2979.77
sac/cql/alpha_prime_loss            0
sac/cql/alpha_prime                 0
average_return                     38.0129
average_traj_length               200
train_time                         90.0881
eval_time                          12.2042
epoch_time                        102.292
------------------------------  -------------
------------------------------  ------------
epoch                              19
sac/log_pi                         -0.176111
sac/policy_loss                  3496.65
sac/qf1_loss                     7798.41
sac/qf2_loss                     7587.45
sac/alpha_loss                      0.780838
sac/alpha                          84.2502
sac/average_qf1                 -3380.23
sac/average_qf2                 -3383.19
sac/average_target_q            -3416.48
sac/total_steps                 20000
sac/cql/cql_std_q1                166.502
sac/cql/cql_std_q2                166.108
sac/cql/cql_q1_rand             -3715.34
sac/cql/cql_q2_rand             -3712.79
sac/cql/cql_min_qf1_loss          128.636
sac/cql/cql_min_qf2_loss          133.162
sac/cql/cql_qf1_diff               25.7273
sac/cql/cql_qf2_diff               26.6323
sac/cql/cql_q1_current_actions  -3479.64
sac/cql/cql_q2_current_actions  -3475.87
sac/cql/cql_q1_next_actions     -3482.43
sac/cql/cql_q2_next_actions     -3476.52
sac/cql/alpha_prime_loss            0
sac/cql/alpha_prime                 0
average_return                     35.927
average_traj_length               200
train_time                         90.3594
eval_time                          12.1214
epoch_time                        102.481
------------------------------  ------------
------------------------------  ------------
epoch                              20
sac/log_pi                         -0.625226
sac/policy_loss                  3885.76
sac/qf1_loss                     7734.83
sac/qf2_loss                     7659.92
sac/alpha_loss                      2.86156
sac/alpha                          97.2075
sac/average_qf1                 -3803.02
sac/average_qf2                 -3807.18
sac/average_target_q            -3855.96
sac/total_steps                 21000
sac/cql/cql_std_q1                142.643
sac/cql/cql_std_q2                135.479
sac/cql/cql_q1_rand             -4099.33
sac/cql/cql_q2_rand             -4075.96
sac/cql/cql_min_qf1_loss          -64.0143
sac/cql/cql_min_qf2_loss           -8.35697
sac/cql/cql_qf1_diff              -12.8029
sac/cql/cql_qf2_diff               -1.67139
sac/cql/cql_q1_current_actions  -3920.01
sac/cql/cql_q2_current_actions  -3901.1
sac/cql/cql_q1_next_actions     -3922.59
sac/cql/cql_q2_next_actions     -3898.68
sac/cql/alpha_prime_loss            0
sac/cql/alpha_prime                 0
average_return                     29.5882
average_traj_length               200
train_time                         89.2911
eval_time                          12.1453
epoch_time                        101.436
------------------------------  ------------
------------------------------  ------------
epoch                              21
sac/log_pi                         -0.430513
sac/policy_loss                  4193.43
sac/qf1_loss                     6552
sac/qf2_loss                     6715.69
sac/alpha_loss                      1.88229
sac/alpha                          79.2183
sac/average_qf1                 -4086.3
sac/average_qf2                 -4092.65
sac/average_target_q            -4134.8
sac/total_steps                 22000
sac/cql/cql_std_q1                159.876
sac/cql/cql_std_q2                159.887
sac/cql/cql_q1_rand             -4419.45
sac/cql/cql_q2_rand             -4398.74
sac/cql/cql_min_qf1_loss          -58.3448
sac/cql/cql_min_qf2_loss           35.4323
sac/cql/cql_qf1_diff              -11.669
sac/cql/cql_qf2_diff                7.08647
sac/cql/cql_q1_current_actions  -4199.59
sac/cql/cql_q2_current_actions  -4171.37
sac/cql/cql_q1_next_actions     -4206.49
sac/cql/cql_q2_next_actions     -4176.17
sac/cql/alpha_prime_loss            0
sac/cql/alpha_prime                 0
average_return                     57.0405
average_traj_length               200
train_time                         90.2749
eval_time                          12.3038
epoch_time                        102.579
------------------------------  ------------
------------------------------  -------------
epoch                              22
sac/log_pi                          0.0234333
sac/policy_loss                  4813.21
sac/qf1_loss                     5191.34
sac/qf2_loss                     5238.06
sac/alpha_loss                     -0.0991887
sac/alpha                          68.9104
sac/average_qf1                 -4667.62
sac/average_qf2                 -4670.87
sac/average_target_q            -4721.61
sac/total_steps                 23000
sac/cql/cql_std_q1                182.441
sac/cql/cql_std_q2                178.818
sac/cql/cql_q1_rand             -5061.39
sac/cql/cql_q2_rand             -5027.45
sac/cql/cql_min_qf1_loss         -141.677
sac/cql/cql_min_qf2_loss          -10.6924
sac/cql/cql_qf1_diff              -28.3354
sac/cql/cql_qf2_diff               -2.13848
sac/cql/cql_q1_current_actions  -4803.2
sac/cql/cql_q2_current_actions  -4763.46
sac/cql/cql_q1_next_actions     -4805.8
sac/cql/cql_q2_next_actions     -4763.48
sac/cql/alpha_prime_loss            0
sac/cql/alpha_prime                 0
average_return                     82.9687
average_traj_length               200
train_time                         90.0733
eval_time                          12.1399
epoch_time                        102.213
------------------------------  -------------
------------------------------  ------------
epoch                              23
sac/log_pi                          0.678934
sac/policy_loss                  5595.57
sac/qf1_loss                     9917.61
sac/qf2_loss                    11028.1
sac/alpha_loss                     -2.92851
sac/alpha                          74.6933
sac/average_qf1                 -5403.45
sac/average_qf2                 -5408.89
sac/average_target_q            -5435.97
sac/total_steps                 24000
sac/cql/cql_std_q1                217.295
sac/cql/cql_std_q2                195.2
sac/cql/cql_q1_rand             -5853.65
sac/cql/cql_q2_rand             -5793.13
sac/cql/cql_min_qf1_loss           16.0355
sac/cql/cql_min_qf2_loss           62.1308
sac/cql/cql_qf1_diff                3.20711
sac/cql/cql_qf2_diff               12.4262
sac/cql/cql_q1_current_actions  -5519.96
sac/cql/cql_q2_current_actions  -5480.08
sac/cql/cql_q1_next_actions     -5530.55
sac/cql/cql_q2_next_actions     -5489.79
sac/cql/alpha_prime_loss            0
sac/cql/alpha_prime                 0
average_return                     89.9459
average_traj_length               200
train_time                         90.0805
eval_time                          12.2128
epoch_time                        102.293
------------------------------  ------------
------------------------------  ------------
epoch                              24
sac/log_pi                         -0.176037
sac/policy_loss                  6021.55
sac/qf1_loss                    12523.8
sac/qf2_loss                    12899.8
sac/alpha_loss                      0.786721
sac/alpha                          87.2763
sac/average_qf1                 -5832.11
sac/average_qf2                 -5835.03
sac/average_target_q            -5896.21
sac/total_steps                 25000
sac/cql/cql_std_q1                275.713
sac/cql/cql_std_q2                255.018
sac/cql/cql_q1_rand             -6389.03
sac/cql/cql_q2_rand             -6311.65
sac/cql/cql_min_qf1_loss          -66.1874
sac/cql/cql_min_qf2_loss          158.593
sac/cql/cql_qf1_diff              -13.2375
sac/cql/cql_qf2_diff               31.7187
sac/cql/cql_q1_current_actions  -6010.08
sac/cql/cql_q2_current_actions  -5938.67
sac/cql/cql_q1_next_actions     -6013.62
sac/cql/cql_q2_next_actions     -5939.32
sac/cql/alpha_prime_loss            0
sac/cql/alpha_prime                 0
average_return                     41.365
average_traj_length               200
train_time                         87.5193
eval_time                          11.9516
epoch_time                         99.4709
------------------------------  ------------
------------------------------  -----------
epoch                              25
sac/log_pi                          1.10502
sac/policy_loss                  6227.86
sac/qf1_loss                    13059.3
sac/qf2_loss                    11889.9
sac/alpha_loss                     -5.07062
sac/alpha                          98.3686
sac/average_qf1                 -6024.16
sac/average_qf2                 -6037.51
sac/average_target_q            -6107.16
sac/total_steps                 26000
sac/cql/cql_std_q1                338.002
sac/cql/cql_std_q2                324.155
sac/cql/cql_q1_rand             -6657.28
sac/cql/cql_q2_rand             -6640.8
sac/cql/cql_min_qf1_loss          370.156
sac/cql/cql_min_qf2_loss          387.588
sac/cql/cql_qf1_diff               74.0312
sac/cql/cql_qf2_diff               77.5175
sac/cql/cql_q1_current_actions  -6080.45
sac/cql/cql_q2_current_actions  -6095.17
sac/cql/cql_q1_next_actions     -6088.77
sac/cql/cql_q2_next_actions     -6099.66
sac/cql/alpha_prime_loss            0
sac/cql/alpha_prime                 0
average_return                     58.4612
average_traj_length               200
train_time                         86.7546
eval_time                          11.7313
epoch_time                         98.4859
------------------------------  -----------
------------------------------  ------------
epoch                              26
sac/log_pi                         -0.275701
sac/policy_loss                  6285.93
sac/qf1_loss                    14403.7
sac/qf2_loss                    14109.3
sac/alpha_loss                      1.32753
sac/alpha                         123.36
sac/average_qf1                 -6122.54
sac/average_qf2                 -6118.62
sac/average_target_q            -6156.81
sac/total_steps                 27000
sac/cql/cql_std_q1                282.899
sac/cql/cql_std_q2                291.237
sac/cql/cql_q1_rand             -6686.39
sac/cql/cql_q2_rand             -6654.31
sac/cql/cql_min_qf1_loss          -40.6138
sac/cql/cql_min_qf2_loss          194.524
sac/cql/cql_qf1_diff               -8.12277
sac/cql/cql_qf2_diff               38.9049
sac/cql/cql_q1_current_actions  -6285.43
sac/cql/cql_q2_current_actions  -6238.34
sac/cql/cql_q1_next_actions     -6292.21
sac/cql/cql_q2_next_actions     -6239.65
sac/cql/alpha_prime_loss            0
sac/cql/alpha_prime                 0
average_return                     59.8586
average_traj_length               200
train_time                         86.8926
eval_time                          11.6798
epoch_time                         98.5723
------------------------------  ------------
------------------------------  ------------
epoch                              27
sac/log_pi                         -0.312425
sac/policy_loss                  7964.58
sac/qf1_loss                    17349.4
sac/qf2_loss                    17315.4
sac/alpha_loss                      1.45879
sac/alpha                         106.616
sac/average_qf1                 -7803.24
sac/average_qf2                 -7800.96
sac/average_target_q            -7826.69
sac/total_steps                 28000
sac/cql/cql_std_q1                280.829
sac/cql/cql_std_q2                278.792
sac/cql/cql_q1_rand             -8377.79
sac/cql/cql_q2_rand             -8308.66
sac/cql/cql_min_qf1_loss         -117.648
sac/cql/cql_min_qf2_loss          129.968
sac/cql/cql_qf1_diff              -23.5297
sac/cql/cql_qf2_diff               25.9937
sac/cql/cql_q1_current_actions  -7979.13
sac/cql/cql_q2_current_actions  -7917.38
sac/cql/cql_q1_next_actions     -7986.72
sac/cql/cql_q2_next_actions     -7927.12
sac/cql/alpha_prime_loss            0
sac/cql/alpha_prime                 0
average_return                     53.9471
average_traj_length               200
train_time                         86.3959
eval_time                          11.864
epoch_time                         98.2599
------------------------------  ------------
------------------------------  ------------
epoch                              28
sac/log_pi                          0.313405
sac/policy_loss                  7976.82
sac/qf1_loss                    19770.4
sac/qf2_loss                    18868.5
sac/alpha_loss                     -1.47673
sac/alpha                         111.26
sac/average_qf1                 -7755.94
sac/average_qf2                 -7773.71
sac/average_target_q            -7867.65
sac/total_steps                 29000
sac/cql/cql_std_q1                369.052
sac/cql/cql_std_q2                365.631
sac/cql/cql_q1_rand             -8474.92
sac/cql/cql_q2_rand             -8463.5
sac/cql/cql_min_qf1_loss          208.701
sac/cql/cql_min_qf2_loss          304.871
sac/cql/cql_qf1_diff               41.7402
sac/cql/cql_qf2_diff               60.9743
sac/cql/cql_q1_current_actions  -7918.51
sac/cql/cql_q2_current_actions  -7889.87
sac/cql/cql_q1_next_actions     -7929.12
sac/cql/cql_q2_next_actions     -7901.82
sac/cql/alpha_prime_loss            0
sac/cql/alpha_prime                 0
average_return                     55.3194
average_traj_length               200
train_time                         86.6156
eval_time                          11.7227
epoch_time                         98.3383
------------------------------  ------------
------------------------------  ------------
epoch                              29
sac/log_pi                          0.190755
sac/policy_loss                  8971.94
sac/qf1_loss                    19694.7
sac/qf2_loss                    20737.7
sac/alpha_loss                     -0.890219
sac/alpha                         106.359
sac/average_qf1                 -8757.71
sac/average_qf2                 -8755.49
sac/average_target_q            -8859.7
sac/total_steps                 30000
sac/cql/cql_std_q1                369.374
sac/cql/cql_std_q2                353.815
sac/cql/cql_q1_rand             -9475.4
sac/cql/cql_q2_rand             -9415.82
sac/cql/cql_min_qf1_loss          140.96
sac/cql/cql_min_qf2_loss          244.575
sac/cql/cql_qf1_diff               28.1919
sac/cql/cql_qf2_diff               48.9149
sac/cql/cql_q1_current_actions  -8932.97
sac/cql/cql_q2_current_actions  -8881.95
sac/cql/cql_q1_next_actions     -8940.89
sac/cql/cql_q2_next_actions     -8891.77
sac/cql/alpha_prime_loss            0
sac/cql/alpha_prime                 0
average_return                     49.3318
average_traj_length               200
train_time                         86.897
eval_time                          11.8215
epoch_time                         98.7185
------------------------------  ------------
------------------------------  ------------
epoch                              30
sac/log_pi                         -0.125457
sac/policy_loss                  9156.56
sac/qf1_loss                    25687.8
sac/qf2_loss                    21645.9
sac/alpha_loss                      0.614406
sac/alpha                         133.936
sac/average_qf1                 -8941.31
sac/average_qf2                 -8918.12
sac/average_target_q            -8986.14
sac/total_steps                 31000
sac/cql/cql_std_q1                396.185
sac/cql/cql_std_q2                389.374
sac/cql/cql_q1_rand             -9715.56
sac/cql/cql_q2_rand             -9652.53
sac/cql/cql_min_qf1_loss          -45.5758
sac/cql/cql_min_qf2_loss          127.672
sac/cql/cql_qf1_diff               -9.11516
sac/cql/cql_qf2_diff               25.5343
sac/cql/cql_q1_current_actions  -9151.68
sac/cql/cql_q2_current_actions  -9085.15
sac/cql/cql_q1_next_actions     -9164.25
sac/cql/cql_q2_next_actions     -9092.57
sac/cql/alpha_prime_loss            0
sac/cql/alpha_prime                 0
average_return                     50.3221
average_traj_length               200
train_time                         89.4079
eval_time                          12.1126
epoch_time                        101.52
------------------------------  ------------
------------------------------  -------------
epoch                               31
sac/log_pi                          -0.154788
sac/policy_loss                   9713.02
sac/qf1_loss                     18036.3
sac/qf2_loss                     18918
sac/alpha_loss                       0.747681
sac/alpha                          125.257
sac/average_qf1                  -9538.81
sac/average_qf2                  -9535.17
sac/average_target_q             -9659.31
sac/total_steps                  32000
sac/cql/cql_std_q1                 387.636
sac/cql/cql_std_q2                 380.997
sac/cql/cql_q1_rand             -10260.6
sac/cql/cql_q2_rand             -10206.5
sac/cql/cql_min_qf1_loss            57.8532
sac/cql/cql_min_qf2_loss           301.935
sac/cql/cql_qf1_diff                11.5706
sac/cql/cql_qf2_diff                60.387
sac/cql/cql_q1_current_actions   -9719.25
sac/cql/cql_q2_current_actions   -9651.66
sac/cql/cql_q1_next_actions      -9723.48
sac/cql/cql_q2_next_actions      -9657.47
sac/cql/alpha_prime_loss             0
sac/cql/alpha_prime                  0
average_return                      11.495
average_traj_length                200
train_time                          85.8714
eval_time                           11.5212
epoch_time                          97.3926
------------------------------  -------------
------------------------------  -------------
epoch                               32
sac/log_pi                           0.213515
sac/policy_loss                  10497.6
sac/qf1_loss                     40350.6
sac/qf2_loss                     40003.4
sac/alpha_loss                      -1.06253
sac/alpha                          144.947
sac/average_qf1                 -10286.6
sac/average_qf2                 -10288.5
sac/average_target_q            -10422.7
sac/total_steps                  33000
sac/cql/cql_std_q1                 389.009
sac/cql/cql_std_q2                 372.363
sac/cql/cql_q1_rand             -11004.5
sac/cql/cql_q2_rand             -10956.3
sac/cql/cql_min_qf1_loss           276.214
sac/cql/cql_min_qf2_loss           404.752
sac/cql/cql_qf1_diff                55.2428
sac/cql/cql_qf2_diff                80.9503
sac/cql/cql_q1_current_actions  -10445.3
sac/cql/cql_q2_current_actions  -10412.5
sac/cql/cql_q1_next_actions     -10451.8
sac/cql/cql_q2_next_actions     -10418.2
sac/cql/alpha_prime_loss             0
sac/cql/alpha_prime                  0
average_return                      50.7836
average_traj_length                200
train_time                          84.1224
eval_time                           11.4243
epoch_time                          95.5467
------------------------------  -------------
------------------------------  -------------
epoch                               33
sac/log_pi                           0.559641
sac/policy_loss                  10455.1
sac/qf1_loss                     33004.1
sac/qf2_loss                     36009.3
sac/alpha_loss                      -2.81431
sac/alpha                          152.746
sac/average_qf1                 -10201.1
sac/average_qf2                 -10173.7
sac/average_target_q            -10335.7
sac/total_steps                  34000
sac/cql/cql_std_q1                 492.614
sac/cql/cql_std_q2                 487.014
sac/cql/cql_q1_rand             -11120.4
sac/cql/cql_q2_rand             -11051.3
sac/cql/cql_min_qf1_loss           260.104
sac/cql/cql_min_qf2_loss           462.879
sac/cql/cql_qf1_diff                52.0207
sac/cql/cql_qf2_diff                92.5758
sac/cql/cql_q1_current_actions  -10344.3
sac/cql/cql_q2_current_actions  -10273.9
sac/cql/cql_q1_next_actions     -10351.9
sac/cql/cql_q2_next_actions     -10278.7
sac/cql/alpha_prime_loss             0
sac/cql/alpha_prime                  0
average_return                      42.416
average_traj_length                200
train_time                          83.7395
eval_time                           11.4214
epoch_time                          95.1609
------------------------------  -------------
------------------------------  ------------
epoch                               34
sac/log_pi                           1.13779
sac/policy_loss                  12194.3
sac/qf1_loss                     52252
sac/qf2_loss                     54389.9
sac/alpha_loss                      -5.98454
sac/alpha                          192.437
sac/average_qf1                 -11783
sac/average_qf2                 -11817
sac/average_target_q            -11908.5
sac/total_steps                  35000
sac/cql/cql_std_q1                 603.412
sac/cql/cql_std_q2                 572.231
sac/cql/cql_q1_rand             -12963.8
sac/cql/cql_q2_rand             -12883.3
sac/cql/cql_min_qf1_loss           366.305
sac/cql/cql_min_qf2_loss           574.46
sac/cql/cql_qf1_diff                73.2611
sac/cql/cql_qf2_diff               114.892
sac/cql/cql_q1_current_actions  -11925
sac/cql/cql_q2_current_actions  -11908.1
sac/cql/cql_q1_next_actions     -11952.8
sac/cql/cql_q2_next_actions     -11934.6
sac/cql/alpha_prime_loss             0
sac/cql/alpha_prime                  0
average_return                      55.7039
average_traj_length                200
train_time                          83.5138
eval_time                           12.17
epoch_time                          95.6838
------------------------------  ------------
------------------------------  -----------
epoch                               35
sac/log_pi                          -0.5468
sac/policy_loss                  12552
sac/qf1_loss                     66267.8
sac/qf2_loss                     67542.6
sac/alpha_loss                       2.9791
sac/alpha                          232.348
sac/average_qf1                 -12358.9
sac/average_qf2                 -12352.9
sac/average_target_q            -12509.6
sac/total_steps                  36000
sac/cql/cql_std_q1                 488.112
sac/cql/cql_std_q2                 503.541
sac/cql/cql_q1_rand             -13298.6
sac/cql/cql_q2_rand             -13243.4
sac/cql/cql_min_qf1_loss          -114.527
sac/cql/cql_min_qf2_loss           246.866
sac/cql/cql_qf1_diff               -22.9054
sac/cql/cql_qf2_diff                49.3732
sac/cql/cql_q1_current_actions  -12643.9
sac/cql/cql_q2_current_actions  -12564
sac/cql/cql_q1_next_actions     -12652.8
sac/cql/cql_q2_next_actions     -12568.5
sac/cql/alpha_prime_loss             0
sac/cql/alpha_prime                  0
average_return                      59.8046
average_traj_length                200
train_time                          90.5182
eval_time                           12.5275
epoch_time                         103.046
------------------------------  -----------
------------------------------  -------------
epoch                               36
sac/log_pi                          -0.565999
sac/policy_loss                  14441.5
sac/qf1_loss                     25470.3
sac/qf2_loss                     25029.3
sac/alpha_loss                       2.95196
sac/alpha                          184.102
sac/average_qf1                 -14232.4
sac/average_qf2                 -14232.9
sac/average_target_q            -14355.4
sac/total_steps                  37000
sac/cql/cql_std_q1                 503.192
sac/cql/cql_std_q2                 476.207
sac/cql/cql_q1_rand             -15175.9
sac/cql/cql_q2_rand             -15033.5
sac/cql/cql_min_qf1_loss          -103.478
sac/cql/cql_min_qf2_loss           386.846
sac/cql/cql_qf1_diff               -20.6957
sac/cql/cql_qf2_diff                77.3692
sac/cql/cql_q1_current_actions  -14499.1
sac/cql/cql_q2_current_actions  -14389.4
sac/cql/cql_q1_next_actions     -14505.1
sac/cql/cql_q2_next_actions     -14398
sac/cql/alpha_prime_loss             0
sac/cql/alpha_prime                  0
average_return                      42.1763
average_traj_length                200
train_time                          91.2899
eval_time                           12.4408
epoch_time                         103.731
------------------------------  -------------
------------------------------  -------------
epoch                               37
sac/log_pi                          -0.297559
sac/policy_loss                  14083
sac/qf1_loss                     36493.9
sac/qf2_loss                     35486
sac/alpha_loss                       1.49202
sac/alpha                          150.534
sac/average_qf1                 -13860.6
sac/average_qf2                 -13853.4
sac/average_target_q            -13993.1
sac/total_steps                  38000
sac/cql/cql_std_q1                 521.5
sac/cql/cql_std_q2                 499.57
sac/cql/cql_q1_rand             -14826.7
sac/cql/cql_q2_rand             -14695.3
sac/cql/cql_min_qf1_loss            24.2229
sac/cql/cql_min_qf2_loss           409.252
sac/cql/cql_qf1_diff                 4.84459
sac/cql/cql_qf2_diff                81.8504
sac/cql/cql_q1_current_actions  -14092.7
sac/cql/cql_q2_current_actions  -13991.5
sac/cql/cql_q1_next_actions     -14109.1
sac/cql/cql_q2_next_actions     -14004.1
sac/cql/alpha_prime_loss             0
sac/cql/alpha_prime                  0
average_return                      45.6958
average_traj_length                200
train_time                          91.7959
eval_time                           12.3463
epoch_time                         104.142
------------------------------  -------------
------------------------------  -------------
epoch                               38
sac/log_pi                           0.420892
sac/policy_loss                  15304
sac/qf1_loss                     55498.5
sac/qf2_loss                     57087.7
sac/alpha_loss                      -2.21276
sac/alpha                          191.964
sac/average_qf1                 -14975.5
sac/average_qf2                 -14969.3
sac/average_target_q            -15161
sac/total_steps                  39000
sac/cql/cql_std_q1                 552.099
sac/cql/cql_std_q2                 524.75
sac/cql/cql_q1_rand             -16029.5
sac/cql/cql_q2_rand             -15923.1
sac/cql/cql_min_qf1_loss           172.634
sac/cql/cql_min_qf2_loss           420.287
sac/cql/cql_qf1_diff                34.5267
sac/cql/cql_qf2_diff                84.0573
sac/cql/cql_q1_current_actions  -15214.2
sac/cql/cql_q2_current_actions  -15122.3
sac/cql/cql_q1_next_actions     -15227.6
sac/cql/cql_q2_next_actions     -15130.2
sac/cql/alpha_prime_loss             0
sac/cql/alpha_prime                  0
average_return                      43.6978
average_traj_length                200
train_time                          89.4805
eval_time                           12.2057
epoch_time                         101.686
------------------------------  -------------
------------------------------  -------------
epoch                               39
sac/log_pi                           0.522039
sac/policy_loss                  15666.1
sac/qf1_loss                     78413.1
sac/qf2_loss                     78343.5
sac/alpha_loss                      -2.83628
sac/alpha                          228.853
sac/average_qf1                 -15241.9
sac/average_qf2                 -15255.6
sac/average_target_q            -15407.7
sac/total_steps                  40000
sac/cql/cql_std_q1                 599.29
sac/cql/cql_std_q2                 567.404
sac/cql/cql_q1_rand             -16424.5
sac/cql/cql_q2_rand             -16348.2
sac/cql/cql_min_qf1_loss           184.853
sac/cql/cql_min_qf2_loss           345.211
sac/cql/cql_qf1_diff                36.9705
sac/cql/cql_qf2_diff                69.0423
sac/cql/cql_q1_current_actions  -15501.9
sac/cql/cql_q2_current_actions  -15470.4
sac/cql/cql_q1_next_actions     -15509
sac/cql/cql_q2_next_actions     -15471.1
sac/cql/alpha_prime_loss             0
sac/cql/alpha_prime                  0
average_return                      26.9573
average_traj_length                200
train_time                          89.4063
eval_time                           12.0751
epoch_time                         101.481
------------------------------  -------------
------------------------------  -------------
epoch                               40
sac/log_pi                          -0.273563
sac/policy_loss                  16894.9
sac/qf1_loss                     59560.5
sac/qf2_loss                     56494.6
sac/alpha_loss                       1.42728
sac/alpha                          184.45
sac/average_qf1                 -16614.3
sac/average_qf2                 -16623
sac/average_target_q            -16885.2
sac/total_steps                  41000
sac/cql/cql_std_q1                 657.691
sac/cql/cql_std_q2                 615.393
sac/cql/cql_q1_rand             -17860.6
sac/cql/cql_q2_rand             -17737.2
sac/cql/cql_min_qf1_loss           -61.7156
sac/cql/cql_min_qf2_loss           189.246
sac/cql/cql_qf1_diff               -12.3431
sac/cql/cql_qf2_diff                37.8492
sac/cql/cql_q1_current_actions  -16927.8
sac/cql/cql_q2_current_actions  -16861.3
sac/cql/cql_q1_next_actions     -16932.5
sac/cql/cql_q2_next_actions     -16870
sac/cql/alpha_prime_loss             0
sac/cql/alpha_prime                  0
average_return                      16.4854
average_traj_length                200
train_time                          89.1458
eval_time                           11.9948
epoch_time                         101.141
------------------------------  -------------
------------------------------  -------------
epoch                               41
sac/log_pi                           0.718038
sac/policy_loss                  17328.3
sac/qf1_loss                     40729.9
sac/qf2_loss                     40413
sac/alpha_loss                      -3.79734
sac/alpha                          198.045
sac/average_qf1                 -17097.2
sac/average_qf2                 -17086.8
sac/average_target_q            -17250.3
sac/total_steps                  42000
sac/cql/cql_std_q1                 755.599
sac/cql/cql_std_q2                 692.323
sac/cql/cql_q1_rand             -18396.2
sac/cql/cql_q2_rand             -18236.7
sac/cql/cql_min_qf1_loss           806.239
sac/cql/cql_min_qf2_loss          1083.53
sac/cql/cql_qf1_diff               161.248
sac/cql/cql_qf2_diff               216.707
sac/cql/cql_q1_current_actions  -17148.1
sac/cql/cql_q2_current_actions  -17079.3
sac/cql/cql_q1_next_actions     -17154.9
sac/cql/cql_q2_next_actions     -17082.1
sac/cql/alpha_prime_loss             0
sac/cql/alpha_prime                  0
average_return                      10.1287
average_traj_length                200
train_time                          88.2438
eval_time                           11.9225
epoch_time                         100.166
------------------------------  -------------
------------------------------  -------------
epoch                               42
sac/log_pi                           0.521967
sac/policy_loss                  19209.1
sac/qf1_loss                     83529.7
sac/qf2_loss                     82634.7
sac/alpha_loss                      -2.91703
sac/alpha                          267.343
sac/average_qf1                 -18893.7
sac/average_qf2                 -18882
sac/average_target_q            -19074
sac/total_steps                  43000
sac/cql/cql_std_q1                 826.479
sac/cql/cql_std_q2                 707.133
sac/cql/cql_q1_rand             -20370.1
sac/cql/cql_q2_rand             -20144.3
sac/cql/cql_min_qf1_loss           912.276
sac/cql/cql_min_qf2_loss           937.361
sac/cql/cql_qf1_diff               182.455
sac/cql/cql_qf2_diff               187.472
sac/cql/cql_q1_current_actions  -18975.8
sac/cql/cql_q2_current_actions  -18980.9
sac/cql/cql_q1_next_actions     -18979.7
sac/cql/cql_q2_next_actions     -18981.2
sac/cql/alpha_prime_loss             0
sac/cql/alpha_prime                  0
average_return                      24.0024
average_traj_length                200
train_time                          86.9783
eval_time                           12.2321
epoch_time                          99.2104
------------------------------  -------------
------------------------------  -------------
epoch                               43
sac/log_pi                           0.360885
sac/policy_loss                  17529.3
sac/qf1_loss                     87284.9
sac/qf2_loss                     84114
sac/alpha_loss                      -2.09205
sac/alpha                          329.313
sac/average_qf1                 -17194.9
sac/average_qf2                 -17188.9
sac/average_target_q            -17326.4
sac/total_steps                  44000
sac/cql/cql_std_q1                 892.789
sac/cql/cql_std_q2                 809.019
sac/cql/cql_q1_rand             -18824
sac/cql/cql_q2_rand             -18660.4
sac/cql/cql_min_qf1_loss           561.426
sac/cql/cql_min_qf2_loss           715.109
sac/cql/cql_qf1_diff               112.285
sac/cql/cql_qf2_diff               143.022
sac/cql/cql_q1_current_actions  -17362
sac/cql/cql_q2_current_actions  -17353.3
sac/cql/cql_q1_next_actions     -17378.7
sac/cql/cql_q2_next_actions     -17371.6
sac/cql/alpha_prime_loss             0
sac/cql/alpha_prime                  0
average_return                       8.22465
average_traj_length                200
train_time                          88.1866
eval_time                           12.0809
epoch_time                         100.267
------------------------------  -------------
------------------------------  -------------
epoch                               44
sac/log_pi                           0.116794
sac/policy_loss                  18043.5
sac/qf1_loss                    151231
sac/qf2_loss                    154648
sac/alpha_loss                      -0.693196
sac/alpha                          378.119
sac/average_qf1                 -17723
sac/average_qf2                 -17715.5
sac/average_target_q            -17895.6
sac/total_steps                  45000
sac/cql/cql_std_q1                 981.965
sac/cql/cql_std_q2                 900.861
sac/cql/cql_q1_rand             -19506.9
sac/cql/cql_q2_rand             -19347.9
sac/cql/cql_min_qf1_loss           678.114
sac/cql/cql_min_qf2_loss           768.34
sac/cql/cql_qf1_diff               135.623
sac/cql/cql_qf2_diff               153.668
sac/cql/cql_q1_current_actions  -17928.7
sac/cql/cql_q2_current_actions  -17901.1
sac/cql/cql_q1_next_actions     -17945.8
sac/cql/cql_q2_next_actions     -17915.2
sac/cql/alpha_prime_loss             0
sac/cql/alpha_prime                  0
average_return                       7.71195
average_traj_length                200
train_time                          87.6611
eval_time                           12.2162
epoch_time                          99.8772
------------------------------  -------------
------------------------------  --------------
epoch                               45
sac/log_pi                           0.0985953
sac/policy_loss                  18977.9
sac/qf1_loss                    117484
sac/qf2_loss                    115782
sac/alpha_loss                      -0.591211
sac/alpha                          401.954
sac/average_qf1                 -18643.5
sac/average_qf2                 -18629.8
sac/average_target_q            -18792.2
sac/total_steps                  46000
sac/cql/cql_std_q1                 905.391
sac/cql/cql_std_q2                 791.29
sac/cql/cql_q1_rand             -20314.7
sac/cql/cql_q2_rand             -20114
sac/cql/cql_min_qf1_loss           749.89
sac/cql/cql_min_qf2_loss           681.497
sac/cql/cql_qf1_diff               149.978
sac/cql/cql_qf2_diff               136.299
sac/cql/cql_q1_current_actions  -18875.6
sac/cql/cql_q2_current_actions  -18870.9
sac/cql/cql_q1_next_actions     -18897.7
sac/cql/cql_q2_next_actions     -18883.6
sac/cql/alpha_prime_loss             0
sac/cql/alpha_prime                  0
average_return                       9.32493
average_traj_length                200
train_time                          87.8154
eval_time                           11.9623
epoch_time                          99.7777
------------------------------  --------------
------------------------------  --------------
epoch                               46
sac/log_pi                          -0.0331482
sac/policy_loss                  19570.5
sac/qf1_loss                    214088
sac/qf2_loss                    219988
sac/alpha_loss                       0.198776
sac/alpha                          402.048
sac/average_qf1                 -19326.9
sac/average_qf2                 -19296.6
sac/average_target_q            -19576.3
sac/total_steps                  47000
sac/cql/cql_std_q1                 848.727
sac/cql/cql_std_q2                 755.307
sac/cql/cql_q1_rand             -20813.6
sac/cql/cql_q2_rand             -20589.8
sac/cql/cql_min_qf1_loss          1020.74
sac/cql/cql_min_qf2_loss          1066.72
sac/cql/cql_qf1_diff               204.148
sac/cql/cql_qf2_diff               213.344
sac/cql/cql_q1_current_actions  -19553.6
sac/cql/cql_q2_current_actions  -19497
sac/cql/cql_q1_next_actions     -19549.5
sac/cql/cql_q2_next_actions     -19492.7
sac/cql/alpha_prime_loss             0
sac/cql/alpha_prime                  0
average_return                       8.90631
average_traj_length                200
train_time                          88.179
eval_time                           11.5447
epoch_time                          99.7237
------------------------------  --------------
------------------------------  --------------
epoch                               47
sac/log_pi                          -0.0713748
sac/policy_loss                  18390.1
sac/qf1_loss                    181399
sac/qf2_loss                    179756
sac/alpha_loss                       0.422698
sac/alpha                          373.241
sac/average_qf1                 -18179.2
sac/average_qf2                 -18167.6
sac/average_target_q            -18327.6
sac/total_steps                  48000
sac/cql/cql_std_q1                 762.3
sac/cql/cql_std_q2                 713.048
sac/cql/cql_q1_rand             -19492.3
sac/cql/cql_q2_rand             -19373.7
sac/cql/cql_min_qf1_loss           908.684
sac/cql/cql_min_qf2_loss           982.448
sac/cql/cql_qf1_diff               181.737
sac/cql/cql_qf2_diff               196.49
sac/cql/cql_q1_current_actions  -18369.5
sac/cql/cql_q2_current_actions  -18345.9
sac/cql/cql_q1_next_actions     -18385.6
sac/cql/cql_q2_next_actions     -18359
sac/cql/alpha_prime_loss             0
sac/cql/alpha_prime                  0
average_return                       8.29339
average_traj_length                200
train_time                          91.7355
eval_time                           12.6055
epoch_time                         104.341
------------------------------  --------------
------------------------------  -------------
epoch                               48
sac/log_pi                           0.218156
sac/policy_loss                  19014.7
sac/qf1_loss                     99306.4
sac/qf2_loss                     99898
sac/alpha_loss                      -1.28232
sac/alpha                          357.099
sac/average_qf1                 -18736.4
sac/average_qf2                 -18756
sac/average_target_q            -18931
sac/total_steps                  49000
sac/cql/cql_std_q1                 953.298
sac/cql/cql_std_q2                 876.877
sac/cql/cql_q1_rand             -20316.9
sac/cql/cql_q2_rand             -20226.6
sac/cql/cql_min_qf1_loss          1104.69
sac/cql/cql_min_qf2_loss          1058.16
sac/cql/cql_qf1_diff               220.938
sac/cql/cql_qf2_diff               211.632
sac/cql/cql_q1_current_actions  -18843.2
sac/cql/cql_q2_current_actions  -18893.6
sac/cql/cql_q1_next_actions     -18846.8
sac/cql/cql_q2_next_actions     -18897.9
sac/cql/alpha_prime_loss             0
sac/cql/alpha_prime                  0
average_return                       7.98925
average_traj_length                200
train_time                          88.4048
eval_time                           11.9141
epoch_time                         100.319
------------------------------  -------------
------------------------------  -------------
epoch                               49
sac/log_pi                           0.276041
sac/policy_loss                  20242.6
sac/qf1_loss                    100140
sac/qf2_loss                    100480
sac/alpha_loss                      -1.62629
sac/alpha                          361.94
sac/average_qf1                 -19898.2
sac/average_qf2                 -19902.1
sac/average_target_q            -20034
sac/total_steps                  50000
sac/cql/cql_std_q1                 871.877
sac/cql/cql_std_q2                 816.282
sac/cql/cql_q1_rand             -21401.2
sac/cql/cql_q2_rand             -21296.4
sac/cql/cql_min_qf1_loss           887.187
sac/cql/cql_min_qf2_loss           864.376
sac/cql/cql_qf1_diff               177.437
sac/cql/cql_qf2_diff               172.875
sac/cql/cql_q1_current_actions  -20044.6
sac/cql/cql_q2_current_actions  -20060.4
sac/cql/cql_q1_next_actions     -20054.2
sac/cql/cql_q2_next_actions     -20069.3
sac/cql/alpha_prime_loss             0
sac/cql/alpha_prime                  0
average_return                       8.0508
average_traj_length                200
train_time                          54.6303
eval_time                            2.10259
epoch_time                          56.7329
------------------------------  -------------
