  "arch": "2048-2048",
  "offline_ratio": 0.0,
  "seed": 0,
average_return                    91.2604
average_return                    79.1415
average_return                    85.2177
average_return                    87.2189
average_return                    91.056
average_return                    83.0534
average_return                    92.6864
average_return                    86.6792
average_return                    73.0889
average_return                     70.602
average_return                     71.3338
average_return                     70.1349
average_return                     73.6116
average_return                     68.027
average_return                     65.1327
average_return                     74.2974
average_return                     74.6227
average_return                     71.5894
average_return                     76.3481
average_return                     79.0228
average_return                     80.1304
average_return                     77.5327
average_return                     77.1585
average_return                     78.3674
average_return                     73.2083
average_return                     67.9675
average_return                     77.3429
average_return                     78.0617
average_return                     73.4621
average_return                     71.7707
average_return                     68.3516
average_return                     75.7613
average_return                     48.1601
average_return                     65.4385
average_return                     71.4117
average_return                     77.7272
average_return                     73.7365
average_return                     66.2398
average_return                     75.8511
average_return                     66.1883
average_return                     71.0588
average_return                     73.7198
average_return                     68.7318
average_return                     71.529
average_return                     67.5759
average_return                     60.8042
average_return                     65.241
average_return                     59.4275
average_return                     76.567
average_return                     72.7494
  "arch": "2048-2048",
  "offline_ratio": 0.0,
  "seed": 2,
average_return                    96.3105
average_return                    94.9011
average_return                    94.3838
average_return                    78.7615
average_return                    78.4807
average_return                    89.1763
average_return                    84.8458
average_return                    73.4772
average_return                    73.7651
average_return                     72.9197
average_return                     69.015
average_return                     72.1127
average_return                     69.7207
average_return                     71.9696
average_return                     73.8626
average_return                     70.3578
average_return                     72.7104
average_return                     79.6122
average_return                     75.9466
average_return                     78.9327
average_return                     79.4347
average_return                     79.0333
average_return                     75.1148
average_return                     75.1062
average_return                     77.3173
average_return                     77.3219
average_return                     75.6476
average_return                     71.0603
average_return                     78.221
average_return                     78.176
average_return                     76.1821
average_return                     74.3474
average_return                     50.2093
average_return                     75.7788
average_return                     55.8577
average_return                     74.5383
average_return                     76.6438
average_return                     76.785
average_return                     69.1404
average_return                     66.9247
average_return                     70.7002
average_return                     72.3943
average_return                     68.1139
average_return                     74.6711
average_return                     72.8612
average_return                     36.6446
average_return                     59.8783
average_return                     72.0124
average_return                     66.4113
average_return                     64.9094
  "arch": "2048-2048",
  "offline_ratio": 0.0,
  "seed": 1,
average_return                    72.8654
average_return                    77.4041
average_return                    87.1561
average_return                    92.5493
average_return                    95.7135
average_return                    73.6976
average_return                    64.5927
average_return                    77.9504
average_return                    83.8706
average_return                     89.8642
average_return                     74.2084
average_return                     84.1679
average_return                     63.5383
average_return                     58.7127
average_return                     80.9993
average_return                     76.8882
average_return                     68.097
average_return                     87.2825
average_return                     81.1834
average_return                     87.8897
average_return                     76.9899
average_return                     89.2925
average_return                     70.4123
average_return                     85.7711
average_return                     70.4047
average_return                     76.0153
average_return                     86.8232
average_return                     86.7092
average_return                     93.9373
average_return                     74.5987
average_return                     78.6644
average_return                     60.329
average_return                     71.4915
average_return                     72.0657
average_return                     71.8231
average_return                     62.8941
average_return                     87.055
average_return                     97.5989
average_return                     86.0835
average_return                     82.3832
average_return                     62.2954
average_return                     84.0045
average_return                     70.0277
average_return                     67.2306
average_return                     51.2983
average_return                     90.4782
average_return                     69.947
average_return                     76.257
average_return                     60.6335
average_return                     87.1319
  "arch": "2048-2048",
  "offline_ratio": 0.0,
  "seed": 3,
average_return                   101.755
average_return                    97.2872
average_return                    84.6205
average_return                    93.755
average_return                    87.7265
average_return                    89.3146
average_return                    97.4287
average_return                    88.1922
average_return                    97.3347
average_return                     84.3881
average_return                     94.8516
average_return                     94.3379
average_return                     96.4402
average_return                     97.3903
average_return                    100.596
average_return                     94.7407
average_return                     94.4275
average_return                     96.2136
average_return                     87.3572
average_return                     96.9707
average_return                     88.9758
average_return                     95.5232
average_return                     87.359
average_return                     92.1891
average_return                     93.8696
average_return                     94.1509
average_return                     96.3386
average_return                    105.905
average_return                     99.536
average_return                     96.6344
average_return                    100.893
average_return                    102.13
average_return                     98.9888
average_return                    109.756
average_return                    105.089
average_return                    102.583
average_return                    101.918
average_return                     96.7586
average_return                     95.5789
average_return                     97.1102
average_return                    101.301
average_return                     96.8555
average_return                    102.121
average_return                     99.2626
average_return                     94.3626
average_return                     99.3395
average_return                    102.625
average_return                     98.4785
average_return                    101.33
average_return                     98.2201
