  "arch": "128-128",
  "offline_ratio": 0.0,
  "seed": 0,
average_return                    80.461
average_return                    88.5394
average_return                    85.7254
average_return                    93.7676
average_return                    94.9082
average_return                    93.047
average_return                    92.8629
average_return                    99.6567
average_return                   102.729
average_return                    100.69
average_return                     97.3059
average_return                     97.2706
average_return                    100.513
average_return                    105.297
average_return                    102.35
average_return                     90.8639
average_return                    101.525
average_return                    101.073
average_return                    107.624
average_return                     98.6046
average_return                    106.103
average_return                     88.1735
average_return                     72.7612
average_return                     72.1285
average_return                     80.535
average_return                     75.584
average_return                     77.9967
average_return                     75.0848
average_return                     72.7797
average_return                     63.2985
average_return                     53.3121
average_return                     59.2933
average_return                     70.395
average_return                     77.1673
average_return                     75.3784
average_return                     49.2629
average_return                     39.6736
average_return                      6.66549
average_return                     38.3245
average_return                     29.1901
average_return                     33.6614
average_return                     63.0153
average_return                     65.3896
average_return                     66.1081
average_return                     65.6184
average_return                     65.6207
average_return                     63.4501
average_return                     57.3267
average_return                     61.7238
average_return                     63.4595
  "arch": "128-128",
  "offline_ratio": 0.0,
  "seed": 1,
average_return                    43.5806
average_return                    59.9833
average_return                    76.3904
average_return                    73.5078
average_return                    81.8739
average_return                    59.9366
average_return                    69.5154
average_return                    75.4822
average_return                    82.7369
average_return                     84.2352
average_return                     67.6121
average_return                     78.6554
average_return                     68.5089
average_return                     81.8951
average_return                     85.2664
average_return                     94.1359
average_return                    100.536
average_return                     94.568
average_return                    103.037
average_return                     94.8567
average_return                     97.5231
average_return                     92.2852
average_return                     86.144
average_return                     88.752
average_return                     92.3097
average_return                     89.2146
average_return                     87.3172
average_return                     91.2226
average_return                     89.1569
average_return                     82.249
average_return                     88.0629
average_return                     85.6536
average_return                     84.5686
average_return                     88.6218
average_return                     87.2829
average_return                     87.5186
average_return                     88.3636
average_return                     90.5575
average_return                     86.3431
average_return                     84.7867
average_return                     91.8449
average_return                     92.8154
average_return                     87.7255
average_return                     86.1275
average_return                     87.1881
average_return                     84.4729
average_return                     88.962
average_return                     85.3778
average_return                     86.4854
average_return                     86.222
  "arch": "128-128",
  "offline_ratio": 0.0,
  "seed": 2,
average_return                    92.0451
average_return                    73.0672
average_return                    81.9368
average_return                    90.9301
average_return                    93.0886
average_return                    86.4885
average_return                    91.432
average_return                    89.6867
average_return                    79.448
average_return                     80.7349
average_return                     69.9247
average_return                     79.1175
average_return                     82.0982
average_return                     59.5857
average_return                     62.5291
average_return                     50.057
average_return                     26.9112
average_return                     35.7182
average_return                     19.294
average_return                     19.2874
average_return                     30.1549
average_return                     29.1983
average_return                     14.2983
average_return                      8.21061
average_return                      8.1332
average_return                      8.93306
average_return                      8.36994
average_return                      8.99446
average_return                      8.44136
average_return                      9.47173
average_return                      9.58629
average_return                     11.5315
average_return                      12.3176
average_return                      15.6963
average_return                     46.0314
average_return                     46.7172
average_return                      53.5443
average_return                      35.3392
average_return                      37.3289
average_return                      47.4028
average_return                      17.6519
average_return                      27.6575
average_return                      13.9751
average_return                      11.8649
average_return                      11.0527
average_return                       9.13679
average_return                       7.78844
average_return                       8.35427
average_return                       7.13718
average_return                       6.37902
  "arch": "128-128",
  "offline_ratio": 0.0,
  "seed": 3,
average_return                   102.211
average_return                   104.138
average_return                    93.2424
average_return                    95.6222
average_return                    93.8697
average_return                    89.0879
average_return                    90.5823
average_return                    79.9706
average_return                    93.9506
average_return                     79.9575
average_return                     81.3179
average_return                     92.7443
average_return                     88.5333
average_return                     94.3909
average_return                     83.8256
average_return                     79.0719
average_return                     89.4896
average_return                     86.6225
average_return                     99.3188
average_return                     94.8106
average_return                     99.4131
average_return                     92.6446
average_return                     94.0562
average_return                     93.5958
average_return                     94.7705
average_return                     91.5222
average_return                     92.7593
average_return                     91.5787
average_return                     94.1272
average_return                     91.1693
average_return                     91.7658
average_return                     93.3415
average_return                     91.3133
average_return                     93.2975
average_return                    100.114
average_return                     93.9139
average_return                    100.133
average_return                     94.4919
average_return                     95.4655
average_return                     94.9343
average_return                     96.8209
average_return                     96.3825
average_return                     94.7854
average_return                     97.2458
average_return                     94.2802
average_return                     92.2835
average_return                     95.939
average_return                     90.8186
average_return                     96.4889
average_return                     88.9761
