  "arch": "256-256",
  "offline_ratio": 0.0,
  "seed": 2,
average_return                    90.4373
average_return                    62.3875
average_return                    89.5321
average_return                    85.5343
average_return                    78.9769
average_return                    88.0487
average_return                    88.2532
average_return                    82.389
average_return                    75.0541
average_return                     76.6688
average_return                     74.5039
average_return                     78.2007
average_return                     68.6299
average_return                     65.2389
average_return                     69.1138
average_return                     65.1152
average_return                     62.3647
average_return                     72.7719
average_return                     73.0566
average_return                     67.7533
average_return                     75.6741
average_return                     69.5882
average_return                     73.2003
average_return                     65.3666
average_return                     72.5689
average_return                     68.6311
average_return                     68.1085
average_return                     69.8207
average_return                     64.2057
average_return                     65.1958
average_return                     69.4761
average_return                     66.7226
average_return                     62.6867
average_return                     63.0465
average_return                     61.5155
average_return                     59.2476
average_return                     57.4973
average_return                     66.8598
average_return                     66.3319
average_return                     55.0866
average_return                     65.1272
average_return                     63.7853
average_return                     69.4083
average_return                     73.0395
average_return                     82.5712
average_return                     88.5148
average_return                    103.355
average_return                     95.6731
average_return                     96.2904
average_return                     84.6491
  "arch": "256-256",
  "offline_ratio": 0.0,
  "seed": 0,
average_return                    91.3689
average_return                   102.459
average_return                    98.7152
average_return                    92.1921
average_return                    84.9211
average_return                    99.8946
average_return                    95.5146
average_return                    91.3113
average_return                    96.727
average_return                     98.7197
average_return                     83.8203
average_return                     82.9275
average_return                     92.0989
average_return                     88.5384
average_return                     93.8539
average_return                     81.8616
average_return                     74.4747
average_return                     76.2605
average_return                     78.231
average_return                     69.6848
average_return                     68.2922
average_return                     72.0795
average_return                     66.4513
average_return                     70.6359
average_return                     76.379
average_return                     60.6457
average_return                     61.6454
average_return                     64.8792
average_return                     66.53
average_return                     72.5829
average_return                     78.3454
average_return                     68.6838
average_return                     78.0387
average_return                     83.7308
average_return                     76.7339
average_return                     76.8909
average_return                     79.1564
average_return                     75.0578
average_return                     78.293
average_return                     63.8736
average_return                     76.825
average_return                     77.8985
average_return                     73.814
average_return                     70.9659
average_return                     73.6876
average_return                     78.1336
average_return                     72.6674
average_return                     72.8603
average_return                     74.7799
average_return                     74.4681
  "arch": "256-256",
  "offline_ratio": 0.0,
  "seed": 1,
average_return                    75.5333
average_return                    79.2984
average_return                    77.7629
average_return                    85.6343
average_return                    87.6338
average_return                    84.7886
average_return                    85.1736
average_return                    96.8748
average_return                    82.2199
average_return                    101.145
average_return                    102.29
average_return                     99.0787
average_return                     99.6235
average_return                     93.7759
average_return                     92.6336
average_return                     91.8676
average_return                     92.9607
average_return                     88.9692
average_return                     90.4551
average_return                     89.57
average_return                     88.8731
average_return                     90.9622
average_return                     90.5226
average_return                     97.1078
average_return                     95.197
average_return                     91.3623
average_return                     91.1639
average_return                     94.9656
average_return                     94.5304
average_return                     89.7294
average_return                     87.954
average_return                    102.823
average_return                     83.7247
average_return                     91.6258
average_return                     89.7091
average_return                     86.2623
average_return                     91.5558
average_return                     92.9457
average_return                     85.6806
average_return                     76.5533
average_return                     72.3148
average_return                     66.5972
average_return                     84.9847
average_return                     64.1601
average_return                     85.4169
average_return                     88.9729
average_return                     82.0963
average_return                     77.1719
average_return                     77.754
average_return                     75.4126
  "arch": "256-256",
  "offline_ratio": 0.0,
  "seed": 3,
average_return                    92.8335
average_return                    99.4502
average_return                    91.8841
average_return                    95.6169
average_return                    88.5355
average_return                    86.7374
average_return                    80.7762
average_return                    84.6364
average_return                    82.9479
average_return                     79.4572
average_return                     86.1155
average_return                     92.2586
average_return                     93.8413
average_return                     93.2027
average_return                    100.197
average_return                     93.5183
average_return                     95.8314
average_return                     94.8832
average_return                     91.5512
average_return                     94.2641
average_return                     95.9454
average_return                     98.5125
average_return                     93.9192
average_return                     96.7815
average_return                     95.1097
average_return                     96.4947
average_return                     99.136
average_return                     92.9568
average_return                     98.9141
average_return                     91.7279
average_return                     89.4838
average_return                     94.2371
average_return                     96.6007
average_return                     94.5558
average_return                     97.3881
average_return                     95.1943
average_return                     90.5421
average_return                     93.465
average_return                     91.0054
average_return                     96.5639
average_return                     96.6779
average_return                     95.0145
average_return                     98.0129
average_return                     95.6258
average_return                     92.4839
average_return                     96.7291
average_return                     93.8743
average_return                     93.0076
average_return                     93.5811
average_return                     91.1165
