  "arch": "1024-1024",
  "offline_ratio": 0.0,
  "seed": 0,
average_return                    90.7335
average_return                    94.9315
average_return                    84.5714
average_return                    95.7357
average_return                    92.4273
average_return                    96.0491
average_return                    95.4191
average_return                    91.5877
average_return                    94.242
average_return                     74.5123
average_return                     71.4659
average_return                     74.4729
average_return                     69.0089
average_return                     49.3745
average_return                     51.348
average_return                     75.181
average_return                     58.6882
average_return                     62.7454
average_return                     69.4592
average_return                     73.8688
average_return                     78.9707
average_return                     71.9105
average_return                     74.5961
average_return                     73.8756
average_return                     74.4604
average_return                     60.0208
average_return                     67.4409
average_return                     77.7973
average_return                     72.9763
average_return                     67.1224
average_return                     74.8772
average_return                     71.7113
average_return                     71.4577
average_return                     73.9154
average_return                     71.3954
average_return                     68.8478
average_return                     65.0786
average_return                     73.0113
average_return                     80.0917
average_return                     66.6086
average_return                     67.5855
average_return                     77.4525
average_return                     68.3918
average_return                     80.5248
average_return                     70.8101
average_return                     75.274
average_return                     40.6752
average_return                     74.513
average_return                     71.4052
average_return                     57.7616
  "arch": "1024-1024",
  "offline_ratio": 0.0,
  "seed": 1,
average_return                    86.7596
average_return                    87.6922
average_return                    96.6978
average_return                   100.345
average_return                   100.195
average_return                    64.2104
average_return                    81.696
average_return                    84.1285
average_return                    82.7612
average_return                     90.9138
average_return                     91.6723
average_return                     91.3182
average_return                     72.3945
average_return                     73.5478
average_return                     93.1366
average_return                     91.242
average_return                     84.9038
average_return                     92.0873
average_return                     73.2733
average_return                     73.8689
average_return                     83.2141
average_return                     89.5378
average_return                     92.1982
average_return                     98.3966
average_return                     90.8452
average_return                     90.1584
average_return                     95.1467
average_return                     87.9703
average_return                     87.92
average_return                     93.6452
average_return                     89.6691
average_return                     93.3148
average_return                     76.6714
average_return                     91.8786
average_return                     85.7793
average_return                     75.0138
average_return                     92.1931
average_return                     88.4898
average_return                     93.1679
average_return                     91.9578
average_return                     91.224
average_return                     88.0032
average_return                     93.9803
average_return                     78.817
average_return                     69.184
average_return                     82.9784
average_return                     85.6382
average_return                     88.9077
average_return                     81.4332
average_return                     80.7967
  "arch": "1024-1024",
  "offline_ratio": 0.0,
  "seed": 2,
average_return                    93.2652
average_return                    94.2393
average_return                    88.3713
average_return                    84.4947
average_return                    72.9514
average_return                    80.9336
average_return                    79.9138
average_return                    70.7322
average_return                    69.1284
average_return                     70.6831
average_return                     74.666
average_return                     74.838
average_return                     78.4346
average_return                     80.2568
average_return                     73.0843
average_return                     77.838
average_return                     77.2592
average_return                     72.7162
average_return                     70.8158
average_return                     72.8888
average_return                     73.1835
average_return                     76.6269
average_return                     71.537
average_return                     66.8406
average_return                     65.8782
average_return                     68.6703
average_return                     70.3322
average_return                     69.6067
average_return                     68.0985
average_return                     68.6584
average_return                     66.5261
average_return                     67.5097
average_return                     69.3838
average_return                     81.4009
average_return                     77.403
average_return                     75.4398
average_return                     86.8599
average_return                      55.1023
average_return                     77.7014
average_return                     87.5938
average_return                      65.5159
average_return                      80.4262
average_return                     86.6079
average_return                      90.5303
average_return                      87.5815
average_return                      85.2967
average_return                      86.1042
average_return                      89.4783
average_return                      88.0405
average_return                      92.6546
  "arch": "1024-1024",
  "offline_ratio": 0.0,
  "seed": 3,
average_return                   105.37
average_return                    97.2278
average_return                    87.2465
average_return                    89.5171
average_return                    82.1764
average_return                    84.201
average_return                    93.5568
average_return                    83.0432
average_return                    93.2977
average_return                     90.6933
average_return                     82.7647
average_return                     92.2284
average_return                     91.9827
average_return                     93.5893
average_return                     97.8179
average_return                     96.9502
average_return                    100.106
average_return                     95.2419
average_return                     93.2059
average_return                     93.702
average_return                     92.6674
average_return                     93.2921
average_return                     97.8778
average_return                     93.1012
average_return                     90.7515
average_return                     96.6032
average_return                     99.7814
average_return                    102.271
average_return                     95.2036
average_return                     93.2402
average_return                     94.7283
average_return                     90.1864
average_return                     99.1359
average_return                     96.5933
average_return                    100.869
average_return                     94.9533
average_return                     85.433
average_return                     89.2105
average_return                     92.1387
average_return                     91.0358
average_return                     88.3285
average_return                     89.098
average_return                    101.257
average_return                     94.3738
average_return                     94.9642
average_return                     94.0962
average_return                     98.7375
average_return                     89.1143
average_return                     91.4351
average_return                     90.5006
