  "arch": "2048-2048-2048-2048",
  "offline_ratio": 0.0,
  "seed": 0,
average_return                    89.7551
average_return                    85.9392
average_return                    88.5728
average_return                    74.203
average_return                    86.2533
average_return                    84.3953
average_return                    79.6865
average_return                    65.8398
average_return                    76.3964
average_return                     74.0382
average_return                     57.0765
average_return                     65.8625
average_return                     70.5026
average_return                     64.5307
average_return                     73.6443
average_return                     69.629
average_return                     48.0953
average_return                     58.2431
average_return                     79.3571
average_return                     68.393
average_return                     58.7344
average_return                     39.9311
average_return                     76.7588
average_return                     75.2569
average_return                     73.5326
average_return                     72.9713
average_return                     73.7332
average_return                     81.6751
average_return                     85.1906
average_return                     78.4353
average_return                     64.0704
average_return                     81.5567
average_return                     73.8374
average_return                     70.562
average_return                     83.5079
average_return                     77.2635
average_return                     78.1663
average_return                     76.9534
average_return                     69.8635
average_return                     84.0336
average_return                     74.0531
average_return                     77.2654
average_return                     83.4602
average_return                     73.8356
average_return                     78.1229
average_return                     59.5592
average_return                     77.8963
average_return                     75.5904
average_return                     81.2613
average_return                     77.8935
  "arch": "2048-2048-2048-2048",
  "offline_ratio": 0.0,
  "seed": 1,
average_return                    95.6362
average_return                    88.9199
average_return                    82.9951
average_return                    93.639
average_return                    91.5045
average_return                    81.8624
average_return                    78.9284
average_return                    83.1472
average_return                    95.0454
average_return                     82.2281
average_return                     87.5992
average_return                     92.3668
average_return                     86.9541
average_return                     72.5329
average_return                     82.3391
average_return                     89.8427
average_return                     84.5958
average_return                     80.4464
average_return                     72.806
average_return                     66.7248
average_return                     65.8403
average_return                     60.3205
average_return                     67.3842
average_return                     55.9069
average_return                     58.3948
average_return                     69.195
average_return                     77.9678
average_return                     86.6854
average_return                     54.3496
average_return                     45.748
average_return                     50.1811
average_return                     52.8319
average_return                     30.2251
average_return                     70.9261
average_return                     45.5746
average_return                     50.9833
average_return                     51.6821
average_return                     66.6856
average_return                     76.0355
average_return                     33.5045
average_return                     38.2416
average_return                     51.1725
average_return                     53.2773
average_return                     35.0591
average_return                     36.8362
average_return                     60.9067
average_return                     50.9866
average_return                     34.2661
average_return                     35.0199
average_return                     36.7112
  "arch": "2048-2048-2048-2048",
  "offline_ratio": 0.0,
  "seed": 2,
average_return                   111.347
average_return                    92.9918
average_return                    86.4474
average_return                    91.439
average_return                    85.5744
average_return                    92.8778
average_return                    91.5699
average_return                    98.202
average_return                    78.2669
average_return                     73.1761
average_return                     72.4745
average_return                     67.6165
average_return                     74.5777
average_return                     69.3099
average_return                     69.0006
average_return                     61.7457
average_return                     76.8273
average_return                     58.7734
average_return                     65.2149
average_return                     62.6913
average_return                     73.583
average_return                     66.4192
average_return                     65.0313
average_return                     61.272
average_return                     61.6965
average_return                     61.6034
average_return                     60.4484
average_return                     62.7488
average_return                     63.5794
average_return                     62.2896
average_return                     60.7183
average_return                     59.8833
average_return                     61.5936
average_return                      60.4172
average_return                      60.6144
average_return                     62.1325
average_return                     62.9771
average_return                      63.6489
average_return                      62.0536
average_return                      57.0314
average_return                      59.2064
average_return                      54.9003
average_return                      60.8784
average_return                      54.936
average_return                      54.465
average_return                      53.5831
average_return                      63.4173
average_return                      63.7297
average_return                      58.1997
average_return                      57.5791
  "arch": "2048-2048-2048-2048",
  "offline_ratio": 0.0,
  "seed": 3,
average_return                    79.4845
average_return                    99.153
average_return                    88.9333
average_return                    95.498
average_return                    97.3599
average_return                    88.8146
average_return                    95.8982
average_return                    84.0533
average_return                    91.4455
average_return                     83.068
average_return                     82.2349
average_return                     55.659
average_return                     88.1661
average_return                     76.4981
average_return                     84.6441
average_return                     87.6657
average_return                     83.1605
average_return                     79.7263
average_return                     82.8421
average_return                     90.7892
average_return                     80.911
average_return                     81.6755
average_return                     90.5577
average_return                     77.5307
average_return                     77.5173
average_return                     76.3349
average_return                     80.8211
average_return                     86.7276
average_return                     79.7703
average_return                     73.8554
average_return                     81.397
average_return                     77.8256
average_return                     71.07
average_return                     88.7153
average_return                     81.55
average_return                     68.2006
average_return                     73.7739
average_return                     72.1822
average_return                     74.9229
average_return                     85.7066
average_return                     90.0691
average_return                     84.9634
average_return                     76.5468
average_return                     88.7657
average_return                     88.861
average_return                     82.5892
average_return                     81.9136
average_return                     71.2693
average_return                     82.2049
average_return                     87.161
