  "arch": "1024-1024-1024-1024",
  "offline_ratio": 0.0,
  "seed": 0,
average_return                    68.4236
average_return                    85.9717
average_return                    79.9357
average_return                    79.4326
average_return                    73.5962
average_return                    85.1098
average_return                    83.1112
average_return                    83.4985
average_return                    72.4131
average_return                     76.4228
average_return                     59.6324
average_return                     79.5428
average_return                     72.5581
average_return                     64.7772
average_return                     65.1749
average_return                     64.3241
average_return                     61.1729
average_return                     67.6634
average_return                     73.4651
average_return                     72.5697
average_return                     70.2625
average_return                     74.6418
average_return                     67.9758
average_return                     73.5518
average_return                     80.972
average_return                     80.4656
average_return                     70.7105
average_return                     71.7223
average_return                     82.7807
average_return                     78.8808
average_return                     87.3696
average_return                     72.7747
average_return                     76.5647
average_return                     73.9777
average_return                     77.2991
average_return                     84.6391
average_return                     83.7513
average_return                     80.2851
average_return                     90.1195
average_return                     89.1754
average_return                     81.0708
average_return                     83.1799
average_return                     83.1225
average_return                     72.5828
average_return                     73.2817
average_return                     76.0387
average_return                     72.5047
average_return                     83.8212
average_return                     81.1348
average_return                     82.9757
  "arch": "1024-1024-1024-1024",
  "offline_ratio": 0.0,
  "seed": 1,
average_return                    93.5718
average_return                    90.9456
average_return                    90.4446
average_return                    92.5735
average_return                    86.9835
average_return                    78.3224
average_return                    95.7855
average_return                    91.7952
average_return                    96.4067
average_return                     72.1291
average_return                     97.359
average_return                     88.6493
average_return                     90.0534
average_return                     97.2536
average_return                     94.1315
average_return                     91.279
average_return                     91.544
average_return                     87.8221
average_return                     79.0309
average_return                     66.0822
average_return                     68.0515
average_return                     39.4859
average_return                     52.096
average_return                     54.8771
average_return                     48.7039
average_return                     72.8134
average_return                     83.457
average_return                     87.7137
average_return                     83.3452
average_return                     73.6939
average_return                     52.6498
average_return                     82.2735
average_return                     73.3918
average_return                     68.4462
average_return                     86.2712
average_return                     58.1249
average_return                     91.0295
average_return                     35.2806
average_return                     76.3408
average_return                     73.8653
average_return                     70.0315
average_return                     71.1382
average_return                     63.3766
average_return                     57.2295
average_return                     61.9066
average_return                     66.6839
average_return                     67.3251
average_return                     62.8424
average_return                     64.1763
average_return                     67.7103
  "arch": "1024-1024-1024-1024",
  "offline_ratio": 0.0,
  "seed": 2,
average_return                    96.0843
average_return                    96.2341
average_return                    90.8707
average_return                    89.528
average_return                    88.9357
average_return                    75.2695
average_return                    91.2212
average_return                    83.8416
average_return                    80.1456
average_return                     79.3732
average_return                     72.7855
average_return                     82.0506
average_return                     68.3517
average_return                     69.1618
average_return                     71.5472
average_return                     73.3714
average_return                     71.5032
average_return                     69.9729
average_return                     74.9489
average_return                     72.6742
average_return                     73.217
average_return                     73.0828
average_return                     69.7471
average_return                     64.273
average_return                     62.7921
average_return                     63.7407
average_return                     69.0987
average_return                     70.0718
average_return                     70.3599
average_return                     72.0221
average_return                     73.1247
average_return                     71.8963
average_return                     75.3749
average_return                     73.8194
average_return                     73.5891
average_return                     71.8805
average_return                     70.2781
average_return                      74.1427
average_return                     72.967
average_return                     77.0285
average_return                      72.5614
average_return                     72.3584
average_return                     70.8422
average_return                     70.652
average_return                     69.1466
average_return                      72.8681
average_return                      69.5095
average_return                      74.7405
average_return                      68.7172
average_return                      68.9685
  "arch": "1024-1024-1024-1024",
  "offline_ratio": 0.0,
  "seed": 3,
average_return                   101.493
average_return                    92.1449
average_return                    91.9739
average_return                   101.782
average_return                    94.8457
average_return                    88.3088
average_return                   100.295
average_return                    85.924
average_return                    96.2708
average_return                     93.5786
average_return                     92.283
average_return                     91.2556
average_return                     91.426
average_return                     98.1267
average_return                     97.5909
average_return                     84.6886
average_return                     71.1277
average_return                     62.602
average_return                     81.1648
average_return                     92.574
average_return                     91.1856
average_return                     88.3505
average_return                     93.141
average_return                     90.5624
average_return                     87.7246
average_return                     92.7293
average_return                     92.32
average_return                     91.135
average_return                     93.5522
average_return                     93.0297
average_return                     91.4834
average_return                     91.6524
average_return                     93.0142
average_return                     90.4006
average_return                     96.0377
average_return                     87.5933
average_return                     95.6057
average_return                     85.4685
average_return                     92.1936
average_return                     91.2716
average_return                     84.4116
average_return                     72.0047
average_return                     83.2194
average_return                     86.8645
average_return                     83.6738
average_return                     84.0953
average_return                     84.2628
average_return                     71.3139
average_return                     76.4583
average_return                     79.3433
