  "arch": "4096-4096-4096-4096",
  "offline_ratio": 0.0,
  "seed": 0,
average_return                    86.6564
average_return                    84.8758
average_return                    85.0542
average_return                    68.7406
average_return                    72.9045
average_return                    54.8412
average_return                    83.4165
average_return                    30.9859
average_return                    50.753
average_return                     66.2287
average_return                     80.824
average_return                     48.7735
average_return                     80.2898
average_return                     22.8672
average_return                     81.425
average_return                     64.3403
average_return                     68.7023
average_return                     48.7476
average_return                     63.5198
average_return                     57.658
average_return                     30.2972
average_return                     71.4823
average_return                     80.5642
average_return                     72.5622
average_return                     78.8303
average_return                     78.3238
average_return                     63.1595
average_return                     60.5419
average_return                     86.3739
average_return                     70.4264
average_return                     79.1358
average_return                     80.4959
average_return                     48.5132
average_return                     64.2689
average_return                     77.9247
average_return                     84.6225
average_return                     72.1964
average_return                     70.7164
average_return                     68.7475
average_return                     87.4492
average_return                     81.9266
average_return                     77.5051
average_return                     68.8603
average_return                     70.6299
average_return                     82.287
average_return                     67.1328
average_return                     59.8253
average_return                     81.3653
average_return                     70.1858
average_return                     68.9715
  "arch": "4096-4096-4096-4096",
  "offline_ratio": 0.0,
  "seed": 1,
average_return                    80.4184
average_return                    83.8384
average_return                    90.9594
average_return                    97.3272
average_return                    93.9984
average_return                    89.1379
average_return                    91.4904
average_return                    94.0872
average_return                    89.4963
average_return                     90.1834
average_return                     95.9233
average_return                     96.6549
average_return                     97.1274
average_return                     93.1813
average_return                     70.8706
average_return                     92.3009
average_return                     82.9138
average_return                     82.1852
average_return                     62.9752
average_return                     61.2585
average_return                     42.5718
average_return                     85.2347
average_return                     86.1083
average_return                     74.5544
average_return                     61.6459
average_return                     53.8249
average_return                     60.242
average_return                     73.2467
average_return                     74.1723
average_return                     65.8286
average_return                     85.133
average_return                     74.2154
average_return                     47.006
average_return                     63.1345
average_return                     71.0745
average_return                     67.3038
average_return                     64.3482
average_return                     83.3979
average_return                     75.6016
average_return                     72.6323
average_return                     65.787
average_return                     90.5029
average_return                     80.8179
average_return                     78.2114
average_return                     64.8475
average_return                     69.4023
average_return                     65.0752
average_return                     66.4228
average_return                     63.7298
average_return                     62.6845
  "arch": "4096-4096-4096-4096",
  "offline_ratio": 0.0,
  "seed": 2,
average_return                   102.267
average_return                    86.4578
average_return                    84.8487
average_return                    91.8226
average_return                    89.2375
average_return                    81.3416
average_return                    96.2876
average_return                    95.2972
average_return                    78.8696
average_return                     86.1974
average_return                     82.6714
average_return                     71.0887
average_return                     68.6619
average_return                     69.1688
average_return                     51.7585
average_return                     64.1868
average_return                     69.1063
average_return                     53.3773
average_return                     53.5147
average_return                     82.0441
average_return                     94.515
average_return                     68.3348
average_return                     75.7924
average_return                     64.5211
average_return                     60.3492
average_return                     66.9709
average_return                     62.0936
average_return                     66.8816
average_return                     72.1457
average_return                     70.6327
average_return                     66.2919
average_return                      67.2443
average_return                     61.3036
average_return                      60.6973
average_return                      63.2113
average_return                      54.5607
average_return                      56.6831
average_return                      40.526
average_return                      62.5018
average_return                      53.4063
average_return                      50.808
average_return                      51.7741
average_return                      50.1549
average_return                      55.3473
average_return                      56.4138
average_return                      48.1839
average_return                      51.9293
average_return                      56.3802
average_return                      53.7556
average_return                      50.3076
  "arch": "4096-4096-4096-4096",
  "offline_ratio": 0.0,
  "seed": 3,
average_return                    98.0219
average_return                    96.0696
average_return                    85.3577
average_return                    98.0355
average_return                    89.9048
average_return                    94.9739
average_return                    96.8542
average_return                    83.1232
average_return                    86.4295
average_return                     83.9915
average_return                     77.8176
average_return                     73.654
average_return                     83.9636
average_return                     85.7847
average_return                     74.765
average_return                     87.058
average_return                     86.7016
average_return                     77.075
average_return                     79.2059
average_return                     79.8648
average_return                     74.7798
average_return                     77.0057
average_return                     89.2698
average_return                     75.522
average_return                     79.0984
average_return                     81.2083
average_return                     78.6397
average_return                     90.5955
average_return                     81.4308
average_return                     82.469
average_return                     80.7224
average_return                     81.1312
average_return                     91.6239
average_return                     85.7114
average_return                     82.6919
average_return                     86.4317
average_return                     84.5611
average_return                     85.2106
average_return                     81.9338
average_return                     80.8962
average_return                     90.3662
average_return                     84.0837
average_return                     82.3949
average_return                     87.4113
average_return                     81.2427
average_return                     74.5771
average_return                     82.2182
average_return                     78.0245
average_return                     78.419
average_return                     78.5539
