  "arch": "256-256-256-256",
  "offline_ratio": 0.0,
  "seed": 0,
average_return                   101.272
average_return                    96.9121
average_return                    97.496
average_return                    96.7787
average_return                    85.0765
average_return                    89.7267
average_return                    94.8642
average_return                    75.8568
average_return                    79.7858
average_return                     73.6857
average_return                     45.4501
average_return                     77.0462
average_return                     67.9773
average_return                     63.636
average_return                     72.5202
average_return                     70.5115
average_return                     71.8246
average_return                     53.8919
average_return                     61.9496
average_return                     79.8066
average_return                     81.4699
average_return                     74.6143
average_return                     78.5184
average_return                     76.3487
average_return                     73.8957
average_return                     79.7139
average_return                     77.1546
average_return                     84.0637
average_return                     77.9482
average_return                     79.584
average_return                     78.2157
average_return                     79.3018
average_return                     75.295
average_return                     84.7239
average_return                     81.7808
average_return                     76.1612
average_return                     79.5885
average_return                     79.5553
average_return                     73.741
average_return                     76.2247
average_return                     80.8635
average_return                     72.4727
average_return                     75.8337
average_return                     61.1466
average_return                     69.1145
average_return                     72.2819
average_return                     75.0519
average_return                     77.231
average_return                     73.6235
average_return                     78.3421
  "arch": "256-256-256-256",
  "offline_ratio": 0.0,
  "seed": 1,
average_return                    71.6452
average_return                    71.601
average_return                    94.8974
average_return                    99.8555
average_return                    95.1508
average_return                    86.1003
average_return                    91.9746
average_return                    89.1547
average_return                    92.1887
average_return                     93.1124
average_return                     93.4264
average_return                     89.0794
average_return                     95.1609
average_return                     97.1917
average_return                     93.0651
average_return                     91.6599
average_return                     92.6787
average_return                    100.712
average_return                     91.8653
average_return                     88.4396
average_return                     99.9654
average_return                     91.8339
average_return                     96.7133
average_return                     93.9658
average_return                     88.5808
average_return                     91.8741
average_return                     95.5801
average_return                     89.8976
average_return                     90.656
average_return                     88.8471
average_return                     95.4836
average_return                     89.5146
average_return                     89.9011
average_return                     88.5808
average_return                     90.3417
average_return                     90.851
average_return                     91.5959
average_return                     91.4331
average_return                     88.6409
average_return                     92.2532
average_return                     90.4943
average_return                     97.944
average_return                     88.7591
average_return                     89.7234
average_return                     94.6402
average_return                     87.0226
average_return                     87.7517
average_return                     88.8823
average_return                     89.4033
average_return                     92.1983
  "arch": "256-256-256-256",
  "offline_ratio": 0.0,
  "seed": 2,
average_return                    84.9056
average_return                    78.7209
average_return                    85.9333
average_return                    92.4591
average_return                    74.6358
average_return                    88.7827
average_return                    80.7844
average_return                    92.5197
average_return                    91.3567
average_return                     89.1684
average_return                     89.291
average_return                     71.5991
average_return                     78.3263
average_return                     71.4693
average_return                     75.8619
average_return                     75.2443
average_return                     70.3222
average_return                     74.1734
average_return                     76.3883
average_return                     77.946
average_return                     76.348
average_return                     72.9216
average_return                     74.36
average_return                     73.3674
average_return                     70.2921
average_return                     68.6236
average_return                     73.7826
average_return                     73.8333
average_return                     76.3992
average_return                     73.4374
average_return                     74.3475
average_return                     75.643
average_return                     75.2922
average_return                     68.8324
average_return                     69.236
average_return                     70.0968
average_return                     61.6915
average_return                     70.6612
average_return                     66.8417
average_return                     65.8735
average_return                     71.1958
average_return                     69.7515
average_return                     78.096
average_return                     69.978
average_return                     64.8112
average_return                     68.6445
average_return                     64.2835
average_return                     69.9613
average_return                     39.448
average_return                     68.2813
  "arch": "256-256-256-256",
  "offline_ratio": 0.0,
  "seed": 3,
average_return                   102.046
average_return                   100.49
average_return                    82.5974
average_return                    98.3882
average_return                    91.1268
average_return                    97.8636
average_return                    96.2017
average_return                    93.0849
average_return                    92.6347
average_return                     87.024
average_return                     97.2036
average_return                     97.1128
average_return                     98.3633
average_return                    100.322
average_return                     95.2525
average_return                     91.0663
average_return                     99.5718
average_return                     97.1229
average_return                     90.8799
average_return                     97.0684
average_return                     94.7764
average_return                     85.6423
average_return                    101.113
average_return                     85.5305
average_return                    100.25
average_return                     82.1535
average_return                    100.087
average_return                    100.638
average_return                     89.2193
average_return                    100.705
average_return                     90.7372
average_return                     89.5166
average_return                     98.9742
average_return                     99.5477
average_return                    104.88
average_return                    105.698
average_return                    104.247
average_return                    103.449
average_return                    102.564
average_return                     95.4891
average_return                     98.0041
average_return                     94.7224
average_return                    100.969
average_return                     99.01
average_return                     97.6104
average_return                     99.6013
average_return                    104.448
average_return                     99.0955
average_return                    101.933
average_return                    102.779
  "arch": "256-256-256-256",
  "offline_ratio": 0.0,
  "seed": 3,
average_return                   105.584
average_return                    95.2186
average_return                    83.6172
average_return                   103.556
average_return                    94.9993
average_return                    95.1652
average_return                    95.9683
average_return                    95.9082
average_return                    92.1364
average_return                     89.3388
average_return                     95.3459
average_return                     96.0974
average_return                     98.8087
average_return                     97.5086
average_return                    102.121
average_return                     93.5865
average_return                     99.0768
average_return                     96.6635
average_return                     89.7828
average_return                     87.4707
average_return                     92.1537
average_return                     94.8005
average_return                     95.9799
average_return                     94.9044
average_return                     88.2021
average_return                     94.0267
average_return                     97.0715
average_return                     98.0803
average_return                     92.4858
average_return                    100.145
average_return                     99.4915
average_return                     86.8583
average_return                     97.13
average_return                     97.4171
average_return                     99.5103
average_return                     98.2613
average_return                    102.069
average_return                    103.694
average_return                    100.207
average_return                     88.5405
average_return                     98.9328
average_return                    105.61
average_return                    101.444
average_return                     97.5823
average_return                    100.39
average_return                     99.1501
average_return                    106.125
average_return                     94.5016
average_return                     96.32
average_return                     99.2422
