  "arch": "4096-4096",
  "offline_ratio": 0.0,
  "seed": 0,
average_return                    88.9143
average_return                    85.7964
average_return                    90.5654
average_return                    74.9608
average_return                    86.8942
average_return                    85.5707
average_return                    83.0878
average_return                    70.2845
average_return                    50.1374
average_return                     76.027
average_return                     76.7031
average_return                     76.6501
average_return                     65.7878
average_return                     78.9982
average_return                     74.8119
average_return                     74.5817
average_return                     71.3635
average_return                     69.2971
average_return                     77.4183
average_return                     75.4754
average_return                     79.6288
average_return                     70.8622
average_return                     75.1693
average_return                     73.8724
average_return                     74.8611
average_return                     52.711
average_return                     77.2991
average_return                     73.0694
average_return                     75.378
average_return                     75.1064
average_return                     64.9366
average_return                     71.983
average_return                     69.6527
average_return                     76.3247
average_return                     73.6441
average_return                     80.3038
average_return                     73.1821
average_return                     75.1161
average_return                     75.0567
average_return                     68.0344
average_return                     67.5827
average_return                     70.656
average_return                     66.611
average_return                     72.682
average_return                     69.8295
average_return                     36.2154
average_return                     71.7633
average_return                     60.3141
average_return                     70.5868
average_return                     70.3262
  "arch": "4096-4096",
  "offline_ratio": 0.0,
  "seed": 1,
average_return                    94.4006
average_return                    62.6621
average_return                    86.3498
average_return                    88.3479
average_return                    81.6799
average_return                    68.327
average_return                    77.3432
average_return                    78.5792
average_return                    86.4714
average_return                     91.7452
average_return                     80.9563
average_return                     79.6524
average_return                     61.8244
average_return                     79.1115
average_return                     92.1776
average_return                     97.1334
average_return                     95.4805
average_return                     88.8797
average_return                     94.258
average_return                     87.7597
average_return                     87.4873
average_return                     92.1457
average_return                     76.4295
average_return                     91.8839
average_return                     73.1711
average_return                     79.4222
average_return                     83.0721
average_return                     76.6805
average_return                     82.1227
average_return                     93.9563
average_return                     66.6425
average_return                     80.8065
average_return                     82.2245
average_return                     90.1025
average_return                     89.1773
average_return                     87.7323
average_return                     88.8853
average_return                     94.6996
average_return                     82.6158
average_return                     86.3639
average_return                     85.1276
average_return                     92.6586
average_return                     85.6536
average_return                     88.7355
average_return                     85.6711
average_return                     92.7695
average_return                     89.4901
average_return                     81.3358
average_return                     89.4012
average_return                     68.6897
  "arch": "4096-4096",
  "offline_ratio": 0.0,
  "seed": 2,
average_return                    76.5848
average_return                    95.9851
average_return                    91.4003
average_return                    90.13
average_return                    70.5483
average_return                    88.9983
average_return                    88.5924
average_return                    78.8598
average_return                    68.3219
average_return                     67.4466
average_return                     56.8855
average_return                     65.4115
average_return                     68.4979
average_return                     70.0898
average_return                     73.7444
average_return                     70.5296
average_return                     72.3637
average_return                     77.5858
average_return                     72.9759
average_return                     79.7871
average_return                     77.9472
average_return                     75.5449
average_return                     77.5075
average_return                     78.5863
average_return                     76.4831
average_return                     76.4779
average_return                     74.0553
average_return                     74.1058
average_return                     74.2435
average_return                     75.9611
average_return                     71.5074
average_return                     69.8369
average_return                     74.759
average_return                     68.4743
average_return                     70.9966
average_return                     73.3075
average_return                     73.8458
average_return                     71.3427
average_return                     73.6423
average_return                     68.7113
average_return                     68.3369
average_return                     71.2385
average_return                     71.405
average_return                     68.8603
average_return                     68.9226
average_return                     68.3882
average_return                     69.2642
average_return                     66.702
average_return                     68.2477
average_return                     67.3516
  "arch": "4096-4096",
  "offline_ratio": 0.0,
  "seed": 3,
average_return                   100.263
average_return                    96.8258
average_return                    83.7616
average_return                    98.5429
average_return                    89.0155
average_return                    83.7634
average_return                    96.3055
average_return                    94.1097
average_return                    97.4942
average_return                     81.9543
average_return                    101.107
average_return                    100.613
average_return                     99.4548
average_return                     93.9491
average_return                     91.9374
average_return                     90.7982
average_return                     89.4546
average_return                     91.6373
average_return                     92.5446
average_return                     91.743
average_return                     93.9657
average_return                     94.674
average_return                     94.7896
average_return                     83.1735
average_return                     96.8106
average_return                     88.8376
average_return                     96.8619
average_return                    105.554
average_return                    104.937
average_return                     93.6916
average_return                     98.0165
average_return                     88.8808
average_return                    100.358
average_return                     91.0063
average_return                     94.3665
average_return                     97.4053
average_return                     96.7954
average_return                     73.5009
average_return                    100.579
average_return                    106.956
average_return                     90.2229
average_return                     99.2232
average_return                    105.599
average_return                     96.3057
average_return                     97.5186
average_return                    100.139
average_return                     99.2134
average_return                     97.4059
average_return                     94.9006
average_return                     95.0316
