  "arch": "512-512",
  "offline_ratio": 0.0,
  "seed": 0,
average_return                    87.3373
average_return                    99.4883
average_return                    88.3103
average_return                    96.9791
average_return                    88.4559
average_return                    93.6082
average_return                    92.7754
average_return                    79.7269
average_return                    97.3341
average_return                     93.4227
average_return                     83.1898
average_return                     75.8857
average_return                     78.2381
average_return                     75.7372
average_return                     73.2441
average_return                     67.5965
average_return                     77.3178
average_return                     63.1426
average_return                     57.2217
average_return                     59.0329
average_return                     65.2647
average_return                     69.7373
average_return                     75.1535
average_return                     69.224
average_return                     72.9817
average_return                     63.2579
average_return                     74.0919
average_return                     70.6151
average_return                     78.6782
average_return                     71.7533
average_return                     54.0635
average_return                     66.2054
average_return                     71.588
average_return                     72.127
average_return                     69.4054
average_return                     74.8503
average_return                     72.2557
average_return                     68.8235
average_return                     74.7287
average_return                     71.1912
average_return                     68.4715
average_return                     75.6385
average_return                     75.5588
average_return                     72.9205
average_return                     74.2734
average_return                     70.5191
average_return                     77.5536
average_return                     60.4783
average_return                     77.9551
average_return                     77.2169
  "arch": "512-512",
  "offline_ratio": 0.0,
  "seed": 1,
average_return                    63.9295
average_return                    51.8052
average_return                    94.9217
average_return                    93.0585
average_return                    96.4568
average_return                    91.4759
average_return                    74.2525
average_return                    93.234
average_return                    87.4629
average_return                     96.7728
average_return                     94.2774
average_return                     98.619
average_return                     71.7951
average_return                     84.7468
average_return                     86.8941
average_return                     92.0559
average_return                     89.046
average_return                     91.2673
average_return                     90.4676
average_return                     61.2547
average_return                     77.9742
average_return                     68.8221
average_return                     67.2015
average_return                     88.0435
average_return                     69.7873
average_return                     78.1758
average_return                     86.5336
average_return                     94.1939
average_return                     93.7101
average_return                     80.6786
average_return                     90.0135
average_return                     93.4484
average_return                     91.2807
average_return                     86.5857
average_return                     89.1018
average_return                     87.8149
average_return                     88.1735
average_return                     92.9749
average_return                     92.403
average_return                     85.5152
average_return                     93.905
average_return                     95.9886
average_return                     90.6792
average_return                     77.0385
average_return                     86.2138
average_return                     88.2821
average_return                     93.0378
average_return                     89.8407
average_return                     87.4244
average_return                     82.1959
  "arch": "512-512",
  "offline_ratio": 0.0,
  "seed": 2,
average_return                    71.2446
average_return                    91.2091
average_return                    86.505
average_return                    79.4693
average_return                    91.4054
average_return                    82.2217
average_return                    72.4504
average_return                    76.9058
average_return                    75.7554
average_return                     78.0991
average_return                     71.9518
average_return                     70.316
average_return                     69.4656
average_return                     72.9008
average_return                     74.8367
average_return                     70.233
average_return                     81.8061
average_return                     85.8937
average_return                     83.0742
average_return                     75.6443
average_return                     75.822
average_return                     73.7117
average_return                     72.4893
average_return                     74.7005
average_return                     73.8393
average_return                     75.1008
average_return                     80.0563
average_return                     71.8334
average_return                     59.5435
average_return                     64.9264
average_return                     44.9167
average_return                     60.5914
average_return                     65.8239
average_return                     56.7597
average_return                     75.892
average_return                     61.0855
average_return                     69.0907
average_return                     72.0637
average_return                     72.5198
average_return                     69.5427
average_return                     79.5878
average_return                     82.0321
average_return                     85.508
average_return                     92.7867
average_return                     79.6683
average_return                     85.0564
average_return                     84.9838
average_return                     75.0338
average_return                     89.8822
average_return                     82.8675
  "arch": "512-512",
  "offline_ratio": 0.0,
  "seed": 3,
average_return                    92.854
average_return                   104.087
average_return                    86.2101
average_return                    91.5845
average_return                    89.9021
average_return                    91.5228
average_return                    83.7874
average_return                    84.5797
average_return                    88.9599
average_return                     84.5089
average_return                     88.7573
average_return                     88.1286
average_return                     93.3081
average_return                     92.3677
average_return                     94.8243
average_return                     92.8605
average_return                     91.2849
average_return                     98.9955
average_return                    100.488
average_return                     96.1904
average_return                     95.0647
average_return                     93.9865
average_return                     94.1549
average_return                     92.7401
average_return                     91.8639
average_return                     92.2622
average_return                     96.7872
average_return                     93.8231
average_return                     99.3597
average_return                     93.1021
average_return                     96.0496
average_return                     90.9106
average_return                     92.9495
average_return                     99.2405
average_return                     97.5049
average_return                     99.2129
average_return                    102.227
average_return                    101.938
average_return                     99.609
average_return                     94.2203
average_return                    100.733
average_return                     94.5448
average_return                    102.311
average_return                     97.2918
average_return                     89.951
average_return                     90.126
average_return                     93.6207
average_return                     89.7431
average_return                     86.9628
average_return                     86.5722
