  "arch": "512-512-512-512",
  "offline_ratio": 0.0,
  "seed": 0,
average_return                    93.0505
average_return                    96.6858
average_return                    91.7018
average_return                    93.1823
average_return                    85.9084
average_return                    85.8567
average_return                    83.2354
average_return                    84.4399
average_return                    85.8831
average_return                     81.1334
average_return                     75.1538
average_return                     84.3309
average_return                     78.4994
average_return                     69.3909
average_return                     78.7785
average_return                     75.2306
average_return                     77.5399
average_return                     70.9964
average_return                     82.7302
average_return                     73.3934
average_return                     82.7488
average_return                     82.0665
average_return                     73.105
average_return                     75.8613
average_return                     77.928
average_return                     76.0212
average_return                     76.0829
average_return                     82.4531
average_return                     78.4807
average_return                     75.5868
average_return                     74.6384
average_return                     75.8621
average_return                     63.5758
average_return                     78.5417
average_return                     57.9174
average_return                     83.9322
average_return                     81.4207
average_return                     80.5275
average_return                     78.9073
average_return                     79.0715
average_return                     86.8815
average_return                     77.8366
average_return                     83.747
average_return                     78.8327
average_return                     85.7867
average_return                     81.8244
average_return                     68.4304
average_return                     83.331
average_return                     74.6215
average_return                     76.655
  "arch": "512-512-512-512",
  "offline_ratio": 0.0,
  "seed": 1,
average_return                    91.0329
average_return                    83.9311
average_return                    91.8446
average_return                    93.1431
average_return                    88.7136
average_return                    84.6705
average_return                    87.7357
average_return                    85.2407
average_return                    92.3204
average_return                     64.564
average_return                     90.1285
average_return                     92.7617
average_return                     94.3367
average_return                     95.4834
average_return                     88.5395
average_return                     90.2732
average_return                     89.532
average_return                     93.0218
average_return                     94.4248
average_return                     87.6321
average_return                     82.2109
average_return                     77.4355
average_return                     82.6378
average_return                     90.2893
average_return                     82.382
average_return                     86.2199
average_return                     88.3343
average_return                     91.8356
average_return                     94.038
average_return                     85.8591
average_return                     93.1116
average_return                     96.5676
average_return                     84.4958
average_return                     87.0817
average_return                     87.4927
average_return                     90.3201
average_return                     87.051
average_return                     92.9477
average_return                     89.8984
average_return                     90.314
average_return                     89.4169
average_return                     87.2242
average_return                     95.2945
average_return                     84.9124
average_return                     92.5919
average_return                     91.4962
average_return                     89.2403
average_return                     89.3471
average_return                     82.8058
average_return                     74.1114
  "arch": "512-512-512-512",
  "offline_ratio": 0.0,
  "seed": 2,
average_return                    91.9183
average_return                    86.5016
average_return                    89.8656
average_return                    92.8472
average_return                    87.7582
average_return                    87.8084
average_return                    87.3267
average_return                    79.5067
average_return                    74.1354
average_return                     72.4414
average_return                     66.5928
average_return                     69.982
average_return                     77.2472
average_return                     77.6902
average_return                     71.6663
average_return                     77.9056
average_return                     76.0802
average_return                     71.1356
average_return                     72.6166
average_return                     78.8765
average_return                     81.1686
average_return                     76.9416
average_return                     72.8124
average_return                     69.1195
average_return                     72.3978
average_return                     73.471
average_return                     75.0058
average_return                     73.2482
average_return                     73.1168
average_return                     74.6128
average_return                     73.078
average_return                     70.9428
average_return                     66.9914
average_return                     68.5715
average_return                     66.61
average_return                     71.3566
average_return                     61.4997
average_return                     63.6452
average_return                     66.7548
average_return                     70.0434
average_return                     61.0836
average_return                     65.2679
average_return                     66.68
average_return                     65.9719
average_return                     64.431
average_return                     63.1383
average_return                     66.9059
average_return                     72.0335
average_return                     65.939
average_return                     62.1089
  "arch": "512-512-512-512",
  "offline_ratio": 0.0,
  "seed": 3,
average_return                    96.613
average_return                   103.939
average_return                    87.8293
average_return                    90.0245
average_return                    92.6385
average_return                   100.392
average_return                    90.6216
average_return                    88.9038
average_return                    95.5345
average_return                     65.887
average_return                     68.8684
average_return                     87.6637
average_return                     93.3226
average_return                     94.1518
average_return                     93.1425
average_return                     93.7325
average_return                     94.9751
average_return                     94.6333
average_return                     86.7959
average_return                     82.1734
average_return                     87.1625
average_return                     81.624
average_return                     92.5088
average_return                     89.1372
average_return                     95.9042
average_return                     93.928
average_return                     91.9808
average_return                     92.3729
average_return                     95.1812
average_return                     96.137
average_return                     95.1416
average_return                     95.2426
average_return                     94.7716
average_return                     94.1382
average_return                     93.7453
average_return                     93.5923
average_return                     92.7988
average_return                     90.5449
average_return                     89.6202
average_return                     89.3195
average_return                     91.0649
average_return                     94.1873
average_return                     89.2596
average_return                     88.0217
average_return                     88.3984
average_return                     87.0234
average_return                     94.3599
average_return                     92.9146
average_return                     90.3729
average_return                     89.8511
