  "arch": "128-128-128-128",
  "offline_ratio": 0.0,
  "seed": 0,
average_return                    89.996
average_return                    92.1704
average_return                    79.8735
average_return                    86.6502
average_return                    69.4002
average_return                    88.8203
average_return                    96.1652
average_return                    68.0051
average_return                    99.356
average_return                     85.1482
average_return                     74.3593
average_return                     73.9537
average_return                     71.3932
average_return                     69.1807
average_return                     71.3125
average_return                     72.6426
average_return                     71.5545
average_return                     73.3841
average_return                     78.3573
average_return                     75.2328
average_return                     66.204
average_return                     69.2336
average_return                     73.879
average_return                     70.0176
average_return                     71.4769
average_return                     67.6517
average_return                     62.614
average_return                     69.8574
average_return                     81.2334
average_return                     84.8783
average_return                     75.6103
average_return                     79.0662
average_return                     65.8121
average_return                     75.5244
average_return                     73.7408
average_return                     62.5602
average_return                     77.4097
average_return                     69.8681
average_return                     76.4829
average_return                     47.7638
average_return                     61.1462
average_return                     62.3699
average_return                     70.7044
average_return                     72.686
average_return                     67.9655
average_return                     77.7822
average_return                     81.6446
average_return                     76.6839
average_return                     78.0855
average_return                     81.6395
  "arch": "128-128-128-128",
  "offline_ratio": 0.0,
  "seed": 1,
average_return                    55.7588
average_return                    85.6877
average_return                    98.3178
average_return                    94.2923
average_return                    91.9333
average_return                    83.0987
average_return                    96.863
average_return                    86.2598
average_return                    89.2533
average_return                     95.6597
average_return                     88.5788
average_return                     87.0894
average_return                     87.7677
average_return                     92.9364
average_return                     93.4096
average_return                     93.5135
average_return                     92.1864
average_return                     90.8853
average_return                     88.3419
average_return                     90.2655
average_return                     84.9935
average_return                     93.9685
average_return                     92.5633
average_return                     91.0932
average_return                     91.2539
average_return                     91.0067
average_return                     88.4629
average_return                    101.709
average_return                     83.2675
average_return                     99.3583
average_return                     92.9901
average_return                     94.8223
average_return                     91.3262
average_return                     91.49
average_return                     92.7931
average_return                     95.4946
average_return                     99.8403
average_return                     97.4537
average_return                     91.0935
average_return                     97.3769
average_return                     92.8388
average_return                     96.4435
average_return                     90.8259
average_return                     86.3731
average_return                     96.7081
average_return                     91.9528
average_return                     92.3933
average_return                    101.16
average_return                     94.0713
average_return                     99.3946
  "arch": "128-128-128-128",
  "offline_ratio": 0.0,
  "seed": 2,
average_return                   102.96
average_return                    89.2664
average_return                    97.2879
average_return                    76.4494
average_return                    97.3949
average_return                    85.7412
average_return                    81.9475
average_return                    96.0153
average_return                    68.8659
average_return                     67.0133
average_return                     78.3845
average_return                     45.8773
average_return                     56.1833
average_return                     74.0708
average_return                     67.9501
average_return                     74.1324
average_return                     75.4029
average_return                     71.6417
average_return                     69.4832
average_return                     74.6212
average_return                     70.6316
average_return                     76.2147
average_return                     75.4945
average_return                     77.5654
average_return                     79.0982
average_return                     77.8364
average_return                     75.7743
average_return                     75.681
average_return                     75.3542
average_return                     78.0378
average_return                     70.3898
average_return                     77.43
average_return                     75.8846
average_return                     73.5031
average_return                     70.8248
average_return                     73.2227
average_return                     73.4833
average_return                     73.4727
average_return                     74.265
average_return                     72.9597
average_return                     74.9063
average_return                     74.3009
average_return                     71.4262
average_return                     70.1469
average_return                     70.5224
average_return                     67.8807
average_return                     71.9303
average_return                     69.9814
average_return                     71.8975
average_return                     69.7074
  "arch": "128-128-128-128",
  "offline_ratio": 0.0,
  "seed": 3,
average_return                   101.259
average_return                    90.6076
average_return                    74.6165
average_return                    86.5745
average_return                    87.1164
average_return                    89.1575
average_return                    91.5689
average_return                    87.4106
average_return                    93.7425
average_return                     89.4542
average_return                     88.9791
average_return                     83.7046
average_return                     84.4707
average_return                     88.3603
average_return                     87.2094
average_return                     92.9018
average_return                     88.9705
average_return                     91.5614
average_return                     90.574
average_return                     88.6362
average_return                     86.9769
average_return                     93.5367
average_return                     93.0592
average_return                     87.6826
average_return                     90.8152
average_return                     89.8235
average_return                    102.61
average_return                     90.5527
average_return                     96.1577
average_return                     96.4231
average_return                     90.2286
average_return                     90.3768
average_return                     95.3373
average_return                     96.9756
average_return                     91.0574
average_return                     98.051
average_return                     95.8473
average_return                     98.5481
average_return                     91.7287
average_return                     98.2913
average_return                     97.4925
average_return                     95.3987
average_return                     94.6932
average_return                     96.5901
average_return                     96.5238
average_return                     95.4357
average_return                     90.5489
average_return                     92.0308
average_return                     97.1724
average_return                     97.0651
