  "arch": "512-512",
  "offline_ratio": 1.0,
  "seed": 0,
average_return                    51.3546
average_return                    68.4176
average_return                    62.0384
average_return                    61.063
average_return                    57.8657
average_return                    60.6806
average_return                    57.4728
average_return                    70.9978
average_return                    58.8847
average_return                     57.0648
average_return                     59.6566
average_return                     56.4071
average_return                     52.7448
average_return                     54.1574
average_return                     62.9856
average_return                     57.1647
average_return                     64.084
average_return                     64.1874
average_return                     74.2641
average_return                     81.7297
average_return                     77.4507
average_return                     81.936
average_return                     88.265
average_return                     84.031
average_return                     94.1363
average_return                     94.1088
average_return                     86.8011
average_return                     98.8997
average_return                     98.1277
average_return                     95.6576
average_return                     97.733
average_return                     96.0605
average_return                     94.5499
average_return                     96.9924
average_return                     97.1292
average_return                     98.2814
average_return                     97.6814
average_return                     97.8641
average_return                     96.8435
average_return                    100.142
average_return                    100.992
average_return                    105.209
average_return                    104.945
average_return                    101.295
average_return                     97.833
average_return                    107.48
average_return                     97.0534
average_return                     86.5924
average_return                     91.495
average_return                     96.4846
  "arch": "512-512",
  "offline_ratio": 1.0,
  "seed": 1,
average_return                    87.5367
average_return                    74.2724
average_return                    62.8536
average_return                    59.6096
average_return                    61.5609
average_return                    59.3205
average_return                    72.0672
average_return                    51.6771
average_return                    62.9798
average_return                     66.0743
average_return                     65.0156
average_return                     48.5723
average_return                     54.8776
average_return                     28.6729
average_return                     35.7083
average_return                     25.8156
average_return                     77.2334
average_return                     86.9198
average_return                     88.5147
average_return                     96.3944
average_return                     97.4188
average_return                     96.662
average_return                     95.8386
average_return                     96.2528
average_return                     95.7076
average_return                     96.28
average_return                     95.9217
average_return                     97.2907
average_return                     96.6239
average_return                     95.2566
average_return                     94.8388
average_return                     94.8852
average_return                     96.277
average_return                     95.1689
average_return                     96.8135
average_return                     96.0065
average_return                     94.6307
average_return                     96.126
average_return                     97.0941
average_return                     94.6818
average_return                     95.1788
average_return                     96.0805
average_return                     93.8542
average_return                     92.752
average_return                     92.7796
average_return                     95.1406
average_return                     93.7069
average_return                     91.6782
average_return                     91.5124
average_return                     93.7127
  "arch": "512-512",
  "offline_ratio": 1.0,
  "seed": 2,
average_return                    81.2519
average_return                    76.5901
average_return                    61.7237
average_return                    59.2163
average_return                    65.1154
average_return                    59.7575
average_return                    62.5609
average_return                    60.3539
average_return                    66.791
average_return                     64.017
average_return                     81.3571
average_return                     63.3812
average_return                     50.1318
average_return                     49.1816
average_return                     47.441
average_return                     71.9802
average_return                     81.5137
average_return                     88.1432
average_return                     81.6795
average_return                     93.9886
average_return                     83.8028
average_return                     95.4145
average_return                     94.491
average_return                     94.5676
average_return                     95.3236
average_return                     94.2945
average_return                     95.0787
average_return                     95.0142
average_return                     97.2913
average_return                     95.811
average_return                     95.0677
average_return                     96.6718
average_return                     96.6387
average_return                     99.9039
average_return                     95.9679
average_return                     93.0947
average_return                     85.5601
average_return                    101.406
average_return                     96.8974
average_return                     87.295
average_return                    100.974
average_return                     94.7096
average_return                     92.8354
average_return                     99.6384
average_return                     96.051
average_return                    103.611
average_return                     99.2398
average_return                    100.259
average_return                    105.154
average_return                    102.069
  "arch": "512-512",
  "offline_ratio": 1.0,
  "seed": 3,
average_return                    81.9933
average_return                    73.0979
average_return                    64.9148
average_return                    64.4337
average_return                    61.3836
average_return                    67.0674
average_return                    67.0714
average_return                    64.0706
average_return                    70.1342
average_return                     54.491
average_return                     60.1044
average_return                     48.1842
average_return                     44.1562
average_return                     74.5624
average_return                     82.8654
average_return                     71.2849
average_return                     80.9763
average_return                     86.6565
average_return                     88.8722
average_return                     94.3153
average_return                     84.9995
average_return                     92.7806
average_return                     92.8276
average_return                     93.3336
average_return                     92.6236
average_return                     92.7198
average_return                     94.9842
average_return                     94.2014
average_return                     92.5048
average_return                     92.6138
average_return                     92.315
average_return                     93.4002
average_return                     93.0282
average_return                     92.5727
average_return                     93.0151
average_return                     93.305
average_return                     94.5638
average_return                     95.778
average_return                     97.8699
average_return                     99.8945
average_return                    100.439
average_return                     98.3587
average_return                     99.0592
average_return                     98.7595
average_return                    100.116
average_return                     99.9377
average_return                     98.5012
average_return                     96.7071
average_return                     96.4196
average_return                     93.4135
