  "arch": "128-128-128-128",
  "offline_ratio": 1.0,
  "seed": 0,
average_return                    70.8091
average_return                    74.3413
average_return                    64.7757
average_return                    65.7166
average_return                    64.8653
average_return                    47.8457
average_return                    41.1187
average_return                    62.2691
average_return                    84.2128
average_return                     88.4441
average_return                     71.5724
average_return                     31.8237
average_return                     26.4112
average_return                     43.7948
average_return                     57.7289
average_return                     63.0073
average_return                     64.6994
average_return                     43.3797
average_return                     42.1225
average_return                     75.8395
average_return                     92.6473
average_return                     94.8304
average_return                     99.59
average_return                    101.746
average_return                     97.5921
average_return                    100.898
average_return                    101.168
average_return                    102.016
average_return                    103.002
average_return                    102.447
average_return                    101.636
average_return                    105.189
average_return                     98.3256
average_return                    104.266
average_return                    101.647
average_return                    102.76
average_return                    101.288
average_return                    100.047
average_return                    100.57
average_return                     98.9927
average_return                    100.928
average_return                    100.773
average_return                    102.206
average_return                     98.3836
average_return                    103.566
average_return                    104.171
average_return                     97.038
average_return                    102.989
average_return                     97.3711
average_return                     99.9436
  "arch": "128-128-128-128",
  "offline_ratio": 1.0,
  "seed": 1,
average_return                    70.4177
average_return                    60.7358
average_return                    62.9466
average_return                    70.2248
average_return                    64.6751
average_return                    63.696
average_return                    83.3571
average_return                    78.6351
average_return                    70.4263
average_return                     88.4366
average_return                     62.8935
average_return                     75.5252
average_return                     67.2786
average_return                     55.8695
average_return                     66.7662
average_return                     56.1108
average_return                     36.3621
average_return                     49.064
average_return                     79.6642
average_return                     98.4581
average_return                     75.4997
average_return                     69.3979
average_return                     95.3524
average_return                     95.3594
average_return                     95.0806
average_return                     95.4649
average_return                     91.8628
average_return                     97.4018
average_return                    103.516
average_return                    103.204
average_return                     95.5405
average_return                     96.9429
average_return                    104.179
average_return                    104.263
average_return                     96.7842
average_return                     95.5831
average_return                     96.1123
average_return                     99.794
average_return                     95.6766
average_return                     93.3801
average_return                     99.7734
average_return                     93.1678
average_return                     97.4315
average_return                     94.3027
average_return                     97.4086
average_return                     99.5229
average_return                     93.8362
average_return                     96.4652
average_return                    100.402
average_return                     97.3029
  "arch": "128-128-128-128",
  "offline_ratio": 1.0,
  "seed": 2,
average_return                    66.561
average_return                    65.6953
average_return                    64.0962
average_return                    68.4694
average_return                    70.7451
average_return                    56.381
average_return                    53.351
average_return                    77.8684
average_return                    48.0718
average_return                     73.6357
average_return                     61.3616
average_return                     72.4671
average_return                     66.5967
average_return                     52.6402
average_return                     63.8202
average_return                     68.755
average_return                     77.3249
average_return                     76.305
average_return                     83.9263
average_return                     75.7668
average_return                     93.8229
average_return                     93.7658
average_return                     95.7928
average_return                     97.9061
average_return                    100.648
average_return                    100.373
average_return                     98.2583
average_return                     92.1091
average_return                     97.4875
average_return                     99.3044
average_return                    100.779
average_return                     94.4699
average_return                     98.5948
average_return                     95.5524
average_return                     98.0602
average_return                     97.3425
average_return                     96.0727
average_return                     95.9657
average_return                     99.1669
average_return                     98.9442
average_return                     95.8802
average_return                     94.4576
average_return                     94.5998
average_return                     96.0206
average_return                     94.7554
average_return                     94.9063
average_return                     93.2594
average_return                     92.5999
average_return                     92.181
average_return                     92.0163
  "arch": "128-128-128-128",
  "offline_ratio": 1.0,
  "seed": 3,
average_return                    80.5099
average_return                    66.7553
average_return                    62.3879
average_return                    66.988
average_return                    67.5132
average_return                    81.2576
average_return                    82.1183
average_return                    93.0557
average_return                    92.4684
average_return                     96.9343
average_return                     88.4134
average_return                     82.8508
average_return                     82.9105
average_return                     92.1742
average_return                     92.8353
average_return                     90.8662
average_return                     82.673
average_return                     92.7334
average_return                     92.7592
average_return                     90.9828
average_return                     91.1354
average_return                     92.6201
average_return                     94.474
average_return                     94.5726
average_return                     96.2771
average_return                     98.4269
average_return                    100.514
average_return                     97.9396
average_return                     97.8635
average_return                     97.5105
average_return                     95.7918
average_return                     97.5784
average_return                     96.672
average_return                     94.96
average_return                     95.9061
average_return                     92.7463
average_return                     93.6924
average_return                     93.8842
average_return                     91.4489
average_return                     90.233
average_return                     93.0491
average_return                     91.3568
average_return                     93.2797
average_return                     92.4753
average_return                     95.0539
average_return                     93.1855
average_return                     91.2158
average_return                     92.0168
average_return                     91.8707
average_return                     93.5142
