  "arch": "1024-1024",
  "offline_ratio": 1.0,
  "seed": 0,
average_return                    88.1127
average_return                    73.4745
average_return                    70.1308
average_return                    68.141
average_return                    62.9441
average_return                    67.6342
average_return                    62.8831
average_return                    67.0257
average_return                    63.7058
average_return                     79.5183
average_return                     72.9361
average_return                     65.8162
average_return                     71.817
average_return                     66.4844
average_return                     75.2379
average_return                     78.6296
average_return                     79.4281
average_return                     90.8483
average_return                     91.9375
average_return                     94.939
average_return                     94.9234
average_return                     95.3862
average_return                     94.2865
average_return                     94.3484
average_return                     94.7287
average_return                     92.7576
average_return                     92.4159
average_return                     92.9501
average_return                     93.6103
average_return                     93.3137
average_return                     93.2906
average_return                     94.7906
average_return                     98.5285
average_return                     99.4468
average_return                     98.4647
average_return                     97.8133
average_return                     97.1585
average_return                     93.25
average_return                     91.5733
average_return                     92.4899
average_return                     91.7032
average_return                     92.6855
average_return                     96.2069
average_return                     94.7504
average_return                     97.0636
average_return                     97.0148
average_return                     96.8096
average_return                     98.09
average_return                     99.348
average_return                     96.3234
  "arch": "1024-1024",
  "offline_ratio": 1.0,
  "seed": 1,
average_return                    72.584
average_return                    69.9647
average_return                    61.3169
average_return                    58.5929
average_return                    76.0953
average_return                    61.8483
average_return                    81.0025
average_return                    63.8955
average_return                    60.5408
average_return                     83.8274
average_return                     66.4134
average_return                     77.0955
average_return                     77.6556
average_return                     76.3246
average_return                     85.7277
average_return                     82.552
average_return                     86.3377
average_return                     94.3408
average_return                     92.8431
average_return                     94.8027
average_return                     92.3208
average_return                     93.1636
average_return                     92.3573
average_return                     92.9391
average_return                     92.5169
average_return                     92.0202
average_return                     94.304
average_return                     91.3283
average_return                     90.9972
average_return                     93.6022
average_return                     95.2412
average_return                     93.1792
average_return                     96.2739
average_return                     92.2927
average_return                     95.3604
average_return                     95.3284
average_return                     96.5054
average_return                     97.1605
average_return                     97.1426
average_return                     97.5944
average_return                     97.7683
average_return                     96.7015
average_return                     97.6719
average_return                     95.9963
average_return                     95.9588
average_return                     96.417
average_return                     98.389
average_return                     96.6903
average_return                     98.7127
average_return                     99.2547
  "arch": "1024-1024",
  "offline_ratio": 1.0,
  "seed": 2,
average_return                    79.0268
average_return                    65.6046
average_return                    55.2283
average_return                    63.2153
average_return                    61.9325
average_return                    82.3816
average_return                    71.4544
average_return                    65.1639
average_return                    63.6784
average_return                     63.551
average_return                     72.7809
average_return                     59.1246
average_return                     62.5929
average_return                     74.6456
average_return                     72.2671
average_return                     81.1115
average_return                     86.3869
average_return                     87.0965
average_return                     81.3192
average_return                     84.8008
average_return                     84.4677
average_return                     85.0116
average_return                     89.4133
average_return                     93.9226
average_return                     95.2845
average_return                     93.687
average_return                     95.5674
average_return                     94.7653
average_return                     95.4121
average_return                     96.3409
average_return                     94.4331
average_return                     94.1095
average_return                     95.0138
average_return                     94.2042
average_return                     92.744
average_return                     92.1974
average_return                     91.4148
average_return                     92.9263
average_return                     92.1437
average_return                     91.6393
average_return                     90.1254
average_return                     90.7974
average_return                     91.84
average_return                     90.6466
average_return                     90.3305
average_return                     91.0316
average_return                     95.766
average_return                     92.9046
average_return                     95.9459
average_return                     97.426
  "arch": "1024-1024",
  "offline_ratio": 1.0,
  "seed": 3,
average_return                    71.9659
average_return                    63.3006
average_return                    58.767
average_return                    57.126
average_return                    73.1605
average_return                    80.5201
average_return                    64.4908
average_return                    60.8437
average_return                    61.5462
average_return                     67.1333
average_return                     65.1854
average_return                     75.705
average_return                     77.1115
average_return                     73.1213
average_return                     80.6245
average_return                     82.9302
average_return                     76.8276
average_return                     88.9346
average_return                     88.1003
average_return                     87.5477
average_return                     87.036
average_return                     92.4271
average_return                     90.3429
average_return                     90.9961
average_return                     94.2022
average_return                     91.4296
average_return                     90.6526
average_return                     90.0961
average_return                     88.3576
average_return                     90.6732
average_return                     89.3523
average_return                     91.7307
average_return                     89.9759
average_return                     90.6555
average_return                     90.8648
average_return                     90.6308
average_return                     94.1641
average_return                     95.1753
average_return                     95.9442
average_return                     96.3208
average_return                     94.517
average_return                     91.3198
average_return                     86.9619
average_return                     87.3147
average_return                     84.6474
average_return                     87.0122
average_return                     89.1598
average_return                     88.9424
average_return                     92.1586
average_return                     91.0457
