  "arch": "2048-2048-2048-2048",
  "offline_ratio": 1.0,
  "seed": 0,
average_return                    89.3382
average_return                    96.3371
average_return                    95.8564
average_return                    94.6041
average_return                    44.2031
average_return                    52.6393
average_return                    46.4593
average_return                    58.376
average_return                    63.864
average_return                     55.486
average_return                     52.6518
average_return                     48.2295
average_return                     47.7859
average_return                     40.5651
average_return                     54.8717
average_return                     47.19
average_return                     58.709
average_return                     53.9728
average_return                     55.8832
average_return                     52.4807
average_return                     45.608
average_return                     43.7235
average_return                     52.4365
average_return                     44.9619
average_return                     47.0478
average_return                     50.1707
average_return                     31.2881
average_return                     41.5013
average_return                     58.2606
average_return                     51.9601
average_return                     49.3352
average_return                     63.6041
average_return                     68.1604
average_return                    105.7
average_return                    104.877
average_return                     103.694
average_return                      97.515
average_return                    100.083
average_return                    103.656
average_return                    103.843
average_return                    102.193
average_return                    102.621
average_return                     98.309
average_return                     99.9606
average_return                     99.5124
average_return                    104.926
average_return                    101.862
average_return                     98.809
average_return                     97.2402
average_return                    106.719
  "arch": "2048-2048-2048-2048",
  "offline_ratio": 1.0,
  "seed": 1,
average_return                    83.3002
average_return                    98.6861
average_return                    87.9023
average_return                    77.1792
average_return                    73.5518
average_return                    69.0511
average_return                    50.2972
average_return                    74.6625
average_return                    71.0347
average_return                     76.3308
average_return                     59.0672
average_return                     51.8376
average_return                     61.2691
average_return                     60.2662
average_return                     59.1198
average_return                     56.1348
average_return                     65.6829
average_return                     63.5281
average_return                     63.5055
average_return                     56.8375
average_return                     20.3807
average_return                     75.2177
average_return                     65.3352
average_return                    101.199
average_return                     93.7045
average_return                    103.408
average_return                     97.3087
average_return                    101.269
average_return                     98.0296
average_return                     99.3143
average_return                     94.8416
average_return                     96.7475
average_return                     99.741
average_return                     94.0112
average_return                     93.8244
average_return                     96.06
average_return                     90.6322
average_return                     91.0708
average_return                     91.498
average_return                     68.4049
average_return                     94.0015
average_return                     99.0089
average_return                    102.283
average_return                    101.592
average_return                     97.4587
average_return                     99.5336
average_return                    102.746
average_return                    106.828
average_return                     63.5314
average_return                     56.3435
  "arch": "2048-2048-2048-2048",
  "offline_ratio": 1.0,
  "seed": 2,
average_return                    52.4796
average_return                    89.6045
average_return                    45.4245
average_return                    59.9861
average_return                    84.9536
average_return                   102.974
average_return                    77.0118
average_return                    54.8232
average_return                    53.3164
average_return                     60.9462
average_return                     54.1464
average_return                     71.9692
average_return                     64.1698
average_return                     54.139
average_return                     57.7841
average_return                     65.3003
average_return                     58.4696
average_return                     55.4631
average_return                     39.352
average_return                     48.4729
average_return                     48.657
average_return                     49.2015
average_return                     54.2699
average_return                     66.3336
average_return                     62.7923
average_return                     53.8624
average_return                     67.432
average_return                     71.2953
average_return                     73.0758
average_return                     95.5779
average_return                     92.3939
average_return                     91.9425
average_return                      90.5928
average_return                    103.452
average_return                     100.642
average_return                     99.8538
average_return                     93.5918
average_return                    103.1
average_return                     96.8005
average_return                     95.6894
average_return                     90.0117
average_return                    107.755
average_return                    103.741
average_return                    100.797
average_return                      99.5857
average_return                     98.7151
average_return                     97.4449
average_return                    101.511
average_return                     94.4913
average_return                    101.77
  "arch": "2048-2048-2048-2048",
  "offline_ratio": 1.0,
  "seed": 3,
average_return                   101.304
average_return                    83.5661
average_return                    54.4778
average_return                    66.5785
average_return                    94.4675
average_return                    94.2202
average_return                    89.5104
average_return                    87.9795
average_return                    89.53
average_return                     41.9545
average_return                     42.0683
average_return                     41.5892
average_return                     38.0216
average_return                     48.7385
average_return                     49.1989
average_return                     44.3726
average_return                     37.358
average_return                     41.109
average_return                     40.1163
average_return                     44.6513
average_return                     47.1724
average_return                     46.9405
average_return                     53.9617
average_return                     52.5515
average_return                     54.2846
average_return                     70.0793
average_return                     64.8302
average_return                     75.2104
average_return                     66.6685
average_return                    101.582
average_return                    101.584
average_return                     99.7666
average_return                     92.6806
average_return                    107.926
average_return                    105.763
average_return                      99.0358
average_return                     108.545
average_return                      95.5283
average_return                      98.0096
average_return                      97.5075
average_return                     107.31
average_return                     102.793
average_return                     105.174
average_return                     101.806
average_return                     103.62
average_return                     100.19
average_return                     102.133
average_return                     107.399
average_return                     106.508
average_return                      95.5458
