  "arch": "512-512-512-512",
  "offline_ratio": 1.0,
  "seed": 0,
average_return                    53.5039
average_return                    52.9002
average_return                    56.6563
average_return                    51.5978
average_return                    74.1294
average_return                    69.219
average_return                    48.6458
average_return                    51.6621
average_return                    50.176
average_return                     55.6723
average_return                     53.4158
average_return                     44.7459
average_return                     53.7716
average_return                     29.9039
average_return                     56.1506
average_return                     68.5143
average_return                     63.4482
average_return                     60.801
average_return                     60.6909
average_return                     68.037
average_return                     91.1062
average_return                     92.0689
average_return                     82.7548
average_return                     97.0854
average_return                     97.8777
average_return                    107.492
average_return                     84.668
average_return                     95.7664
average_return                     92.1716
average_return                     95.0949
average_return                     94.5243
average_return                     97.6687
average_return                    101.922
average_return                    103.396
average_return                     99.2022
average_return                     98.9019
average_return                     98.8731
average_return                     98.9835
average_return                     92.0805
average_return                     97.2461
average_return                    101.128
average_return                    101.916
average_return                    101.684
average_return                    104.008
average_return                    105.404
average_return                    109.284
average_return                    104.892
average_return                    112.145
average_return                    106.075
average_return                    102.041
  "arch": "512-512-512-512",
  "offline_ratio": 1.0,
  "seed": 1,
average_return                    68.0815
average_return                    89.7248
average_return                    60.7981
average_return                    80.5215
average_return                    88.7696
average_return                    86.661
average_return                    94.3232
average_return                    81.5311
average_return                    92.9674
average_return                     84.3219
average_return                     91.0336
average_return                     62.9569
average_return                     58.4376
average_return                     56.3138
average_return                     68.3388
average_return                     63.2333
average_return                     80.6231
average_return                     94.8709
average_return                     85.4216
average_return                     71.6341
average_return                     82.8878
average_return                     70.1254
average_return                     74.8135
average_return                     78.8402
average_return                     86.7088
average_return                     74.5328
average_return                     98.6571
average_return                    112.795
average_return                    101.703
average_return                     97.5621
average_return                    101.095
average_return                     96.349
average_return                     95.2036
average_return                    107.089
average_return                    102.974
average_return                    104.827
average_return                     96.4873
average_return                     91.9988
average_return                     95.1847
average_return                     96.5836
average_return                     96.2552
average_return                     95.6697
average_return                     98.681
average_return                     99.9435
average_return                     94.4083
average_return                     96.407
average_return                     98.0635
average_return                    104.553
average_return                     97.283
average_return                     94.8217
  "arch": "512-512-512-512",
  "offline_ratio": 1.0,
  "seed": 2,
average_return                    47.8083
average_return                    80.9262
average_return                    52.7334
average_return                    78.0343
average_return                    82.8598
average_return                    65.9513
average_return                    73.1924
average_return                    95.067
average_return                    62.0806
average_return                     64.074
average_return                     57.0507
average_return                     73.8111
average_return                     65.9277
average_return                     65.8497
average_return                     65.9953
average_return                     99.7605
average_return                    101.484
average_return                    106.987
average_return                     80.4827
average_return                     55.2353
average_return                     84.8247
average_return                     85.026
average_return                     71.9296
average_return                     87.3841
average_return                     81.5088
average_return                     79.242
average_return                     51.7306
average_return                     58.2191
average_return                     92.7893
average_return                     68.2747
average_return                     75.1885
average_return                     96.2592
average_return                     95.8779
average_return                    101.083
average_return                     96.3822
average_return                    103.946
average_return                    103.356
average_return                     95.1296
average_return                     96.6221
average_return                     97.6961
average_return                    102.984
average_return                    100.14
average_return                    104.287
average_return                    103.364
average_return                    100.613
average_return                    103.405
average_return                    102.039
average_return                    101.64
average_return                     96.7928
average_return                    100.07
  "arch": "512-512-512-512",
  "offline_ratio": 1.0,
  "seed": 3,
average_return                    71.2823
average_return                    49.9882
average_return                    53.7192
average_return                    85.3823
average_return                    97.8173
average_return                    81.9586
average_return                    82.8183
average_return                    88.8261
average_return                    94.1548
average_return                     92.0274
average_return                     82.012
average_return                     73.0917
average_return                     89.3681
average_return                     79.7287
average_return                     83.9197
average_return                     70.1528
average_return                     74.7749
average_return                     89.5283
average_return                    100.379
average_return                     89.5373
average_return                     84.0678
average_return                     76.48
average_return                     64.7687
average_return                     72.5522
average_return                     83.1752
average_return                     81.3603
average_return                     84.2488
average_return                     89.903
average_return                     97.5784
average_return                     98.4169
average_return                     98.6266
average_return                    101.776
average_return                    103.527
average_return                    105.808
average_return                    100.066
average_return                    110.997
average_return                    101.376
average_return                     98.8238
average_return                     93.7054
average_return                     95.8769
average_return                     92.3537
average_return                     99.0507
average_return                     95.3602
average_return                     90.9439
average_return                    102.877
average_return                     98.8097
average_return                     97.8809
average_return                    100.696
average_return                    102.031
average_return                    103.043
