  "arch": "1024-1024-1024-1024",
  "offline_ratio": 1.0,
  "seed": 0,
average_return                    44.0983
average_return                    85.7545
average_return                    86.877
average_return                    81.2863
average_return                    60.8149
average_return                    60.8126
average_return                    56.7227
average_return                    63.1798
average_return                    62.9646
average_return                     69.8473
average_return                     57.2399
average_return                     60.3944
average_return                     63.6311
average_return                     62.3957
average_return                     67.2146
average_return                     71.3937
average_return                     68.5956
average_return                     71.014
average_return                     55.9347
average_return                     67.0982
average_return                     68.2724
average_return                     72.3019
average_return                     74.1296
average_return                     64.9057
average_return                     68.3888
average_return                     84.5429
average_return                     84.7074
average_return                     71.4806
average_return                     78.5889
average_return                     92.5131
average_return                     78.5727
average_return                     82.4064
average_return                     89.2275
average_return                     97.3162
average_return                     99.816
average_return                    100.929
average_return                    101.028
average_return                    100.718
average_return                    107.834
average_return                    108.112
average_return                    104.976
average_return                    109.44
average_return                    107.737
average_return                     93.0525
average_return                     93.0438
average_return                     96.4972
average_return                     96.5405
average_return                    100.607
average_return                    101.841
average_return                    106.395
  "arch": "1024-1024-1024-1024",
  "offline_ratio": 1.0,
  "seed": 1,
average_return                    64.0364
average_return                    61.0176
average_return                    80.1984
average_return                    61.6875
average_return                    49.767
average_return                    50.9217
average_return                    50.2708
average_return                    50.1263
average_return                    66.2536
average_return                     61.9161
average_return                     45.9363
average_return                     54.6985
average_return                     69.2004
average_return                     72.7237
average_return                     60.4216
average_return                     62.1117
average_return                     73.2877
average_return                     53.2848
average_return                     75.8538
average_return                     72.5765
average_return                     46.9628
average_return                     41.1993
average_return                     62.2179
average_return                     80.0774
average_return                     89.8924
average_return                     62.3564
average_return                     84.2918
average_return                     59.6224
average_return                     79.4599
average_return                     91.4266
average_return                     88.081
average_return                    104.477
average_return                     99.968
average_return                    103.926
average_return                    103.424
average_return                    101.373
average_return                    102.468
average_return                     92.2057
average_return                     84.6536
average_return                     90.9429
average_return                     95.1877
average_return                    102.094
average_return                     99.2218
average_return                    101.024
average_return                     97.3004
average_return                     99.3146
average_return                    100.347
average_return                    100.621
average_return                     98.9566
average_return                     91.7785
  "arch": "1024-1024-1024-1024",
  "offline_ratio": 1.0,
  "seed": 2,
average_return                    84.4976
average_return                    92.2571
average_return                    81.5721
average_return                    76.3465
average_return                    88.12
average_return                    70.4929
average_return                    61.5827
average_return                    61.5685
average_return                    93.6342
average_return                     79.9295
average_return                     77.5812
average_return                     86.6871
average_return                     78.1121
average_return                     51.2781
average_return                     56.1826
average_return                     79.4713
average_return                     77.3902
average_return                     67.8715
average_return                     65.8141
average_return                     64.0426
average_return                     71.9899
average_return                     72.9509
average_return                     66.3991
average_return                     66.0353
average_return                     93.5992
average_return                     97.7069
average_return                     98.9208
average_return                     93.3382
average_return                     99.7459
average_return                    100.139
average_return                     95.7724
average_return                     98.9269
average_return                    102.532
average_return                     98.7837
average_return                    101.314
average_return                     98.261
average_return                     97.8249
average_return                     99.8924
average_return                     99.6074
average_return                    107.407
average_return                    104.243
average_return                    104.472
average_return                    104.292
average_return                    100.945
average_return                     99.5015
average_return                    101.07
average_return                    100.861
average_return                    100.847
average_return                     97.226
average_return                    101.403
  "arch": "1024-1024-1024-1024",
  "offline_ratio": 1.0,
  "seed": 3,
average_return                    71.7535
average_return                    91.7522
average_return                    65.3612
average_return                    82.9251
average_return                    78.5885
average_return                    73.7965
average_return                    60.8793
average_return                    49.5691
average_return                    65.18
average_return                     73.3371
average_return                     71.4463
average_return                     76.9457
average_return                     53.6429
average_return                     68.8051
average_return                     76.5942
average_return                     45.9012
average_return                     64.0297
average_return                     70.844
average_return                     68.5627
average_return                     61.9721
average_return                     79.5453
average_return                     62.8549
average_return                     65.0395
average_return                     98.0894
average_return                    100.967
average_return                    100.841
average_return                     98.4079
average_return                     83.9845
average_return                     98.3685
average_return                     95.4727
average_return                     90.9159
average_return                     88.2992
average_return                    101.668
average_return                     98.0932
average_return                     96.3328
average_return                    100.151
average_return                     99.4513
average_return                    103.099
average_return                     96.1965
average_return                     91.2352
average_return                     93.8804
average_return                     90.7894
average_return                     91.6057
average_return                     92.4972
average_return                     97.9013
average_return                     93.9883
average_return                     93.7889
average_return                     96.6981
average_return                     92.7453
average_return                     96.2398
