  "arch": "2048-2048",
  "offline_ratio": 1.0,
  "seed": 0,
average_return                    74.2467
average_return                    70.6656
average_return                    81.5455
average_return                   100.083
average_return                    70.7237
average_return                    88.2198
average_return                    83.8562
average_return                    82.6937
average_return                    81.4316
average_return                     77.7413
average_return                     80.8571
average_return                     78.6826
average_return                     85.4037
average_return                     73.4427
average_return                     84.3723
average_return                     90.061
average_return                     91.2788
average_return                     92.1109
average_return                     89.8857
average_return                     91.8635
average_return                     89.8842
average_return                     92.4544
average_return                     92.0418
average_return                     92.069
average_return                     92.3679
average_return                     92.0698
average_return                     92.003
average_return                     92.3603
average_return                     91.3073
average_return                     92.1249
average_return                     91.2009
average_return                     91.8229
average_return                     92.1472
average_return                     92.341
average_return                     91.3493
average_return                     91.4889
average_return                     89.5053
average_return                     89.8079
average_return                     83.1472
average_return                     90.0146
average_return                     92.7183
average_return                     94.087
average_return                     95.4522
average_return                     94.8965
average_return                     94.2804
average_return                     94.0709
average_return                     93.4805
average_return                     94.2842
average_return                     92.7276
average_return                     93.155
  "arch": "2048-2048",
  "offline_ratio": 1.0,
  "seed": 1,
average_return                    71.2489
average_return                    64.6379
average_return                    56.6127
average_return                    58.8383
average_return                    97.075
average_return                    82.4659
average_return                    93.9339
average_return                    80.1445
average_return                    95.2708
average_return                     94.7913
average_return                     79.2876
average_return                     69.7002
average_return                     79.977
average_return                     73.7698
average_return                     84.6658
average_return                     84.3988
average_return                     90.2702
average_return                     89.7425
average_return                     91.3385
average_return                     88.8804
average_return                     90.9337
average_return                     92.6993
average_return                     90.0463
average_return                     91.7222
average_return                     89.8565
average_return                     92.8648
average_return                     92.8993
average_return                     91.4834
average_return                     91.4343
average_return                     92.2251
average_return                     91.6898
average_return                     89.2069
average_return                     89.7168
average_return                     88.9679
average_return                     88.1095
average_return                     87.4759
average_return                     88.3258
average_return                     88.7283
average_return                     94.0774
average_return                     96.7412
average_return                     97.0649
average_return                     96.5438
average_return                     94.8819
average_return                     95.5801
average_return                     94.9512
average_return                     91.7394
average_return                     90.9753
average_return                     91.331
average_return                     92.0742
average_return                     92.9062
  "arch": "2048-2048",
  "offline_ratio": 1.0,
  "seed": 2,
average_return                    85.0013
average_return                    76.0546
average_return                    66.8824
average_return                    77.7035
average_return                    68.403
average_return                    77.0388
average_return                    84.8371
average_return                    92.4746
average_return                    79.5813
average_return                     80.4073
average_return                     71.4325
average_return                     87.8129
average_return                     89.192
average_return                     92.6834
average_return                     89.8495
average_return                     94.2633
average_return                     92.6574
average_return                     94.938
average_return                     93.6182
average_return                     93.2999
average_return                     97.0622
average_return                     95.754
average_return                     91.9905
average_return                     93.8056
average_return                     94.1918
average_return                     93.9146
average_return                     93.287
average_return                     93.1164
average_return                     91.9414
average_return                     92.85
average_return                     93.2448
average_return                     93.9223
average_return                     93.1275
average_return                     93.3817
average_return                     92.6927
average_return                     92.2019
average_return                     91.8488
average_return                     91.1532
average_return                     92.8137
average_return                     92.7707
average_return                     91.8303
average_return                     94.0653
average_return                     97.0113
average_return                     97.2894
average_return                     97.3408
average_return                     94.7617
average_return                     93.9909
average_return                     56.1575
average_return                     69.1186
average_return                     58.7528
  "arch": "2048-2048",
  "offline_ratio": 1.0,
  "seed": 3,
average_return                    74.0125
average_return                    56.5061
average_return                    60.125
average_return                    63.6248
average_return                    73.5887
average_return                    76.9728
average_return                    83.2184
average_return                    67.738
average_return                    78.8462
average_return                     77.3319
average_return                     67.8995
average_return                     76.3872
average_return                     71.8535
average_return                     80.1297
average_return                     81.9168
average_return                     89.7476
average_return                     92.483
average_return                     93.0625
average_return                     93.0944
average_return                     88.7871
average_return                     91.9682
average_return                     95.3969
average_return                     92.7641
average_return                     93.1265
average_return                     91.0824
average_return                     91.1796
average_return                     89.9295
average_return                     90.4349
average_return                     89.4816
average_return                     91.7839
average_return                     89.8374
average_return                     91.3534
average_return                     90.5849
average_return                     91.5565
average_return                     92.521
average_return                     92.9832
average_return                     90.0638
average_return                     91.1614
average_return                     89.8612
average_return                     88.7667
average_return                     90.6009
average_return                     92.3706
average_return                     89.9067
average_return                     88.944
average_return                     88.827
average_return                     88.5945
average_return                     89.4208
average_return                     90.1335
average_return                     92.2101
average_return                     91.9149
