  "arch": "256-256",
  "offline_ratio": 1.0,
  "seed": 0,
average_return                    83.6584
average_return                    70.1906
average_return                    66.4239
average_return                    65.0981
average_return                    59.3075
average_return                    59.8617
average_return                    58.7472
average_return                    59.9006
average_return                    57.3659
average_return                     59.0708
average_return                     59.94
average_return                     58.2083
average_return                     65.9436
average_return                     57.1875
average_return                     71.8237
average_return                     81.0867
average_return                     42.1342
average_return                     77.3402
average_return                     87.3278
average_return                     87.7731
average_return                     95.6448
average_return                     97.7587
average_return                     98.5563
average_return                     98.7488
average_return                     98.5165
average_return                     99.4649
average_return                     99.6659
average_return                     99.424
average_return                     98.0161
average_return                     98.8898
average_return                     98.5664
average_return                     98.3681
average_return                     95.728
average_return                     96.3882
average_return                     97.4062
average_return                     97.0826
average_return                     97.0214
average_return                     97.2589
average_return                     96.3592
average_return                     95.9672
average_return                     95.9923
average_return                     94.9124
average_return                     95.8461
average_return                     95.71
average_return                     95.2066
average_return                     96.642
average_return                     96.4706
average_return                     98.1621
average_return                     97.2472
average_return                     95.3136
  "arch": "256-256",
  "offline_ratio": 1.0,
  "seed": 1,
average_return                    95.8955
average_return                    79.9282
average_return                    62.6762
average_return                    62.6632
average_return                    61.8785
average_return                    62.0622
average_return                    60.304
average_return                    61.2683
average_return                    59.625
average_return                     60.3936
average_return                     64.4388
average_return                     60.9072
average_return                     69.9495
average_return                     70.5283
average_return                     87.0415
average_return                     76.4008
average_return                     64.2095
average_return                     89.0568
average_return                     89.0496
average_return                     97.6445
average_return                     93.618
average_return                     95.2673
average_return                     95.9972
average_return                     98.1687
average_return                     97.62
average_return                     96.4829
average_return                     95.0981
average_return                     95.0181
average_return                     94.3516
average_return                     93.8809
average_return                     92.3323
average_return                     92.7856
average_return                     92.8987
average_return                     92.6291
average_return                     93.1865
average_return                     92.9082
average_return                     92.5034
average_return                     92.4022
average_return                     93.2043
average_return                     92.47
average_return                     94.578
average_return                     94.1566
average_return                     96.0279
average_return                     97.5238
average_return                    100.701
average_return                    100.998
average_return                    102.586
average_return                     98.8835
average_return                     97.9776
average_return                     99.6359
  "arch": "256-256",
  "offline_ratio": 1.0,
  "seed": 2,
average_return                    76.3055
average_return                    72.2344
average_return                    60.0523
average_return                    62.7442
average_return                    63.8043
average_return                    62.5835
average_return                    62.5425
average_return                    60.4328
average_return                    57.4529
average_return                     56.6981
average_return                     61.0216
average_return                     57.8591
average_return                     63.0756
average_return                     54.7118
average_return                     62.1083
average_return                     64.8972
average_return                     65.2215
average_return                     84.5735
average_return                     74.0035
average_return                     89.8087
average_return                     75.6073
average_return                     97.6177
average_return                     91.724
average_return                     93.6352
average_return                     94.6644
average_return                     92.7222
average_return                     93.8459
average_return                     95.9293
average_return                     96.8239
average_return                     98.0199
average_return                     97.5584
average_return                     96.2877
average_return                     96.4565
average_return                     96.8983
average_return                     96.4716
average_return                     94.1335
average_return                     92.3391
average_return                     89.8321
average_return                     90.2738
average_return                     93.318
average_return                     90.7361
average_return                     96.8442
average_return                     95.7904
average_return                     96.2048
average_return                     97.3099
average_return                     95.5778
average_return                     83.8505
average_return                     87.2973
average_return                     90.5372
average_return                     83.147
  "arch": "256-256",
  "offline_ratio": 1.0,
  "seed": 3,
average_return                    95.6451
average_return                    74.9273
average_return                    67.4318
average_return                    61.742
average_return                    61.6714
average_return                    60.5615
average_return                    62.3558
average_return                    61.8262
average_return                    59.5628
average_return                     65.0842
average_return                     59.414
average_return                     64.8567
average_return                     63.7275
average_return                     59.9415
average_return                     68.0456
average_return                     60.0352
average_return                     70.9925
average_return                     87.9453
average_return                     89.9529
average_return                     93.0719
average_return                     93.1727
average_return                     92.5441
average_return                     94.0444
average_return                     96.6649
average_return                     97.585
average_return                     98.0506
average_return                     99.0292
average_return                     98.8852
average_return                     99.3997
average_return                     99.6992
average_return                    100.653
average_return                    100.93
average_return                     99.0573
average_return                     98.8001
average_return                     98.1009
average_return                     98.6302
average_return                     98.1456
average_return                     97.272
average_return                     95.0366
average_return                     97.3185
average_return                     96.3088
average_return                     94.7094
average_return                     93.2268
average_return                     93.4812
average_return                     91.5855
average_return                     92.1028
average_return                     91.6649
average_return                     92.1957
average_return                     92.9787
average_return                     83.6822
