  "arch": "256-256-256-256",
  "offline_ratio": 1.0,
  "seed": 0,
average_return                    96.502
average_return                    64.2512
average_return                    98.3551
average_return                    52.1156
average_return                    46.834
average_return                    87.0524
average_return                    91.7299
average_return                    82.0069
average_return                    82.9701
average_return                     89.6252
average_return                     52.6615
average_return                     57.452
average_return                     83.9264
average_return                     72.2938
average_return                     76.338
average_return                     73.6175
average_return                     62.7481
average_return                     37.7165
average_return                     63.0755
average_return                     65.7242
average_return                     71.2588
average_return                     92.9222
average_return                     99.5914
average_return                     93.7132
average_return                     95.7262
average_return                     99.3984
average_return                    101.552
average_return                     95.6267
average_return                     93.7487
average_return                    100.691
average_return                    101.86
average_return                    102.976
average_return                    100.071
average_return                    106.131
average_return                     89.9689
average_return                    103.421
average_return                    105.339
average_return                    102.727
average_return                     99.1238
average_return                    100.205
average_return                     98.4781
average_return                     97.2313
average_return                    103.618
average_return                    105.196
average_return                    100.037
average_return                    101.222
average_return                    103.135
average_return                    109.004
average_return                    104.429
average_return                    106.166
  "arch": "256-256-256-256",
  "offline_ratio": 1.0,
  "seed": 1,
average_return                    83.7147
average_return                    63.8676
average_return                    69.2185
average_return                    74.2747
average_return                    61.24
average_return                    49.9995
average_return                    70.9002
average_return                    58.7717
average_return                    62.7704
average_return                     67.3341
average_return                     74.113
average_return                     60.3345
average_return                     65.9187
average_return                     65.6532
average_return                     61.124
average_return                     45.7834
average_return                     51.7622
average_return                     66.1166
average_return                     78.5469
average_return                     94.1486
average_return                     90.7217
average_return                     98.2972
average_return                     94.9208
average_return                     95.7869
average_return                     91.9352
average_return                     90.8624
average_return                     87.048
average_return                     98.2712
average_return                     96.1
average_return                     95.5115
average_return                     94.7782
average_return                     94.1608
average_return                    101.322
average_return                     96.6804
average_return                     92.1261
average_return                    100.784
average_return                     88.6203
average_return                    100.461
average_return                     95.5973
average_return                     95.8628
average_return                    110.764
average_return                    106.509
average_return                    106.865
average_return                     76.9405
average_return                     88.8942
average_return                     94.369
average_return                    107.736
average_return                    104.557
average_return                    103.658
average_return                     83.0573
  "arch": "256-256-256-256",
  "offline_ratio": 1.0,
  "seed": 2,
average_return                    69.6798
average_return                    57.8815
average_return                    55.7639
average_return                    50.8286
average_return                    51.3408
average_return                    52.4032
average_return                    84.8809
average_return                    89.425
average_return                    72.3056
average_return                     92.1551
average_return                     73.9542
average_return                     89.2774
average_return                     84.923
average_return                     79.7584
average_return                     80.4993
average_return                     60.0607
average_return                     55.781
average_return                     40.1269
average_return                     60.3625
average_return                     78.8325
average_return                     87.8482
average_return                     69.4929
average_return                     76.949
average_return                     76.8162
average_return                     96.3191
average_return                     97.5573
average_return                     93.7056
average_return                     93.2099
average_return                     94.4963
average_return                     92
average_return                     90.5116
average_return                     94.3116
average_return                     94.9017
average_return                     89.2535
average_return                     98.8843
average_return                     99.9943
average_return                     93.3928
average_return                     93.8283
average_return                     99.892
average_return                     81.1101
average_return                     70.3745
average_return                     93.3306
average_return                     96.4439
average_return                     98.9323
average_return                     96.5209
average_return                     99.4471
average_return                     89.2594
average_return                     88.4974
average_return                     92.3174
average_return                     97.8144
  "arch": "256-256-256-256",
  "offline_ratio": 1.0,
  "seed": 3,
average_return                    71.6233
average_return                    67.1973
average_return                    74.2538
average_return                    82.1932
average_return                    86.3239
average_return                    69.5787
average_return                    95.3517
average_return                    79.1958
average_return                    94.7088
average_return                     92.4914
average_return                     89.6245
average_return                     96.2802
average_return                     91.5637
average_return                     91.3668
average_return                     94.0533
average_return                     98.51
average_return                     66.7728
average_return                     86.4151
average_return                     81.1389
average_return                     95.0434
average_return                    100.106
average_return                     94.0238
average_return                     94.1099
average_return                     95.193
average_return                     94.0982
average_return                     96.3635
average_return                     93.7309
average_return                     92.8031
average_return                     93.8106
average_return                     92.5604
average_return                     93.7482
average_return                     95.909
average_return                     94.2058
average_return                     93.1491
average_return                     90.9011
average_return                     91.7624
average_return                     93.4039
average_return                     92.766
average_return                     91.6414
average_return                     92.6478
average_return                     90.5462
average_return                     90.1007
average_return                     91.2933
average_return                     91.7964
average_return                     92.7074
average_return                     92.0178
average_return                     91.6229
average_return                     93.2237
average_return                     92.0783
average_return                     92.8229
