  "arch": "128-128",
  "offline_ratio": 1.0,
  "seed": 0,
average_return                   106.601
average_return                    78.3963
average_return                    70.0424
average_return                    67.1838
average_return                    65.9714
average_return                    63.0015
average_return                    61.0165
average_return                    58.7367
average_return                    58.2418
average_return                     58.1131
average_return                     59.6215
average_return                     59.4033
average_return                     58.8521
average_return                     59.7605
average_return                     60.8184
average_return                     61.6314
average_return                     63.3009
average_return                     65.2499
average_return                     69.4179
average_return                     74.8028
average_return                     82.3237
average_return                    102.363
average_return                    106.485
average_return                    102.635
average_return                    100.029
average_return                     89.3586
average_return                     82.2108
average_return                    100.394
average_return                    100.896
average_return                    105.185
average_return                    104.259
average_return                    106.696
average_return                    103.007
average_return                    101.753
average_return                    101.172
average_return                    101.299
average_return                    101.424
average_return                    101.191
average_return                    101.009
average_return                    101.82
average_return                    101.308
average_return                    101.951
average_return                    101.851
average_return                    101.7
average_return                    102.407
average_return                    101.132
average_return                    100.679
average_return                    100.113
average_return                     98.6057
average_return                    100.284
  "arch": "128-128",
  "offline_ratio": 1.0,
  "seed": 1,
average_return                    88.704
average_return                    90.7052
average_return                    68.2964
average_return                    61.6625
average_return                    61.3047
average_return                    60.2745
average_return                    61.3371
average_return                    60.4867
average_return                    59.875
average_return                     59.8913
average_return                     60.0306
average_return                     60.2059
average_return                     68.2808
average_return                     65.0141
average_return                     78.6665
average_return                     93.862
average_return                    103.049
average_return                    101.384
average_return                     98.6192
average_return                    101.641
average_return                     98.2201
average_return                     97.4189
average_return                     99.4726
average_return                     98.0608
average_return                     98.268
average_return                     98.6924
average_return                     97.5394
average_return                     97.8737
average_return                     96.9978
average_return                     97.8658
average_return                     98.9844
average_return                     97.1179
average_return                     98.7655
average_return                     97.6826
average_return                     98.2057
average_return                     96.8963
average_return                     95.2129
average_return                     94.8769
average_return                     95.7482
average_return                     94.7193
average_return                     94.9956
average_return                     95.3892
average_return                     96.0208
average_return                     96.8553
average_return                     97.4465
average_return                     97.2103
average_return                     97.1727
average_return                     96.0622
average_return                     95.7647
average_return                     96.4405
  "arch": "128-128",
  "offline_ratio": 1.0,
  "seed": 2,
average_return                   117.694
average_return                    85.0169
average_return                    76.9831
average_return                    67.2585
average_return                    89.1948
average_return                    73.0501
average_return                    64.04
average_return                    63.1576
average_return                    61.5476
average_return                     60.6172
average_return                     60.347
average_return                     60.0076
average_return                     59.6521
average_return                     47.1317
average_return                     58.7976
average_return                     61.3451
average_return                     58.7386
average_return                     61.1031
average_return                     92.8065
average_return                     77.3806
average_return                     93.0792
average_return                     94.1582
average_return                     95.1091
average_return                     96.8325
average_return                     96.9997
average_return                     96.7107
average_return                     96.5689
average_return                     98.2436
average_return                     98.6475
average_return                     98.8947
average_return                     98.5298
average_return                     99.0009
average_return                     99.0447
average_return                     99.3708
average_return                     99.0777
average_return                     99.4434
average_return                     97.2785
average_return                     97.246
average_return                     96.8766
average_return                     98.7909
average_return                     96.4339
average_return                     97.0625
average_return                     97.3098
average_return                     96.1029
average_return                     95.3396
average_return                     97.0102
average_return                     94.6171
average_return                     96.1659
average_return                     92.2977
average_return                     85.2585
  "arch": "128-128",
  "offline_ratio": 1.0,
  "seed": 3,
average_return                   105.82
average_return                    74.405
average_return                    68.5058
average_return                    59.0963
average_return                    62.8178
average_return                    61.5027
average_return                    59.7214
average_return                    59.4312
average_return                    61.3745
average_return                     60.7729
average_return                     59.8405
average_return                     59.2765
average_return                     62.3324
average_return                     62.8748
average_return                     63.3084
average_return                     63.1148
average_return                     82.448
average_return                     76.7771
average_return                     93.2095
average_return                     93.1588
average_return                     94.7433
average_return                     94.2438
average_return                     94.0787
average_return                     92.9535
average_return                     92.4588
average_return                     89.7451
average_return                     90.8784
average_return                     92.2876
average_return                     92.8985
average_return                     95.3937
average_return                     95.9436
average_return                     95.7025
average_return                     94.5769
average_return                     94.4569
average_return                     93.5459
average_return                     91.5859
average_return                     90.5825
average_return                     87.3274
average_return                     86.3755
average_return                     83.2738
average_return                     90.2733
average_return                     88.1792
average_return                     89.9023
average_return                     92.4934
average_return                     93.0154
average_return                     93.3623
average_return                     91.5299
average_return                     80.6471
average_return                     79.2094
average_return                     72.0961
