------------------------------  ----------
epoch                              0
sac/log_pi                         4.27475
sac/policy_loss                   11.4692
sac/qf1_loss                       6.66576
sac/qf2_loss                       5.58954
sac/alpha_loss                    -1.21483
sac/alpha                          1.32868
sac/average_qf1                   -2.14534
sac/average_qf2                   -2.83933
sac/average_target_q              -3.37859
sac/total_steps                 1000
sac/cql/cql_std_q1                14.2186
sac/cql/cql_std_q2                11.3658
sac/cql/cql_q1_rand              -32.3112
sac/cql/cql_q2_rand              -27.3475
sac/cql/cql_min_qf1_loss         -15.5456
sac/cql/cql_min_qf2_loss         -14.6914
sac/cql/cql_qf1_diff              -3.10911
sac/cql/cql_qf2_diff              -2.93829
sac/cql/cql_q1_current_actions    -4.9425
sac/cql/cql_q2_current_actions    -5.34945
sac/cql/cql_q1_next_actions       -5.03436
sac/cql/cql_q2_next_actions       -5.44901
sac/cql/alpha_prime_loss           0
sac/cql/alpha_prime                0
average_return                    66.8452
average_traj_length              200
train_time                        95.4021
eval_time                          9.84485
epoch_time                       105.247
------------------------------  ----------
------------------------------  ----------
epoch                              1
sac/log_pi                         4.36673
sac/policy_loss                   30.1531
sac/qf1_loss                      14.4054
sac/qf2_loss                      12.4501
sac/alpha_loss                    -2.67763
sac/alpha                          1.84631
sac/average_qf1                  -17.0661
sac/average_qf2                  -17.3492
sac/average_target_q             -18.4422
sac/total_steps                 2000
sac/cql/cql_std_q1                16.4723
sac/cql/cql_std_q2                13.5047
sac/cql/cql_q1_rand              -52.8567
sac/cql/cql_q2_rand              -46.8825
sac/cql/cql_min_qf1_loss         -19.1253
sac/cql/cql_min_qf2_loss         -17.5092
sac/cql/cql_qf1_diff              -3.82505
sac/cql/cql_qf2_diff              -3.50184
sac/cql/cql_q1_current_actions   -21.3032
sac/cql/cql_q2_current_actions   -20.7086
sac/cql/cql_q1_next_actions      -21.1485
sac/cql/cql_q2_next_actions      -20.585
sac/cql/alpha_prime_loss           0
sac/cql/alpha_prime                0
average_return                    56.8336
average_traj_length              200
train_time                        92.1518
eval_time                         10.4263
epoch_time                       102.578
------------------------------  ----------
------------------------------  ----------
epoch                              2
sac/log_pi                         2.4488
sac/policy_loss                   82.2468
sac/qf1_loss                      28.5615
sac/qf2_loss                      33.659
sac/alpha_loss                    -2.12084
sac/alpha                          2.37756
sac/average_qf1                  -58.3115
sac/average_qf2                  -59.5968
sac/average_target_q             -59.3111
sac/total_steps                 3000
sac/cql/cql_std_q1                26.4688
sac/cql/cql_std_q2                18.8248
sac/cql/cql_q1_rand             -123.144
sac/cql/cql_q2_rand             -105.226
sac/cql/cql_min_qf1_loss         -66.0355
sac/cql/cql_min_qf2_loss         -42.211
sac/cql/cql_qf1_diff             -13.2071
sac/cql/cql_qf2_diff              -8.44221
sac/cql/cql_q1_current_actions   -75.384
sac/cql/cql_q2_current_actions   -71.4355
sac/cql/cql_q1_next_actions      -75.7906
sac/cql/cql_q2_next_actions      -71.7277
sac/cql/alpha_prime_loss           0
sac/cql/alpha_prime                0
average_return                    63.2139
average_traj_length              200
train_time                        94.4893
eval_time                         10.2304
epoch_time                       104.72
------------------------------  ----------
------------------------------  ----------
epoch                              3
sac/log_pi                         2.48391
sac/policy_loss                  176.099
sac/qf1_loss                     143.533
sac/qf2_loss                     131.707
sac/alpha_loss                    -2.79707
sac/alpha                          3.08354
sac/average_qf1                 -145.447
sac/average_qf2                 -147.829
sac/average_target_q            -148.694
sac/total_steps                 4000
sac/cql/cql_std_q1                47.279
sac/cql/cql_std_q2                34.4876
sac/cql/cql_q1_rand             -252.299
sac/cql/cql_q2_rand             -221.025
sac/cql/cql_min_qf1_loss         -71.9624
sac/cql/cql_min_qf2_loss         -20.4713
sac/cql/cql_qf1_diff             -14.3925
sac/cql/cql_qf2_diff              -4.09426
sac/cql/cql_q1_current_actions  -166.351
sac/cql/cql_q2_current_actions  -156.956
sac/cql/cql_q1_next_actions     -167.131
sac/cql/cql_q2_next_actions     -157.84
sac/cql/alpha_prime_loss           0
sac/cql/alpha_prime                0
average_return                    20.1933
average_traj_length              200
train_time                        91.0937
eval_time                         10.3487
epoch_time                       101.442
------------------------------  ----------
------------------------------  ----------
epoch                              4
sac/log_pi                         2.78485
sac/policy_loss                  277.269
sac/qf1_loss                     784.604
sac/qf2_loss                     626.063
sac/alpha_loss                    -3.92101
sac/alpha                          4.08768
sac/average_qf1                 -242.413
sac/average_qf2                 -238.329
sac/average_target_q            -242.711
sac/total_steps                 5000
sac/cql/cql_std_q1                66.4131
sac/cql/cql_std_q2                48.2902
sac/cql/cql_q1_rand             -385.729
sac/cql/cql_q2_rand             -331.501
sac/cql/cql_min_qf1_loss         -82.4311
sac/cql/cql_min_qf2_loss           7.74747
sac/cql/cql_qf1_diff             -16.4862
sac/cql/cql_qf2_diff               1.54949
sac/cql/cql_q1_current_actions  -266.083
sac/cql/cql_q2_current_actions  -242.136
sac/cql/cql_q1_next_actions     -266.317
sac/cql/cql_q2_next_actions     -242.764
sac/cql/alpha_prime_loss           0
sac/cql/alpha_prime                0
average_return                    25.554
average_traj_length              200
train_time                        90.8887
eval_time                         10.2929
epoch_time                       101.182
------------------------------  ----------
------------------------------  ----------
epoch                              5
sac/log_pi                         2.42122
sac/policy_loss                  347.225
sac/qf1_loss                     307.724
sac/qf2_loss                     381.385
sac/alpha_loss                    -4.09564
sac/alpha                          5.42794
sac/average_qf1                 -322.439
sac/average_qf2                 -308.877
sac/average_target_q            -323.241
sac/total_steps                 6000
sac/cql/cql_std_q1                79.0744
sac/cql/cql_std_q2                61.2519
sac/cql/cql_q1_rand             -480.242
sac/cql/cql_q2_rand             -414.253
sac/cql/cql_min_qf1_loss          16.3255
sac/cql/cql_min_qf2_loss         118.999
sac/cql/cql_qf1_diff               3.2651
sac/cql/cql_qf2_diff              23.7997
sac/cql/cql_q1_current_actions  -333.64
sac/cql/cql_q2_current_actions  -299.188
sac/cql/cql_q1_next_actions     -335.513
sac/cql/cql_q2_next_actions     -301.374
sac/cql/alpha_prime_loss           0
sac/cql/alpha_prime                0
average_return                    44.0954
average_traj_length              200
train_time                        90.3932
eval_time                         10.5849
epoch_time                       100.978
------------------------------  ----------
------------------------------  ----------
epoch                              6
sac/log_pi                         2.55562
sac/policy_loss                  441.348
sac/qf1_loss                     183.101
sac/qf2_loss                     152.401
sac/alpha_loss                    -5.04552
sac/alpha                          7.20146
sac/average_qf1                 -403.064
sac/average_qf2                 -405.319
sac/average_target_q            -411.145
sac/total_steps                 7000
sac/cql/cql_std_q1                93.0498
sac/cql/cql_std_q2                64.4991
sac/cql/cql_q1_rand             -592.972
sac/cql/cql_q2_rand             -529.718
sac/cql/cql_min_qf1_loss         -39.9861
sac/cql/cql_min_qf2_loss          13.0604
sac/cql/cql_qf1_diff              -7.99722
sac/cql/cql_qf2_diff               2.61209
sac/cql/cql_q1_current_actions  -421.058
sac/cql/cql_q2_current_actions  -410.439
sac/cql/cql_q1_next_actions     -422.347
sac/cql/cql_q2_next_actions     -411.709
sac/cql/alpha_prime_loss           0
sac/cql/alpha_prime                0
average_return                    78.5096
average_traj_length              200
train_time                        91.2622
eval_time                         10.6773
epoch_time                       101.94
------------------------------  ----------
------------------------------  ----------
epoch                              7
sac/log_pi                         2.17144
sac/policy_loss                  566.642
sac/qf1_loss                     465.721
sac/qf2_loss                     321.31
sac/alpha_loss                    -4.89306
sac/alpha                          9.51973
sac/average_qf1                 -522.898
sac/average_qf2                 -513.239
sac/average_target_q            -516.636
sac/total_steps                 8000
sac/cql/cql_std_q1               108.127
sac/cql/cql_std_q2                76.9373
sac/cql/cql_q1_rand             -740.563
sac/cql/cql_q2_rand             -662.105
sac/cql/cql_min_qf1_loss         -28.4783
sac/cql/cql_min_qf2_loss          23.2765
sac/cql/cql_qf1_diff              -5.69565
sac/cql/cql_qf2_diff               4.6553
sac/cql/cql_q1_current_actions  -542.338
sac/cql/cql_q2_current_actions  -521.01
sac/cql/cql_q1_next_actions     -544.409
sac/cql/cql_q2_next_actions     -523.367
sac/cql/alpha_prime_loss           0
sac/cql/alpha_prime                0
average_return                    69.7657
average_traj_length              200
train_time                        90.9898
eval_time                         10.6729
epoch_time                       101.663
------------------------------  ----------
------------------------------  ----------
epoch                              8
sac/log_pi                         1.93653
sac/policy_loss                  686.455
sac/qf1_loss                     711.361
sac/qf2_loss                     711.14
sac/alpha_loss                    -4.8858
sac/alpha                         12.4655
sac/average_qf1                 -628.527
sac/average_qf2                 -638.695
sac/average_target_q            -645.636
sac/total_steps                 9000
sac/cql/cql_std_q1               116.462
sac/cql/cql_std_q2                80.9431
sac/cql/cql_q1_rand             -869.781
sac/cql/cql_q2_rand             -791.44
sac/cql/cql_min_qf1_loss         -42.4129
sac/cql/cql_min_qf2_loss          53.9853
sac/cql/cql_qf1_diff              -8.48257
sac/cql/cql_qf2_diff              10.7971
sac/cql/cql_q1_current_actions  -659.785
sac/cql/cql_q2_current_actions  -645.699
sac/cql/cql_q1_next_actions     -662.793
sac/cql/cql_q2_next_actions     -648.068
sac/cql/alpha_prime_loss           0
sac/cql/alpha_prime                0
average_return                    81.5567
average_traj_length              200
train_time                        91.0444
eval_time                         10.8134
epoch_time                       101.858
------------------------------  ----------
------------------------------  -----------
epoch                               9
sac/log_pi                          2.17315
sac/policy_loss                   793.888
sac/qf1_loss                      703.326
sac/qf2_loss                      368.723
sac/alpha_loss                     -6.07449
sac/alpha                          16.3667
sac/average_qf1                  -729.522
sac/average_qf2                  -742.636
sac/average_target_q             -752.593
sac/total_steps                 10000
sac/cql/cql_std_q1                156.293
sac/cql/cql_std_q2                109.79
sac/cql/cql_q1_rand             -1038.82
sac/cql/cql_q2_rand              -950.54
sac/cql/cql_min_qf1_loss           -7.32197
sac/cql/cql_min_qf2_loss           47.8278
sac/cql/cql_qf1_diff               -1.46439
sac/cql/cql_qf2_diff                9.56556
sac/cql/cql_q1_current_actions   -749.313
sac/cql/cql_q2_current_actions   -748.58
sac/cql/cql_q1_next_actions      -755.171
sac/cql/cql_q2_next_actions      -752.118
sac/cql/alpha_prime_loss            0
sac/cql/alpha_prime                 0
average_return                     68.2759
average_traj_length               200
train_time                         89.8225
eval_time                          10.9146
epoch_time                        100.737
------------------------------  -----------
------------------------------  -----------
epoch                              10
sac/log_pi                          1.98712
sac/policy_loss                   944.764
sac/qf1_loss                     1063
sac/qf2_loss                     1529.41
sac/alpha_loss                     -6.04214
sac/alpha                          20.9188
sac/average_qf1                  -892.833
sac/average_qf2                  -901.433
sac/average_target_q             -891.452
sac/total_steps                 11000
sac/cql/cql_std_q1                144.127
sac/cql/cql_std_q2                107.268
sac/cql/cql_q1_rand             -1158.42
sac/cql/cql_q2_rand             -1092.42
sac/cql/cql_min_qf1_loss          143.816
sac/cql/cql_min_qf2_loss          158.115
sac/cql/cql_qf1_diff               28.7632
sac/cql/cql_qf2_diff               31.623
sac/cql/cql_q1_current_actions   -895.552
sac/cql/cql_q2_current_actions   -898.003
sac/cql/cql_q1_next_actions      -899.013
sac/cql/cql_q2_next_actions      -901.459
sac/cql/alpha_prime_loss            0
sac/cql/alpha_prime                 0
average_return                     64.3801
average_traj_length               200
train_time                         90.6125
eval_time                          11.0002
epoch_time                        101.613
------------------------------  -----------
------------------------------  ------------
epoch                              11
sac/log_pi                          0.841244
sac/policy_loss                  1070.77
sac/qf1_loss                     2029.04
sac/qf2_loss                     1990.7
sac/alpha_loss                     -2.73397
sac/alpha                          25.7879
sac/average_qf1                  -999.737
sac/average_qf2                 -1013.74
sac/average_target_q            -1018.26
sac/total_steps                 12000
sac/cql/cql_std_q1                150.176
sac/cql/cql_std_q2                111.487
sac/cql/cql_q1_rand             -1293.21
sac/cql/cql_q2_rand             -1228.93
sac/cql/cql_min_qf1_loss           72.2991
sac/cql/cql_min_qf2_loss           72.9487
sac/cql/cql_qf1_diff               14.4598
sac/cql/cql_qf2_diff               14.5897
sac/cql/cql_q1_current_actions  -1033.25
sac/cql/cql_q2_current_actions  -1034.59
sac/cql/cql_q1_next_actions     -1042.04
sac/cql/cql_q2_next_actions     -1041.67
sac/cql/alpha_prime_loss            0
sac/cql/alpha_prime                 0
average_return                     43.5754
average_traj_length               200
train_time                         90.5232
eval_time                          11.0157
epoch_time                        101.539
------------------------------  ------------
------------------------------  ------------
epoch                              12
sac/log_pi                          0.548743
sac/policy_loss                  1260.16
sac/qf1_loss                     3232.69
sac/qf2_loss                     2926.31
sac/alpha_loss                     -1.90167
sac/alpha                          31.9924
sac/average_qf1                 -1196.81
sac/average_qf2                 -1190.86
sac/average_target_q            -1191.12
sac/total_steps                 13000
sac/cql/cql_std_q1                130.749
sac/cql/cql_std_q2                 93.7208
sac/cql/cql_q1_rand             -1450.72
sac/cql/cql_q2_rand             -1364.29
sac/cql/cql_min_qf1_loss           28.9008
sac/cql/cql_min_qf2_loss           76.4967
sac/cql/cql_qf1_diff                5.78016
sac/cql/cql_qf2_diff               15.2993
sac/cql/cql_q1_current_actions  -1236.96
sac/cql/cql_q2_current_actions  -1214.7
sac/cql/cql_q1_next_actions     -1242.38
sac/cql/cql_q2_next_actions     -1219.72
sac/cql/alpha_prime_loss            0
sac/cql/alpha_prime                 0
average_return                     27.8327
average_traj_length               200
train_time                         90.4445
eval_time                          11.0318
epoch_time                        101.476
------------------------------  ------------
------------------------------  -------------
epoch                              13
sac/log_pi                          0.720919
sac/policy_loss                  1471.66
sac/qf1_loss                     4858.93
sac/qf2_loss                     5146.47
sac/alpha_loss                     -2.67901
sac/alpha                          41.1042
sac/average_qf1                 -1374.66
sac/average_qf2                 -1383.12
sac/average_target_q            -1377
sac/total_steps                 14000
sac/cql/cql_std_q1                129.671
sac/cql/cql_std_q2                 86.9399
sac/cql/cql_q1_rand             -1645.56
sac/cql/cql_q2_rand             -1559.84
sac/cql/cql_min_qf1_loss           -0.173797
sac/cql/cql_min_qf2_loss           20.9762
sac/cql/cql_qf1_diff               -0.0347595
sac/cql/cql_qf2_diff                4.19524
sac/cql/cql_q1_current_actions  -1433.14
sac/cql/cql_q2_current_actions  -1420.69
sac/cql/cql_q1_next_actions     -1433.4
sac/cql/cql_q2_next_actions     -1421.81
sac/cql/alpha_prime_loss            0
sac/cql/alpha_prime                 0
average_return                     92.0422
average_traj_length               200
train_time                         89.7991
eval_time                          11.1728
epoch_time                        100.972
------------------------------  -------------
------------------------------  -----------
epoch                              14
sac/log_pi                          1.48697
sac/policy_loss                  1657.85
sac/qf1_loss                     3603
sac/qf2_loss                     3654.95
sac/alpha_loss                     -5.78464
sac/alpha                          48.9214
sac/average_qf1                 -1540.91
sac/average_qf2                 -1543.89
sac/average_target_q            -1550.55
sac/total_steps                 15000
sac/cql/cql_std_q1                179.241
sac/cql/cql_std_q2                135.156
sac/cql/cql_q1_rand             -1891.49
sac/cql/cql_q2_rand             -1810.96
sac/cql/cql_min_qf1_loss          142.684
sac/cql/cql_min_qf2_loss          114.407
sac/cql/cql_qf1_diff               28.5367
sac/cql/cql_qf2_diff               22.8813
sac/cql/cql_q1_current_actions  -1571.61
sac/cql/cql_q2_current_actions  -1573.83
sac/cql/cql_q1_next_actions     -1572.1
sac/cql/cql_q2_next_actions     -1574.14
sac/cql/alpha_prime_loss            0
sac/cql/alpha_prime                 0
average_return                     83.5404
average_traj_length               200
train_time                         90.5055
eval_time                          11.2233
epoch_time                        101.729
------------------------------  -----------
------------------------------  ------------
epoch                              15
sac/log_pi                         -0.163672
sac/policy_loss                  1815.99
sac/qf1_loss                     5046.97
sac/qf2_loss                     4961.53
sac/alpha_loss                      0.66726
sac/alpha                          58.9568
sac/average_qf1                 -1739.75
sac/average_qf2                 -1732.67
sac/average_target_q            -1746.65
sac/total_steps                 16000
sac/cql/cql_std_q1                165.37
sac/cql/cql_std_q2                120.949
sac/cql/cql_q1_rand             -2071.82
sac/cql/cql_q2_rand             -1971.98
sac/cql/cql_min_qf1_loss           61.8794
sac/cql/cql_min_qf2_loss           87.8615
sac/cql/cql_qf1_diff               12.3759
sac/cql/cql_qf2_diff               17.5723
sac/cql/cql_q1_current_actions  -1811.06
sac/cql/cql_q2_current_actions  -1786.65
sac/cql/cql_q1_next_actions     -1817.24
sac/cql/cql_q2_next_actions     -1792.47
sac/cql/alpha_prime_loss            0
sac/cql/alpha_prime                 0
average_return                     68.2783
average_traj_length               200
train_time                         90.591
eval_time                          11.2476
epoch_time                        101.839
------------------------------  ------------
------------------------------  ------------
epoch                              16
sac/log_pi                          0.901125
sac/policy_loss                  2074.95
sac/qf1_loss                     6442.39
sac/qf2_loss                     6815.48
sac/alpha_loss                     -3.80903
sac/alpha                          68.5099
sac/average_qf1                 -1955.87
sac/average_qf2                 -1943.53
sac/average_target_q            -1979.7
sac/total_steps                 17000
sac/cql/cql_std_q1                197.507
sac/cql/cql_std_q2                180.459
sac/cql/cql_q1_rand             -2330.28
sac/cql/cql_q2_rand             -2292.73
sac/cql/cql_min_qf1_loss          228.143
sac/cql/cql_min_qf2_loss          220.5
sac/cql/cql_qf1_diff               45.6287
sac/cql/cql_qf2_diff               44.1
sac/cql/cql_q1_current_actions  -1993.93
sac/cql/cql_q2_current_actions  -1981.38
sac/cql/cql_q1_next_actions     -1992.83
sac/cql/cql_q2_next_actions     -1980.17
sac/cql/alpha_prime_loss            0
sac/cql/alpha_prime                 0
average_return                     76.8427
average_traj_length               200
train_time                         90.4184
eval_time                          10.9217
epoch_time                        101.34
------------------------------  ------------
------------------------------  -----------
epoch                              17
sac/log_pi                          1.98526
sac/policy_loss                  2338.67
sac/qf1_loss                     5992.99
sac/qf2_loss                     5072.67
sac/alpha_loss                     -8.46366
sac/alpha                          71.0405
sac/average_qf1                 -2226.78
sac/average_qf2                 -2253.5
sac/average_target_q            -2287.86
sac/total_steps                 18000
sac/cql/cql_std_q1                306.467
sac/cql/cql_std_q2                257.129
sac/cql/cql_q1_rand             -2755.65
sac/cql/cql_q2_rand             -2674.29
sac/cql/cql_min_qf1_loss          622.565
sac/cql/cql_min_qf2_loss          636.744
sac/cql/cql_qf1_diff              124.513
sac/cql/cql_qf2_diff              127.349
sac/cql/cql_q1_current_actions  -2173.22
sac/cql/cql_q2_current_actions  -2187.7
sac/cql/cql_q1_next_actions     -2176.63
sac/cql/cql_q2_next_actions     -2189.92
sac/cql/alpha_prime_loss            0
sac/cql/alpha_prime                 0
average_return                     37.717
average_traj_length               200
train_time                         89.5264
eval_time                          11.1679
epoch_time                        100.694
------------------------------  -----------
------------------------------  ------------
epoch                              18
sac/log_pi                         -0.222322
sac/policy_loss                  2760.56
sac/qf1_loss                     6351.88
sac/qf2_loss                     6692.18
sac/alpha_loss                      0.988121
sac/alpha                          85.1616
sac/average_qf1                 -2678.69
sac/average_qf2                 -2687.26
sac/average_target_q            -2700.65
sac/total_steps                 19000
sac/cql/cql_std_q1                183.671
sac/cql/cql_std_q2                140.978
sac/cql/cql_q1_rand             -3031.73
sac/cql/cql_q2_rand             -2950.32
sac/cql/cql_min_qf1_loss          253.767
sac/cql/cql_min_qf2_loss          196.904
sac/cql/cql_qf1_diff               50.7535
sac/cql/cql_qf2_diff               39.3809
sac/cql/cql_q1_current_actions  -2759.03
sac/cql/cql_q2_current_actions  -2748.12
sac/cql/cql_q1_next_actions     -2769.01
sac/cql/cql_q2_next_actions     -2754.06
sac/cql/alpha_prime_loss            0
sac/cql/alpha_prime                 0
average_return                     48.6733
average_traj_length               200
train_time                         89.9548
eval_time                          11.2362
epoch_time                        101.191
------------------------------  ------------
------------------------------  -----------
epoch                              19
sac/log_pi                          1.014
sac/policy_loss                  3032.3
sac/qf1_loss                    13166.7
sac/qf2_loss                    13461.9
sac/alpha_loss                     -4.63475
sac/alpha                          96.6154
sac/average_qf1                 -2867.22
sac/average_qf2                 -2852.08
sac/average_target_q            -2894.56
sac/total_steps                 20000
sac/cql/cql_std_q1                286.783
sac/cql/cql_std_q2                237.127
sac/cql/cql_q1_rand             -3401.86
sac/cql/cql_q2_rand             -3312.38
sac/cql/cql_min_qf1_loss          428.136
sac/cql/cql_min_qf2_loss          278.604
sac/cql/cql_qf1_diff               85.6272
sac/cql/cql_qf2_diff               55.7207
sac/cql/cql_q1_current_actions  -2901.58
sac/cql/cql_q2_current_actions  -2901.2
sac/cql/cql_q1_next_actions     -2900.03
sac/cql/cql_q2_next_actions     -2899.61
sac/cql/alpha_prime_loss            0
sac/cql/alpha_prime                 0
average_return                     31.6736
average_traj_length               200
train_time                         89.9683
eval_time                          11.2847
epoch_time                        101.253
------------------------------  -----------
------------------------------  ------------
epoch                              20
sac/log_pi                          0.799628
sac/policy_loss                  3378.49
sac/qf1_loss                    19429.7
sac/qf2_loss                    18876.1
sac/alpha_loss                     -3.74446
sac/alpha                         108.067
sac/average_qf1                 -3212.17
sac/average_qf2                 -3200.8
sac/average_target_q            -3223.61
sac/total_steps                 21000
sac/cql/cql_std_q1                265.999
sac/cql/cql_std_q2                206.479
sac/cql/cql_q1_rand             -3709.69
sac/cql/cql_q2_rand             -3596.72
sac/cql/cql_min_qf1_loss          425.939
sac/cql/cql_min_qf2_loss          309.428
sac/cql/cql_qf1_diff               85.1878
sac/cql/cql_qf2_diff               61.8856
sac/cql/cql_q1_current_actions  -3257.57
sac/cql/cql_q2_current_actions  -3254.11
sac/cql/cql_q1_next_actions     -3262.14
sac/cql/cql_q2_next_actions     -3259.55
sac/cql/alpha_prime_loss            0
sac/cql/alpha_prime                 0
average_return                     37.0414
average_traj_length               200
train_time                         88.8498
eval_time                          11.0802
epoch_time                         99.9301
------------------------------  ------------
------------------------------  ------------
epoch                              21
sac/log_pi                          0.708637
sac/policy_loss                  3652.18
sac/qf1_loss                    15559.6
sac/qf2_loss                    15208.5
sac/alpha_loss                     -3.35905
sac/alpha                         114.452
sac/average_qf1                 -3465.62
sac/average_qf2                 -3472.58
sac/average_target_q            -3524.57
sac/total_steps                 22000
sac/cql/cql_std_q1                341.508
sac/cql/cql_std_q2                275.161
sac/cql/cql_q1_rand             -4111.05
sac/cql/cql_q2_rand             -4012.74
sac/cql/cql_min_qf1_loss          419.583
sac/cql/cql_min_qf2_loss          269.18
sac/cql/cql_qf1_diff               83.9167
sac/cql/cql_qf2_diff               53.836
sac/cql/cql_q1_current_actions  -3506.4
sac/cql/cql_q2_current_actions  -3526.68
sac/cql/cql_q1_next_actions     -3516.3
sac/cql/cql_q2_next_actions     -3536.08
sac/cql/alpha_prime_loss            0
sac/cql/alpha_prime                 0
average_return                     42.574
average_traj_length               200
train_time                         89.7227
eval_time                          11.3342
epoch_time                        101.057
------------------------------  ------------
------------------------------  ------------
epoch                              22
sac/log_pi                         -0.315686
sac/policy_loss                  4254.78
sac/qf1_loss                    15309.9
sac/qf2_loss                    15592.6
sac/alpha_loss                      1.48531
sac/alpha                         110.5
sac/average_qf1                 -4176.08
sac/average_qf2                 -4167.08
sac/average_target_q            -4225.67
sac/total_steps                 23000
sac/cql/cql_std_q1                218.084
sac/cql/cql_std_q2                166.842
sac/cql/cql_q1_rand             -4586.47
sac/cql/cql_q2_rand             -4466.95
sac/cql/cql_min_qf1_loss          176.26
sac/cql/cql_min_qf2_loss          260.182
sac/cql/cql_qf1_diff               35.2521
sac/cql/cql_qf2_diff               52.0365
sac/cql/cql_q1_current_actions  -4280.65
sac/cql/cql_q2_current_actions  -4237.46
sac/cql/cql_q1_next_actions     -4291.68
sac/cql/cql_q2_next_actions     -4246.4
sac/cql/alpha_prime_loss            0
sac/cql/alpha_prime                 0
average_return                     39.2548
average_traj_length               200
train_time                         89.4823
eval_time                          11.3406
epoch_time                        100.823
------------------------------  ------------
------------------------------  ------------
epoch                              23
sac/log_pi                         -0.465281
sac/policy_loss                  4292.16
sac/qf1_loss                    17264.1
sac/qf2_loss                    16667.3
sac/alpha_loss                      2.2976
sac/alpha                         139.503
sac/average_qf1                 -4245.4
sac/average_qf2                 -4240.29
sac/average_target_q            -4260.13
sac/total_steps                 24000
sac/cql/cql_std_q1                222.334
sac/cql/cql_std_q2                169.364
sac/cql/cql_q1_rand             -4648.57
sac/cql/cql_q2_rand             -4527.51
sac/cql/cql_min_qf1_loss          252.548
sac/cql/cql_min_qf2_loss          270.686
sac/cql/cql_qf1_diff               50.5097
sac/cql/cql_qf2_diff               54.1373
sac/cql/cql_q1_current_actions  -4349.11
sac/cql/cql_q2_current_actions  -4307.26
sac/cql/cql_q1_next_actions     -4357.12
sac/cql/cql_q2_next_actions     -4313.47
sac/cql/alpha_prime_loss            0
sac/cql/alpha_prime                 0
average_return                     63.0312
average_traj_length               200
train_time                         89.4968
eval_time                          11.4591
epoch_time                        100.956
------------------------------  ------------
------------------------------  ------------
epoch                              24
sac/log_pi                          0.987957
sac/policy_loss                  4697.46
sac/qf1_loss                    18334.1
sac/qf2_loss                    18675.6
sac/alpha_loss                     -4.93817
sac/alpha                         148.171
sac/average_qf1                 -4459.68
sac/average_qf2                 -4470.98
sac/average_target_q            -4504.58
sac/total_steps                 25000
sac/cql/cql_std_q1                383.365
sac/cql/cql_std_q2                323.587
sac/cql/cql_q1_rand             -5198.8
sac/cql/cql_q2_rand             -5088.59
sac/cql/cql_min_qf1_loss          479.751
sac/cql/cql_min_qf2_loss          405.268
sac/cql/cql_qf1_diff               95.9501
sac/cql/cql_qf2_diff               81.0535
sac/cql/cql_q1_current_actions  -4528.79
sac/cql/cql_q2_current_actions  -4522.95
sac/cql/cql_q1_next_actions     -4547.53
sac/cql/cql_q2_next_actions     -4540.07
sac/cql/alpha_prime_loss            0
sac/cql/alpha_prime                 0
average_return                     70.2924
average_traj_length               200
train_time                         88.2396
eval_time                          11.0861
epoch_time                         99.3257
------------------------------  ------------
------------------------------  -----------
epoch                              25
sac/log_pi                          1.04114
sac/policy_loss                  5183.61
sac/qf1_loss                    39126.7
sac/qf2_loss                    40089.9
sac/alpha_loss                     -5.2194
sac/alpha                         150.379
sac/average_qf1                 -4940.41
sac/average_qf2                 -4957.93
sac/average_target_q            -4983.24
sac/total_steps                 26000
sac/cql/cql_std_q1                402.435
sac/cql/cql_std_q2                346.683
sac/cql/cql_q1_rand             -5656.55
sac/cql/cql_q2_rand             -5620.83
sac/cql/cql_min_qf1_loss          778.638
sac/cql/cql_min_qf2_loss          454.083
sac/cql/cql_qf1_diff              155.728
sac/cql/cql_qf2_diff               90.8166
sac/cql/cql_q1_current_actions  -4953.65
sac/cql/cql_q2_current_actions  -5017.6
sac/cql/cql_q1_next_actions     -4966.51
sac/cql/cql_q2_next_actions     -5027.26
sac/cql/alpha_prime_loss            0
sac/cql/alpha_prime                 0
average_return                     63.7726
average_traj_length               200
train_time                         86.2682
eval_time                          11.1155
epoch_time                         97.3837
------------------------------  -----------
------------------------------  ------------
epoch                              26
sac/log_pi                         -0.475982
sac/policy_loss                  5761.36
sac/qf1_loss                    25248.6
sac/qf2_loss                    25686.4
sac/alpha_loss                      2.39913
sac/alpha                         154.527
sac/average_qf1                 -5642.57
sac/average_qf2                 -5645.28
sac/average_target_q            -5688.26
sac/total_steps                 27000
sac/cql/cql_std_q1                306.372
sac/cql/cql_std_q2                238.295
sac/cql/cql_q1_rand             -6220.13
sac/cql/cql_q2_rand             -6086.93
sac/cql/cql_min_qf1_loss          186.662
sac/cql/cql_min_qf2_loss          189.877
sac/cql/cql_qf1_diff               37.3324
sac/cql/cql_qf2_diff               37.9755
sac/cql/cql_q1_current_actions  -5797.55
sac/cql/cql_q2_current_actions  -5767.42
sac/cql/cql_q1_next_actions     -5806.09
sac/cql/cql_q2_next_actions     -5773.72
sac/cql/alpha_prime_loss            0
sac/cql/alpha_prime                 0
average_return                     61.3254
average_traj_length               200
train_time                         86.4369
eval_time                          11.0151
epoch_time                         97.452
------------------------------  ------------
------------------------------  -----------
epoch                              27
sac/log_pi                          1.32476
sac/policy_loss                  5810.98
sac/qf1_loss                    33261.3
sac/qf2_loss                    31920
sac/alpha_loss                     -6.66704
sac/alpha                         153.337
sac/average_qf1                 -5528.05
sac/average_qf2                 -5537.96
sac/average_target_q            -5614.61
sac/total_steps                 28000
sac/cql/cql_std_q1                534.87
sac/cql/cql_std_q2                423.387
sac/cql/cql_q1_rand             -6549.15
sac/cql/cql_q2_rand             -6333.32
sac/cql/cql_min_qf1_loss          461.327
sac/cql/cql_min_qf2_loss          442.195
sac/cql/cql_qf1_diff               92.2654
sac/cql/cql_qf2_diff               88.4391
sac/cql/cql_q1_current_actions  -5576.68
sac/cql/cql_q2_current_actions  -5568.68
sac/cql/cql_q1_next_actions     -5582.09
sac/cql/cql_q2_next_actions     -5573.89
sac/cql/alpha_prime_loss            0
sac/cql/alpha_prime                 0
average_return                     81.051
average_traj_length               200
train_time                         86.2371
eval_time                          11.111
epoch_time                         97.3481
------------------------------  -----------
------------------------------  ------------
epoch                              28
sac/log_pi                         -0.782923
sac/policy_loss                  6196.34
sac/qf1_loss                    33237.1
sac/qf2_loss                    35764
sac/alpha_loss                      4.12738
sac/alpha                         194.757
sac/average_qf1                 -6178.28
sac/average_qf2                 -6176.01
sac/average_target_q            -6258.41
sac/total_steps                 29000
sac/cql/cql_std_q1                254.446
sac/cql/cql_std_q2                194.609
sac/cql/cql_q1_rand             -6616.33
sac/cql/cql_q2_rand             -6520.32
sac/cql/cql_min_qf1_loss          214.32
sac/cql/cql_min_qf2_loss          179.884
sac/cql/cql_qf1_diff               42.864
sac/cql/cql_qf2_diff               35.9769
sac/cql/cql_q1_current_actions  -6313.79
sac/cql/cql_q2_current_actions  -6296.92
sac/cql/cql_q1_next_actions     -6314.54
sac/cql/cql_q2_next_actions     -6302.63
sac/cql/alpha_prime_loss            0
sac/cql/alpha_prime                 0
average_return                     72.886
average_traj_length               200
train_time                         86.0369
eval_time                          11.2564
epoch_time                         97.2934
------------------------------  ------------
------------------------------  ------------
epoch                              29
sac/log_pi                         -0.549198
sac/policy_loss                  7597.75
sac/qf1_loss                    20066.9
sac/qf2_loss                    21411.8
sac/alpha_loss                      2.75341
sac/alpha                         150.432
sac/average_qf1                 -7456.73
sac/average_qf2                 -7451.61
sac/average_target_q            -7553.69
sac/total_steps                 30000
sac/cql/cql_std_q1                291.442
sac/cql/cql_std_q2                237.913
sac/cql/cql_q1_rand             -8024.4
sac/cql/cql_q2_rand             -7873.28
sac/cql/cql_min_qf1_loss          -90.4652
sac/cql/cql_min_qf2_loss          107.963
sac/cql/cql_qf1_diff              -18.093
sac/cql/cql_qf2_diff               21.5927
sac/cql/cql_q1_current_actions  -7660.63
sac/cql/cql_q2_current_actions  -7583.9
sac/cql/cql_q1_next_actions     -7665.42
sac/cql/cql_q2_next_actions     -7589.19
sac/cql/alpha_prime_loss            0
sac/cql/alpha_prime                 0
average_return                     80.548
average_traj_length               200
train_time                         86.2606
eval_time                          11.1903
epoch_time                         97.4509
------------------------------  ------------
------------------------------  ------------
epoch                              30
sac/log_pi                         -0.149359
sac/policy_loss                  8410.83
sac/qf1_loss                    19295.2
sac/qf2_loss                    19957.4
sac/alpha_loss                      0.721242
sac/alpha                         125.074
sac/average_qf1                 -8236.79
sac/average_qf2                 -8230.48
sac/average_target_q            -8348.38
sac/total_steps                 31000
sac/cql/cql_std_q1                366.422
sac/cql/cql_std_q2                292.093
sac/cql/cql_q1_rand             -8933.16
sac/cql/cql_q2_rand             -8773.58
sac/cql/cql_min_qf1_loss          228.147
sac/cql/cql_min_qf2_loss          248.991
sac/cql/cql_qf1_diff               45.6294
sac/cql/cql_qf2_diff               49.7982
sac/cql/cql_q1_current_actions  -8402.88
sac/cql/cql_q2_current_actions  -8357.23
sac/cql/cql_q1_next_actions     -8416.37
sac/cql/cql_q2_next_actions     -8367.89
sac/cql/alpha_prime_loss            0
sac/cql/alpha_prime                 0
average_return                     32.586
average_traj_length               200
train_time                         87.4763
eval_time                          11.4085
epoch_time                         98.8848
------------------------------  ------------
------------------------------  ------------
epoch                              31
sac/log_pi                         -0.154457
sac/policy_loss                  7954.55
sac/qf1_loss                    22489.3
sac/qf2_loss                    24316.4
sac/alpha_loss                      0.761864
sac/alpha                         138.731
sac/average_qf1                 -7817.69
sac/average_qf2                 -7815.17
sac/average_target_q            -7926.57
sac/total_steps                 32000
sac/cql/cql_std_q1                427.443
sac/cql/cql_std_q2                326.614
sac/cql/cql_q1_rand             -8578.79
sac/cql/cql_q2_rand             -8364.61
sac/cql/cql_min_qf1_loss          798.123
sac/cql/cql_min_qf2_loss          766.288
sac/cql/cql_qf1_diff              159.625
sac/cql/cql_qf2_diff              153.258
sac/cql/cql_q1_current_actions  -7931.31
sac/cql/cql_q2_current_actions  -7888.12
sac/cql/cql_q1_next_actions     -7931.95
sac/cql/cql_q2_next_actions     -7887.36
sac/cql/alpha_prime_loss            0
sac/cql/alpha_prime                 0
average_return                     44.3847
average_traj_length               200
train_time                         87.9542
eval_time                          10.8809
epoch_time                         98.8351
------------------------------  ------------
------------------------------  ------------
epoch                              32
sac/log_pi                         -0.325777
sac/policy_loss                  8518.57
sac/qf1_loss                    54125.1
sac/qf2_loss                    54075
sac/alpha_loss                      1.69839
sac/alpha                         183.71
sac/average_qf1                 -8373.94
sac/average_qf2                 -8356.64
sac/average_target_q            -8449.12
sac/total_steps                 33000
sac/cql/cql_std_q1                463.812
sac/cql/cql_std_q2                360.848
sac/cql/cql_q1_rand             -9202.01
sac/cql/cql_q2_rand             -8971.2
sac/cql/cql_min_qf1_loss          477.121
sac/cql/cql_min_qf2_loss          535.915
sac/cql/cql_qf1_diff               95.4241
sac/cql/cql_qf2_diff              107.183
sac/cql/cql_q1_current_actions  -8528.98
sac/cql/cql_q2_current_actions  -8460.1
sac/cql/cql_q1_next_actions     -8544.18
sac/cql/cql_q2_next_actions     -8469.06
sac/cql/alpha_prime_loss            0
sac/cql/alpha_prime                 0
average_return                      9.76528
average_traj_length               200
train_time                         83.0306
eval_time                          10.9059
epoch_time                         93.9365
------------------------------  ------------
------------------------------  ------------
epoch                              33
sac/log_pi                          0.874627
sac/policy_loss                  9124.33
sac/qf1_loss                    48708.3
sac/qf2_loss                    50420.7
sac/alpha_loss                     -4.70229
sac/alpha                         216.229
sac/average_qf1                 -8750.33
sac/average_qf2                 -8752.49
sac/average_target_q            -8829.4
sac/total_steps                 34000
sac/cql/cql_std_q1                560.457
sac/cql/cql_std_q2                455.884
sac/cql/cql_q1_rand             -9830.25
sac/cql/cql_q2_rand             -9631.46
sac/cql/cql_min_qf1_loss          677.872
sac/cql/cql_min_qf2_loss          477.109
sac/cql/cql_qf1_diff              135.574
sac/cql/cql_qf2_diff               95.4218
sac/cql/cql_q1_current_actions  -8895.29
sac/cql/cql_q2_current_actions  -8883.44
sac/cql/cql_q1_next_actions     -8902.23
sac/cql/cql_q2_next_actions     -8893.49
sac/cql/alpha_prime_loss            0
sac/cql/alpha_prime                 0
average_return                     27.527
average_traj_length               200
train_time                         82.3637
eval_time                          10.8975
epoch_time                         93.2612
------------------------------  ------------
------------------------------  ------------
epoch                               34
sac/log_pi                           1.18656
sac/policy_loss                   9575.2
sac/qf1_loss                     41757.1
sac/qf2_loss                     40880.5
sac/alpha_loss                      -6.35692
sac/alpha                          212.177
sac/average_qf1                  -9279.21
sac/average_qf2                  -9275.88
sac/average_target_q             -9318.11
sac/total_steps                  35000
sac/cql/cql_std_q1                 647.305
sac/cql/cql_std_q2                 546.488
sac/cql/cql_q1_rand             -10414.1
sac/cql/cql_q2_rand             -10216.2
sac/cql/cql_min_qf1_loss          1265.36
sac/cql/cql_min_qf2_loss          1054.01
sac/cql/cql_qf1_diff               253.072
sac/cql/cql_qf2_diff               210.801
sac/cql/cql_q1_current_actions   -9263.37
sac/cql/cql_q2_current_actions   -9267.45
sac/cql/cql_q1_next_actions      -9280.19
sac/cql/cql_q2_next_actions      -9276.48
sac/cql/alpha_prime_loss             0
sac/cql/alpha_prime                  0
average_return                      77.7778
average_traj_length                200
train_time                          82.0066
eval_time                           10.942
epoch_time                          92.9486
------------------------------  ------------
------------------------------  -------------
epoch                               35
sac/log_pi                          -0.468416
sac/policy_loss                  10471.8
sac/qf1_loss                     48841
sac/qf2_loss                     50686.5
sac/alpha_loss                       2.53118
sac/alpha                          222.224
sac/average_qf1                 -10315.8
sac/average_qf2                 -10325
sac/average_target_q            -10444.3
sac/total_steps                  36000
sac/cql/cql_std_q1                 432.335
sac/cql/cql_std_q2                 355.302
sac/cql/cql_q1_rand             -11106.9
sac/cql/cql_q2_rand             -10930.6
sac/cql/cql_min_qf1_loss           470.94
sac/cql/cql_min_qf2_loss           435.062
sac/cql/cql_qf1_diff                94.1879
sac/cql/cql_qf2_diff                87.0123
sac/cql/cql_q1_current_actions  -10522.7
sac/cql/cql_q2_current_actions  -10468
sac/cql/cql_q1_next_actions     -10543.2
sac/cql/cql_q2_next_actions     -10482.8
sac/cql/alpha_prime_loss             0
sac/cql/alpha_prime                  0
average_return                      85.0968
average_traj_length                200
train_time                          86.27
eval_time                           11.9012
epoch_time                          98.1711
------------------------------  -------------
------------------------------  -------------
epoch                               36
sac/log_pi                           0.849906
sac/policy_loss                  10400.4
sac/qf1_loss                     56253
sac/qf2_loss                     53104
sac/alpha_loss                      -4.67947
sac/alpha                          246.132
sac/average_qf1                 -10008.3
sac/average_qf2                 -10022.2
sac/average_target_q            -10198.6
sac/total_steps                  37000
sac/cql/cql_std_q1                 618.124
sac/cql/cql_std_q2                 520.516
sac/cql/cql_q1_rand             -11198.6
sac/cql/cql_q2_rand             -11021.7
sac/cql/cql_min_qf1_loss           622.574
sac/cql/cql_min_qf2_loss           570.783
sac/cql/cql_qf1_diff               124.515
sac/cql/cql_qf2_diff               114.157
sac/cql/cql_q1_current_actions  -10139.8
sac/cql/cql_q2_current_actions  -10127.4
sac/cql/cql_q1_next_actions     -10144.1
sac/cql/cql_q2_next_actions     -10134.1
sac/cql/alpha_prime_loss             0
sac/cql/alpha_prime                  0
average_return                      70.9346
average_traj_length                200
train_time                          89.1467
eval_time                           12.0467
epoch_time                         101.193
------------------------------  -------------
------------------------------  ------------
epoch                               37
sac/log_pi                          -0.63466
sac/policy_loss                  11478.7
sac/qf1_loss                     60964
sac/qf2_loss                     60120.4
sac/alpha_loss                       3.45599
sac/alpha                          231.695
sac/average_qf1                 -11347
sac/average_qf2                 -11343.6
sac/average_target_q            -11417.3
sac/total_steps                  38000
sac/cql/cql_std_q1                 435.677
sac/cql/cql_std_q2                 367.803
sac/cql/cql_q1_rand             -12148.3
sac/cql/cql_q2_rand             -11967.6
sac/cql/cql_min_qf1_loss            69.22
sac/cql/cql_min_qf2_loss           242.211
sac/cql/cql_qf1_diff                13.844
sac/cql/cql_qf2_diff                48.4422
sac/cql/cql_q1_current_actions  -11584.1
sac/cql/cql_q2_current_actions  -11505.9
sac/cql/cql_q1_next_actions     -11591.1
sac/cql/cql_q2_next_actions     -11515.6
sac/cql/alpha_prime_loss             0
sac/cql/alpha_prime                  0
average_return                      93.9071
average_traj_length                200
train_time                          90.0818
eval_time                           12.1562
epoch_time                         102.238
------------------------------  ------------
------------------------------  -------------
epoch                               38
sac/log_pi                          -0.519601
sac/policy_loss                  11423.5
sac/qf1_loss                     35316.5
sac/qf2_loss                     36349.9
sac/alpha_loss                       2.68821
sac/alpha                          176.551
sac/average_qf1                 -11230.1
sac/average_qf2                 -11232.4
sac/average_target_q            -11362.1
sac/total_steps                  39000
sac/cql/cql_std_q1                 419.706
sac/cql/cql_std_q2                 342.036
sac/cql/cql_q1_rand             -11987.9
sac/cql/cql_q2_rand             -11851.6
sac/cql/cql_min_qf1_loss           157.747
sac/cql/cql_min_qf2_loss           165.589
sac/cql/cql_qf1_diff                31.5493
sac/cql/cql_qf2_diff                33.1178
sac/cql/cql_q1_current_actions  -11448.9
sac/cql/cql_q2_current_actions  -11420.5
sac/cql/cql_q1_next_actions     -11458.8
sac/cql/cql_q2_next_actions     -11422.9
sac/cql/alpha_prime_loss             0
sac/cql/alpha_prime                  0
average_return                      94.5417
average_traj_length                200
train_time                          88.9349
eval_time                           11.6846
epoch_time                         100.619
------------------------------  -------------
------------------------------  --------------
epoch                               39
sac/log_pi                          -0.0719147
sac/policy_loss                  12627.1
sac/qf1_loss                     35422.4
sac/qf2_loss                     34958.3
sac/alpha_loss                       0.356175
sac/alpha                          141.562
sac/average_qf1                 -12395.8
sac/average_qf2                 -12389.2
sac/average_target_q            -12507.8
sac/total_steps                  40000
sac/cql/cql_std_q1                 547.608
sac/cql/cql_std_q2                 447.4
sac/cql/cql_q1_rand             -13413
sac/cql/cql_q2_rand             -13195.7
sac/cql/cql_min_qf1_loss           183.793
sac/cql/cql_min_qf2_loss           246.261
sac/cql/cql_qf1_diff                36.7586
sac/cql/cql_qf2_diff                49.2523
sac/cql/cql_q1_current_actions  -12602
sac/cql/cql_q2_current_actions  -12538.5
sac/cql/cql_q1_next_actions     -12625.4
sac/cql/cql_q2_next_actions     -12561.3
sac/cql/alpha_prime_loss             0
sac/cql/alpha_prime                  0
average_return                      95.054
average_traj_length                200
train_time                          87.2378
eval_time                           12.1813
epoch_time                          99.4191
------------------------------  --------------
------------------------------  -------------
epoch                               40
sac/log_pi                          -0.177043
sac/policy_loss                  12648.2
sac/qf1_loss                     34226.7
sac/qf2_loss                     31271.5
sac/alpha_loss                       0.871098
sac/alpha                          137.039
sac/average_qf1                 -12465.3
sac/average_qf2                 -12461.5
sac/average_target_q            -12637.1
sac/total_steps                  41000
sac/cql/cql_std_q1                 438.232
sac/cql/cql_std_q2                 368.818
sac/cql/cql_q1_rand             -13239.6
sac/cql/cql_q2_rand             -13087.8
sac/cql/cql_min_qf1_loss           423.956
sac/cql/cql_min_qf2_loss           486.198
sac/cql/cql_qf1_diff                84.7911
sac/cql/cql_qf2_diff                97.2397
sac/cql/cql_q1_current_actions  -12630.4
sac/cql/cql_q2_current_actions  -12583.5
sac/cql/cql_q1_next_actions     -12637.9
sac/cql/cql_q2_next_actions     -12585.7
sac/cql/alpha_prime_loss             0
sac/cql/alpha_prime                  0
average_return                      46.7436
average_traj_length                200
train_time                          87.0232
eval_time                           11.8648
epoch_time                          98.888
------------------------------  -------------
------------------------------  -------------
epoch                               41
sac/log_pi                           0.105397
sac/policy_loss                  13422.1
sac/qf1_loss                     29296
sac/qf2_loss                     29670
sac/alpha_loss                      -0.532663
sac/alpha                          156.626
sac/average_qf1                 -13201.9
sac/average_qf2                 -13210.6
sac/average_target_q            -13344.5
sac/total_steps                  42000
sac/cql/cql_std_q1                 504.303
sac/cql/cql_std_q2                 419.971
sac/cql/cql_q1_rand             -14068.6
sac/cql/cql_q2_rand             -13909.3
sac/cql/cql_min_qf1_loss           764.338
sac/cql/cql_min_qf2_loss           650.377
sac/cql/cql_qf1_diff               152.868
sac/cql/cql_qf2_diff               130.075
sac/cql/cql_q1_current_actions  -13338.5
sac/cql/cql_q2_current_actions  -13298.7
sac/cql/cql_q1_next_actions     -13363.6
sac/cql/cql_q2_next_actions     -13320.8
sac/cql/alpha_prime_loss             0
sac/cql/alpha_prime                  0
average_return                      68.8512
average_traj_length                200
train_time                          86.6915
eval_time                           11.6978
epoch_time                          98.3893
------------------------------  -------------
------------------------------  -------------
epoch                               42
sac/log_pi                          -0.286969
sac/policy_loss                  13204.5
sac/qf1_loss                     49584.8
sac/qf2_loss                     49266.3
sac/alpha_loss                       1.51362
sac/alpha                          195.295
sac/average_qf1                 -13003.1
sac/average_qf2                 -13031.3
sac/average_target_q            -13172.2
sac/total_steps                  43000
sac/cql/cql_std_q1                 596.602
sac/cql/cql_std_q2                 526.581
sac/cql/cql_q1_rand             -14039.4
sac/cql/cql_q2_rand             -13930.4
sac/cql/cql_min_qf1_loss           624.705
sac/cql/cql_min_qf2_loss           638.067
sac/cql/cql_qf1_diff               124.941
sac/cql/cql_qf2_diff               127.613
sac/cql/cql_q1_current_actions  -13171.8
sac/cql/cql_q2_current_actions  -13158
sac/cql/cql_q1_next_actions     -13189.7
sac/cql/cql_q2_next_actions     -13174.4
sac/cql/alpha_prime_loss             0
sac/cql/alpha_prime                  0
average_return                      42.612
average_traj_length                200
train_time                          85.9736
eval_time                           11.5756
epoch_time                          97.5492
------------------------------  -------------
------------------------------  -------------
epoch                               43
sac/log_pi                           0.577556
sac/policy_loss                  14005.3
sac/qf1_loss                    118915
sac/qf2_loss                    122580
sac/alpha_loss                      -3.15701
sac/alpha                          236.547
sac/average_qf1                 -13643.1
sac/average_qf2                 -13670.3
sac/average_target_q            -13773.6
sac/total_steps                  44000
sac/cql/cql_std_q1                 616.213
sac/cql/cql_std_q2                 572.818
sac/cql/cql_q1_rand             -14781.4
sac/cql/cql_q2_rand             -14737.2
sac/cql/cql_min_qf1_loss           637.96
sac/cql/cql_min_qf2_loss           739.339
sac/cql/cql_qf1_diff               127.592
sac/cql/cql_qf2_diff               147.868
sac/cql/cql_q1_current_actions  -13780.8
sac/cql/cql_q2_current_actions  -13805.9
sac/cql/cql_q1_next_actions     -13807.2
sac/cql/cql_q2_next_actions     -13824.8
sac/cql/alpha_prime_loss             0
sac/cql/alpha_prime                  0
average_return                      49.702
average_traj_length                200
train_time                          85.0202
eval_time                           11.7224
epoch_time                          96.7426
------------------------------  -------------
------------------------------  -------------
epoch                               44
sac/log_pi                          -0.253684
sac/policy_loss                  15323.5
sac/qf1_loss                     91801.9
sac/qf2_loss                     89065.8
sac/alpha_loss                       1.41326
sac/alpha                          262.681
sac/average_qf1                 -15077
sac/average_qf2                 -15081.2
sac/average_target_q            -15201.8
sac/total_steps                  45000
sac/cql/cql_std_q1                 587.226
sac/cql/cql_std_q2                 509.326
sac/cql/cql_q1_rand             -16149.8
sac/cql/cql_q2_rand             -16035.4
sac/cql/cql_min_qf1_loss           354.703
sac/cql/cql_min_qf2_loss           291.504
sac/cql/cql_qf1_diff                70.9405
sac/cql/cql_qf2_diff                58.3009
sac/cql/cql_q1_current_actions  -15344.2
sac/cql/cql_q2_current_actions  -15318.6
sac/cql/cql_q1_next_actions     -15372.7
sac/cql/cql_q2_next_actions     -15330.7
sac/cql/alpha_prime_loss             0
sac/cql/alpha_prime                  0
average_return                      65.2956
average_traj_length                200
train_time                          85.1467
eval_time                           11.7069
epoch_time                          96.8536
------------------------------  -------------
------------------------------  -------------
epoch                               45
sac/log_pi                          -0.362526
sac/policy_loss                  15315.7
sac/qf1_loss                    133616
sac/qf2_loss                    134797
sac/alpha_loss                       2.0705
sac/alpha                          302.272
sac/average_qf1                 -15080.7
sac/average_qf2                 -15076.8
sac/average_target_q            -15334
sac/total_steps                  46000
sac/cql/cql_std_q1                 479.46
sac/cql/cql_std_q2                 408.528
sac/cql/cql_q1_rand             -15992.8
sac/cql/cql_q2_rand             -15860.1
sac/cql/cql_min_qf1_loss           485.704
sac/cql/cql_min_qf2_loss           521.012
sac/cql/cql_qf1_diff                97.1408
sac/cql/cql_qf2_diff               104.202
sac/cql/cql_q1_current_actions  -15391.3
sac/cql/cql_q2_current_actions  -15348.7
sac/cql/cql_q1_next_actions     -15400.3
sac/cql/cql_q2_next_actions     -15354.5
sac/cql/alpha_prime_loss             0
sac/cql/alpha_prime                  0
average_return                      92.9919
average_traj_length                200
train_time                          85.5133
eval_time                           11.6808
epoch_time                          97.1941
------------------------------  -------------
------------------------------  ------------
epoch                               46
sac/log_pi                           0.77014
sac/policy_loss                  15100.4
sac/qf1_loss                     89788.8
sac/qf2_loss                     90127.1
sac/alpha_loss                      -4.34549
sac/alpha                          282.16
sac/average_qf1                 -14720.8
sac/average_qf2                 -14720.5
sac/average_target_q            -14940.1
sac/total_steps                  47000
sac/cql/cql_std_q1                 669.343
sac/cql/cql_std_q2                 578.488
sac/cql/cql_q1_rand             -15929.8
sac/cql/cql_q2_rand             -15761.8
sac/cql/cql_min_qf1_loss           961.122
sac/cql/cql_min_qf2_loss           864.002
sac/cql/cql_qf1_diff               192.224
sac/cql/cql_qf2_diff               172.8
sac/cql/cql_q1_current_actions  -14840.6
sac/cql/cql_q2_current_actions  -14815.7
sac/cql/cql_q1_next_actions     -14845.6
sac/cql/cql_q2_next_actions     -14827.2
sac/cql/alpha_prime_loss             0
sac/cql/alpha_prime                  0
average_return                      79.4036
average_traj_length                200
train_time                          85.7541
eval_time                           11.7266
epoch_time                          97.4806
------------------------------  ------------
------------------------------  -------------
epoch                               47
sac/log_pi                          -0.753452
sac/policy_loss                  17038.7
sac/qf1_loss                     66476.9
sac/qf2_loss                     65382.6
sac/alpha_loss                       4.2203
sac/alpha                          270.773
sac/average_qf1                 -16874.9
sac/average_qf2                 -16877.2
sac/average_target_q            -17029.9
sac/total_steps                  48000
sac/cql/cql_std_q1                 486.68
sac/cql/cql_std_q2                 410.989
sac/cql/cql_q1_rand             -17722.7
sac/cql/cql_q2_rand             -17557.1
sac/cql/cql_min_qf1_loss           195.561
sac/cql/cql_min_qf2_loss           430.572
sac/cql/cql_qf1_diff                39.1122
sac/cql/cql_qf2_diff                86.1144
sac/cql/cql_q1_current_actions  -17166.4
sac/cql/cql_q2_current_actions  -17085.1
sac/cql/cql_q1_next_actions     -17169.7
sac/cql/cql_q2_next_actions     -17105.9
sac/cql/alpha_prime_loss             0
sac/cql/alpha_prime                  0
average_return                      89.5216
average_traj_length                200
train_time                          84.5048
eval_time                           11.6906
epoch_time                          96.1954
------------------------------  -------------
------------------------------  -------------
epoch                               48
sac/log_pi                          -0.155852
sac/policy_loss                  18474.8
sac/qf1_loss                     51773.2
sac/qf2_loss                     53408.7
sac/alpha_loss                       0.838333
sac/alpha                          216.81
sac/average_qf1                 -18217.5
sac/average_qf2                 -18225.1
sac/average_target_q            -18360.8
sac/total_steps                  49000
sac/cql/cql_std_q1                 662.489
sac/cql/cql_std_q2                 582.913
sac/cql/cql_q1_rand             -19389
sac/cql/cql_q2_rand             -19202.3
sac/cql/cql_min_qf1_loss           549.353
sac/cql/cql_min_qf2_loss           818.303
sac/cql/cql_qf1_diff               109.871
sac/cql/cql_qf2_diff               163.661
sac/cql/cql_q1_current_actions  -18442.9
sac/cql/cql_q2_current_actions  -18362.9
sac/cql/cql_q1_next_actions     -18476.1
sac/cql/cql_q2_next_actions     -18382
sac/cql/alpha_prime_loss             0
sac/cql/alpha_prime                  0
average_return                      76.1867
average_traj_length                200
train_time                          90.4851
eval_time                           11.6268
epoch_time                         102.112
------------------------------  -------------
------------------------------  -------------
epoch                               49
sac/log_pi                           0.370197
sac/policy_loss                  16794
sac/qf1_loss                     72574.9
sac/qf2_loss                     76219
sac/alpha_loss                      -2.00182
sac/alpha                          223.061
sac/average_qf1                 -16667.6
sac/average_qf2                 -16619.6
sac/average_target_q            -16896.4
sac/total_steps                  50000
sac/cql/cql_std_q1                 627.554
sac/cql/cql_std_q2                 565.168
sac/cql/cql_q1_rand             -17629.9
sac/cql/cql_q2_rand             -17436.4
sac/cql/cql_min_qf1_loss          1835.59
sac/cql/cql_min_qf2_loss          1793.18
sac/cql/cql_qf1_diff               367.117
sac/cql/cql_qf2_diff               358.635
sac/cql/cql_q1_current_actions  -16674
sac/cql/cql_q2_current_actions  -16596.4
sac/cql/cql_q1_next_actions     -16689.9
sac/cql/cql_q2_next_actions     -16611.6
sac/cql/alpha_prime_loss             0
sac/cql/alpha_prime                  0
average_return                      49.5632
average_traj_length                200
train_time                          85.0121
eval_time                           11.5856
epoch_time                          96.5977
------------------------------  -------------
