--------------  -------
epoch            0
average_return  10.7336
--------------  -------
--------------  -------
epoch            1
average_return  21.9407
--------------  -------
--------------  -------
epoch            2
average_return  55.2416
--------------  -------
--------------  ------
epoch            3
average_return  55.776
--------------  ------
--------------  -------
epoch            4
average_return  83.5833
--------------  -------
--------------  -------
epoch            5
average_return  91.0614
--------------  -------
--------------  -------
epoch            6
average_return  87.2011
--------------  -------
--------------  -------
epoch            7
average_return  82.7235
--------------  -------
--------------  -------
epoch            8
average_return  76.4688
--------------  -------
--------------  -------
epoch            9
average_return  89.2202
--------------  -------
--------------  -------
epoch           10
average_return  30.0078
--------------  -------
--------------  ------
epoch           11
average_return  21.168
--------------  ------
--------------  ------
epoch           12
average_return  84.844
--------------  ------
--------------  -------
epoch           13
average_return  80.9754
--------------  -------
--------------  -------
epoch           14
average_return  55.4267
--------------  -------
--------------  -------
epoch           15
average_return  83.0082
--------------  -------
--------------  -------
epoch           16
average_return  85.7607
--------------  -------
--------------  -------
epoch           17
average_return  18.7828
--------------  -------
--------------  -------
epoch           18
average_return  15.9009
--------------  -------
--------------  -------
epoch           19
average_return  83.6541
--------------  -------
--------------  -------
epoch           20
average_return  21.7597
--------------  -------
--------------  -------
epoch           21
average_return  35.9054
--------------  -------
--------------  ------
epoch           22
average_return  47.384
--------------  ------
--------------  ------
epoch           23
average_return  44.515
--------------  ------
--------------  -------
epoch           24
average_return  33.5698
--------------  -------
--------------  -------
epoch           25
average_return  90.6653
--------------  -------
--------------  -------
epoch           26
average_return  78.0627
--------------  -------
--------------  ------
epoch           27
average_return  75.169
--------------  ------
--------------  -------
epoch           28
average_return  90.5216
--------------  -------
--------------  -------
epoch           29
average_return  87.6505
--------------  -------
--------------  -------
epoch           30
average_return  99.3891
--------------  -------
--------------  -------
epoch           31
average_return  92.2794
--------------  -------
--------------  -------
epoch           32
average_return  69.9188
--------------  -------
--------------  -------
epoch           33
average_return  90.8403
--------------  -------
--------------  -------
epoch            34
average_return  100.944
--------------  -------
--------------  -------
epoch           35
average_return  92.7999
--------------  -------
--------------  ----
epoch           36
average_return  87.4
--------------  ----
--------------  -------
epoch           37
average_return  87.6308
--------------  -------
--------------  -------
epoch           38
average_return  59.9302
--------------  -------
--------------  -------
epoch           39
average_return  20.8269
--------------  -------
--------------  -------
epoch           40
average_return  57.6861
--------------  -------
--------------  -------
epoch           41
average_return  64.4945
--------------  -------
--------------  -------
epoch            42
average_return  105.509
--------------  -------
--------------  -------
epoch            43
average_return  107.301
--------------  -------
--------------  -------
epoch            44
average_return  101.999
--------------  -------
--------------  -------
epoch           45
average_return  19.6819
--------------  -------
--------------  ------
epoch            46
average_return  104.36
--------------  ------
--------------  -------
epoch           47
average_return  66.5782
--------------  -------
--------------  ------
epoch           48
average_return  34.109
--------------  ------
--------------  -------
epoch           49
average_return  28.4797
--------------  -------
--------------  -------
epoch           50
average_return  98.3015
--------------  -------
