  "offline_ratio": 0.0,
  "seed": 0,
average_return                   101.479
average_return                   101.097
average_return                   100.292
average_return                    96.0893
average_return                    88.4661
average_return                    89.8801
average_return                    92.542
average_return                    94.0288
average_return                    73.7429
average_return                     71.9719
average_return                     65.0382
average_return                     69.4225
average_return                     42.0729
average_return                     58.491
average_return                     72.3298
average_return                     73.8173
average_return                     74.3574
average_return                     75.2693
average_return                     76.2557
average_return                     78.9961
average_return                     85.1993
average_return                     84.6029
average_return                     82.3093
average_return                     71.6604
average_return                     81.8432
average_return                     71.1347
average_return                     58.3605
average_return                     83.6154
average_return                     86.8366
average_return                     74.7246
average_return                     70.8681
average_return                     74.2198
average_return                     77.6004
average_return                     49.9706
average_return                     68.9249
average_return                     58.4609
average_return                     80.124
average_return                     79.6156
average_return                     71.6206
average_return                     70.8012
average_return                     73.6874
average_return                     83.3858
average_return                     56.1003
average_return                     76.7847
average_return                     80.3117
average_return                     76.4729
average_return                     74.0543
average_return                     71.0891
average_return                     73.8741
average_return                     79.9972
  "offline_ratio": 0.0,
  "seed": 1,
average_return                    68.0844
average_return                    90.2755
average_return                    74.8756
average_return                    98.8217
average_return                   101.687
average_return                    93.394
average_return                    91.4087
average_return                    94.0145
average_return                    92.7776
average_return                     89.8996
average_return                     90.2237
average_return                     88.3807
average_return                     94.6415
average_return                     89.9899
average_return                     92.9726
average_return                     96.6136
average_return                     93.3523
average_return                     94.4586
average_return                     89.3121
average_return                     87.3031
average_return                     89.7622
average_return                     92.5923
average_return                     86.7247
average_return                     92.3529
average_return                     96.1507
average_return                     86.6681
average_return                     94.3441
average_return                     92.3285
average_return                     95.2669
average_return                     99.6299
average_return                     96.3225
average_return                     99.5249
average_return                     95.8796
average_return                     90.5961
average_return                     91.8648
average_return                     89.2621
average_return                     98.3571
average_return                     88.7994
average_return                     95.2041
average_return                     90.3328
average_return                     88.7527
average_return                     95.2341
average_return                     93.4117
average_return                     94.229
average_return                    102.292
average_return                     97.4443
average_return                     85.4566
average_return                     92.2696
average_return                     95.6698
average_return                    100.888
  "offline_ratio": 0.0,
  "seed": 2,
average_return                    83.7341
average_return                    39.2512
average_return                    40.8336
average_return                    92.0262
average_return                    77.7154
average_return                    53.6853
average_return                    85.1107
average_return                    82.6769
average_return                    81.6502
average_return                     48.5364
average_return                     53.2331
average_return                     64.3862
average_return                     75.3616
average_return                     71.7502
average_return                     78.9899
average_return                     65.6179
average_return                     70.9734
average_return                     76.7163
average_return                     70.6718
average_return                     69.4365
average_return                     71.0814
average_return                     78.4346
average_return                     75.7961
average_return                     75.4747
average_return                     73.269
average_return                     68.6085
average_return                     76.8663
average_return                     68.4728
average_return                     77.7073
average_return                     69.4187
average_return                     75.7215
average_return                     73.8396
average_return                     69.7577
average_return                     78.3112
average_return                     77.0494
average_return                     71.9047
average_return                     75.4139
average_return                     76.4702
average_return                     72.0825
average_return                     78.0336
average_return                     76.2717
average_return                     76.4226
average_return                     74.4562
average_return                     69.3324
average_return                     69.9392
average_return                     75.1197
average_return                     69.6856
average_return                     74.0087
average_return                     68.1524
average_return                     65.8826
  "offline_ratio": 0.0,
  "seed": 3,
average_return                   100.419
average_return                    98.4369
average_return                    80.2419
average_return                    98.702
average_return                    91.014
average_return                    96.2209
average_return                    94.0845
average_return                    94.2369
average_return                    95.9741
average_return                     72.3769
average_return                     89.5615
average_return                     95.0101
average_return                     90.9181
average_return                     88.6791
average_return                     83.9192
average_return                     86.1105
average_return                     92.0791
average_return                     95.3235
average_return                     87.5085
average_return                     82.254
average_return                     85.4337
average_return                     84.089
average_return                     81.8016
average_return                     85.4628
average_return                     79.7992
average_return                     93.6906
average_return                     95.5899
average_return                     97.633
average_return                     96.1767
average_return                     90.7743
average_return                     91.1691
average_return                     90.4778
average_return                     98.47
average_return                     95.1974
average_return                     97.3935
average_return                     87.4778
average_return                     76.3157
average_return                     88.8866
average_return                     83.5858
average_return                     82.3486
average_return                     60.8281
average_return                     78.7754
average_return                     70.9954
average_return                     80.8998
average_return                     79.349
average_return                     76.8162
average_return                     60.2078
average_return                     85.1755
average_return                     72.0541
average_return                     76.8259
