  "offline_ratio": 0.75,
  "seed": 1,
average_return                    76.5905
average_return                    69.7183
average_return                    46.715
average_return                    70.8159
average_return                    76.6384
average_return                    91.8299
average_return                    89.6222
average_return                    95.353
average_return                    78.1305
average_return                     72.6693
average_return                     84.1929
average_return                     55.9125
average_return                     71.0112
average_return                     19.6008
average_return                     45.4365
average_return                     34.83
average_return                     43.4319
average_return                     71.7543
average_return                     43.6764
average_return                     60.3462
average_return                     57.7218
average_return                     59.8221
average_return                     59.2273
average_return                     60.5551
average_return                     76.103
average_return                     67.9152
average_return                     95.5098
average_return                     85.6742
average_return                     94.8433
average_return                     78.8181
average_return                     92.5582
average_return                     87.8371
average_return                     89.1908
average_return                     91.7452
average_return                     84.3357
average_return                     89.1659
average_return                     83.7224
average_return                     88.9494
average_return                     70.2155
average_return                     58.6992
average_return                     86.43
average_return                     64.6913
average_return                     63.3741
average_return                     55.0493
average_return                     81.4894
average_return                     89.2146
average_return                     88.594
average_return                     88.2851
average_return                     84.2149
average_return                     78.2279
  "offline_ratio": 0.75,
  "seed": 0,
average_return                    80.6077
average_return                    49.888
average_return                    55.594
average_return                    94.0769
average_return                    90.5072
average_return                    82.365
average_return                    82.2744
average_return                    81.6357
average_return                    50.1516
average_return                     39.9313
average_return                     54.8175
average_return                     57.4403
average_return                     74.9418
average_return                     34.0059
average_return                     45.3964
average_return                     61.1846
average_return                     65.1107
average_return                     56.8184
average_return                     60.012
average_return                     55.047
average_return                     79.9483
average_return                     47.319
average_return                     42.933
average_return                     83.395
average_return                     86.4658
average_return                     52.5865
average_return                     85.7993
average_return                     94.0403
average_return                     70.8589
average_return                     89.1581
average_return                     74.1627
average_return                     88.2279
average_return                     91.6367
average_return                     81.699
average_return                     84.8101
average_return                     87.0782
average_return                     89.2242
average_return                     71.0994
average_return                     86.8913
average_return                     92.0215
average_return                     85.3112
average_return                     84.8264
average_return                     89.0604
average_return                     52.0258
average_return                     53.3666
average_return                     73.1857
average_return                     45.2541
average_return                     86.3967
average_return                     77.6612
average_return                     54.3577
  "offline_ratio": 0.75,
  "seed": 2,
average_return                    73.3663
average_return                    52.6046
average_return                    72.9925
average_return                    92.816
average_return                    83.7605
average_return                    92.4511
average_return                    79.2083
average_return                    79.6611
average_return                    82.2815
average_return                     87.9348
average_return                     86.7726
average_return                     82.875
average_return                     69.7425
average_return                     86.2771
average_return                     64.0781
average_return                     79.361
average_return                     71.1319
average_return                     74.8284
average_return                     52.6902
average_return                     68.0728
average_return                     80.5381
average_return                     67.6717
average_return                     60.8443
average_return                     73.8226
average_return                     73.082
average_return                     42.0948
average_return                     72.0404
average_return                     66.5716
average_return                     74.7478
average_return                     67.0503
average_return                     71.999
average_return                     64.5434
average_return                     84.5835
average_return                     88.518
average_return                     70.505
average_return                     81.6586
average_return                     92.2956
average_return                     84.6301
average_return                     85.1633
average_return                     82.4601
average_return                     80.2571
average_return                     82.1497
average_return                     81.2253
average_return                     63.5164
average_return                     80.0214
average_return                     75.955
average_return                     84.0239
average_return                     74.5245
average_return                     73.5886
average_return                     72.0025
  "offline_ratio": 0.75,
  "seed": 3,
average_return                    78.362
average_return                    47.9348
average_return                    41.9002
average_return                    84.9413
average_return                    95.6746
average_return                    82.5563
average_return                    72.1867
average_return                    83.2157
average_return                    88.8085
average_return                     87.1064
average_return                     84.3814
average_return                     74.2943
average_return                     84.7607
average_return                     85.3704
average_return                     88.9971
average_return                     96.4469
average_return                     90.5331
average_return                     86.3491
average_return                     89.3116
average_return                     82.4272
average_return                     81.8676
average_return                     65.936
average_return                     57.364
average_return                     85.1945
average_return                     74.4948
average_return                     81.9005
average_return                     65.6736
average_return                     73.2453
average_return                     75.3853
average_return                     72.238
average_return                     66.954
average_return                      77.8054
average_return                      36.5833
average_return                      57.9638
average_return                      39.5916
average_return                      29.384
average_return                      30.9964
average_return                      26.8469
average_return                      24.1177
average_return                      22.1792
average_return                      20.3492
average_return                      18.8749
average_return                      21.69
average_return                      20.3697
average_return                      21.8562
average_return                      29.6294
average_return                      46.939
average_return                      29.5782
average_return                      33.5459
average_return                      40.3233
