  "offline_ratio": 1.0,
  "seed": 0,
average_return                    65.9589
average_return                    49.1106
average_return                    61.4253
average_return                    53.0872
average_return                    52.5042
average_return                    63.7257
average_return                    51.618
average_return                    26.4637
average_return                    43.1536
average_return                     61.6103
average_return                     75.3841
average_return                     51.229
average_return                     24.3989
average_return                     51.3082
average_return                     30.2359
average_return                     30.0871
average_return                     37.1901
average_return                     35.3536
average_return                     29.3629
average_return                     88.3524
average_return                     79.6894
average_return                     39.9967
average_return                     83.175
average_return                     82.5765
average_return                     92.1632
average_return                     90.9191
average_return                     83.6717
average_return                     83.9552
average_return                     89.1899
average_return                     90.0767
average_return                     90.9841
average_return                     84.2105
average_return                     93.0767
average_return                     92.2985
average_return                      90.1636
average_return                      88.1317
average_return                      89.1978
average_return                      94.4576
average_return                      91.0991
average_return                      84.1998
average_return                      93.2826
average_return                      90.5812
average_return                      89.0704
average_return                      83.4915
average_return                      89.0474
average_return                      90.2913
average_return                      85.6811
average_return                      86.8723
average_return                      93.465
average_return                      86.0698
  "offline_ratio": 1.0,
  "seed": 1,
average_return                    66.8452
average_return                    56.8336
average_return                    63.2139
average_return                    20.1933
average_return                    25.554
average_return                    44.0954
average_return                    78.5096
average_return                    69.7657
average_return                    81.5567
average_return                     68.2759
average_return                     64.3801
average_return                     43.5754
average_return                     27.8327
average_return                     92.0422
average_return                     83.5404
average_return                     68.2783
average_return                     76.8427
average_return                     37.717
average_return                     48.6733
average_return                     31.6736
average_return                     37.0414
average_return                     42.574
average_return                     39.2548
average_return                     63.0312
average_return                     70.2924
average_return                     63.7726
average_return                     61.3254
average_return                     81.051
average_return                     72.886
average_return                     80.548
average_return                     32.586
average_return                     44.3847
average_return                      9.76528
average_return                     27.527
average_return                      77.7778
average_return                      85.0968
average_return                      70.9346
average_return                      93.9071
average_return                      94.5417
average_return                      95.054
average_return                      46.7436
average_return                      68.8512
average_return                      42.612
average_return                      49.702
average_return                      65.2956
average_return                      92.9919
average_return                      79.4036
average_return                      89.5216
average_return                      76.1867
average_return                      49.5632
  "offline_ratio": 1.0,
  "seed": 3,
average_return                    86.6637
average_return                    56.9985
average_return                    65.9064
average_return                    56.6583
average_return                    51.1114
average_return                    44.9768
average_return                    30.0026
average_return                    41.517
average_return                    64.183
average_return                     51.5031
average_return                     56.3021
average_return                     44.3861
average_return                     55.6283
average_return                     41.5021
average_return                     26.2442
average_return                     22.642
average_return                     33.7354
average_return                     34.1646
average_return                     38.0129
average_return                     35.927
average_return                     29.5882
average_return                     57.0405
average_return                     82.9687
average_return                     89.9459
average_return                     41.365
average_return                     58.4612
average_return                     59.8586
average_return                     53.9471
average_return                     55.3194
average_return                     49.3318
average_return                     50.3221
average_return                      11.495
average_return                      50.7836
average_return                      42.416
average_return                      55.7039
average_return                      59.8046
average_return                      42.1763
average_return                      45.6958
average_return                      43.6978
average_return                      26.9573
average_return                      16.4854
average_return                      10.1287
average_return                      24.0024
average_return                       8.22465
average_return                       7.71195
average_return                       9.32493
average_return                       8.90631
average_return                       8.29339
average_return                       7.98925
average_return                       8.0508
  "offline_ratio": 1.0,
  "seed": 2,
average_return                    77.1351
average_return                    42.8757
average_return                    51.4314
average_return                    56.7615
average_return                    43.6315
average_return                    49.5241
average_return                    70.5119
average_return                    60.5512
average_return                    60.9901
average_return                     60.8583
average_return                     59.9979
average_return                     61.3127
average_return                     74.6039
average_return                     72.4274
average_return                     51.9141
average_return                     51.6059
average_return                     40.7178
average_return                     38.8976
average_return                     26.0517
average_return                     54.2112
average_return                     14.296
average_return                     31.7477
average_return                     18.2308
average_return                     15.0124
average_return                     50.5234
average_return                     48.22
average_return                     31.1247
average_return                     21.8871
average_return                     33.5945
average_return                     46.1553
average_return                     43.8509
average_return                      59.2636
average_return                      59.8915
average_return                      58.5846
average_return                      62.9626
average_return                      66.6781
average_return                      62.1995
average_return                      67.7103
average_return                      79.9344
average_return                      55.9767
average_return                      54.5051
average_return                      94.8441
average_return                      87.9749
average_return                      79.3244
average_return                      76.993
average_return                      49.9699
average_return                      30.3827
average_return                      18.4981
average_return                      20.9111
average_return                      14.1741
