  "offline_ratio": 0.25,
  "seed": 1,
average_return                    88.7914
average_return                    97.8156
average_return                    90.9892
average_return                    98.0649
average_return                    96.8793
average_return                    80.8479
average_return                    84.6668
average_return                    72.9378
average_return                    60.6045
average_return                     61.9816
average_return                     93.2119
average_return                     74.8884
average_return                     73.3712
average_return                     80.5111
average_return                     73.0306
average_return                     51.1512
average_return                     49.6469
average_return                     27.0705
average_return                     55.2357
average_return                     67.4011
average_return                     44.0133
average_return                     85.1732
average_return                     87.8016
average_return                     75.5315
average_return                     97.0473
average_return                     72.2475
average_return                     89.3059
average_return                     86.2228
average_return                     76.1036
average_return                     79.2687
average_return                     63.6831
average_return                     85.1864
average_return                     77.3202
average_return                     58.6679
average_return                     43.9262
average_return                     87.409
average_return                     64.9177
average_return                     72.4991
average_return                     90.9543
average_return                     78.1781
average_return                     95.3004
average_return                     97.4694
average_return                     94.4543
average_return                     72.6226
average_return                     81.9049
average_return                     94.9894
average_return                     76.2493
average_return                    109.259
average_return                     64.9816
average_return                     86.2419
  "offline_ratio": 0.25,
  "seed": 3,
average_return                    93.8457
average_return                    65.7735
average_return                    61.2348
average_return                    78.3285
average_return                    88.6407
average_return                    88.1453
average_return                    83.9098
average_return                    86.9576
average_return                    81.6655
average_return                     83.8579
average_return                     88.7938
average_return                     83.3986
average_return                     90.4625
average_return                     88.315
average_return                     84.561
average_return                     90.9705
average_return                     86.0503
average_return                     95.1178
average_return                     81.8675
average_return                     80.2269
average_return                     77.997
average_return                     67.2894
average_return                     82.6061
average_return                     91.3017
average_return                     89.9874
average_return                     92.07
average_return                     88.8356
average_return                     93.7563
average_return                     90.7595
average_return                     89.9973
average_return                     92.6025
average_return                     90.0399
average_return                     89.53
average_return                     92.1085
average_return                     90.5646
average_return                     90.2513
average_return                     92.9805
average_return                     90.1395
average_return                     85.7064
average_return                     90.3376
average_return                     91.1799
average_return                     85.8868
average_return                     91.6347
average_return                     83.1895
average_return                     89.9772
average_return                     87.204
average_return                     88.8193
average_return                     88.8254
average_return                     89.457
average_return                     85.9026
  "offline_ratio": 0.25,
  "seed": 0,
average_return                    94.805
average_return                    80.6968
average_return                    87.3935
average_return                    97.5068
average_return                    95.3778
average_return                    92.8061
average_return                    92.4813
average_return                    92.0728
average_return                    93.1919
average_return                     80.082
average_return                     72.1103
average_return                     73.3804
average_return                     67.7017
average_return                     58.0629
average_return                     30.2072
average_return                     69.4652
average_return                     17.4443
average_return                     84.0871
average_return                     77.5355
average_return                     83.7164
average_return                     89.5394
average_return                     87.662
average_return                     84.1524
average_return                     84.4817
average_return                     83.4097
average_return                     82.2014
average_return                     86.3496
average_return                     87.7116
average_return                     82.8136
average_return                     83.693
average_return                     82.2633
average_return                     87.2916
average_return                     82.0251
average_return                     93.1418
average_return                     86.7542
average_return                     84.9494
average_return                     89.7603
average_return                     91.2696
average_return                     87.432
average_return                     89.6201
average_return                     90.3185
average_return                     94.4609
average_return                     89.3042
average_return                     89.3156
average_return                     91.9295
average_return                     89.927
average_return                     87.4397
average_return                     89.5134
average_return                     90.3044
average_return                     92.1569
  "offline_ratio": 0.25,
  "seed": 2,
average_return                    93.6456
average_return                    80.0111
average_return                    78.6628
average_return                    89.5865
average_return                    81.1463
average_return                    87.6456
average_return                    80.2915
average_return                    82.0851
average_return                    82.6445
average_return                     84.8973
average_return                     80.5724
average_return                     66.6014
average_return                     67.6017
average_return                     57.2554
average_return                     68.4866
average_return                     74.2342
average_return                     77.7358
average_return                     78.8262
average_return                     80.2528
average_return                     60.7636
average_return                     79.0658
average_return                     47.1767
average_return                     20.086
average_return                     29.3036
average_return                     30.0966
average_return                     41.3617
average_return                     63.9081
average_return                     60.5035
average_return                     65.9088
average_return                     61.4762
average_return                     61.003
average_return                     66.8906
average_return                     66.1556
average_return                     63.6927
average_return                     69.2645
average_return                     73.9914
average_return                     66.8231
average_return                     67.9909
average_return                     68.1627
average_return                     72.0341
average_return                     73.3647
average_return                     68.2269
average_return                     66.3462
average_return                     68.5181
average_return                     72.1321
average_return                     60.1396
average_return                     68.7018
average_return                     61.1212
average_return                     68.1955
average_return                     59.8067
