  "arch": "1024-1024-1024-1024",
  "offline_ratio": 0.0,
  "seed": 0,
average_return                    77.5379
average_return                    89.9197
average_return                    83.2597
average_return                    72.7193
average_return                    75.9203
average_return                    84.9777
average_return                    75.89
average_return                    77.276
average_return                    70.1973
average_return                     83.7063
average_return                     51.616
average_return                     70.6948
average_return                     69.0974
average_return                     63.4467
average_return                     67.586
average_return                     70.1561
average_return                     62.6505
average_return                     67.7677
average_return                     70.7073
average_return                     77.8321
average_return                     69.9794
average_return                     75.3862
average_return                     41.4519
average_return                     70.4378
average_return                     84.8411
average_return                     74.1211
average_return                     69.8316
average_return                     74.2734
average_return                     79.064
average_return                     72.8085
average_return                     76.9914
average_return                     76.314
average_return                     78.9686
average_return                     75.4324
average_return                     78.5509
average_return                     81.893
average_return                     88.3916
average_return                     86.9741
average_return                     89.3429
average_return                     82.4014
average_return                     69.6764
average_return                     88.7457
average_return                     83.0892
average_return                     81.9238
average_return                     79.2398
average_return                     81.1705
average_return                     80.5846
average_return                     90.1822
average_return                     88.7679
average_return                     89.7554
  "arch": "1024-1024-1024-1024",
  "offline_ratio": 0.0,
  "seed": 1,
average_return                    92.4664
average_return                    88.4973
average_return                    91.8671
average_return                    94.4942
average_return                    94.0176
average_return                    91.2172
average_return                    92.4635
average_return                    93.7395
average_return                    90.4675
average_return                     77.366
average_return                     91.0896
average_return                     93.8043
average_return                     94.1011
average_return                     96.1652
average_return                     94.6073
average_return                     89.954
average_return                     94.6764
average_return                     91.5998
average_return                     77.2573
average_return                     70.2464
average_return                     66.1664
average_return                     37.7923
average_return                     36.0823
average_return                     48.6528
average_return                     38.5086
average_return                     73.2219
average_return                     86.7943
average_return                     88.1291
average_return                     76.5607
average_return                     66.0951
average_return                     57.0341
average_return                     67.1347
average_return                     77.6842
average_return                     53.6782
average_return                     77.8761
average_return                     63.8295
average_return                     82.3874
average_return                     38.2716
average_return                     66.4301
average_return                     54.4418
average_return                     65.4748
average_return                     66.4798
average_return                     64.9721
average_return                     59.0801
average_return                     65.5965
average_return                     64.9008
average_return                     66.299
average_return                     60.9921
average_return                     66.5662
average_return                     66.467
  "arch": "1024-1024-1024-1024",
  "offline_ratio": 0.0,
  "seed": 2,
average_return                    98.1808
average_return                    94.1685
average_return                    96.5491
average_return                    90.1274
average_return                    86.5184
average_return                    77.4146
average_return                    84.9537
average_return                    78.5523
average_return                    83.4831
average_return                     78.3103
average_return                     64.4774
average_return                     71.1101
average_return                     65.0416
average_return                     68.4415
average_return                     69.9287
average_return                     69.7406
average_return                     71.414
average_return                     70.3912
average_return                     68.5586
average_return                     66.7035
average_return                     70.0262
average_return                     66.751
average_return                     67.7402
average_return                     62.8457
average_return                     63.148
average_return                     65.3765
average_return                     65.9765
average_return                     67.7823
average_return                     68.1043
average_return                     71.3547
average_return                     71.8571
average_return                     70.8782
average_return                     72.6898
average_return                     72.9356
average_return                     70.8051
average_return                     70.6658
average_return                     69.8036
average_return                      69.445
average_return                     67.1331
average_return                     71.7532
average_return                      71.7329
average_return                     69.758
average_return                     66.7318
average_return                     69.1972
average_return                     64.551
average_return                      68.375
average_return                      66.5022
average_return                      68.8021
average_return                      68.688
average_return                      67.1319
  "arch": "1024-1024-1024-1024",
  "offline_ratio": 0.0,
  "seed": 3,
average_return                    96.795
average_return                    90.349
average_return                    87.5501
average_return                   106.463
average_return                    95.6904
average_return                    97.4522
average_return                    95.7948
average_return                    89.687
average_return                    92.9203
average_return                     96.9849
average_return                     91.4947
average_return                     95.4408
average_return                     94.6433
average_return                     95.0812
average_return                     98.9233
average_return                     91.1536
average_return                     69.8197
average_return                     65.696
average_return                     81.0122
average_return                     88.5535
average_return                     90.9437
average_return                     88.3834
average_return                     90.6086
average_return                     90.1123
average_return                     88.9249
average_return                     89.0817
average_return                     93.4945
average_return                     94.3861
average_return                     89.0368
average_return                     89.8799
average_return                     89.83
average_return                     89.6428
average_return                     93.0872
average_return                     90.7055
average_return                     94.3937
average_return                     93.2838
average_return                     89.6702
average_return                     77.7134
average_return                     89.2059
average_return                     85.6918
average_return                     82.5522
average_return                     83.6841
average_return                     77.9473
average_return                     87.9953
average_return                     83.0667
average_return                     85.4823
average_return                     86.9356
average_return                     76.9366
average_return                     78.3474
average_return                     74.7928
