  "arch": "256-256-256-256",
  "offline_ratio": 0.0,
  "seed": 0,
average_return                    95.2065
average_return                    96.6591
average_return                    94.8796
average_return                    96.0476
average_return                    84.3119
average_return                    87.6144
average_return                    90.3018
average_return                    79.7195
average_return                    73.7984
average_return                     67.4216
average_return                     60.9249
average_return                     77.962
average_return                     74.0855
average_return                     69.05
average_return                     72.8981
average_return                     73.1642
average_return                     76.7667
average_return                     70.1513
average_return                     71.956
average_return                     74.1147
average_return                     71.6593
average_return                     76.9472
average_return                     77.1032
average_return                     79.0725
average_return                     78.4095
average_return                     80.3804
average_return                     72.2844
average_return                     76.2048
average_return                     79.5969
average_return                     79.3103
average_return                     68.1994
average_return                     76.2943
average_return                     76.9674
average_return                     82.7191
average_return                     82.6802
average_return                     78.7122
average_return                     79.3575
average_return                     77.1913
average_return                     67.6435
average_return                     71.6384
average_return                     76.3033
average_return                     74.5403
average_return                     73.9707
average_return                     67.2974
average_return                     73.8929
average_return                     77.4712
average_return                     77.8115
average_return                     73.76
average_return                     69.64
average_return                     72.4549
  "arch": "256-256-256-256",
  "offline_ratio": 0.0,
  "seed": 1,
average_return                    68.4759
average_return                    61.3165
average_return                    93.694
average_return                    99.2003
average_return                    95.0048
average_return                    89.9789
average_return                    86.7104
average_return                    87.6774
average_return                    96.0516
average_return                     90.4009
average_return                     95.0731
average_return                     90.9949
average_return                     95.7688
average_return                     95.0382
average_return                     95.9293
average_return                     89.9439
average_return                     90.0405
average_return                     97.5584
average_return                     93.3715
average_return                     94.2931
average_return                     98.2592
average_return                     90.298
average_return                     97.5857
average_return                     94.2563
average_return                     88.9661
average_return                     90.4865
average_return                     91.3353
average_return                     84.0479
average_return                     88.4298
average_return                     88.7439
average_return                     81.752
average_return                     87.2269
average_return                     87.8403
average_return                     86.29
average_return                     88.3962
average_return                     89.4509
average_return                     89.1868
average_return                     88.7683
average_return                     87.8925
average_return                     91.6593
average_return                     91.688
average_return                     92.8132
average_return                     89.6021
average_return                     87.7302
average_return                     91.106
average_return                     89.5938
average_return                     87.5288
average_return                     90.3372
average_return                     89.551
average_return                     85.6868
  "arch": "256-256-256-256",
  "offline_ratio": 0.0,
  "seed": 2,
average_return                    82.6363
average_return                    91.3656
average_return                    85.7206
average_return                    89.633
average_return                    87.1042
average_return                    92.5986
average_return                    87.3282
average_return                    85.9415
average_return                    88.9232
average_return                     88.8617
average_return                     91.3226
average_return                     72.4151
average_return                     74.2367
average_return                     67.0196
average_return                     73.3836
average_return                     72.8045
average_return                     71.0181
average_return                     70.1098
average_return                     71.9141
average_return                     74.3817
average_return                     76.1975
average_return                     71.2138
average_return                     74.5173
average_return                     69.9688
average_return                     66.5317
average_return                     67.1937
average_return                     71.0266
average_return                     70.0825
average_return                     72.831
average_return                     73.0503
average_return                     69.1687
average_return                     72.5039
average_return                     73.7932
average_return                     66.1913
average_return                     68.3888
average_return                     65.7289
average_return                     67.5903
average_return                     67.4605
average_return                     64.6644
average_return                     67.3041
average_return                     66.986
average_return                     66.711
average_return                     68.5964
average_return                     66.7152
average_return                     65.1091
average_return                     68.3375
average_return                     65.3834
average_return                     60.9719
average_return                     49.3404
average_return                     64.9749
  "arch": "256-256-256-256",
  "offline_ratio": 0.0,
  "seed": 3,
average_return                   103.685
average_return                    99.6463
average_return                    83.4073
average_return                    99.8815
average_return                    97.3826
average_return                    99.7982
average_return                    95.7163
average_return                    97.8529
average_return                    90.8297
average_return                     96.3157
average_return                     93.3289
average_return                     92.9191
average_return                     93.4761
average_return                     95.1852
average_return                     98.1718
average_return                     96.8728
average_return                     96.9429
average_return                    102.032
average_return                     97.8382
average_return                     95.5784
average_return                     97.1002
average_return                     99.7586
average_return                     98.042
average_return                     91.3757
average_return                     91.978
average_return                     91.6514
average_return                    100.153
average_return                    101.182
average_return                     96.6273
average_return                    104.714
average_return                     96.7421
average_return                     93.0617
average_return                     97.0192
average_return                     98.0138
average_return                     99.3715
average_return                     98.1735
average_return                    102.411
average_return                    102.999
average_return                    103.161
average_return                    101.202
average_return                    101.403
average_return                    101.129
average_return                     96.1747
average_return                    101.915
average_return                    103.54
average_return                    102.123
average_return                    101.709
average_return                     98.7755
average_return                    102.636
average_return                    101.355
