------------------------------  ----------
epoch                              0
sac/log_pi                         3.90138
sac/policy_loss                   12.0601
sac/qf1_loss                       5.62422
sac/qf2_loss                       6.52443
sac/alpha_loss                    -1.10296
sac/alpha                          1.32672
sac/average_qf1                   -2.72157
sac/average_qf2                   -2.66238
sac/average_target_q              -3.27675
sac/total_steps                 1000
sac/cql/cql_std_q1                10.5571
sac/cql/cql_std_q2                10.2632
sac/cql/cql_q1_rand              -26.5876
sac/cql/cql_q2_rand              -25.9379
sac/cql/cql_min_qf1_loss         -16.9484
sac/cql/cql_min_qf2_loss         -16.9532
sac/cql/cql_qf1_diff              -3.38968
sac/cql/cql_qf2_diff              -3.39064
sac/cql/cql_q1_current_actions    -6.39752
sac/cql/cql_q2_current_actions    -6.34429
sac/cql/cql_q1_next_actions       -6.43023
sac/cql/cql_q2_next_actions       -6.38581
sac/cql/alpha_prime_loss           0
sac/cql/alpha_prime                0
average_return                    77.1351
average_traj_length              200
train_time                        96.0877
eval_time                         10.7286
epoch_time                       106.816
------------------------------  ----------
------------------------------  ----------
epoch                              1
sac/log_pi                         3.02669
sac/policy_loss                   39.1866
sac/qf1_loss                      20.2937
sac/qf2_loss                      18.3807
sac/alpha_loss                    -1.77377
sac/alpha                          1.79686
sac/average_qf1                  -22.6926
sac/average_qf2                  -23.1249
sac/average_target_q             -24.308
sac/total_steps                 2000
sac/cql/cql_std_q1                17.3773
sac/cql/cql_std_q2                15.9828
sac/cql/cql_q1_rand              -65.6149
sac/cql/cql_q2_rand              -63.4272
sac/cql/cql_min_qf1_loss         -38.8974
sac/cql/cql_min_qf2_loss         -40.2578
sac/cql/cql_qf1_diff              -7.77947
sac/cql/cql_qf2_diff              -8.05156
sac/cql/cql_q1_current_actions   -32.7495
sac/cql/cql_q2_current_actions   -33.3423
sac/cql/cql_q1_next_actions      -32.9723
sac/cql/cql_q2_next_actions      -33.5713
sac/cql/alpha_prime_loss           0
sac/cql/alpha_prime                0
average_return                    42.8757
average_traj_length              200
train_time                        91.7185
eval_time                         11.1998
epoch_time                       102.918
------------------------------  ----------
------------------------------  ----------
epoch                              2
sac/log_pi                         2.52334
sac/policy_loss                  116.675
sac/qf1_loss                      52.9554
sac/qf2_loss                      72.4447
sac/alpha_loss                    -2.11864
sac/alpha                          2.31548
sac/average_qf1                  -90.9569
sac/average_qf2                  -94.0115
sac/average_target_q             -89.9025
sac/total_steps                 3000
sac/cql/cql_std_q1                30.5632
sac/cql/cql_std_q2                26.024
sac/cql/cql_q1_rand             -164.084
sac/cql/cql_q2_rand             -157.224
sac/cql/cql_min_qf1_loss         -67.8897
sac/cql/cql_min_qf2_loss         -62.4189
sac/cql/cql_qf1_diff             -13.5779
sac/cql/cql_qf2_diff             -12.4838
sac/cql/cql_q1_current_actions  -108.729
sac/cql/cql_q2_current_actions  -110.169
sac/cql/cql_q1_next_actions     -109.035
sac/cql/cql_q2_next_actions     -110.603
sac/cql/alpha_prime_loss           0
sac/cql/alpha_prime                0
average_return                    51.4314
average_traj_length              200
train_time                        93.9792
eval_time                         10.571
epoch_time                       104.55
------------------------------  ----------
------------------------------  ----------
epoch                              3
sac/log_pi                         2.84252
sac/policy_loss                  200.121
sac/qf1_loss                      59.0638
sac/qf2_loss                      93.912
sac/alpha_loss                    -3.18452
sac/alpha                          3.06583
sac/average_qf1                 -167.349
sac/average_qf2                 -171.512
sac/average_target_q            -167.823
sac/total_steps                 4000
sac/cql/cql_std_q1                45.7181
sac/cql/cql_std_q2                40.3787
sac/cql/cql_q1_rand             -268.965
sac/cql/cql_q2_rand             -262.001
sac/cql/cql_min_qf1_loss         -67.458
sac/cql/cql_min_qf2_loss         -60.7682
sac/cql/cql_qf1_diff             -13.4916
sac/cql/cql_qf2_diff             -12.1536
sac/cql/cql_q1_current_actions  -187.925
sac/cql/cql_q2_current_actions  -189.715
sac/cql/cql_q1_next_actions     -188.189
sac/cql/cql_q2_next_actions     -189.806
sac/cql/alpha_prime_loss           0
sac/cql/alpha_prime                0
average_return                    56.7615
average_traj_length              200
train_time                        91.0226
eval_time                         10.4254
epoch_time                       101.448
------------------------------  ----------
------------------------------  ----------
epoch                              4
sac/log_pi                         2.67713
sac/policy_loss                  306.304
sac/qf1_loss                     157.041
sac/qf2_loss                     165.486
sac/alpha_loss                    -3.77478
sac/alpha                          4.096
sac/average_qf1                 -266.732
sac/average_qf2                 -266.9
sac/average_target_q            -272.438
sac/total_steps                 5000
sac/cql/cql_std_q1                66.9806
sac/cql/cql_std_q2                59.9985
sac/cql/cql_q1_rand             -412.076
sac/cql/cql_q2_rand             -400.127
sac/cql/cql_min_qf1_loss         -85.5634
sac/cql/cql_min_qf2_loss         -80.9054
sac/cql/cql_qf1_diff             -17.1127
sac/cql/cql_qf2_diff             -16.1811
sac/cql/cql_q1_current_actions  -291.617
sac/cql/cql_q2_current_actions  -290.267
sac/cql/cql_q1_next_actions     -292.417
sac/cql/cql_q2_next_actions     -291.434
sac/cql/alpha_prime_loss           0
sac/cql/alpha_prime                0
average_return                    43.6315
average_traj_length              200
train_time                        90.9595
eval_time                         10.3337
epoch_time                       101.293
------------------------------  ----------
------------------------------  ----------
epoch                              5
sac/log_pi                         2.4403
sac/policy_loss                  449.16
sac/qf1_loss                     261.663
sac/qf2_loss                     183.379
sac/alpha_loss                    -4.14521
sac/alpha                          5.46656
sac/average_qf1                 -413.421
sac/average_qf2                 -406.57
sac/average_target_q            -407.146
sac/total_steps                 6000
sac/cql/cql_std_q1                68.438
sac/cql/cql_std_q2                60.7986
sac/cql/cql_q1_rand             -557.009
sac/cql/cql_q2_rand             -537.562
sac/cql/cql_min_qf1_loss         -62.0818
sac/cql/cql_min_qf2_loss         -54.2235
sac/cql/cql_qf1_diff             -12.4164
sac/cql/cql_qf2_diff             -10.8447
sac/cql/cql_q1_current_actions  -432.809
sac/cql/cql_q2_current_actions  -426.182
sac/cql/cql_q1_next_actions     -434.345
sac/cql/cql_q2_next_actions     -427.748
sac/cql/alpha_prime_loss           0
sac/cql/alpha_prime                0
average_return                    49.5241
average_traj_length              200
train_time                        90.7237
eval_time                         10.3492
epoch_time                       101.073
------------------------------  ----------
------------------------------  ----------
epoch                              6
sac/log_pi                         2.2883
sac/policy_loss                  528.251
sac/qf1_loss                     156.328
sac/qf2_loss                     268.838
sac/alpha_loss                    -4.55632
sac/alpha                          7.32388
sac/average_qf1                 -479.421
sac/average_qf2                 -488.201
sac/average_target_q            -484.768
sac/total_steps                 7000
sac/cql/cql_std_q1                94.8198
sac/cql/cql_std_q2                86.5925
sac/cql/cql_q1_rand             -674.274
sac/cql/cql_q2_rand             -666.954
sac/cql/cql_min_qf1_loss         -55.7232
sac/cql/cql_min_qf2_loss         -39.7764
sac/cql/cql_qf1_diff             -11.1446
sac/cql/cql_qf2_diff              -7.95529
sac/cql/cql_q1_current_actions  -501.12
sac/cql/cql_q2_current_actions  -505.808
sac/cql/cql_q1_next_actions     -502.845
sac/cql/cql_q2_next_actions     -507.564
sac/cql/alpha_prime_loss           0
sac/cql/alpha_prime                0
average_return                    70.5119
average_traj_length              200
train_time                        91.5556
eval_time                         10.4325
epoch_time                       101.988
------------------------------  ----------
------------------------------  ----------
epoch                              7
sac/log_pi                         2.5602
sac/policy_loss                  648.1
sac/qf1_loss                     537.209
sac/qf2_loss                     391.537
sac/alpha_loss                    -5.81631
sac/alpha                          9.69701
sac/average_qf1                 -591.406
sac/average_qf2                 -586.532
sac/average_target_q            -598.404
sac/total_steps                 8000
sac/cql/cql_std_q1                96.4057
sac/cql/cql_std_q2                87.67
sac/cql/cql_q1_rand             -794.056
sac/cql/cql_q2_rand             -773.119
sac/cql/cql_min_qf1_loss         -63.0744
sac/cql/cql_min_qf2_loss         -54.3627
sac/cql/cql_qf1_diff             -12.6149
sac/cql/cql_qf2_diff             -10.8725
sac/cql/cql_q1_current_actions  -619.695
sac/cql/cql_q2_current_actions  -611.518
sac/cql/cql_q1_next_actions     -621.045
sac/cql/cql_q2_next_actions     -613.114
sac/cql/alpha_prime_loss           0
sac/cql/alpha_prime                0
average_return                    60.5512
average_traj_length              200
train_time                        91.3322
eval_time                         10.6296
epoch_time                       101.962
------------------------------  ----------
------------------------------  ----------
epoch                              8
sac/log_pi                         1.46654
sac/policy_loss                  747.445
sac/qf1_loss                     562.109
sac/qf2_loss                     716.818
sac/alpha_loss                    -3.71625
sac/alpha                         12.6041
sac/average_qf1                 -703.783
sac/average_qf2                 -706.882
sac/average_target_q            -707.62
sac/total_steps                 9000
sac/cql/cql_std_q1               116.289
sac/cql/cql_std_q2               105.165
sac/cql/cql_q1_rand             -926.609
sac/cql/cql_q2_rand             -912.369
sac/cql/cql_min_qf1_loss          27.2029
sac/cql/cql_min_qf2_loss          36.2641
sac/cql/cql_qf1_diff               5.44057
sac/cql/cql_qf2_diff               7.25282
sac/cql/cql_q1_current_actions  -717.706
sac/cql/cql_q2_current_actions  -718.933
sac/cql/cql_q1_next_actions     -720.036
sac/cql/cql_q2_next_actions     -721.816
sac/cql/alpha_prime_loss           0
sac/cql/alpha_prime                0
average_return                    60.9901
average_traj_length              200
train_time                        91.3487
eval_time                         10.7355
epoch_time                       102.084
------------------------------  ----------
------------------------------  -----------
epoch                               9
sac/log_pi                          1.0926
sac/policy_loss                   811.365
sac/qf1_loss                     1100.51
sac/qf2_loss                      703.915
sac/alpha_loss                     -3.02503
sac/alpha                          15.9372
sac/average_qf1                  -772.201
sac/average_qf2                  -766.852
sac/average_target_q             -773.709
sac/total_steps                 10000
sac/cql/cql_std_q1                102.733
sac/cql/cql_std_q2                 89.2789
sac/cql/cql_q1_rand              -971.828
sac/cql/cql_q2_rand              -942.399
sac/cql/cql_min_qf1_loss           34.8291
sac/cql/cql_min_qf2_loss           37.1864
sac/cql/cql_qf1_diff                6.96583
sac/cql/cql_qf2_diff                7.43728
sac/cql/cql_q1_current_actions   -788.579
sac/cql/cql_q2_current_actions   -781.739
sac/cql/cql_q1_next_actions      -792.468
sac/cql/cql_q2_next_actions      -785.573
sac/cql/alpha_prime_loss            0
sac/cql/alpha_prime                 0
average_return                     60.8583
average_traj_length               200
train_time                         90.0779
eval_time                          10.798
epoch_time                        100.876
------------------------------  -----------
------------------------------  ------------
epoch                              10
sac/log_pi                          0.93245
sac/policy_loss                   939.49
sac/qf1_loss                     1274.47
sac/qf2_loss                     1429.69
sac/alpha_loss                     -2.78538
sac/alpha                          19.8294
sac/average_qf1                  -881.318
sac/average_qf2                  -884.239
sac/average_target_q             -887.345
sac/total_steps                 11000
sac/cql/cql_std_q1                123.224
sac/cql/cql_std_q2                116.815
sac/cql/cql_q1_rand             -1126.06
sac/cql/cql_q2_rand             -1119.94
sac/cql/cql_min_qf1_loss            3.91794
sac/cql/cql_min_qf2_loss            7.03242
sac/cql/cql_qf1_diff                0.783589
sac/cql/cql_qf2_diff                1.40648
sac/cql/cql_q1_current_actions   -912.711
sac/cql/cql_q2_current_actions   -910.263
sac/cql/cql_q1_next_actions      -923.144
sac/cql/cql_q2_next_actions      -920.434
sac/cql/alpha_prime_loss            0
sac/cql/alpha_prime                 0
average_return                     59.9979
average_traj_length               200
train_time                         91.1354
eval_time                          10.9239
epoch_time                        102.059
------------------------------  ------------
------------------------------  ------------
epoch                              11
sac/log_pi                          0.870027
sac/policy_loss                  1064.94
sac/qf1_loss                      920.54
sac/qf2_loss                      945.139
sac/alpha_loss                     -2.80423
sac/alpha                          25.107
sac/average_qf1                  -999.6
sac/average_qf2                 -1002.55
sac/average_target_q            -1013.42
sac/total_steps                 12000
sac/cql/cql_std_q1                117.022
sac/cql/cql_std_q2                104.058
sac/cql/cql_q1_rand             -1234.1
sac/cql/cql_q2_rand             -1212.51
sac/cql/cql_min_qf1_loss           18.9888
sac/cql/cql_min_qf2_loss           31.7433
sac/cql/cql_qf1_diff                3.79776
sac/cql/cql_qf2_diff                6.34867
sac/cql/cql_q1_current_actions  -1035.19
sac/cql/cql_q2_current_actions  -1031.32
sac/cql/cql_q1_next_actions     -1037.9
sac/cql/cql_q2_next_actions     -1033.37
sac/cql/alpha_prime_loss            0
sac/cql/alpha_prime                 0
average_return                     61.3127
average_traj_length               200
train_time                         90.9147
eval_time                          10.9318
epoch_time                        101.847
------------------------------  ------------
------------------------------  -----------
epoch                              12
sac/log_pi                          0.50432
sac/policy_loss                  1304.26
sac/qf1_loss                     1882.64
sac/qf2_loss                     1643.32
sac/alpha_loss                     -1.74559
sac/alpha                          31.8574
sac/average_qf1                 -1226.04
sac/average_qf2                 -1242.55
sac/average_target_q            -1251.89
sac/total_steps                 13000
sac/cql/cql_std_q1                120.538
sac/cql/cql_std_q2                102.814
sac/cql/cql_q1_rand             -1466.85
sac/cql/cql_q2_rand             -1450.09
sac/cql/cql_min_qf1_loss           21.7744
sac/cql/cql_min_qf2_loss            6.83846
sac/cql/cql_qf1_diff                4.35488
sac/cql/cql_qf2_diff                1.36769
sac/cql/cql_q1_current_actions  -1271.72
sac/cql/cql_q2_current_actions  -1277.86
sac/cql/cql_q1_next_actions     -1276.32
sac/cql/cql_q2_next_actions     -1281.18
sac/cql/alpha_prime_loss            0
sac/cql/alpha_prime                 0
average_return                     74.6039
average_traj_length               200
train_time                         90.734
eval_time                          10.823
epoch_time                        101.557
------------------------------  -----------
------------------------------  ------------
epoch                              13
sac/log_pi                          0.277445
sac/policy_loss                  1502.34
sac/qf1_loss                     3925.59
sac/qf2_loss                     4001.49
sac/alpha_loss                     -1.02327
sac/alpha                          39.9725
sac/average_qf1                 -1419.93
sac/average_qf2                 -1418.9
sac/average_target_q            -1424.01
sac/total_steps                 14000
sac/cql/cql_std_q1                123.081
sac/cql/cql_std_q2                107.395
sac/cql/cql_q1_rand             -1671.4
sac/cql/cql_q2_rand             -1638.89
sac/cql/cql_min_qf1_loss           -8.44116
sac/cql/cql_min_qf2_loss           -5.57667
sac/cql/cql_qf1_diff               -1.68823
sac/cql/cql_qf2_diff               -1.11533
sac/cql/cql_q1_current_actions  -1480.12
sac/cql/cql_q2_current_actions  -1463.4
sac/cql/cql_q1_next_actions     -1487.28
sac/cql/cql_q2_next_actions     -1470.19
sac/cql/alpha_prime_loss            0
sac/cql/alpha_prime                 0
average_return                     72.4274
average_traj_length               200
train_time                         90.3662
eval_time                          11.2591
epoch_time                        101.625
------------------------------  ------------
------------------------------  -----------
epoch                              14
sac/log_pi                          1.47191
sac/policy_loss                  1771.18
sac/qf1_loss                     3951.41
sac/qf2_loss                     4027.73
sac/alpha_loss                     -5.71497
sac/alpha                          48.554
sac/average_qf1                 -1627.34
sac/average_qf2                 -1637.29
sac/average_target_q            -1655.85
sac/total_steps                 15000
sac/cql/cql_std_q1                152.107
sac/cql/cql_std_q2                153.104
sac/cql/cql_q1_rand             -1937.4
sac/cql/cql_q2_rand             -1936.65
sac/cql/cql_min_qf1_loss           23.1475
sac/cql/cql_min_qf2_loss          197.342
sac/cql/cql_qf1_diff                4.6295
sac/cql/cql_qf2_diff               39.4685
sac/cql/cql_q1_current_actions  -1672.88
sac/cql/cql_q2_current_actions  -1670.69
sac/cql/cql_q1_next_actions     -1676.17
sac/cql/cql_q2_next_actions     -1674.32
sac/cql/alpha_prime_loss            0
sac/cql/alpha_prime                 0
average_return                     51.9141
average_traj_length               200
train_time                         90.6664
eval_time                          11.3908
epoch_time                        102.057
------------------------------  -----------
------------------------------  ------------
epoch                              15
sac/log_pi                         -0.236634
sac/policy_loss                  2091.09
sac/qf1_loss                     3746.55
sac/qf2_loss                     3863.41
sac/alpha_loss                      0.95921
sac/alpha                          57.6023
sac/average_qf1                 -1999.46
sac/average_qf2                 -2002.64
sac/average_target_q            -2026.4
sac/total_steps                 16000
sac/cql/cql_std_q1                139.075
sac/cql/cql_std_q2                126.314
sac/cql/cql_q1_rand             -2283.17
sac/cql/cql_q2_rand             -2257.46
sac/cql/cql_min_qf1_loss           14.1469
sac/cql/cql_min_qf2_loss           36.2806
sac/cql/cql_qf1_diff                2.82938
sac/cql/cql_qf2_diff                7.25613
sac/cql/cql_q1_current_actions  -2079.67
sac/cql/cql_q2_current_actions  -2057.8
sac/cql/cql_q1_next_actions     -2084.19
sac/cql/cql_q2_next_actions     -2061.28
sac/cql/alpha_prime_loss            0
sac/cql/alpha_prime                 0
average_return                     51.6059
average_traj_length               200
train_time                         90.7279
eval_time                          11.8578
epoch_time                        102.586
------------------------------  ------------
------------------------------  -----------
epoch                              16
sac/log_pi                          1.83037
sac/policy_loss                  2211.87
sac/qf1_loss                     5050.77
sac/qf2_loss                     5885
sac/alpha_loss                     -7.54465
sac/alpha                          61.6772
sac/average_qf1                 -2079.31
sac/average_qf2                 -2103.43
sac/average_target_q            -2101.56
sac/total_steps                 17000
sac/cql/cql_std_q1                241.224
sac/cql/cql_std_q2                211.029
sac/cql/cql_q1_rand             -2477.84
sac/cql/cql_q2_rand             -2470.75
sac/cql/cql_min_qf1_loss          537.064
sac/cql/cql_min_qf2_loss          461.903
sac/cql/cql_qf1_diff              107.413
sac/cql/cql_qf2_diff               92.3806
sac/cql/cql_q1_current_actions  -2026.55
sac/cql/cql_q2_current_actions  -2080.55
sac/cql/cql_q1_next_actions     -2030.1
sac/cql/cql_q2_next_actions     -2084.44
sac/cql/alpha_prime_loss            0
sac/cql/alpha_prime                 0
average_return                     40.7178
average_traj_length               200
train_time                         89.8095
eval_time                          11.2269
epoch_time                        101.036
------------------------------  -----------
------------------------------  -----------
epoch                              17
sac/log_pi                          1.38553
sac/policy_loss                  2524.13
sac/qf1_loss                     9374.92
sac/qf2_loss                     9311.71
sac/alpha_loss                     -5.96715
sac/alpha                          74.1992
sac/average_qf1                 -2356.56
sac/average_qf2                 -2352.64
sac/average_target_q            -2379.53
sac/total_steps                 18000
sac/cql/cql_std_q1                227.081
sac/cql/cql_std_q2                208.537
sac/cql/cql_q1_rand             -2786.45
sac/cql/cql_q2_rand             -2781.51
sac/cql/cql_min_qf1_loss          215.768
sac/cql/cql_min_qf2_loss          127.682
sac/cql/cql_qf1_diff               43.1536
sac/cql/cql_qf2_diff               25.5364
sac/cql/cql_q1_current_actions  -2376.06
sac/cql/cql_q2_current_actions  -2407.58
sac/cql/cql_q1_next_actions     -2380.99
sac/cql/cql_q2_next_actions     -2412.67
sac/cql/alpha_prime_loss            0
sac/cql/alpha_prime                 0
average_return                     38.8976
average_traj_length               200
train_time                         89.672
eval_time                          11.7287
epoch_time                        101.401
------------------------------  -----------
------------------------------  -----------
epoch                              18
sac/log_pi                          1.48048
sac/policy_loss                  2899.06
sac/qf1_loss                    10642.5
sac/qf2_loss                    10982.6
sac/alpha_loss                     -6.46898
sac/alpha                          79.0041
sac/average_qf1                 -2772.65
sac/average_qf2                 -2749.24
sac/average_target_q            -2807.16
sac/total_steps                 19000
sac/cql/cql_std_q1                268.957
sac/cql/cql_std_q2                256.573
sac/cql/cql_q1_rand             -3246.79
sac/cql/cql_q2_rand             -3227.94
sac/cql/cql_min_qf1_loss          413.19
sac/cql/cql_min_qf2_loss          435.776
sac/cql/cql_qf1_diff               82.638
sac/cql/cql_qf2_diff               87.1551
sac/cql/cql_q1_current_actions  -2763.21
sac/cql/cql_q2_current_actions  -2763.8
sac/cql/cql_q1_next_actions     -2767.03
sac/cql/cql_q2_next_actions     -2765.46
sac/cql/alpha_prime_loss            0
sac/cql/alpha_prime                 0
average_return                     26.0517
average_traj_length               200
train_time                         89.6276
eval_time                          11.7077
epoch_time                        101.335
------------------------------  -----------
------------------------------  ------------
epoch                              19
sac/log_pi                         -0.571272
sac/policy_loss                  3211.17
sac/qf1_loss                     7163.97
sac/qf2_loss                     6888.16
sac/alpha_loss                      2.55342
sac/alpha                          87.3316
sac/average_qf1                 -3136.65
sac/average_qf2                 -3117.48
sac/average_target_q            -3144.8
sac/total_steps                 20000
sac/cql/cql_std_q1                168.758
sac/cql/cql_std_q2                136.028
sac/cql/cql_q1_rand             -3458.24
sac/cql/cql_q2_rand             -3370.35
sac/cql/cql_min_qf1_loss          155.359
sac/cql/cql_min_qf2_loss          175.163
sac/cql/cql_qf1_diff               31.0718
sac/cql/cql_qf2_diff               35.0326
sac/cql/cql_q1_current_actions  -3239.54
sac/cql/cql_q2_current_actions  -3183.84
sac/cql/cql_q1_next_actions     -3246.27
sac/cql/cql_q2_next_actions     -3188.13
sac/cql/alpha_prime_loss            0
sac/cql/alpha_prime                 0
average_return                     54.2112
average_traj_length               200
train_time                         89.776
eval_time                          11.6404
epoch_time                        101.416
------------------------------  ------------
------------------------------  ------------
epoch                              20
sac/log_pi                         -0.607443
sac/policy_loss                  3781.35
sac/qf1_loss                    10343.6
sac/qf2_loss                    10318.1
sac/alpha_loss                      2.79682
sac/alpha                          99.9081
sac/average_qf1                 -3714.11
sac/average_qf2                 -3709.06
sac/average_target_q            -3746.37
sac/total_steps                 21000
sac/cql/cql_std_q1                163.051
sac/cql/cql_std_q2                144.48
sac/cql/cql_q1_rand             -4023.22
sac/cql/cql_q2_rand             -3974.06
sac/cql/cql_min_qf1_loss           61.4983
sac/cql/cql_min_qf2_loss          107.797
sac/cql/cql_qf1_diff               12.2997
sac/cql/cql_qf2_diff               21.5594
sac/cql/cql_q1_current_actions  -3812.14
sac/cql/cql_q2_current_actions  -3771.5
sac/cql/cql_q1_next_actions     -3815.77
sac/cql/cql_q2_next_actions     -3770.32
sac/cql/alpha_prime_loss            0
sac/cql/alpha_prime                 0
average_return                     14.296
average_traj_length               200
train_time                         88.4273
eval_time                          11.7714
epoch_time                        100.199
------------------------------  ------------
------------------------------  ------------
epoch                              21
sac/log_pi                         -0.539999
sac/policy_loss                  3955.25
sac/qf1_loss                    14193.4
sac/qf2_loss                    14409.5
sac/alpha_loss                      2.53361
sac/alpha                         109.057
sac/average_qf1                 -3862.54
sac/average_qf2                 -3859.83
sac/average_target_q            -3916.53
sac/total_steps                 22000
sac/cql/cql_std_q1                184.273
sac/cql/cql_std_q2                169.453
sac/cql/cql_q1_rand             -4205.33
sac/cql/cql_q2_rand             -4181.86
sac/cql/cql_min_qf1_loss           85.4734
sac/cql/cql_min_qf2_loss          120.186
sac/cql/cql_qf1_diff               17.0947
sac/cql/cql_qf2_diff               24.0372
sac/cql/cql_q1_current_actions  -3968.4
sac/cql/cql_q2_current_actions  -3945.73
sac/cql/cql_q1_next_actions     -3973.57
sac/cql/cql_q2_next_actions     -3949.32
sac/cql/alpha_prime_loss            0
sac/cql/alpha_prime                 0
average_return                     31.7477
average_traj_length               200
train_time                         89.5104
eval_time                          11.6198
epoch_time                        101.13
------------------------------  ------------
------------------------------  ------------
epoch                              22
sac/log_pi                          0.728046
sac/policy_loss                  4409.5
sac/qf1_loss                    20046.5
sac/qf2_loss                    22441.7
sac/alpha_loss                     -3.48259
sac/alpha                         119.518
sac/average_qf1                 -4198.91
sac/average_qf2                 -4154.09
sac/average_target_q            -4251.96
sac/total_steps                 23000
sac/cql/cql_std_q1                282.902
sac/cql/cql_std_q2                264.05
sac/cql/cql_q1_rand             -4760.73
sac/cql/cql_q2_rand             -4704.02
sac/cql/cql_min_qf1_loss           77.8408
sac/cql/cql_min_qf2_loss          127.507
sac/cql/cql_qf1_diff               15.5682
sac/cql/cql_qf2_diff               25.5013
sac/cql/cql_q1_current_actions  -4304.87
sac/cql/cql_q2_current_actions  -4280.8
sac/cql/cql_q1_next_actions     -4308.66
sac/cql/cql_q2_next_actions     -4284.05
sac/cql/alpha_prime_loss            0
sac/cql/alpha_prime                 0
average_return                     18.2308
average_traj_length               200
train_time                         89.1571
eval_time                          11.7621
epoch_time                        100.919
------------------------------  ------------
------------------------------  -----------
epoch                              23
sac/log_pi                          1.39252
sac/policy_loss                  5038.97
sac/qf1_loss                    15859.5
sac/qf2_loss                    17046.2
sac/alpha_loss                     -6.73607
sac/alpha                         126.133
sac/average_qf1                 -4759.38
sac/average_qf2                 -4736.85
sac/average_target_q            -4811.37
sac/total_steps                 24000
sac/cql/cql_std_q1                330.863
sac/cql/cql_std_q2                300.858
sac/cql/cql_q1_rand             -5395.26
sac/cql/cql_q2_rand             -5358.44
sac/cql/cql_min_qf1_loss          237.908
sac/cql/cql_min_qf2_loss          175.869
sac/cql/cql_qf1_diff               47.5816
sac/cql/cql_qf2_diff               35.1739
sac/cql/cql_q1_current_actions  -4819.12
sac/cql/cql_q2_current_actions  -4838.67
sac/cql/cql_q1_next_actions     -4825.6
sac/cql/cql_q2_next_actions     -4846.27
sac/cql/alpha_prime_loss            0
sac/cql/alpha_prime                 0
average_return                     15.0124
average_traj_length               200
train_time                         89.4412
eval_time                          11.795
epoch_time                        101.236
------------------------------  -----------
------------------------------  ------------
epoch                              24
sac/log_pi                         -0.288303
sac/policy_loss                  5823.25
sac/qf1_loss                    28977.8
sac/qf2_loss                    30201
sac/alpha_loss                      1.38335
sac/alpha                         121.299
sac/average_qf1                 -5663.94
sac/average_qf2                 -5689.54
sac/average_target_q            -5726.55
sac/total_steps                 25000
sac/cql/cql_std_q1                269.526
sac/cql/cql_std_q2                241.506
sac/cql/cql_q1_rand             -6180.66
sac/cql/cql_q2_rand             -6126.57
sac/cql/cql_min_qf1_loss          163.733
sac/cql/cql_min_qf2_loss          373.338
sac/cql/cql_qf1_diff               32.7466
sac/cql/cql_qf2_diff               74.6676
sac/cql/cql_q1_current_actions  -5810.31
sac/cql/cql_q2_current_actions  -5755.44
sac/cql/cql_q1_next_actions     -5826.84
sac/cql/cql_q2_next_actions     -5773.47
sac/cql/alpha_prime_loss            0
sac/cql/alpha_prime                 0
average_return                     50.5234
average_traj_length               200
train_time                         87.719
eval_time                          11.2741
epoch_time                         98.9931
------------------------------  ------------
------------------------------  ------------
epoch                              25
sac/log_pi                         -0.618004
sac/policy_loss                  5677.81
sac/qf1_loss                    13979.4
sac/qf2_loss                    14092.3
sac/alpha_loss                      3.08708
sac/alpha                         147.708
sac/average_qf1                 -5589.41
sac/average_qf2                 -5589.44
sac/average_target_q            -5652.51
sac/total_steps                 26000
sac/cql/cql_std_q1                221.772
sac/cql/cql_std_q2                203.009
sac/cql/cql_q1_rand             -6002.69
sac/cql/cql_q2_rand             -5951.64
sac/cql/cql_min_qf1_loss          105.102
sac/cql/cql_min_qf2_loss          162.801
sac/cql/cql_qf1_diff               21.0204
sac/cql/cql_qf2_diff               32.5603
sac/cql/cql_q1_current_actions  -5742.1
sac/cql/cql_q2_current_actions  -5678.37
sac/cql/cql_q1_next_actions     -5747.83
sac/cql/cql_q2_next_actions     -5681.97
sac/cql/alpha_prime_loss            0
sac/cql/alpha_prime                 0
average_return                     48.22
average_traj_length               200
train_time                         86.1637
eval_time                          11.1974
epoch_time                         97.3611
------------------------------  ------------
------------------------------  ------------
epoch                              26
sac/log_pi                         -0.611409
sac/policy_loss                  6511.16
sac/qf1_loss                    24030.4
sac/qf2_loss                    22684
sac/alpha_loss                      3.10261
sac/alpha                         159.897
sac/average_qf1                 -6413.33
sac/average_qf2                 -6421.25
sac/average_target_q            -6470.18
sac/total_steps                 27000
sac/cql/cql_std_q1                239.02
sac/cql/cql_std_q2                208.556
sac/cql/cql_q1_rand             -6848.12
sac/cql/cql_q2_rand             -6791.44
sac/cql/cql_min_qf1_loss          106.075
sac/cql/cql_min_qf2_loss          243.074
sac/cql/cql_qf1_diff               21.215
sac/cql/cql_qf2_diff               48.6148
sac/cql/cql_q1_current_actions  -6567.67
sac/cql/cql_q2_current_actions  -6505.89
sac/cql/cql_q1_next_actions     -6577.72
sac/cql/cql_q2_next_actions     -6514.29
sac/cql/alpha_prime_loss            0
sac/cql/alpha_prime                 0
average_return                     31.1247
average_traj_length               200
train_time                         86.3991
eval_time                          11.484
epoch_time                         97.8831
------------------------------  ------------
------------------------------  ------------
epoch                              27
sac/log_pi                         -0.593356
sac/policy_loss                  6923.67
sac/qf1_loss                    21903
sac/qf2_loss                    22633.4
sac/alpha_loss                      3.05469
sac/alpha                         172.114
sac/average_qf1                 -6789.06
sac/average_qf2                 -6792.54
sac/average_target_q            -6844.92
sac/total_steps                 28000
sac/cql/cql_std_q1                278.096
sac/cql/cql_std_q2                254.542
sac/cql/cql_q1_rand             -7316.66
sac/cql/cql_q2_rand             -7262.39
sac/cql/cql_min_qf1_loss          -20.929
sac/cql/cql_min_qf2_loss          162.895
sac/cql/cql_qf1_diff               -4.1858
sac/cql/cql_qf2_diff               32.5791
sac/cql/cql_q1_current_actions  -6981.65
sac/cql/cql_q2_current_actions  -6902.52
sac/cql/cql_q1_next_actions     -6981.03
sac/cql/cql_q2_next_actions     -6901.89
sac/cql/alpha_prime_loss            0
sac/cql/alpha_prime                 0
average_return                     21.8871
average_traj_length               200
train_time                         86.1511
eval_time                          11.3025
epoch_time                         97.4536
------------------------------  ------------
------------------------------  ------------
epoch                              28
sac/log_pi                         -0.789945
sac/policy_loss                  8103.82
sac/qf1_loss                    38186.9
sac/qf2_loss                    35046.9
sac/alpha_loss                      4.12792
sac/alpha                         185.97
sac/average_qf1                 -7973
sac/average_qf2                 -7986.78
sac/average_target_q            -8088.89
sac/total_steps                 29000
sac/cql/cql_std_q1                255.56
sac/cql/cql_std_q2                208.946
sac/cql/cql_q1_rand             -8476.85
sac/cql/cql_q2_rand             -8339.35
sac/cql/cql_min_qf1_loss            3.33031
sac/cql/cql_min_qf2_loss          348.13
sac/cql/cql_qf1_diff                0.666061
sac/cql/cql_qf2_diff               69.626
sac/cql/cql_q1_current_actions  -8207.75
sac/cql/cql_q2_current_actions  -8084.24
sac/cql/cql_q1_next_actions     -8214.02
sac/cql/cql_q2_next_actions     -8090.1
sac/cql/alpha_prime_loss            0
sac/cql/alpha_prime                 0
average_return                     33.5945
average_traj_length               200
train_time                         86.1903
eval_time                          11.3001
epoch_time                         97.4904
------------------------------  ------------
------------------------------  ------------
epoch                              29
sac/log_pi                          0.307721
sac/policy_loss                  8977.23
sac/qf1_loss                    56633.4
sac/qf2_loss                    54473.7
sac/alpha_loss                     -1.63799
sac/alpha                         204.996
sac/average_qf1                 -8656.97
sac/average_qf2                 -8700.79
sac/average_target_q            -8789.13
sac/total_steps                 30000
sac/cql/cql_std_q1                346.461
sac/cql/cql_std_q2                333.819
sac/cql/cql_q1_rand             -9334.48
sac/cql/cql_q2_rand             -9379.2
sac/cql/cql_min_qf1_loss          346.703
sac/cql/cql_min_qf2_loss          533.333
sac/cql/cql_qf1_diff               69.3407
sac/cql/cql_qf2_diff              106.667
sac/cql/cql_q1_current_actions  -8825.74
sac/cql/cql_q2_current_actions  -8899.75
sac/cql/cql_q1_next_actions     -8833.89
sac/cql/cql_q2_next_actions     -8906.26
sac/cql/alpha_prime_loss            0
sac/cql/alpha_prime                 0
average_return                     46.1553
average_traj_length               200
train_time                         86.3965
eval_time                          11.298
epoch_time                         97.6945
------------------------------  ------------
------------------------------  -----------
epoch                              30
sac/log_pi                          1.49436
sac/policy_loss                  9007.2
sac/qf1_loss                    40316.3
sac/qf2_loss                    45011.4
sac/alpha_loss                     -7.86494
sac/alpha                         193.074
sac/average_qf1                 -8673.61
sac/average_qf2                 -8697.47
sac/average_target_q            -8747.26
sac/total_steps                 31000
sac/cql/cql_std_q1                561.335
sac/cql/cql_std_q2                516.954
sac/cql/cql_q1_rand             -9660.7
sac/cql/cql_q2_rand             -9638.66
sac/cql/cql_min_qf1_loss          943.192
sac/cql/cql_min_qf2_loss          981.242
sac/cql/cql_qf1_diff              188.638
sac/cql/cql_qf2_diff              196.248
sac/cql/cql_q1_current_actions  -8655.9
sac/cql/cql_q2_current_actions  -8711.57
sac/cql/cql_q1_next_actions     -8660.4
sac/cql/cql_q2_next_actions     -8711.39
sac/cql/alpha_prime_loss            0
sac/cql/alpha_prime                 0
average_return                     43.8509
average_traj_length               200
train_time                         88.0364
eval_time                          11.7379
epoch_time                         99.7744
------------------------------  -----------
------------------------------  -------------
epoch                               31
sac/log_pi                          -0.470717
sac/policy_loss                   9868.7
sac/qf1_loss                     26483.2
sac/qf2_loss                     26828.7
sac/alpha_loss                       2.50116
sac/alpha                          203.063
sac/average_qf1                  -9698.53
sac/average_qf2                  -9681.13
sac/average_target_q             -9733.5
sac/total_steps                  32000
sac/cql/cql_std_q1                 371.948
sac/cql/cql_std_q2                 309.979
sac/cql/cql_q1_rand             -10381.5
sac/cql/cql_q2_rand             -10201.4
sac/cql/cql_min_qf1_loss           403.82
sac/cql/cql_min_qf2_loss           753.893
sac/cql/cql_qf1_diff                80.764
sac/cql/cql_qf2_diff               150.779
sac/cql/cql_q1_current_actions   -9927.76
sac/cql/cql_q2_current_actions   -9774.32
sac/cql/cql_q1_next_actions      -9940.67
sac/cql/cql_q2_next_actions      -9789.69
sac/cql/alpha_prime_loss             0
sac/cql/alpha_prime                  0
average_return                      59.2636
average_traj_length                200
train_time                          87.2141
eval_time                           10.9783
epoch_time                          98.1924
------------------------------  -------------
------------------------------  -------------
epoch                               32
sac/log_pi                          -0.325138
sac/policy_loss                   9821.39
sac/qf1_loss                     41475.9
sac/qf2_loss                     41096.6
sac/alpha_loss                       1.72044
sac/alpha                          198.623
sac/average_qf1                  -9615.41
sac/average_qf2                  -9589.38
sac/average_target_q             -9685.08
sac/total_steps                  33000
sac/cql/cql_std_q1                 411.971
sac/cql/cql_std_q2                 360.116
sac/cql/cql_q1_rand             -10388.9
sac/cql/cql_q2_rand             -10228.2
sac/cql/cql_min_qf1_loss           223.69
sac/cql/cql_min_qf2_loss           632.753
sac/cql/cql_qf1_diff                44.738
sac/cql/cql_qf2_diff               126.551
sac/cql/cql_q1_current_actions   -9833.02
sac/cql/cql_q2_current_actions   -9680.69
sac/cql/cql_q1_next_actions      -9846.76
sac/cql/cql_q2_next_actions      -9695.25
sac/cql/alpha_prime_loss             0
sac/cql/alpha_prime                  0
average_return                      59.8915
average_traj_length                200
train_time                          83.3342
eval_time                           11.1451
epoch_time                          94.4793
------------------------------  -------------
------------------------------  -------------
epoch                               33
sac/log_pi                          -0.402297
sac/policy_loss                  10374.4
sac/qf1_loss                     45197.8
sac/qf2_loss                     46857.1
sac/alpha_loss                       2.23649
sac/alpha                          259.643
sac/average_qf1                 -10239.2
sac/average_qf2                 -10226.6
sac/average_target_q            -10337.4
sac/total_steps                  34000
sac/cql/cql_std_q1                 455.438
sac/cql/cql_std_q2                 367.06
sac/cql/cql_q1_rand             -11028.4
sac/cql/cql_q2_rand             -10884
sac/cql/cql_min_qf1_loss           304.132
sac/cql/cql_min_qf2_loss           376.245
sac/cql/cql_qf1_diff                60.8264
sac/cql/cql_qf2_diff                75.249
sac/cql/cql_q1_current_actions  -10431.8
sac/cql/cql_q2_current_actions  -10346.1
sac/cql/cql_q1_next_actions     -10458.6
sac/cql/cql_q2_next_actions     -10365.2
sac/cql/alpha_prime_loss             0
sac/cql/alpha_prime                  0
average_return                      58.5846
average_traj_length                200
train_time                          82.9215
eval_time                           11.0591
epoch_time                          93.9806
------------------------------  -------------
------------------------------  -------------
epoch                               34
sac/log_pi                           0.606206
sac/policy_loss                  10826.6
sac/qf1_loss                    106665
sac/qf2_loss                    105789
sac/alpha_loss                      -3.4122
sac/alpha                          278.324
sac/average_qf1                 -10450.9
sac/average_qf2                 -10384.8
sac/average_target_q            -10530.6
sac/total_steps                  35000
sac/cql/cql_std_q1                 568.209
sac/cql/cql_std_q2                 513.387
sac/cql/cql_q1_rand             -11476.6
sac/cql/cql_q2_rand             -11397.3
sac/cql/cql_min_qf1_loss           732.521
sac/cql/cql_min_qf2_loss           630.112
sac/cql/cql_qf1_diff               146.504
sac/cql/cql_qf2_diff               126.022
sac/cql/cql_q1_current_actions  -10576.1
sac/cql/cql_q2_current_actions  -10578.7
sac/cql/cql_q1_next_actions     -10574.5
sac/cql/cql_q2_next_actions     -10580.7
sac/cql/alpha_prime_loss             0
sac/cql/alpha_prime                  0
average_return                      62.9626
average_traj_length                200
train_time                          82.6388
eval_time                           11.2204
epoch_time                          93.8593
------------------------------  -------------
------------------------------  ------------
epoch                               35
sac/log_pi                           1.33476
sac/policy_loss                  11610.3
sac/qf1_loss                     67072.1
sac/qf2_loss                     62456.7
sac/alpha_loss                      -7.33482
sac/alpha                          243.534
sac/average_qf1                 -11272.6
sac/average_qf2                 -11326.1
sac/average_target_q            -11507.2
sac/total_steps                  36000
sac/cql/cql_std_q1                 759.931
sac/cql/cql_std_q2                 721.448
sac/cql/cql_q1_rand             -12474.5
sac/cql/cql_q2_rand             -12564.8
sac/cql/cql_min_qf1_loss          1965.68
sac/cql/cql_min_qf2_loss          1761.33
sac/cql/cql_qf1_diff               393.136
sac/cql/cql_qf2_diff               352.266
sac/cql/cql_q1_current_actions  -11123.1
sac/cql/cql_q2_current_actions  -11245.8
sac/cql/cql_q1_next_actions     -11129.8
sac/cql/cql_q2_next_actions     -11256.1
sac/cql/alpha_prime_loss             0
sac/cql/alpha_prime                  0
average_return                      66.6781
average_traj_length                200
train_time                          88.2756
eval_time                           12.0616
epoch_time                         100.337
------------------------------  ------------
------------------------------  -------------
epoch                               36
sac/log_pi                          -0.465848
sac/policy_loss                  13634.9
sac/qf1_loss                     81205.4
sac/qf2_loss                     80873.1
sac/alpha_loss                       2.65187
sac/alpha                          296.655
sac/average_qf1                 -13373.4
sac/average_qf2                 -13361.8
sac/average_target_q            -13507.3
sac/total_steps                  37000
sac/cql/cql_std_q1                 499.394
sac/cql/cql_std_q2                 385.555
sac/cql/cql_q1_rand             -14311.1
sac/cql/cql_q2_rand             -14063.1
sac/cql/cql_min_qf1_loss           224.111
sac/cql/cql_min_qf2_loss           498.689
sac/cql/cql_qf1_diff                44.8221
sac/cql/cql_qf2_diff                99.7378
sac/cql/cql_q1_current_actions  -13696.5
sac/cql/cql_q2_current_actions  -13516.8
sac/cql/cql_q1_next_actions     -13697.1
sac/cql/cql_q2_next_actions     -13525.3
sac/cql/alpha_prime_loss             0
sac/cql/alpha_prime                  0
average_return                      62.1995
average_traj_length                200
train_time                          90.3359
eval_time                           11.8668
epoch_time                         102.203
------------------------------  -------------
------------------------------  ------------
epoch                               37
sac/log_pi                           1.02058
sac/policy_loss                  13920.9
sac/qf1_loss                    172394
sac/qf2_loss                    150095
sac/alpha_loss                      -5.86267
sac/alpha                          312.459
sac/average_qf1                 -13226.8
sac/average_qf2                 -13402.5
sac/average_target_q            -13513.7
sac/total_steps                  38000
sac/cql/cql_std_q1                 744.12
sac/cql/cql_std_q2                 608.295
sac/cql/cql_q1_rand             -14608.5
sac/cql/cql_q2_rand             -14594.2
sac/cql/cql_min_qf1_loss           950.999
sac/cql/cql_min_qf2_loss           966.463
sac/cql/cql_qf1_diff               190.2
sac/cql/cql_qf2_diff               193.293
sac/cql/cql_q1_current_actions  -13355.8
sac/cql/cql_q2_current_actions  -13579.2
sac/cql/cql_q1_next_actions     -13357.2
sac/cql/cql_q2_next_actions     -13589.4
sac/cql/alpha_prime_loss             0
sac/cql/alpha_prime                  0
average_return                      67.7103
average_traj_length                200
train_time                          91.3499
eval_time                           12.1308
epoch_time                         103.481
------------------------------  ------------
------------------------------  -------------
epoch                               38
sac/log_pi                          -0.612364
sac/policy_loss                  13905.5
sac/qf1_loss                     58519.9
sac/qf2_loss                     59533.1
sac/alpha_loss                       3.46064
sac/alpha                          284.655
sac/average_qf1                 -13757.9
sac/average_qf2                 -13722.8
sac/average_target_q            -13876.6
sac/total_steps                  39000
sac/cql/cql_std_q1                 527.851
sac/cql/cql_std_q2                 409.694
sac/cql/cql_q1_rand             -14651.1
sac/cql/cql_q2_rand             -14381.5
sac/cql/cql_min_qf1_loss           624.72
sac/cql/cql_min_qf2_loss           878.237
sac/cql/cql_qf1_diff               124.944
sac/cql/cql_qf2_diff               175.647
sac/cql/cql_q1_current_actions  -13983.2
sac/cql/cql_q2_current_actions  -13817.1
sac/cql/cql_q1_next_actions     -13996.2
sac/cql/cql_q2_next_actions     -13831
sac/cql/alpha_prime_loss             0
sac/cql/alpha_prime                  0
average_return                      79.9344
average_traj_length                200
train_time                          89.3392
eval_time                           11.5645
epoch_time                         100.904
------------------------------  -------------
------------------------------  -------------
epoch                               39
sac/log_pi                           0.774139
sac/policy_loss                  14558.6
sac/qf1_loss                    136859
sac/qf2_loss                    146139
sac/alpha_loss                      -4.52376
sac/alpha                          345.021
sac/average_qf1                 -13943
sac/average_qf2                 -13966.1
sac/average_target_q            -14018.7
sac/total_steps                  40000
sac/cql/cql_std_q1                 754.255
sac/cql/cql_std_q2                 587.217
sac/cql/cql_q1_rand             -15340.4
sac/cql/cql_q2_rand             -15173
sac/cql/cql_min_qf1_loss           739.781
sac/cql/cql_min_qf2_loss           450.923
sac/cql/cql_qf1_diff               147.956
sac/cql/cql_qf2_diff                90.1846
sac/cql/cql_q1_current_actions  -14129.5
sac/cql/cql_q2_current_actions  -14272.2
sac/cql/cql_q1_next_actions     -14125.5
sac/cql/cql_q2_next_actions     -14269.9
sac/cql/alpha_prime_loss             0
sac/cql/alpha_prime                  0
average_return                      55.9767
average_traj_length                200
train_time                          89.2718
eval_time                           11.7104
epoch_time                         100.982
------------------------------  -------------
------------------------------  -------------
epoch                               40
sac/log_pi                          -0.623465
sac/policy_loss                  16589.1
sac/qf1_loss                     72185
sac/qf2_loss                     73154.3
sac/alpha_loss                       3.5502
sac/alpha                          297.169
sac/average_qf1                 -16399.5
sac/average_qf2                 -16407
sac/average_target_q            -16575.7
sac/total_steps                  41000
sac/cql/cql_std_q1                 572.104
sac/cql/cql_std_q2                 405.991
sac/cql/cql_q1_rand             -17340
sac/cql/cql_q2_rand             -17107.8
sac/cql/cql_min_qf1_loss           385.305
sac/cql/cql_min_qf2_loss           314.514
sac/cql/cql_qf1_diff                77.0611
sac/cql/cql_qf2_diff                62.9028
sac/cql/cql_q1_current_actions  -16676.6
sac/cql/cql_q2_current_actions  -16586
sac/cql/cql_q1_next_actions     -16682.6
sac/cql/cql_q2_next_actions     -16581.9
sac/cql/alpha_prime_loss             0
sac/cql/alpha_prime                  0
average_return                      54.5051
average_traj_length                200
train_time                          88.2004
eval_time                           11.8807
epoch_time                         100.081
------------------------------  -------------
------------------------------  -------------
epoch                               41
sac/log_pi                          -0.512268
sac/policy_loss                  16657.9
sac/qf1_loss                     54357
sac/qf2_loss                     53646.9
sac/alpha_loss                       2.78685
sac/alpha                          230.492
sac/average_qf1                 -16477.7
sac/average_qf2                 -16450.8
sac/average_target_q            -16636.9
sac/total_steps                  42000
sac/cql/cql_std_q1                 600.713
sac/cql/cql_std_q2                 461.182
sac/cql/cql_q1_rand             -17445.7
sac/cql/cql_q2_rand             -17209.6
sac/cql/cql_min_qf1_loss           460.218
sac/cql/cql_min_qf2_loss           605.002
sac/cql/cql_qf1_diff                92.0435
sac/cql/cql_qf2_diff               121
sac/cql/cql_q1_current_actions  -16697.2
sac/cql/cql_q2_current_actions  -16582.4
sac/cql/cql_q1_next_actions     -16700.5
sac/cql/cql_q2_next_actions     -16590.8
sac/cql/alpha_prime_loss             0
sac/cql/alpha_prime                  0
average_return                      94.8441
average_traj_length                200
train_time                          87.9229
eval_time                           11.7343
epoch_time                          99.6572
------------------------------  -------------
------------------------------  ------------
epoch                               42
sac/log_pi                          -0.27563
sac/policy_loss                  17719
sac/qf1_loss                     50603.1
sac/qf2_loss                     52304.4
sac/alpha_loss                       1.44236
sac/alpha                          187.347
sac/average_qf1                 -17475.4
sac/average_qf2                 -17475.3
sac/average_target_q            -17680.9
sac/total_steps                  43000
sac/cql/cql_std_q1                 603.444
sac/cql/cql_std_q2                 443.248
sac/cql/cql_q1_rand             -18446.6
sac/cql/cql_q2_rand             -18198.8
sac/cql/cql_min_qf1_loss           436.058
sac/cql/cql_min_qf2_loss           488.616
sac/cql/cql_qf1_diff                87.2115
sac/cql/cql_qf2_diff                97.7232
sac/cql/cql_q1_current_actions  -17692.2
sac/cql/cql_q2_current_actions  -17622
sac/cql/cql_q1_next_actions     -17693.8
sac/cql/cql_q2_next_actions     -17632.9
sac/cql/alpha_prime_loss             0
sac/cql/alpha_prime                  0
average_return                      87.9749
average_traj_length                200
train_time                          86.8826
eval_time                           11.7284
epoch_time                          98.611
------------------------------  ------------
------------------------------  ------------
epoch                               43
sac/log_pi                           0.26022
sac/policy_loss                  17992.6
sac/qf1_loss                     39665.8
sac/qf2_loss                     42100.2
sac/alpha_loss                      -1.33949
sac/alpha                          172.004
sac/average_qf1                 -17710.1
sac/average_qf2                 -17721.6
sac/average_target_q            -17857.9
sac/total_steps                  44000
sac/cql/cql_std_q1                 767.721
sac/cql/cql_std_q2                 584.094
sac/cql/cql_q1_rand             -18928.6
sac/cql/cql_q2_rand             -18718.5
sac/cql/cql_min_qf1_loss           800.715
sac/cql/cql_min_qf2_loss           543.703
sac/cql/cql_qf1_diff               160.143
sac/cql/cql_qf2_diff               108.741
sac/cql/cql_q1_current_actions  -17808
sac/cql/cql_q2_current_actions  -17826.7
sac/cql/cql_q1_next_actions     -17819.4
sac/cql/cql_q2_next_actions     -17851.7
sac/cql/alpha_prime_loss             0
sac/cql/alpha_prime                  0
average_return                      79.3244
average_traj_length                200
train_time                          86.9497
eval_time                           11.5861
epoch_time                          98.5358
------------------------------  ------------
------------------------------  --------------
epoch                               44
sac/log_pi                           0.0634181
sac/policy_loss                  19081
sac/qf1_loss                     33450.7
sac/qf2_loss                     34532.3
sac/alpha_loss                      -0.333508
sac/alpha                          192.264
sac/average_qf1                 -18807.6
sac/average_qf2                 -18765.1
sac/average_target_q            -18989.3
sac/total_steps                  45000
sac/cql/cql_std_q1                 679.422
sac/cql/cql_std_q2                 500.908
sac/cql/cql_q1_rand             -19938.6
sac/cql/cql_q2_rand             -19622.7
sac/cql/cql_min_qf1_loss           447.781
sac/cql/cql_min_qf2_loss           467.058
sac/cql/cql_qf1_diff                89.5561
sac/cql/cql_qf2_diff                93.4115
sac/cql/cql_q1_current_actions  -18985.5
sac/cql/cql_q2_current_actions  -18905
sac/cql/cql_q1_next_actions     -18986.8
sac/cql/cql_q2_next_actions     -18919
sac/cql/alpha_prime_loss             0
sac/cql/alpha_prime                  0
average_return                      76.993
average_traj_length                200
train_time                          87.0848
eval_time                           11.51
epoch_time                          98.5948
------------------------------  --------------
------------------------------  -------------
epoch                               45
sac/log_pi                           0.280779
sac/policy_loss                  19826.8
sac/qf1_loss                     43845.7
sac/qf2_loss                     40719.2
sac/alpha_loss                      -1.4614
sac/alpha                          182.147
sac/average_qf1                 -19505.3
sac/average_qf2                 -19492.3
sac/average_target_q            -19657.1
sac/total_steps                  46000
sac/cql/cql_std_q1                 674.023
sac/cql/cql_std_q2                 471.863
sac/cql/cql_q1_rand             -20596.4
sac/cql/cql_q2_rand             -20321.8
sac/cql/cql_min_qf1_loss           659.835
sac/cql/cql_min_qf2_loss           389.389
sac/cql/cql_qf1_diff               131.967
sac/cql/cql_qf2_diff                77.8777
sac/cql/cql_q1_current_actions  -19649.5
sac/cql/cql_q2_current_actions  -19649.3
sac/cql/cql_q1_next_actions     -19651.5
sac/cql/cql_q2_next_actions     -19655.6
sac/cql/alpha_prime_loss             0
sac/cql/alpha_prime                  0
average_return                      49.9699
average_traj_length                200
train_time                          87.1699
eval_time                           11.6417
epoch_time                          98.8116
------------------------------  -------------
------------------------------  -------------
epoch                               46
sac/log_pi                          -0.169095
sac/policy_loss                  19171.4
sac/qf1_loss                     48588.3
sac/qf2_loss                     51320.6
sac/alpha_loss                       0.885077
sac/alpha                          187.577
sac/average_qf1                 -18909.2
sac/average_qf2                 -18863.5
sac/average_target_q            -19112.3
sac/total_steps                  47000
sac/cql/cql_std_q1                 760.505
sac/cql/cql_std_q2                 580.998
sac/cql/cql_q1_rand             -20187.7
sac/cql/cql_q2_rand             -19853.4
sac/cql/cql_min_qf1_loss           185.296
sac/cql/cql_min_qf2_loss           554.323
sac/cql/cql_qf1_diff                37.0593
sac/cql/cql_qf2_diff               110.865
sac/cql/cql_q1_current_actions  -19149.6
sac/cql/cql_q2_current_actions  -18996.5
sac/cql/cql_q1_next_actions     -19166.2
sac/cql/cql_q2_next_actions     -19028.7
sac/cql/alpha_prime_loss             0
sac/cql/alpha_prime                  0
average_return                      30.3827
average_traj_length                200
train_time                          87.495
eval_time                           11.5739
epoch_time                          99.0689
------------------------------  -------------
------------------------------  -------------
epoch                               47
sac/log_pi                           0.160644
sac/policy_loss                  21600.9
sac/qf1_loss                     49049.5
sac/qf2_loss                     49849.8
sac/alpha_loss                      -0.852268
sac/alpha                          201.407
sac/average_qf1                 -21288.5
sac/average_qf2                 -21285.4
sac/average_target_q            -21463.4
sac/total_steps                  48000
sac/cql/cql_std_q1                 830.374
sac/cql/cql_std_q2                 548.082
sac/cql/cql_q1_rand             -22682.5
sac/cql/cql_q2_rand             -22250.1
sac/cql/cql_min_qf1_loss           444.769
sac/cql/cql_min_qf2_loss           473.463
sac/cql/cql_qf1_diff                88.9537
sac/cql/cql_qf2_diff                94.6925
sac/cql/cql_q1_current_actions  -21501.1
sac/cql/cql_q2_current_actions  -21435.4
sac/cql/cql_q1_next_actions     -21501
sac/cql/cql_q2_next_actions     -21442.5
sac/cql/alpha_prime_loss             0
sac/cql/alpha_prime                  0
average_return                      18.4981
average_traj_length                200
train_time                          87.342
eval_time                           12.3941
epoch_time                          99.736
------------------------------  -------------
------------------------------  -------------
epoch                               48
sac/log_pi                           0.150626
sac/policy_loss                  23476.2
sac/qf1_loss                     58576.3
sac/qf2_loss                     58731
sac/alpha_loss                      -0.807163
sac/alpha                          212.451
sac/average_qf1                 -23082.2
sac/average_qf2                 -23034
sac/average_target_q            -23312.6
sac/total_steps                  49000
sac/cql/cql_std_q1                 907.039
sac/cql/cql_std_q2                 573.957
sac/cql/cql_q1_rand             -24684.6
sac/cql/cql_q2_rand             -24095.8
sac/cql/cql_min_qf1_loss            87.7932
sac/cql/cql_min_qf2_loss           191.319
sac/cql/cql_qf1_diff                17.5586
sac/cql/cql_qf2_diff                38.2638
sac/cql/cql_q1_current_actions  -23373.3
sac/cql/cql_q2_current_actions  -23235.5
sac/cql/cql_q1_next_actions     -23381.2
sac/cql/cql_q2_next_actions     -23248.8
sac/cql/alpha_prime_loss             0
sac/cql/alpha_prime                  0
average_return                      20.9111
average_traj_length                200
train_time                          90.968
eval_time                           11.5397
epoch_time                         102.508
------------------------------  -------------
------------------------------  --------------
epoch                               49
sac/log_pi                          -0.0108618
sac/policy_loss                  21205.2
sac/qf1_loss                     55384.8
sac/qf2_loss                     55581.5
sac/alpha_loss                       0.058736
sac/alpha                          223.089
sac/average_qf1                 -20874
sac/average_qf2                 -20909.8
sac/average_target_q            -21096.1
sac/total_steps                  50000
sac/cql/cql_std_q1                1076.61
sac/cql/cql_std_q2                 747.226
sac/cql/cql_q1_rand             -22682.8
sac/cql/cql_q2_rand             -22147
sac/cql/cql_min_qf1_loss           302.569
sac/cql/cql_min_qf2_loss           798.124
sac/cql/cql_qf1_diff                60.5138
sac/cql/cql_qf2_diff               159.625
sac/cql/cql_q1_current_actions  -21124.4
sac/cql/cql_q2_current_actions  -21049.3
sac/cql/cql_q1_next_actions     -21127.5
sac/cql/cql_q2_next_actions     -21043.2
sac/cql/alpha_prime_loss             0
sac/cql/alpha_prime                  0
average_return                      14.1741
average_traj_length                200
train_time                          81.9026
eval_time                            6.98943
epoch_time                          88.892
------------------------------  --------------
